=== RuntimeLogStore Header ===
ts=2026-02-22T02:39:21.381Z
fileNameFormat=LEGACY
appId=com.negi.survey
versionName=0.0.1
versionCode=1
debug=false
device=Google Pixel 9a
sdk=36
pid=27696
==============================
2026-02-22T02:39:21.381Z I/RuntimeLogStore [rtlog-io] --- rotated (reason=plain_snapshot:app_start) ---
2026-02-22T02:39:36.105Z D/LiteRtLM [DefaultDispatcher-worker-25] Initializing LiteRT-LM: model='Gemma3n4B', key='Gemma3n4B|/data/user/0/com.negi.survey/files/gemma-3n-E4B-it-int4.litertlm'
2026-02-22T02:39:36.105Z D/LiteRtLM [DefaultDispatcher-worker-25] Capabilities: image=false audio=false
2026-02-22T02:39:36.105Z D/LiteRtLM [DefaultDispatcher-worker-25] Backend=GPU maxNumTokens=4096 (raw=4096) topK=64 topP=0.95 temp=1.0
2026-02-22T02:40:03.596Z D/LiteRtLM [DefaultDispatcher-worker-25] LiteRT-LM initialization succeeded: model='Gemma3n4B', key='Gemma3n4B|/data/user/0/com.negi.survey/files/gemma-3n-E4B-it-int4.litertlm'
2026-02-22T02:40:03.676Z D/AiTrace [main] Installed (enabled=false ringEnabled=true)
2026-02-22T02:40:03.689Z D/SurveyVM [main] init -> Start, session=0, uuid=e69115ce-5c1d-4687-a6ef-c8950a817a35, navSize=1, graphSize=9
2026-02-22T02:40:03.701Z D/SurveyVM [main] config.validate -> issues=0
2026-02-22T02:40:03.703Z D/SurveyVM [main] promptSources -> legacy=0, eval=6, follow=6
2026-02-22T02:40:03.703Z D/SurveyVM [main] promptSources.preview -> legacy=[], eval=[Q1, Q2, Q3, Q4, Q5, Q6], follow=[Q1, Q2, Q3, Q4, Q5, Q6]
2026-02-22T02:40:03.704Z D/SurveyVM [main] hasTwoStepPrompt[Q1] -> true (eval=303, fu=240)
2026-02-22T02:40:03.704Z D/SurveyVM [main] hasTwoStepPrompt[Q2] -> true (eval=303, fu=240)
2026-02-22T02:40:03.704Z D/SurveyVM [main] hasTwoStepPrompt[Q3] -> true (eval=303, fu=240)
2026-02-22T02:40:03.704Z D/SurveyVM [main] hasTwoStepPrompt[Q4] -> true (eval=303, fu=240)
2026-02-22T02:40:03.704Z D/SurveyVM [main] hasTwoStepPrompt[Q5] -> true (eval=303, fu=240)
2026-02-22T02:40:03.704Z D/SurveyVM [main] hasTwoStepPrompt[Q6] -> true (eval=303, fu=240)
2026-02-22T02:40:03.704Z D/SurveyVM [main] AI prompt coverage OK (aiCount=6)
2026-02-22T02:40:14.701Z D/SurveyVM [main] resetAudioRefs -> cleared
2026-02-22T02:40:14.704Z D/SurveyVM [main] resetNavToStart -> key=com.negi.survey.vm.FlowHome@9505631, navSize=1
2026-02-22T02:40:14.705Z D/SurveyVM [main] resetToStart -> Start, session=1, uuid=8997e14c-ef0e-41e1-bf90-bca63034c5c3, preserveFreeText=true
2026-02-22T02:40:14.705Z D/SurveyVM [main] push -> Q1, navSize=2, stackSize=2
2026-02-22T02:40:14.741Z D/SurveyVM [main] hasTwoStepPrompt[Q1] -> true (eval=303, fu=240)
2026-02-22T02:40:17.860Z D/SurveyVM [main] backToPrevious -> Start
2026-02-22T02:40:17.868Z D/SurveyVM [main] hasTwoStepPrompt[Start] -> false (eval=0, fu=0)
2026-02-22T02:40:20.325Z D/SurveyVM [main] resetAudioRefs -> cleared
2026-02-22T02:40:20.326Z D/SurveyVM [main] resetNavToStart -> key=com.negi.survey.vm.FlowHome@9505631, navSize=1
2026-02-22T02:40:20.326Z D/SurveyVM [main] resetToStart -> Start, session=2, uuid=f0d782db-899f-4914-b6dd-491fa8abf5f5, preserveFreeText=true
2026-02-22T02:40:20.326Z D/SurveyVM [main] push -> Q1, navSize=2, stackSize=2
2026-02-22T02:40:20.346Z D/SurveyVM [main] hasTwoStepPrompt[Q1] -> true (eval=303, fu=240)
2026-02-22T02:40:22.331Z D/SurveyVM [main] backToPrevious -> Start
