=== RuntimeLogStore Header ===
ts=2026-02-22T02:45:28.927Z
fileNameFormat=LEGACY
appId=com.negi.survey
versionName=0.0.1
versionCode=1
debug=false
device=Google Pixel 9a
sdk=36
pid=30458
==============================
2026-02-22T02:45:28.927Z I/RuntimeLogStore [rtlog-io] start: actor launched (fileNameFormat=LEGACY)
2026-02-22T02:45:28.922Z D/SurveyApp [main] attachBaseContext: pid=30458 process=com.negi.survey isMain=true sdk=36
2026-02-22T02:45:28.925Z D/SurveyApp [main] Skipping WorkManager init in attachBaseContext; will init in onCreate.
2026-02-22T02:45:28.926Z D/SurveyApp [main] CrashCapture installed: where=SurveyApp:attachBaseContext
2026-02-22T02:45:28.926Z I/RuntimeLogStore [main] start repair: ctx/dir refreshed
2026-02-22T02:45:28.926Z D/SurveyApp [main] onCreate: pid=30458 process=com.negi.survey isMain=true sdk=36
2026-02-22T02:45:28.943Z D/SurveyApp [main] WorkManager already ready. where=onCreate
2026-02-22T02:45:28.943Z D/SurveyApp [main] WorkManager already ready. where=startupRtLogs
2026-02-22T02:45:29.003Z D/SurveyApp [main] Startup runtime logs: enqueue requested.
2026-02-22T02:45:29.003Z D/SurveyApp [main] WorkManager already ready. where=startupRingLogs
2026-02-22T02:45:29.042Z D/SurveyApp [main] Startup ring logs: enqueue requested.
2026-02-22T02:45:29.043Z D/SurveyApp [main] CrashCapture installed: where=SurveyApp:onCreate(rewrap)
2026-02-22T02:45:29.043Z D/SurveyApp [main] CrashCapture self-healing registered.
2026-02-22T02:45:29.043Z D/SurveyApp [main] WorkManager already ready. where=enqueuePending(immediate)
2026-02-22T02:45:29.043Z D/SurveyApp [main] CrashCapture pending uploads requested (immediate).
2026-02-22T02:45:29.060Z I/RuntimeLogStore [DefaultDispatcher-worker-1] start repair: ctx/dir refreshed
2026-02-22T02:45:31.284Z I/RuntimeLogStore [DefaultDispatcher-worker-14] start repair: ctx/dir refreshed
