=== RuntimeLogStore Header ===
ts=2026-02-20T23:45:31.266Z
appId=com.negi.survey
versionName=0.0.1
versionCode=1
debug=false
device=Google Pixel 9a
sdk=36
pid=25496
==============================
2026-02-20T23:45:31.266Z I/RuntimeLogStore [rtlog-io] start: actor launched
2026-02-20T23:45:31.263Z D/SurveyApp [main] attachBaseContext: pid=25496 process=com.negi.survey isMain=true sdk=36
2026-02-20T23:45:31.264Z D/SurveyApp [main] Skipping WorkManager init in attachBaseContext; will init in onCreate.
2026-02-20T23:45:31.273Z D/SurveyApp [main] CrashCapture installed: where=SurveyApp:attachBaseContext
2026-02-20T23:45:31.274Z I/RuntimeLogStore [main] start repair: ctx/dir refreshed
2026-02-20T23:45:31.274Z D/SurveyApp [main] onCreate: pid=25496 process=com.negi.survey isMain=true sdk=36
2026-02-20T23:45:31.286Z D/SurveyApp [main] WorkManager already ready. where=onCreate
2026-02-20T23:45:31.286Z D/SurveyApp [main] WorkManager already ready. where=startupRtLogs
2026-02-20T23:45:31.363Z D/SurveyApp [main] Startup runtime logs: enqueue requested.
2026-02-20T23:45:31.363Z D/SurveyApp [main] CrashCapture installed: where=SurveyApp:onCreate(rewrap)
2026-02-20T23:45:31.363Z D/SurveyApp [main] CrashCapture self-healing registered.
2026-02-20T23:45:31.363Z D/SurveyApp [main] WorkManager already ready. where=enqueuePending(immediate)
2026-02-20T23:45:31.364Z D/SurveyApp [main] CrashCapture pending uploads enqueued (immediate).
2026-02-20T23:45:31.364Z D/SurveyApp [main] Delayed enqueue retry not scheduled (immediate succeeded).
2026-02-20T23:45:31.415Z I/RuntimeLogStore [DefaultDispatcher-worker-1] start repair: ctx/dir refreshed
2026-02-20T23:45:32.738Z I/RuntimeLogStore [DefaultDispatcher-worker-4] start repair: ctx/dir refreshed
