=== RuntimeLogStore Header ===
ts=2026-02-20T22:38:13.847Z
appId=com.negi.survey
versionName=0.0.1
versionCode=1
debug=false
device=Google Pixel 9a
sdk=36
pid=21790
==============================
2026-02-20T22:38:13.848Z I/RuntimeLogStore [rtlog-io] start: actor launched
2026-02-20T22:38:13.845Z D/SurveyApp [main] attachBaseContext: pid=21790 process=com.negi.survey isMain=true sdk=36
2026-02-20T22:38:13.845Z D/SurveyApp [main] Skipping WorkManager init in attachBaseContext; will init in onCreate.
2026-02-20T22:38:13.847Z D/SurveyApp [main] CrashCapture installed: where=SurveyApp:attachBaseContext
2026-02-20T22:38:13.847Z I/RuntimeLogStore [main] start repair: ctx/dir refreshed
2026-02-20T22:38:13.847Z D/SurveyApp [main] onCreate: pid=21790 process=com.negi.survey isMain=true sdk=36
2026-02-20T22:38:13.859Z D/SurveyApp [main] WorkManager already ready. where=onCreate
2026-02-20T22:38:13.859Z D/SurveyApp [main] WorkManager already ready. where=startupRtLogs
2026-02-20T22:38:13.931Z D/SurveyApp [main] Startup runtime logs: enqueue requested.
2026-02-20T22:38:13.932Z D/SurveyApp [main] CrashCapture installed: where=SurveyApp:onCreate(rewrap)
2026-02-20T22:38:13.932Z D/SurveyApp [main] CrashCapture self-healing registered.
2026-02-20T22:38:13.932Z D/SurveyApp [main] WorkManager already ready. where=enqueuePending(immediate)
2026-02-20T22:38:13.932Z D/SurveyApp [main] CrashCapture pending uploads enqueued (immediate).
2026-02-20T22:38:13.932Z D/SurveyApp [main] Delayed enqueue retry not scheduled (immediate succeeded).
2026-02-20T22:38:15.467Z I/RuntimeLogStore [DefaultDispatcher-worker-2] start repair: ctx/dir refreshed
