=== RuntimeLogStore Header ===
ts=2026-02-23T19:28:08.634Z
fileNameFormat=LEGACY
appId=com.negi.survey
versionName=0.0.1
versionCode=1
debug=false
device=Google Pixel 9a
sdk=36
pid=14228
==============================
2026-02-23T19:28:08.634Z I/RuntimeLogStore [rtlog-io] start: actor launched (fileNameFormat=LEGACY)
2026-02-23T19:28:08.661Z D/SurveyApp [main] attachBaseContext: pid=14228 process=com.negi.survey isMain=true sdk=36
2026-02-23T19:28:08.662Z D/SurveyApp [main] bootTiming: attachBaseContext total=53ms
2026-02-23T19:28:08.663Z D/SurveyApp [main] Skipping WorkManager init in attachBaseContext; will init lazily on first enqueue.
2026-02-23T19:28:08.664Z D/SurveyApp [main] CrashCapture installed: where=SurveyApp:attachBaseContext
2026-02-23T19:28:08.664Z I/RuntimeLogStore [main] start repair: ctx/dir refreshed
2026-02-23T19:28:08.664Z D/SurveyApp [main] bootTiming: RuntimeLogStore.start took=0ms
2026-02-23T19:28:08.664Z D/SurveyApp [main] bootTiming: AppRingLogStore.install took=0ms
2026-02-23T19:28:08.664Z D/SurveyApp [main] onCreate: pid=14228 process=com.negi.survey isMain=true sdk=36
2026-02-23T19:28:08.666Z D/SurveyApp [main] CrashCapture installed: where=SurveyApp:onCreate(rewrap)
2026-02-23T19:28:08.666Z D/SurveyApp [main] CrashCapture self-healing registered.
2026-02-23T19:28:08.666Z W/SurveyApp [main] Startup enqueues deferred: delay=2500ms (to reduce init contention)
2026-02-23T19:28:08.666Z D/SurveyApp [main] bootTiming: onCreate total=2ms
2026-02-23T19:28:11.171Z W/SurveyApp [main] Deferred startup enqueues begin...
2026-02-23T19:28:11.180Z D/SurveyApp [main] WorkManager already ready. where=startupRtLogs(immediate)
2026-02-23T19:28:11.184Z D/SurveyApp [main] Startup runtime logs target -> owner=ishizuki-tech repo=SurveyExports branch=main base='/diagnostics/runtime_logs'
2026-02-23T19:28:11.263Z D/SurveyApp [main] Startup runtime logs: enqueue requested (immediate).
2026-02-23T19:28:11.263Z D/SurveyApp [main] WorkManager already ready. where=startupRingLogs(immediate)
2026-02-23T19:28:11.264Z D/SurveyApp [main] Startup ring logs target -> owner=ishizuki-tech repo=SurveyExports branch=main base='/diagnostics/applog_ring'
2026-02-23T19:28:11.296Z D/SurveyApp [main] Startup ring logs: enqueue requested (immediate).
2026-02-23T19:28:11.296Z D/SurveyApp [main] WorkManager already ready. where=enqueuePending(immediate)
2026-02-23T19:28:11.298Z D/SurveyApp [main] CrashCapture pending uploads requested (immediate).
2026-02-23T19:28:11.298Z W/SurveyApp [main] Deferred startup enqueues done: took=128ms
2026-02-23T19:28:12.642Z I/RuntimeLogStore [DefaultDispatcher-worker-7] start repair: ctx/dir refreshed
