=== RuntimeLogStore Header ===
ts=2026-02-23T19:12:18.560Z
fileNameFormat=LEGACY
appId=com.negi.survey
versionName=0.0.1
versionCode=1
debug=false
device=Google Pixel 9a
sdk=36
pid=13054
==============================
2026-02-23T19:12:18.560Z I/RuntimeLogStore [rtlog-io] --- rotated (reason=plain_snapshot:receiver_boot_completed) ---
2026-02-23T19:12:19.425Z W/SurveyApp [main] Deferred startup enqueues begin...
2026-02-23T19:12:19.425Z D/SurveyApp [main] WorkManager already ready. where=startupRtLogs(immediate)
2026-02-23T19:12:19.432Z D/SurveyApp [main] Startup runtime logs target -> owner=ishizuki-tech repo=SurveyExports branch=main base='/diagnostics/runtime_logs'
2026-02-23T19:12:19.437Z D/SurveyApp [main] Startup runtime logs: enqueue requested (immediate).
2026-02-23T19:12:19.437Z D/SurveyApp [main] WorkManager already ready. where=startupRingLogs(immediate)
2026-02-23T19:12:19.437Z D/SurveyApp [main] Startup ring logs target -> owner=ishizuki-tech repo=SurveyExports branch=main base='/diagnostics/applog_ring'
2026-02-23T19:12:19.445Z D/SurveyApp [main] Startup ring logs: enqueue requested (immediate).
2026-02-23T19:12:19.445Z D/SurveyApp [main] WorkManager already ready. where=enqueuePending(immediate)
2026-02-23T19:12:19.446Z D/SurveyApp [main] CrashCapture pending uploads requested (immediate).
2026-02-23T19:12:19.446Z W/SurveyApp [main] Deferred startup enqueues done: took=21ms
2026-02-23T19:12:27.083Z D/LiteRtLM [DefaultDispatcher-worker-5] Initializing LiteRT-LM: model='Gemma3n4B', key='Gemma3n4B|/data/user/0/com.negi.survey/files/gemma-3n-E4B-it-int4.litertlm'
2026-02-23T19:12:27.083Z D/LiteRtLM [DefaultDispatcher-worker-5] Capabilities: image=false audio=false
2026-02-23T19:12:27.083Z D/LiteRtLM [DefaultDispatcher-worker-5] Backend=GPU maxNumTokens=4096 (raw=4096) topK=64 topP=0.95 temp=1.0
2026-02-23T19:12:27.083Z D/LiteRtLM [DefaultDispatcher-worker-5] Model path='/data/user/0/com.negi.survey/files/gemma-3n-E4B-it-int4.litertlm' sizeBytes=4919541760
2026-02-23T19:12:27.084Z D/LiteRtLM [DefaultDispatcher-worker-5] Engine cacheDir resolved: key='Gemma3n4B|/data/user/0/com.negi.survey/files/gemma-3n-E4B-it-int4.litertlm' backend=GPU path='/data/user/0/com.negi.survey/no_backup/litertlm_cache/38ee02279954774b94ec113b62b8169a30d6fd48' files=0
2026-02-23T19:14:09.095Z W/LiteRtLM [DefaultDispatcher-worker-5] Engine.initialize completed: key='Gemma3n4B|/data/user/0/com.negi.survey/files/gemma-3n-E4B-it-int4.litertlm' backend=GPU took=101987ms
2026-02-23T19:14:09.351Z D/LiteRtLM [DefaultDispatcher-worker-5] createConversation completed: key='Gemma3n4B|/data/user/0/com.negi.survey/files/gemma-3n-E4B-it-int4.litertlm' took=174ms
2026-02-23T19:14:09.352Z D/LiteRtLM [DefaultDispatcher-worker-5] LiteRT-LM initialization succeeded: model='Gemma3n4B', key='Gemma3n4B|/data/user/0/com.negi.survey/files/gemma-3n-E4B-it-int4.litertlm'
2026-02-23T19:14:09.417Z D/AiTrace [main] Installed (enabled=false ringEnabled=true)
2026-02-23T19:14:09.426Z D/SurveyVM [main] init -> Start, session=0, uuid=89d75ded-70e5-47fc-b1bb-2def38e60a5b, navSize=1, graphSize=9
2026-02-23T19:14:09.429Z D/SurveyVM [main] config.validate -> issues=0
2026-02-23T19:14:09.429Z D/SurveyVM [main] promptSources -> legacy=0, eval=6, follow=6
2026-02-23T19:14:09.429Z D/SurveyVM [main] promptSources.preview -> legacy=[], eval=[Q1, Q2, Q3, Q4, Q5, Q6], follow=[Q1, Q2, Q3, Q4, Q5, Q6]
2026-02-23T19:14:09.430Z D/SurveyVM [main] hasTwoStepPrompt[Q1] -> true (eval=303, fu=240)
2026-02-23T19:14:09.430Z D/SurveyVM [main] hasTwoStepPrompt[Q2] -> true (eval=303, fu=240)
2026-02-23T19:14:09.430Z D/SurveyVM [main] hasTwoStepPrompt[Q3] -> true (eval=303, fu=240)
2026-02-23T19:14:09.430Z D/SurveyVM [main] hasTwoStepPrompt[Q4] -> true (eval=303, fu=240)
2026-02-23T19:14:09.430Z D/SurveyVM [main] hasTwoStepPrompt[Q5] -> true (eval=303, fu=240)
2026-02-23T19:14:09.430Z D/SurveyVM [main] hasTwoStepPrompt[Q6] -> true (eval=303, fu=240)
2026-02-23T19:14:09.430Z D/SurveyVM [main] AI prompt coverage OK (aiCount=6)
2026-02-23T19:15:58.063Z D/SurveyVM [main] setRunFreeText(draft) -> len=3
2026-02-23T19:15:58.305Z D/SurveyVM [main] setRunFreeText(draft) -> len=6
2026-02-23T19:15:58.841Z D/SurveyVM [main] setRunFreeText(draft) -> len=12
2026-02-23T19:15:59.370Z D/SurveyVM [main] setRunFreeText(draft) -> len=12
2026-02-23T19:16:00.960Z D/SurveyVM [main] resetAudioRefs -> cleared
2026-02-23T19:16:00.960Z D/SurveyVM [main] resetNavToStart -> key=com.negi.survey.vm.FlowHome@207784e, navSize=1
2026-02-23T19:16:00.960Z D/SurveyVM [main] resetToStart -> Start, session=1, uuid=02c3b0f3-5d7f-4c46-864b-e473082c3592, preserveDraft=true, draftLen=12
2026-02-23T19:16:00.960Z D/SurveyVM [main] setRunFreeText(draft) -> len=12
2026-02-23T19:16:00.961Z D/SurveyVM [main] activateRunIfNeeded(advanceToNext:Q1) -> runNoteLen=12, draftCleared=true, uuid=02c3b0f3-5d7f-4c46-864b-e473082c3592
2026-02-23T19:16:00.961Z D/SurveyVM [main] push -> Q1, navSize=2, stackSize=2
2026-02-23T19:16:00.978Z D/SurveyVM [main] hasTwoStepPrompt[Q1] -> true (eval=303, fu=240)
2026-02-23T19:16:12.419Z D/SurveyVM [main] hasTwoStepPrompt[Q1] -> true (eval=303, fu=240)
2026-02-23T19:16:12.421Z I/AiScreen [main] Submit begin runId=ai-Q1-1898016187-1898016187486005 node=Q1 role=MAIN isTwoStep=true sessionId=1 surveyUuid=02c3b0f3-5d7f-4c46-864b-e473082c3592 qLen=175 aLen=3 qSha6=4cec21c47d69 aSha6=6201111b83a0
2026-02-23T19:16:12.421Z D/SurveyVM [main] getEvalPrompt[Q1] -> len=459
2026-02-23T19:16:12.422Z I/AiScreen [main] Submit end runId=ai-Q1-1898016187-1898016187486005 node=Q1 elapsed=3ms
2026-02-23T19:16:12.463Z D/LiteRtRepository [DefaultDispatcher-worker-4] [1] request start: model='Gemma3n4B', prompt.len=1603, sha=8e61bc62d896ef26, gateWaitMs=1
2026-02-23T19:16:12.492Z D/LiteRtRepository [DefaultDispatcher-worker-5] [1] initializeIfNeeded ok (initMs=27)
2026-02-23T19:16:12.496Z D/LiteRtLM [DefaultDispatcher-worker-5] runInference start: key='Gemma3n4B|/data/user/0/com.negi.survey/files/gemma-3n-E4B-it-int4.litertlm' runId=1 hasText=true textLen=1603 images=0 audioClips=0
2026-02-23T19:16:12.502Z D/LiteRtLM [DefaultDispatcher-worker-5] LiteRT-LM sendMessageAsync(text): key='Gemma3n4B|/data/user/0/com.negi.survey/files/gemma-3n-E4B-it-int4.litertlm' runId=1 len=1603
2026-02-23T19:16:34.000Z D/LiteRtRepository [main] [1] logical done=true (waiting native termination safe point)
2026-02-23T19:16:34.001Z D/LiteRtRepository [main] [1] cleanUpListener (native termination safe point)
2026-02-23T19:16:34.002Z D/LiteRtRepository [DefaultDispatcher-worker-4] [1] scheduleResetAfterSafepoint: begin (tag='native-terminated')
2026-02-23T19:16:34.016Z D/LiteRtRepository [DefaultDispatcher-worker-7] [1] resetConversation ok (after safepoint, tag='native-terminated')
2026-02-23T19:16:34.016Z D/LiteRtRepository [DefaultDispatcher-worker-7] [1] scheduleResetAfterSafepoint: end (tag='native-terminated')
2026-02-23T19:16:34.056Z I/AiViewModel [DefaultDispatcher-worker-5] run[1] done: phase=EVAL mode=EVAL_JSON score=65 FU0.len=98 FU0.sha16=f0709d4b791c070c commit=true err=<none>
2026-02-23T19:16:34.065Z I/AiScreen [DefaultDispatcher-worker-5] TWO_STEP shouldRunSecond runId=ai-Q1-1898016187-1898016187486005 node=Q1 role=MAIN followup_needed=true timedOut=false rawLen=247
2026-02-23T19:16:34.066Z D/SurveyVM [DefaultDispatcher-worker-5] getFollowupPrompt[Q1] -> len=473 evalLen=247
2026-02-23T19:16:34.068Z D/LiteRtRepository [DefaultDispatcher-worker-5] [2] request start: model='Gemma3n4B', prompt.len=1517, sha=2c73ea0145b910b8, gateWaitMs=0
2026-02-23T19:16:34.070Z D/LiteRtRepository [DefaultDispatcher-worker-6] [2] initializeIfNeeded ok (initMs=1)
2026-02-23T19:16:34.070Z D/AiScreen [main] Step rendered (context=sid=1|nid=Q1 node=Q1 runId=1 phase=EVAL mode=EVAL_JSON showJson=true rawLen=247 followups=1 timedOut=false twoStep=true)
2026-02-23T19:16:34.070Z D/LiteRtLM [DefaultDispatcher-worker-6] Cooldown delay: key='Gemma3n4B|/data/user/0/com.negi.survey/files/gemma-3n-E4B-it-int4.litertlm' delay=179ms reason='runInference-start'
2026-02-23T19:16:34.290Z D/LiteRtLM [DefaultDispatcher-worker-8] resetConversationInternal done: key='Gemma3n4B|/data/user/0/com.negi.survey/files/gemma-3n-E4B-it-int4.litertlm' reason='resetConversation'
2026-02-23T19:16:34.291Z D/LiteRtLM [DefaultDispatcher-worker-8] runInference start: key='Gemma3n4B|/data/user/0/com.negi.survey/files/gemma-3n-E4B-it-int4.litertlm' runId=2 hasText=true textLen=1517 images=0 audioClips=0
2026-02-23T19:16:34.292Z D/LiteRtLM [DefaultDispatcher-worker-8] LiteRT-LM sendMessageAsync(text): key='Gemma3n4B|/data/user/0/com.negi.survey/files/gemma-3n-E4B-it-int4.litertlm' runId=2 len=1517
2026-02-23T19:16:40.104Z D/LiteRtRepository [main] [2] logical done=true (waiting native termination safe point)
2026-02-23T19:16:40.104Z D/LiteRtRepository [main] [2] cleanUpListener (native termination safe point)
2026-02-23T19:16:40.104Z D/LiteRtRepository [DefaultDispatcher-worker-9] [2] scheduleResetAfterSafepoint: begin (tag='native-terminated')
2026-02-23T19:16:40.106Z D/LiteRtRepository [DefaultDispatcher-worker-2] [2] resetConversation ok (after safepoint, tag='native-terminated')
2026-02-23T19:16:40.106Z D/LiteRtRepository [DefaultDispatcher-worker-2] [2] scheduleResetAfterSafepoint: end (tag='native-terminated')
2026-02-23T19:16:40.115Z I/AiViewModel [DefaultDispatcher-worker-10] run[2] done: phase=FOLLOWUP mode=FOLLOWUP_JSON_OR_TEXT score=null FU0.len=50 FU0.sha16=f1387a2236857232 commit=false err=<none>
2026-02-23T19:16:40.116Z I/AiScreen [main] Follow-up persisted (context=sid=1|nid=Q1 node=Q1 runId=2 phase=FOLLOWUP twoStep=true mode=FOLLOWUP_JSON_OR_TEXT len=50 sha6=f1387a223685 displayedAsPlain=true)
2026-02-23T19:16:40.116Z D/AiScreen [main] Step rendered (context=sid=1|nid=Q1 node=Q1 runId=2 phase=FOLLOWUP mode=FOLLOWUP_JSON_OR_TEXT showJson=false rawLen=50 followups=1 timedOut=false twoStep=true)
2026-02-23T19:16:40.374Z D/LiteRtLM [DefaultDispatcher-worker-10] resetConversationInternal done: key='Gemma3n4B|/data/user/0/com.negi.survey/files/gemma-3n-E4B-it-int4.litertlm' reason='resetConversation'
2026-02-23T19:23:20.731Z D/SurveyVM [main] hasTwoStepPrompt[Q1] -> true (eval=303, fu=240)
2026-02-23T19:23:20.732Z I/AiScreen [main] Submit begin runId=ai-Q1-1898444499-1898444499185881 node=Q1 role=FOLLOWUP isTwoStep=true sessionId=1 surveyUuid=02c3b0f3-5d7f-4c46-864b-e473082c3592 qLen=50 aLen=16 qSha6=f1387a223685 aSha6=6553e6a0fb68
2026-02-23T19:23:20.732Z D/SurveyVM [main] getEvalPrompt[Q1] -> len=347
2026-02-23T19:23:20.736Z I/AiScreen [main] Submit end runId=ai-Q1-1898444499-1898444499185881 node=Q1 elapsed=5ms
2026-02-23T19:23:20.754Z D/LiteRtRepository [DefaultDispatcher-worker-5] [3] request start: model='Gemma3n4B', prompt.len=1491, sha=7d3cfe30342d9c25, gateWaitMs=11
2026-02-23T19:23:20.756Z D/LiteRtRepository [DefaultDispatcher-worker-5] [3] initializeIfNeeded ok (initMs=1)
2026-02-23T19:23:20.764Z D/LiteRtLM [DefaultDispatcher-worker-2] runInference start: key='Gemma3n4B|/data/user/0/com.negi.survey/files/gemma-3n-E4B-it-int4.litertlm' runId=3 hasText=true textLen=1491 images=0 audioClips=0
2026-02-23T19:23:20.765Z D/LiteRtLM [DefaultDispatcher-worker-2] LiteRT-LM sendMessageAsync(text): key='Gemma3n4B|/data/user/0/com.negi.survey/files/gemma-3n-E4B-it-int4.litertlm' runId=3 len=1491
2026-02-23T19:23:40.676Z D/LiteRtRepository [main] [3] logical done=true (waiting native termination safe point)
2026-02-23T19:23:40.676Z D/LiteRtRepository [main] [3] cleanUpListener (native termination safe point)
2026-02-23T19:23:40.676Z D/LiteRtRepository [DefaultDispatcher-worker-7] [3] scheduleResetAfterSafepoint: begin (tag='native-terminated')
2026-02-23T19:23:40.679Z D/LiteRtRepository [DefaultDispatcher-worker-4] [3] resetConversation ok (after safepoint, tag='native-terminated')
2026-02-23T19:23:40.680Z D/LiteRtRepository [DefaultDispatcher-worker-4] [3] scheduleResetAfterSafepoint: end (tag='native-terminated')
2026-02-23T19:23:40.687Z I/AiViewModel [DefaultDispatcher-worker-6] run[3] done: phase=EVAL mode=EVAL_JSON score=1 FU0.len=98 FU0.sha16=f0709d4b791c070c commit=true err=<none>
2026-02-23T19:23:40.688Z I/AiScreen [DefaultDispatcher-worker-6] TWO_STEP shouldRunSecond runId=ai-Q1-1898444499-1898444499185881 node=Q1 role=FOLLOWUP followup_needed=true timedOut=false rawLen=255
2026-02-23T19:23:40.689Z D/AiScreen [main] Step rendered (context=sid=1|nid=Q1 node=Q1 runId=3 phase=EVAL mode=EVAL_JSON showJson=true rawLen=255 followups=1 timedOut=false twoStep=true)
2026-02-23T19:23:40.690Z D/SurveyVM [DefaultDispatcher-worker-6] getFollowupPrompt[Q1] -> len=481 evalLen=255
2026-02-23T19:23:40.696Z D/LiteRtRepository [DefaultDispatcher-worker-11] [4] request start: model='Gemma3n4B', prompt.len=1525, sha=84f50af32b293304, gateWaitMs=1
2026-02-23T19:23:40.699Z D/LiteRtRepository [DefaultDispatcher-worker-6] [4] initializeIfNeeded ok (initMs=3)
2026-02-23T19:23:40.712Z D/LiteRtLM [DefaultDispatcher-worker-11] Cooldown delay: key='Gemma3n4B|/data/user/0/com.negi.survey/files/gemma-3n-E4B-it-int4.litertlm' delay=213ms reason='runInference-start'
2026-02-23T19:23:40.949Z D/LiteRtLM [DefaultDispatcher-worker-11] resetConversationInternal done: key='Gemma3n4B|/data/user/0/com.negi.survey/files/gemma-3n-E4B-it-int4.litertlm' reason='resetConversation'
2026-02-23T19:23:40.952Z D/LiteRtLM [DefaultDispatcher-worker-6] runInference start: key='Gemma3n4B|/data/user/0/com.negi.survey/files/gemma-3n-E4B-it-int4.litertlm' runId=4 hasText=true textLen=1525 images=0 audioClips=0
2026-02-23T19:23:40.952Z D/LiteRtLM [DefaultDispatcher-worker-6] LiteRT-LM sendMessageAsync(text): key='Gemma3n4B|/data/user/0/com.negi.survey/files/gemma-3n-E4B-it-int4.litertlm' runId=4 len=1525
2026-02-23T19:23:47.078Z D/LiteRtRepository [main] [4] logical done=true (waiting native termination safe point)
2026-02-23T19:23:47.079Z D/LiteRtRepository [main] [4] cleanUpListener (native termination safe point)
2026-02-23T19:23:47.079Z D/LiteRtRepository [DefaultDispatcher-worker-9] [4] scheduleResetAfterSafepoint: begin (tag='native-terminated')
2026-02-23T19:23:47.082Z I/AiViewModel [DefaultDispatcher-worker-10] run[4] done: phase=FOLLOWUP mode=FOLLOWUP_JSON_OR_TEXT score=null FU0.len=50 FU0.sha16=f1387a2236857232 commit=false err=<none>
2026-02-23T19:23:47.084Z D/LiteRtRepository [DefaultDispatcher-worker-11] [4] resetConversation ok (after safepoint, tag='native-terminated')
2026-02-23T19:23:47.084Z D/LiteRtRepository [DefaultDispatcher-worker-11] [4] scheduleResetAfterSafepoint: end (tag='native-terminated')
2026-02-23T19:23:47.130Z D/AiScreen [main] Step rendered (context=sid=1|nid=Q1 node=Q1 runId=4 phase=FOLLOWUP mode=FOLLOWUP_JSON_OR_TEXT showJson=false rawLen=50 followups=1 timedOut=false twoStep=true)
2026-02-23T19:23:47.351Z D/LiteRtLM [DefaultDispatcher-worker-3] resetConversationInternal done: key='Gemma3n4B|/data/user/0/com.negi.survey/files/gemma-3n-E4B-it-int4.litertlm' reason='resetConversation'
2026-02-23T19:24:41.519Z D/SurveyVM [main] hasTwoStepPrompt[Q1] -> true (eval=303, fu=240)
2026-02-23T19:24:41.520Z I/AiScreen [main] Submit begin runId=ai-Q1-1898525286-1898525286494595 node=Q1 role=FOLLOWUP isTwoStep=true sessionId=1 surveyUuid=02c3b0f3-5d7f-4c46-864b-e473082c3592 qLen=50 aLen=5 qSha6=f1387a223685 aSha6=8b651329fb32
2026-02-23T19:24:41.520Z D/SurveyVM [main] getEvalPrompt[Q1] -> len=336
2026-02-23T19:24:41.521Z I/AiScreen [main] Submit end runId=ai-Q1-1898525286-1898525286494595 node=Q1 elapsed=3ms
2026-02-23T19:24:41.524Z D/LiteRtRepository [DefaultDispatcher-worker-3] [5] request start: model='Gemma3n4B', prompt.len=1480, sha=0e79b13a83d9c7a9, gateWaitMs=0
2026-02-23T19:24:41.526Z D/LiteRtRepository [DefaultDispatcher-worker-5] [5] initializeIfNeeded ok (initMs=2)
2026-02-23T19:24:41.529Z D/LiteRtLM [DefaultDispatcher-worker-3] runInference start: key='Gemma3n4B|/data/user/0/com.negi.survey/files/gemma-3n-E4B-it-int4.litertlm' runId=5 hasText=true textLen=1480 images=0 audioClips=0
2026-02-23T19:24:41.529Z D/LiteRtLM [DefaultDispatcher-worker-3] LiteRT-LM sendMessageAsync(text): key='Gemma3n4B|/data/user/0/com.negi.survey/files/gemma-3n-E4B-it-int4.litertlm' runId=5 len=1480
2026-02-23T19:25:00.010Z D/LiteRtRepository [main] [5] logical done=true (waiting native termination safe point)
2026-02-23T19:25:00.010Z D/LiteRtRepository [main] [5] cleanUpListener (native termination safe point)
2026-02-23T19:25:00.010Z D/LiteRtRepository [DefaultDispatcher-worker-6] [5] scheduleResetAfterSafepoint: begin (tag='native-terminated')
2026-02-23T19:25:00.018Z D/LiteRtRepository [DefaultDispatcher-worker-8] [5] resetConversation ok (after safepoint, tag='native-terminated')
2026-02-23T19:25:00.018Z D/LiteRtRepository [DefaultDispatcher-worker-8] [5] scheduleResetAfterSafepoint: end (tag='native-terminated')
2026-02-23T19:25:00.022Z I/AiViewModel [DefaultDispatcher-worker-2] run[5] done: phase=EVAL mode=EVAL_JSON score=10 FU0.len=98 FU0.sha16=f0709d4b791c070c commit=true err=<none>
2026-02-23T19:25:00.027Z I/AiScreen [DefaultDispatcher-worker-2] TWO_STEP shouldRunSecond runId=ai-Q1-1898525286-1898525286494595 node=Q1 role=FOLLOWUP followup_needed=true timedOut=false rawLen=249
2026-02-23T19:25:00.030Z D/AiScreen [main] Step rendered (context=sid=1|nid=Q1 node=Q1 runId=5 phase=EVAL mode=EVAL_JSON showJson=true rawLen=249 followups=1 timedOut=false twoStep=true)
2026-02-23T19:25:00.041Z D/SurveyVM [DefaultDispatcher-worker-2] getFollowupPrompt[Q1] -> len=475 evalLen=249
2026-02-23T19:25:00.043Z D/LiteRtRepository [DefaultDispatcher-worker-2] [6] request start: model='Gemma3n4B', prompt.len=1519, sha=dc6d09de05a11ea2, gateWaitMs=0
2026-02-23T19:25:00.043Z D/LiteRtRepository [DefaultDispatcher-worker-1] [6] initializeIfNeeded ok (initMs=1)
2026-02-23T19:25:00.047Z D/LiteRtLM [DefaultDispatcher-worker-1] Cooldown delay: key='Gemma3n4B|/data/user/0/com.negi.survey/files/gemma-3n-E4B-it-int4.litertlm' delay=213ms reason='runInference-start'
2026-02-23T19:25:00.295Z D/LiteRtLM [DefaultDispatcher-worker-10] resetConversationInternal done: key='Gemma3n4B|/data/user/0/com.negi.survey/files/gemma-3n-E4B-it-int4.litertlm' reason='resetConversation'
2026-02-23T19:25:00.296Z D/LiteRtLM [DefaultDispatcher-worker-10] runInference start: key='Gemma3n4B|/data/user/0/com.negi.survey/files/gemma-3n-E4B-it-int4.litertlm' runId=6 hasText=true textLen=1519 images=0 audioClips=0
2026-02-23T19:25:00.296Z D/LiteRtLM [DefaultDispatcher-worker-10] LiteRT-LM sendMessageAsync(text): key='Gemma3n4B|/data/user/0/com.negi.survey/files/gemma-3n-E4B-it-int4.litertlm' runId=6 len=1519
2026-02-23T19:25:06.231Z D/LiteRtRepository [main] [6] logical done=true (waiting native termination safe point)
2026-02-23T19:25:06.231Z D/LiteRtRepository [main] [6] cleanUpListener (native termination safe point)
2026-02-23T19:25:06.232Z D/LiteRtRepository [DefaultDispatcher-worker-9] [6] scheduleResetAfterSafepoint: begin (tag='native-terminated')
2026-02-23T19:25:06.234Z I/AiViewModel [DefaultDispatcher-worker-5] run[6] done: phase=FOLLOWUP mode=FOLLOWUP_JSON_OR_TEXT score=null FU0.len=50 FU0.sha16=f1387a2236857232 commit=false err=<none>
2026-02-23T19:25:06.238Z D/LiteRtRepository [DefaultDispatcher-worker-10] [6] resetConversation ok (after safepoint, tag='native-terminated')
2026-02-23T19:25:06.238Z D/LiteRtRepository [DefaultDispatcher-worker-10] [6] scheduleResetAfterSafepoint: end (tag='native-terminated')
2026-02-23T19:25:06.279Z D/AiScreen [main] Step rendered (context=sid=1|nid=Q1 node=Q1 runId=6 phase=FOLLOWUP mode=FOLLOWUP_JSON_OR_TEXT showJson=false rawLen=50 followups=1 timedOut=false twoStep=true)
2026-02-23T19:25:06.493Z D/LiteRtLM [DefaultDispatcher-worker-9] resetConversationInternal done: key='Gemma3n4B|/data/user/0/com.negi.survey/files/gemma-3n-E4B-it-int4.litertlm' reason='resetConversation'
2026-02-23T19:26:35.566Z D/SurveyVM [main] hasTwoStepPrompt[Q1] -> true (eval=303, fu=240)
2026-02-23T19:26:35.566Z I/AiScreen [main] Submit begin runId=ai-Q1-1898639334-1898639334524192 node=Q1 role=FOLLOWUP isTwoStep=true sessionId=1 surveyUuid=02c3b0f3-5d7f-4c46-864b-e473082c3592 qLen=50 aLen=10 qSha6=f1387a223685 aSha6=778c31b736ad
2026-02-23T19:26:35.567Z D/SurveyVM [main] getEvalPrompt[Q1] -> len=341
2026-02-23T19:26:35.568Z I/AiScreen [main] Submit end runId=ai-Q1-1898639334-1898639334524192 node=Q1 elapsed=2ms
2026-02-23T19:26:35.570Z D/LiteRtRepository [DefaultDispatcher-worker-5] [7] request start: model='Gemma3n4B', prompt.len=1485, sha=7a1925096dfb3af2, gateWaitMs=1
2026-02-23T19:26:35.577Z D/LiteRtRepository [DefaultDispatcher-worker-2] [7] initializeIfNeeded ok (initMs=7)
2026-02-23T19:26:35.590Z D/LiteRtLM [DefaultDispatcher-worker-2] runInference start: key='Gemma3n4B|/data/user/0/com.negi.survey/files/gemma-3n-E4B-it-int4.litertlm' runId=7 hasText=true textLen=1485 images=0 audioClips=0
2026-02-23T19:26:35.590Z D/LiteRtLM [DefaultDispatcher-worker-2] LiteRT-LM sendMessageAsync(text): key='Gemma3n4B|/data/user/0/com.negi.survey/files/gemma-3n-E4B-it-int4.litertlm' runId=7 len=1485
2026-02-23T19:26:53.929Z D/LiteRtRepository [main] [7] logical done=true (waiting native termination safe point)
2026-02-23T19:26:53.929Z D/LiteRtRepository [main] [7] cleanUpListener (native termination safe point)
2026-02-23T19:26:53.930Z D/LiteRtRepository [DefaultDispatcher-worker-1] [7] scheduleResetAfterSafepoint: begin (tag='native-terminated')
2026-02-23T19:26:53.931Z D/LiteRtRepository [DefaultDispatcher-worker-7] [7] resetConversation ok (after safepoint, tag='native-terminated')
2026-02-23T19:26:53.932Z D/LiteRtRepository [DefaultDispatcher-worker-7] [7] scheduleResetAfterSafepoint: end (tag='native-terminated')
2026-02-23T19:26:53.935Z I/AiViewModel [DefaultDispatcher-worker-2] run[7] done: phase=EVAL mode=EVAL_JSON score=30 FU0.len=98 FU0.sha16=f0709d4b791c070c commit=true err=<none>
2026-02-23T19:26:53.936Z I/AiScreen [DefaultDispatcher-worker-2] TWO_STEP shouldRunSecond runId=ai-Q1-1898639334-1898639334524192 node=Q1 role=FOLLOWUP followup_needed=true timedOut=false rawLen=269
2026-02-23T19:26:53.937Z D/SurveyVM [DefaultDispatcher-worker-2] getFollowupPrompt[Q1] -> len=495 evalLen=269
2026-02-23T19:26:53.938Z D/LiteRtRepository [DefaultDispatcher-worker-1] [8] request start: model='Gemma3n4B', prompt.len=1539, sha=ec1f94644a061902, gateWaitMs=0
2026-02-23T19:26:53.938Z D/LiteRtRepository [DefaultDispatcher-worker-1] [8] initializeIfNeeded ok (initMs=1)
2026-02-23T19:26:53.939Z D/LiteRtLM [DefaultDispatcher-worker-1] Cooldown delay: key='Gemma3n4B|/data/user/0/com.negi.survey/files/gemma-3n-E4B-it-int4.litertlm' delay=191ms reason='runInference-start'
2026-02-23T19:26:53.974Z D/AiScreen [main] Step rendered (context=sid=1|nid=Q1 node=Q1 runId=7 phase=EVAL mode=EVAL_JSON showJson=true rawLen=269 followups=1 timedOut=false twoStep=true)
2026-02-23T19:26:54.204Z D/LiteRtLM [DefaultDispatcher-worker-2] resetConversationInternal done: key='Gemma3n4B|/data/user/0/com.negi.survey/files/gemma-3n-E4B-it-int4.litertlm' reason='resetConversation'
2026-02-23T19:26:54.205Z D/LiteRtLM [DefaultDispatcher-worker-2] runInference start: key='Gemma3n4B|/data/user/0/com.negi.survey/files/gemma-3n-E4B-it-int4.litertlm' runId=8 hasText=true textLen=1539 images=0 audioClips=0
2026-02-23T19:26:54.205Z D/LiteRtLM [DefaultDispatcher-worker-2] LiteRT-LM sendMessageAsync(text): key='Gemma3n4B|/data/user/0/com.negi.survey/files/gemma-3n-E4B-it-int4.litertlm' runId=8 len=1539
2026-02-23T19:26:59.723Z D/LiteRtRepository [main] [8] logical done=true (waiting native termination safe point)
2026-02-23T19:26:59.723Z D/LiteRtRepository [main] [8] cleanUpListener (native termination safe point)
2026-02-23T19:26:59.725Z D/LiteRtRepository [DefaultDispatcher-worker-4] [8] scheduleResetAfterSafepoint: begin (tag='native-terminated')
2026-02-23T19:26:59.728Z D/LiteRtRepository [DefaultDispatcher-worker-9] [8] resetConversation ok (after safepoint, tag='native-terminated')
2026-02-23T19:26:59.734Z D/LiteRtRepository [DefaultDispatcher-worker-9] [8] scheduleResetAfterSafepoint: end (tag='native-terminated')
2026-02-23T19:26:59.734Z I/AiViewModel [DefaultDispatcher-worker-7] run[8] done: phase=FOLLOWUP mode=FOLLOWUP_JSON_OR_TEXT score=null FU0.len=50 FU0.sha16=f1387a2236857232 commit=false err=<none>
2026-02-23T19:26:59.758Z D/AiScreen [main] Step rendered (context=sid=1|nid=Q1 node=Q1 runId=8 phase=FOLLOWUP mode=FOLLOWUP_JSON_OR_TEXT showJson=false rawLen=50 followups=1 timedOut=false twoStep=true)
2026-02-23T19:26:59.982Z D/LiteRtLM [DefaultDispatcher-worker-7] resetConversationInternal done: key='Gemma3n4B|/data/user/0/com.negi.survey/files/gemma-3n-E4B-it-int4.litertlm' reason='resetConversation'
2026-02-23T19:27:57.002Z D/SurveyVM [main] backToPrevious -> Start (runActive=true, uiLen=12, runLen=12, draftLen=0)
