=== RuntimeLogStore Header ===
ts=2026-02-22T18:09:33.573Z
fileNameFormat=LEGACY
appId=com.negi.survey
versionName=v0.0.1-20260222-033453
versionCode=15
debug=false
device=Google Pixel 9a
sdk=36
pid=17116
==============================
2026-02-22T18:09:33.573Z I/RuntimeLogStore [rtlog-io] start: actor launched (fileNameFormat=LEGACY)
2026-02-22T18:09:33.565Z D/SurveyApp [main] attachBaseContext: pid=17116 process=com.negi.survey isMain=true sdk=36
2026-02-22T18:09:33.567Z D/SurveyApp [main] Skipping WorkManager init in attachBaseContext; will init in onCreate.
2026-02-22T18:09:33.567Z D/SurveyApp [main] CrashCapture installed: where=SurveyApp:attachBaseContext
2026-02-22T18:09:33.567Z I/RuntimeLogStore [main] start repair: ctx/dir refreshed
2026-02-22T18:09:33.567Z D/SurveyApp [main] onCreate: pid=17116 process=com.negi.survey isMain=true sdk=36
2026-02-22T18:09:33.580Z D/SurveyApp [main] WorkManager already ready. where=onCreate
2026-02-22T18:09:33.580Z D/SurveyApp [main] WorkManager already ready. where=startupRtLogs
2026-02-22T18:09:33.617Z D/SurveyApp [main] Startup runtime logs: enqueue requested.
2026-02-22T18:09:33.620Z D/SurveyApp [main] WorkManager already ready. where=startupRingLogs
2026-02-22T18:09:33.646Z D/SurveyApp [main] Startup ring logs: enqueue requested.
2026-02-22T18:09:33.646Z D/SurveyApp [main] CrashCapture installed: where=SurveyApp:onCreate(rewrap)
2026-02-22T18:09:33.646Z D/SurveyApp [main] CrashCapture self-healing registered.
2026-02-22T18:09:33.646Z D/SurveyApp [main] WorkManager already ready. where=enqueuePending(immediate)
2026-02-22T18:09:33.646Z D/SurveyApp [main] CrashCapture pending uploads requested (immediate).
2026-02-22T18:09:34.936Z I/RuntimeLogStore [DefaultDispatcher-worker-3] start repair: ctx/dir refreshed
