=== RuntimeLogStore Header ===
ts=2026-02-23T17:25:48.953Z
fileNameFormat=LEGACY
appId=com.negi.survey
versionName=0.0.1
versionCode=1
debug=false
device=Google Pixel 9a
sdk=36
pid=8477
==============================
2026-02-23T17:25:48.953Z I/RuntimeLogStore [rtlog-io] start: actor launched (fileNameFormat=LEGACY)
2026-02-23T17:25:48.944Z D/SurveyApp [main] attachBaseContext: pid=8477 process=com.negi.survey isMain=true sdk=36
2026-02-23T17:25:48.944Z D/SurveyApp [main] Skipping WorkManager init in attachBaseContext; will init in onCreate.
2026-02-23T17:25:48.944Z D/SurveyApp [main] CrashCapture installed: where=SurveyApp:attachBaseContext
2026-02-23T17:25:48.944Z I/RuntimeLogStore [main] start repair: ctx/dir refreshed
2026-02-23T17:25:48.944Z D/SurveyApp [main] onCreate: pid=8477 process=com.negi.survey isMain=true sdk=36
2026-02-23T17:25:48.963Z D/SurveyApp [main] WorkManager already ready. where=onCreate
2026-02-23T17:25:48.964Z D/SurveyApp [main] WorkManager already ready. where=startupRtLogs(immediate)
2026-02-23T17:25:48.969Z D/SurveyApp [main] Startup runtime logs target -> owner=ishizuki-tech repo=SurveyExports branch=main base='/diagnostics/runtime_logs'
2026-02-23T17:25:49.044Z D/SurveyApp [main] Startup runtime logs: enqueue requested (immediate).
2026-02-23T17:25:49.044Z D/SurveyApp [main] WorkManager already ready. where=startupRingLogs(immediate)
2026-02-23T17:25:49.044Z D/SurveyApp [main] Startup ring logs target -> owner=ishizuki-tech repo=SurveyExports branch=main base='/diagnostics/applog_ring'
2026-02-23T17:25:49.069Z D/SurveyApp [main] Startup ring logs: enqueue requested (immediate).
2026-02-23T17:25:49.069Z D/SurveyApp [main] CrashCapture installed: where=SurveyApp:onCreate(rewrap)
2026-02-23T17:25:49.069Z D/SurveyApp [main] CrashCapture self-healing registered.
2026-02-23T17:25:49.069Z D/SurveyApp [main] WorkManager already ready. where=enqueuePending(immediate)
2026-02-23T17:25:49.070Z D/SurveyApp [main] CrashCapture pending uploads requested (immediate).
2026-02-23T17:25:50.564Z I/RuntimeLogStore [DefaultDispatcher-worker-2] start repair: ctx/dir refreshed
