=== RuntimeLogStore Header ===
ts=2026-02-26T16:04:55.291Z
fileNameFormat=LEGACY
appId=com.negi.survey
versionName=v1.0.0-20260223-224759
versionCode=21
debug=false
device=samsung SM-S931U1
sdk=36
pid=8134
==============================
2026-02-26T16:04:55.291Z I/RuntimeLogStore [rtlog-io] start: actor launched (fileNameFormat=LEGACY)
2026-02-26T16:04:55.288Z D/SurveyApp [main] attachBaseContext: pid=8134 process=com.negi.survey isMain=true sdk=36
2026-02-26T16:04:55.288Z D/SurveyApp [main] bootTiming: attachBaseContext total=22ms
2026-02-26T16:04:55.288Z D/SurveyApp [main] Skipping WorkManager init in attachBaseContext; will init lazily on first enqueue.
2026-02-26T16:04:55.289Z D/SurveyApp [main] CrashCapture installed: where=SurveyApp:attachBaseContext
2026-02-26T16:04:55.289Z I/RuntimeLogStore [main] start repair: ctx/dir refreshed
2026-02-26T16:04:55.289Z D/SurveyApp [main] bootTiming: RuntimeLogStore.start took=0ms
2026-02-26T16:04:55.289Z D/SurveyApp [main] bootTiming: AppRingLogStore.install took=0ms
2026-02-26T16:04:55.289Z D/SurveyApp [main] onCreate: pid=8134 process=com.negi.survey isMain=true sdk=36
2026-02-26T16:04:55.289Z D/SurveyApp [main] CrashCapture installed: where=SurveyApp:onCreate(rewrap)
2026-02-26T16:04:55.289Z D/SurveyApp [main] CrashCapture self-healing registered.
2026-02-26T16:04:55.289Z W/SurveyApp [main] Startup enqueues deferred: delay=2500ms (to reduce init contention)
2026-02-26T16:04:55.289Z D/SurveyApp [main] bootTiming: onCreate total=0ms
2026-02-26T16:04:55.453Z D/LiteRtLM [DefaultDispatcher-worker-3] Initializing LiteRT-LM: model='Gemma3n4B', key='Gemma3n4B|/data/user/0/com.negi.survey/files/gemma-3n-E4B-it-int4.litertlm'
2026-02-26T16:04:55.453Z D/LiteRtLM [DefaultDispatcher-worker-3] Capabilities: image=false audio=false
2026-02-26T16:04:55.453Z D/LiteRtLM [DefaultDispatcher-worker-3] Backend=GPU maxNumTokens=4096 (raw=4096) topK=64 topP=0.95 temp=1.0
2026-02-26T16:04:55.453Z D/LiteRtLM [DefaultDispatcher-worker-3] Model path='/data/user/0/com.negi.survey/files/gemma-3n-E4B-it-int4.litertlm' sizeBytes=4919541760
2026-02-26T16:04:55.454Z D/LiteRtLM [DefaultDispatcher-worker-3] Engine cacheDir resolved: key='Gemma3n4B|/data/user/0/com.negi.survey/files/gemma-3n-E4B-it-int4.litertlm' backend=GPU path='/data/user/0/com.negi.survey/no_backup/litertlm_cache/38ee02279954774b94ec113b62b8169a30d6fd48' files=1
2026-02-26T16:04:57.792Z W/SurveyApp [main] Deferred startup enqueues begin...
2026-02-26T16:04:57.800Z D/SurveyApp [main] WorkManager already ready. where=startupRtLogs(immediate)
2026-02-26T16:04:57.800Z D/SurveyApp [main] Startup runtime logs target -> owner=ishizuki-tech repo=SurveyExports branch=main base='/diagnostics/runtime_logs'
2026-02-26T16:04:57.814Z D/SurveyApp [main] Startup runtime logs: enqueue requested (immediate).
2026-02-26T16:04:57.814Z D/SurveyApp [main] WorkManager already ready. where=startupRingLogs(immediate)
2026-02-26T16:04:57.814Z D/SurveyApp [main] Startup ring logs target -> owner=ishizuki-tech repo=SurveyExports branch=main base='/diagnostics/applog_ring'
2026-02-26T16:04:57.824Z D/SurveyApp [main] Startup ring logs: enqueue requested (immediate).
2026-02-26T16:04:57.824Z D/SurveyApp [main] WorkManager already ready. where=enqueuePending(immediate)
2026-02-26T16:04:57.824Z D/SurveyApp [main] CrashCapture pending uploads requested (immediate).
2026-02-26T16:04:57.824Z W/SurveyApp [main] Deferred startup enqueues done: took=32ms
2026-02-26T16:04:59.048Z I/RuntimeLogStore [DefaultDispatcher-worker-7] start repair: ctx/dir refreshed
