20260223_172548 I/AppRingLogStore pid=8477 tid=8477 uptimeMs=1969811461 msg=install: pid=8477 timeUtc=20260223_172548 uptimeMs=1969811461
20260223_172548 D/SurveyApp pid=8477 tid=8477 uptimeMs=1969811461 msg=attachBaseContext: pid=8477 process=com.negi.survey isMain=true sdk=36
20260223_172548 D/SurveyApp pid=8477 tid=8477 uptimeMs=1969811462 msg=onCreate: pid=8477 process=com.negi.survey isMain=true sdk=36
20260223_173023 D/AiTrace pid=8477 tid=8477 uptimeMs=1970086190 msg=Installed (enabled=false ringEnabled=true)
20260223_175059 I/AppRingLogStore pid=9757 tid=9757 uptimeMs=1971322397 msg=install: pid=9757 timeUtc=20260223_175059 uptimeMs=1971322397
20260223_175059 D/SurveyApp pid=9757 tid=9757 uptimeMs=1971322398 msg=attachBaseContext: pid=9757 process=com.negi.survey isMain=true sdk=36
20260223_175059 D/SurveyApp pid=9757 tid=9757 uptimeMs=1971322399 msg=onCreate: pid=9757 process=com.negi.survey isMain=true sdk=36
20260223_180916 D/AiTrace pid=9757 tid=9757 uptimeMs=1972419085 msg=Installed (enabled=false ringEnabled=true)
20260223_182826 D/LiteRtRepository pid=9757 tid=9785 uptimeMs=1973569266 msg=[1] start model='Gemma3n4B' prompt.len=1628 sha=458bca04bff013d9 gateWaitMs=0
20260223_182826 D/LiteRtRepository pid=9757 tid=9785 uptimeMs=1973569340 msg=[1] init ok initMs=73
20260223_182855 D/LiteRtRepository pid=9757 tid=9757 uptimeMs=1973597815 msg=[1] logicalDone=true
20260223_182855 D/LiteRtRepository pid=9757 tid=9757 uptimeMs=1973597817 msg=[1] native termination safe point -> reset+close
20260223_182855 D/LiteRtRepository pid=9757 tid=9785 uptimeMs=1973597818 msg=[1] resetConversation begin tag='native-terminated'
20260223_182855 I/LiteRtRepository pid=9757 tid=9814 uptimeMs=1973597821 msg=[1] finalize reason='native-terminated' elapsedMs=28555 firstTokenMs=5736 chunks=124 out.len=412 capturedAll=true logicalDone=true nativeTerminated=true cancelTag='null' lastDeltaMsAgo=128 lastEventMsAgo=2
20260223_182855 D/LiteRtRepository pid=9757 tid=11412 uptimeMs=1973597829 msg=[1] resetConversation ok tag='native-terminated'
20260223_182855 I/AiViewModel pid=9757 tid=9830 uptimeMs=1973597866 msg=run[1] done: phase=EVAL mode=EVAL_JSON score=1 FU0.len=116 FU0.sha16=b445b45a87a6e494 commit=true err=<none>
20260223_182855 D/LiteRtRepository pid=9757 tid=11414 uptimeMs=1973597876 msg=[2] start model='Gemma3n4B' prompt.len=1682 sha=11294b972da22d6f gateWaitMs=0
20260223_182855 D/LiteRtRepository pid=9757 tid=11414 uptimeMs=1973597879 msg=[2] init ok initMs=1
20260223_182901 D/LiteRtRepository pid=9757 tid=9757 uptimeMs=1973604374 msg=[2] logicalDone=true
20260223_182901 D/LiteRtRepository pid=9757 tid=9757 uptimeMs=1973604374 msg=[2] native termination safe point -> reset+close
20260223_182901 D/LiteRtRepository pid=9757 tid=9830 uptimeMs=1973604375 msg=[2] resetConversation begin tag='native-terminated'
20260223_182901 I/LiteRtRepository pid=9757 tid=11413 uptimeMs=1973604376 msg=[2] finalize reason='native-terminated' elapsedMs=6501 firstTokenMs=2858 chunks=19 out.len=68 capturedAll=true logicalDone=true nativeTerminated=true cancelTag='null' lastDeltaMsAgo=218 lastEventMsAgo=2
20260223_182901 D/LiteRtRepository pid=9757 tid=11414 uptimeMs=1973604378 msg=[2] resetConversation ok tag='native-terminated'
20260223_182901 I/AiViewModel pid=9757 tid=9783 uptimeMs=1973604378 msg=run[2] done: phase=FOLLOWUP mode=FOLLOWUP_JSON_OR_TEXT score=null FU0.len=68 FU0.sha16=f7edb2a2b576b36c commit=false err=<none>
20260223_191216 I/AppRingLogStore pid=13054 tid=13054 uptimeMs=1976199425 msg=install: pid=13054 timeUtc=20260223_191216 uptimeMs=1976199425
20260223_191216 D/SurveyApp pid=13054 tid=13054 uptimeMs=1976199426 msg=attachBaseContext: pid=13054 process=com.negi.survey isMain=true sdk=36
20260223_191216 D/SurveyApp pid=13054 tid=13054 uptimeMs=1976199426 msg=onCreate: pid=13054 process=com.negi.survey isMain=true sdk=36
