=== RuntimeLogStore Header ===
ts=2026-02-21T03:31:55.730Z
fileNameFormat=LEGACY
appId=com.negi.survey
versionName=0.0.1
versionCode=1
debug=false
device=Google Pixel 9a
sdk=36
pid=31414
==============================
2026-02-21T03:31:55.732Z I/RuntimeLogStore [rtlog-io] start: actor launched (fileNameFormat=LEGACY)
2026-02-21T03:31:55.722Z D/SurveyApp [main] attachBaseContext: pid=31414 process=com.negi.survey isMain=true sdk=36
2026-02-21T03:31:55.722Z D/SurveyApp [main] Skipping WorkManager init in attachBaseContext; will init in onCreate.
2026-02-21T03:31:55.723Z D/SurveyApp [main] CrashCapture installed: where=SurveyApp:attachBaseContext
2026-02-21T03:31:55.723Z I/RuntimeLogStore [main] start repair: ctx/dir refreshed
2026-02-21T03:31:55.723Z D/SurveyApp [main] onCreate: pid=31414 process=com.negi.survey isMain=true sdk=36
2026-02-21T03:31:55.735Z D/SurveyApp [main] WorkManager already ready. where=onCreate
2026-02-21T03:31:55.735Z D/SurveyApp [main] WorkManager already ready. where=startupRtLogs
2026-02-21T03:31:55.792Z D/SurveyApp [main] Startup runtime logs: enqueue requested.
2026-02-21T03:31:55.793Z D/SurveyApp [main] CrashCapture installed: where=SurveyApp:onCreate(rewrap)
2026-02-21T03:31:55.793Z D/SurveyApp [main] CrashCapture self-healing registered.
2026-02-21T03:31:55.793Z D/SurveyApp [main] WorkManager already ready. where=enqueuePending(immediate)
2026-02-21T03:31:55.793Z D/SurveyApp [main] CrashCapture pending uploads enqueued (immediate).
2026-02-21T03:31:55.793Z D/SurveyApp [main] Delayed enqueue retry not scheduled (immediate succeeded).
2026-02-21T03:31:55.809Z I/RuntimeLogStore [DefaultDispatcher-worker-2] start repair: ctx/dir refreshed
2026-02-21T03:31:57.222Z I/RuntimeLogStore [DefaultDispatcher-worker-10] start repair: ctx/dir refreshed
