=== RuntimeLogStore Header ===
ts=2026-02-21T20:59:29.251Z
fileNameFormat=LEGACY
appId=com.negi.survey
versionName=0.0.1
versionCode=1
debug=false
device=Google Pixel 9a
sdk=36
pid=11980
==============================
2026-02-21T20:59:29.251Z I/RuntimeLogStore [rtlog-io] --- rotated (reason=plain_snapshot:app_start) ---
2026-02-21T20:59:39.686Z D/LiteRtLM [DefaultDispatcher-worker-18] Initializing LiteRT-LM: model='Gemma3n4B', key='Gemma3n4B|/data/user/0/com.negi.survey/files/gemma-3n-E4B-it-int4.litertlm'
2026-02-21T20:59:39.686Z D/LiteRtLM [DefaultDispatcher-worker-18] Capabilities: image=false audio=false
2026-02-21T20:59:39.686Z D/LiteRtLM [DefaultDispatcher-worker-18] Backend=GPU maxNumTokens=4096 (raw=4096) topK=64 topP=0.95 temp=1.0
2026-02-21T21:00:20.016Z D/LiteRtLM [DefaultDispatcher-worker-18] LiteRT-LM initialization succeeded: model='Gemma3n4B', key='Gemma3n4B|/data/user/0/com.negi.survey/files/gemma-3n-E4B-it-int4.litertlm'
2026-02-21T21:00:20.048Z D/AiTrace [main] Installed (enabled=false ringEnabled=true)
2026-02-21T21:00:20.051Z D/SurveyVM [main] init -> Start, session=0, uuid=fa707e14-2ba3-41e7-88bc-c1a9886b3003, navSize=1, graphSize=9
2026-02-21T21:00:20.053Z D/SurveyVM [main] config.validate -> issues=0
2026-02-21T21:00:20.053Z D/SurveyVM [main] promptSources -> legacy=0, eval=6, follow=6
2026-02-21T21:00:20.053Z D/SurveyVM [main] promptSources.preview -> legacy=[], eval=[Q1, Q2, Q3, Q4, Q5, Q6], follow=[Q1, Q2, Q3, Q4, Q5, Q6]
2026-02-21T21:00:20.053Z D/SurveyVM [main] hasTwoStepPrompt[Q1] -> true (eval=303, fu=240)
2026-02-21T21:00:20.053Z D/SurveyVM [main] hasTwoStepPrompt[Q2] -> true (eval=303, fu=240)
2026-02-21T21:00:20.053Z D/SurveyVM [main] hasTwoStepPrompt[Q3] -> true (eval=303, fu=240)
2026-02-21T21:00:20.053Z D/SurveyVM [main] hasTwoStepPrompt[Q4] -> true (eval=303, fu=240)
2026-02-21T21:00:20.053Z D/SurveyVM [main] hasTwoStepPrompt[Q5] -> true (eval=303, fu=240)
2026-02-21T21:00:20.053Z D/SurveyVM [main] hasTwoStepPrompt[Q6] -> true (eval=303, fu=240)
2026-02-21T21:00:20.053Z D/SurveyVM [main] AI prompt coverage OK (aiCount=6)
2026-02-21T21:00:43.318Z D/SurveyVM [main] resetAudioRefs -> cleared
2026-02-21T21:00:43.319Z D/SurveyVM [main] resetNavToStart -> key=com.negi.survey.vm.FlowHome@65d7567, navSize=1
2026-02-21T21:00:43.320Z D/SurveyVM [main] resetToStart -> Start, session=1, uuid=a30531d2-14a3-47df-ad3b-2914d28a75a2
2026-02-21T21:00:43.320Z D/SurveyVM [main] push -> Q1, navSize=2, stackSize=2
2026-02-21T21:00:43.348Z D/SurveyVM [main] hasTwoStepPrompt[Q1] -> true (eval=303, fu=240)
2026-02-21T21:01:01.043Z D/SurveyVM [main] hasTwoStepPrompt[Q1] -> true (eval=303, fu=240)
2026-02-21T21:01:01.043Z I/AiScreen [main] Submit begin runId=ai-Q1-1737689974-1737689974620327 node=Q1 role=MAIN isTwoStep=true sessionId=1 surveyUuid=a30531d2-14a3-47df-ad3b-2914d28a75a2 qLen=175 aLen=18 qPreview="Unapoteza kiasi gani cha mavuno kwa sababu ya funza jeshi vamizi (Fall Armyworm/FAW)? Tafadhali …" aPreview="dry I've with that"
2026-02-21T21:01:01.049Z D/SurveyVM [main] getEvalPrompt[Q1] -> len=474
2026-02-21T21:01:01.050Z I/AiScreen [main] Submit end runId=ai-Q1-1737689974-1737689974620327 node=Q1 elapsed=8ms
2026-02-21T21:01:01.073Z D/LiteRtRepository [DefaultDispatcher-worker-5] [1] request start: model='Gemma3n4B', prompt.len=1618, sha=7ad38750d9b15b34, gateWaitMs=2
2026-02-21T21:01:01.106Z D/LiteRtRepository [DefaultDispatcher-worker-5] [1] initializeIfNeeded ok (initMs=28)
2026-02-21T21:01:01.120Z D/LiteRtLM [DefaultDispatcher-worker-5] runInference start: key='Gemma3n4B|/data/user/0/com.negi.survey/files/gemma-3n-E4B-it-int4.litertlm' runId=1 hasText=true textLen=1618 images=0 audioClips=0
2026-02-21T21:01:01.121Z D/LiteRtLM [DefaultDispatcher-worker-5] LiteRT-LM sendMessageAsync(text): key='Gemma3n4B|/data/user/0/com.negi.survey/files/gemma-3n-E4B-it-int4.litertlm' runId=1 len=1618
2026-02-21T21:01:23.903Z D/LiteRtRepository [main] [1] logical done=true (waiting native termination safe point)
2026-02-21T21:01:23.903Z D/LiteRtRepository [main] [1] cleanUpListener (native termination safe point)
2026-02-21T21:01:23.904Z D/LiteRtRepository [DefaultDispatcher-worker-5] [1] scheduleResetAfterSafepoint: begin (tag='native-terminated')
2026-02-21T21:01:23.913Z D/LiteRtRepository [DefaultDispatcher-worker-4] [1] resetConversation ok (after safepoint, tag='native-terminated')
2026-02-21T21:01:23.913Z D/LiteRtRepository [DefaultDispatcher-worker-4] [1] scheduleResetAfterSafepoint: end (tag='native-terminated')
2026-02-21T21:01:23.931Z I/AiViewModel [DefaultDispatcher-worker-8] run[1] done: phase=EVAL mode=EVAL_JSON score=1 FU[0]=<none> commit=true err=<none>
2026-02-21T21:01:23.944Z I/AiScreen [DefaultDispatcher-worker-8] TWO_STEP shouldRunSecond runId=ai-Q1-1737689974-1737689974620327 node=Q1 role=MAIN followup_needed=true timedOut=false rawLen=271
2026-02-21T21:01:23.944Z D/SurveyVM [DefaultDispatcher-worker-8] getFollowupPrompt[Q1] -> len=497 evalLen=271
2026-02-21T21:01:23.946Z D/LiteRtRepository [DefaultDispatcher-worker-7] [2] request start: model='Gemma3n4B', prompt.len=1541, sha=1ff1f9686d4c19bb, gateWaitMs=0
2026-02-21T21:01:23.948Z D/LiteRtRepository [DefaultDispatcher-worker-7] [2] initializeIfNeeded ok (initMs=2)
2026-02-21T21:01:23.948Z D/LiteRtLM [DefaultDispatcher-worker-5] Cooldown delay: key='Gemma3n4B|/data/user/0/com.negi.survey/files/gemma-3n-E4B-it-int4.litertlm' delay=190ms reason='runInference-start'
2026-02-21T21:01:23.965Z D/AiScreen [main] Step rendered (context=sid=1|nid=Q1 node=Q1 runId=1 phase=EVAL mode=EVAL_JSON showJson=true rawLen=271 followups=0 timedOut=false twoStep=true)
2026-02-21T21:01:24.177Z D/LiteRtLM [DefaultDispatcher-worker-8] resetConversationInternal done: key='Gemma3n4B|/data/user/0/com.negi.survey/files/gemma-3n-E4B-it-int4.litertlm' reason='resetConversation'
2026-02-21T21:01:24.178Z D/LiteRtLM [DefaultDispatcher-worker-8] runInference start: key='Gemma3n4B|/data/user/0/com.negi.survey/files/gemma-3n-E4B-it-int4.litertlm' runId=2 hasText=true textLen=1541 images=0 audioClips=0
2026-02-21T21:01:24.179Z D/LiteRtLM [DefaultDispatcher-worker-8] LiteRT-LM sendMessageAsync(text): key='Gemma3n4B|/data/user/0/com.negi.survey/files/gemma-3n-E4B-it-int4.litertlm' runId=2 len=1541
2026-02-21T21:01:31.285Z D/LiteRtRepository [main] [2] logical done=true (waiting native termination safe point)
2026-02-21T21:01:31.285Z D/LiteRtRepository [main] [2] cleanUpListener (native termination safe point)
2026-02-21T21:01:31.286Z D/LiteRtRepository [DefaultDispatcher-worker-8] [2] scheduleResetAfterSafepoint: begin (tag='native-terminated')
2026-02-21T21:01:31.291Z D/LiteRtRepository [DefaultDispatcher-worker-1] [2] resetConversation ok (after safepoint, tag='native-terminated')
2026-02-21T21:01:31.291Z D/LiteRtRepository [DefaultDispatcher-worker-1] [2] scheduleResetAfterSafepoint: end (tag='native-terminated')
2026-02-21T21:01:31.292Z I/AiViewModel [DefaultDispatcher-worker-8] run[2] done: phase=FOLLOWUP mode=FOLLOWUP_JSON_OR_TEXT score=null FU[0]=Muhindi katika misimu iliyopita na kiashiria cha mavuno potofika kwa FAW എങ്ങനെയാണ്? commit=false err=<none>
2026-02-21T21:01:31.331Z I/AiScreen [main] Follow-up persisted (context=sid=1|nid=Q1 node=Q1 runId=2 phase=FOLLOWUP twoStep=true mode=FOLLOWUP_JSON_OR_TEXT len=84 preview="Muhindi katika misimu iliyopita na kiashiria cha mavuno potofika kwa FAW എങ്ങനെയാണ്?" displayedAsPlain=true)
2026-02-21T21:01:31.331Z D/AiScreen [main] Step rendered (context=sid=1|nid=Q1 node=Q1 runId=2 phase=FOLLOWUP mode=FOLLOWUP_JSON_OR_TEXT showJson=false rawLen=84 followups=1 timedOut=false twoStep=true)
2026-02-21T21:01:31.549Z D/LiteRtLM [DefaultDispatcher-worker-8] resetConversationInternal done: key='Gemma3n4B|/data/user/0/com.negi.survey/files/gemma-3n-E4B-it-int4.litertlm' reason='resetConversation'
2026-02-21T21:01:36.285Z D/SurveyVM [main] hasTwoStepPrompt[Q1] -> true (eval=303, fu=240)
2026-02-21T21:01:36.285Z I/AiScreen [main] Submit begin runId=ai-Q1-1737725216-1737725216960188 node=Q1 role=FOLLOWUP isTwoStep=true sessionId=1 surveyUuid=a30531d2-14a3-47df-ad3b-2914d28a75a2 qLen=84 aLen=4 qPreview="Muhindi katika misimu iliyopita na kiashiria cha mavuno potofika kwa FAW എങ്ങനെയാണ്?" aPreview="what"
2026-02-21T21:01:36.285Z D/SurveyVM [main] getEvalPrompt[Q1] -> len=369
2026-02-21T21:01:36.287Z I/AiScreen [main] Submit end runId=ai-Q1-1737725216-1737725216960188 node=Q1 elapsed=2ms
2026-02-21T21:01:36.289Z D/LiteRtRepository [DefaultDispatcher-worker-8] [3] request start: model='Gemma3n4B', prompt.len=1513, sha=10861cd0bc0ea032, gateWaitMs=0
2026-02-21T21:01:36.299Z D/LiteRtRepository [DefaultDispatcher-worker-8] [3] initializeIfNeeded ok (initMs=4)
2026-02-21T21:01:36.304Z D/LiteRtLM [DefaultDispatcher-worker-8] runInference start: key='Gemma3n4B|/data/user/0/com.negi.survey/files/gemma-3n-E4B-it-int4.litertlm' runId=3 hasText=true textLen=1513 images=0 audioClips=0
2026-02-21T21:01:36.305Z D/LiteRtLM [DefaultDispatcher-worker-8] LiteRT-LM sendMessageAsync(text): key='Gemma3n4B|/data/user/0/com.negi.survey/files/gemma-3n-E4B-it-int4.litertlm' runId=3 len=1513
2026-02-21T21:01:59.457Z D/LiteRtRepository [main] [3] logical done=true (waiting native termination safe point)
2026-02-21T21:01:59.457Z D/LiteRtRepository [main] [3] cleanUpListener (native termination safe point)
2026-02-21T21:01:59.458Z D/LiteRtRepository [DefaultDispatcher-worker-1] [3] scheduleResetAfterSafepoint: begin (tag='native-terminated')
2026-02-21T21:01:59.460Z D/LiteRtRepository [DefaultDispatcher-worker-3] [3] resetConversation ok (after safepoint, tag='native-terminated')
2026-02-21T21:01:59.460Z D/LiteRtRepository [DefaultDispatcher-worker-3] [3] scheduleResetAfterSafepoint: end (tag='native-terminated')
2026-02-21T21:01:59.462Z I/AiViewModel [DefaultDispatcher-worker-5] run[3] done: phase=EVAL mode=EVAL_JSON score=1 FU[0]=", "followup_needed": true, "followup_target": "Muhindi katika misimu iliyopita na kiashiria cha mavuno potofika kwa FAW എങ്ങനെയാണ്? commit=true err=<none>
2026-02-21T21:01:59.463Z I/AiScreen [DefaultDispatcher-worker-5] TWO_STEP shouldRunSecond runId=ai-Q1-1737725216-1737725216960188 node=Q1 role=FOLLOWUP followup_needed=true timedOut=false rawLen=368
2026-02-21T21:01:59.463Z D/SurveyVM [DefaultDispatcher-worker-5] getFollowupPrompt[Q1] -> len=594 evalLen=368
2026-02-21T21:01:59.465Z D/LiteRtRepository [DefaultDispatcher-worker-1] [4] request start: model='Gemma3n4B', prompt.len=1638, sha=b7a6c5ea6cbfc0d5, gateWaitMs=0
2026-02-21T21:01:59.466Z D/LiteRtRepository [DefaultDispatcher-worker-5] [4] initializeIfNeeded ok (initMs=1)
2026-02-21T21:01:59.466Z D/LiteRtLM [DefaultDispatcher-worker-1] Cooldown delay: key='Gemma3n4B|/data/user/0/com.negi.survey/files/gemma-3n-E4B-it-int4.litertlm' delay=214ms reason='runInference-start'
2026-02-21T21:01:59.487Z D/AiScreen [main] Step rendered (context=sid=1|nid=Q1 node=Q1 runId=3 phase=EVAL mode=EVAL_JSON showJson=true rawLen=368 followups=1 timedOut=false twoStep=true)
2026-02-21T21:01:59.715Z D/LiteRtLM [DefaultDispatcher-worker-5] resetConversationInternal done: key='Gemma3n4B|/data/user/0/com.negi.survey/files/gemma-3n-E4B-it-int4.litertlm' reason='resetConversation'
2026-02-21T21:01:59.717Z D/LiteRtLM [DefaultDispatcher-worker-1] runInference start: key='Gemma3n4B|/data/user/0/com.negi.survey/files/gemma-3n-E4B-it-int4.litertlm' runId=4 hasText=true textLen=1638 images=0 audioClips=0
2026-02-21T21:01:59.717Z D/LiteRtLM [DefaultDispatcher-worker-1] LiteRT-LM sendMessageAsync(text): key='Gemma3n4B|/data/user/0/com.negi.survey/files/gemma-3n-E4B-it-int4.litertlm' runId=4 len=1638
2026-02-21T21:02:06.976Z D/LiteRtRepository [main] [4] logical done=true (waiting native termination safe point)
2026-02-21T21:02:06.976Z D/LiteRtRepository [main] [4] cleanUpListener (native termination safe point)
2026-02-21T21:02:06.977Z D/LiteRtRepository [DefaultDispatcher-worker-8] [4] scheduleResetAfterSafepoint: begin (tag='native-terminated')
2026-02-21T21:02:06.982Z D/LiteRtRepository [DefaultDispatcher-worker-4] [4] resetConversation ok (after safepoint, tag='native-terminated')
2026-02-21T21:02:06.983Z D/LiteRtRepository [DefaultDispatcher-worker-4] [4] scheduleResetAfterSafepoint: end (tag='native-terminated')
2026-02-21T21:02:06.985Z I/AiViewModel [DefaultDispatcher-worker-5] run[4] done: phase=FOLLOWUP mode=FOLLOWUP_JSON_OR_TEXT score=null FU[0]=Muhindi katika misimu iliyopita na kiashiria cha mavuno potofika kwa FAW എങ്ങനെയാണ്? commit=false err=<none>
2026-02-21T21:02:07.022Z D/AiScreen [main] Step rendered (context=sid=1|nid=Q1 node=Q1 runId=4 phase=FOLLOWUP mode=FOLLOWUP_JSON_OR_TEXT showJson=false rawLen=84 followups=1 timedOut=false twoStep=true)
2026-02-21T21:02:07.242Z D/LiteRtLM [DefaultDispatcher-worker-8] resetConversationInternal done: key='Gemma3n4B|/data/user/0/com.negi.survey/files/gemma-3n-E4B-it-int4.litertlm' reason='resetConversation'
2026-02-21T21:02:19.543Z D/SurveyVM [main] push -> Q2, navSize=3, stackSize=3
2026-02-21T21:02:19.557Z D/SurveyVM [main] hasTwoStepPrompt[Q2] -> true (eval=303, fu=240)
2026-02-21T21:02:22.707Z D/SurveyVM [main] backToPrevious -> Q1
2026-02-21T21:02:22.719Z D/SurveyVM [main] hasTwoStepPrompt[Q1] -> true (eval=303, fu=240)
2026-02-21T21:02:32.282Z D/SurveyVM [main] push -> Q2, navSize=3, stackSize=3
2026-02-21T21:02:32.287Z D/SurveyVM [main] hasTwoStepPrompt[Q2] -> true (eval=303, fu=240)
2026-02-21T21:02:35.982Z D/SurveyVM [main] push -> Q3, navSize=4, stackSize=4
2026-02-21T21:02:35.985Z D/SurveyVM [main] hasTwoStepPrompt[Q3] -> true (eval=303, fu=240)
2026-02-21T21:02:37.299Z D/SurveyVM [main] push -> Q4, navSize=5, stackSize=5
2026-02-21T21:02:37.305Z D/SurveyVM [main] hasTwoStepPrompt[Q4] -> true (eval=303, fu=240)
2026-02-21T21:02:38.411Z D/SurveyVM [main] push -> Q5, navSize=6, stackSize=6
2026-02-21T21:02:38.430Z D/SurveyVM [main] hasTwoStepPrompt[Q5] -> true (eval=303, fu=240)
2026-02-21T21:02:39.468Z D/SurveyVM [main] push -> Q6, navSize=7, stackSize=7
2026-02-21T21:02:39.477Z D/SurveyVM [main] hasTwoStepPrompt[Q6] -> true (eval=303, fu=240)
2026-02-21T21:02:40.379Z D/SurveyVM [main] push -> Review, navSize=8, stackSize=8
2026-02-21T21:02:40.384Z D/SurveyVM [main] hasTwoStepPrompt[Review] -> false (eval=0, fu=0)
2026-02-21T21:03:07.789Z D/SurveyVM [main] push -> Done, navSize=9, stackSize=9
2026-02-21T21:06:14.818Z D/SurveyVM [main] resetAudioRefs -> cleared
2026-02-21T21:06:14.819Z D/SurveyVM [main] resetNavToStart -> key=com.negi.survey.vm.FlowHome@65d7567, navSize=1
2026-02-21T21:06:14.819Z D/SurveyVM [main] resetToStart -> Start, session=2, uuid=322bf0d5-a122-435c-b23a-f5a204509d02
2026-02-21T21:06:14.840Z I/AiViewModel [main] onCleared: ViewModel is being cleared -> stopCurrentRunInternal()
2026-02-21T21:06:19.224Z D/AiTrace [main] Installed (enabled=false ringEnabled=true)
