=== RuntimeLogStore Header ===
ts=2026-02-21T20:59:27.499Z
fileNameFormat=LEGACY
appId=com.negi.survey
versionName=0.0.1
versionCode=1
debug=false
device=Google Pixel 9a
sdk=36
pid=11980
==============================
2026-02-21T20:59:27.500Z I/RuntimeLogStore [rtlog-io] start: actor launched (fileNameFormat=LEGACY)
2026-02-21T20:59:27.498Z D/SurveyApp [main] attachBaseContext: pid=11980 process=com.negi.survey isMain=true sdk=36
2026-02-21T20:59:27.498Z D/SurveyApp [main] Skipping WorkManager init in attachBaseContext; will init in onCreate.
2026-02-21T20:59:27.498Z D/SurveyApp [main] CrashCapture installed: where=SurveyApp:attachBaseContext
2026-02-21T20:59:27.498Z I/RuntimeLogStore [main] start repair: ctx/dir refreshed
2026-02-21T20:59:27.498Z D/SurveyApp [main] onCreate: pid=11980 process=com.negi.survey isMain=true sdk=36
2026-02-21T20:59:27.507Z D/SurveyApp [main] WorkManager already ready. where=onCreate
2026-02-21T20:59:27.507Z D/SurveyApp [main] WorkManager already ready. where=startupRtLogs
2026-02-21T20:59:27.611Z D/SurveyApp [main] Startup runtime logs: enqueue requested.
2026-02-21T20:59:27.612Z D/SurveyApp [main] WorkManager already ready. where=startupRingLogs
2026-02-21T20:59:27.636Z D/SurveyApp [main] Startup ring logs: enqueue requested.
2026-02-21T20:59:27.636Z D/SurveyApp [main] CrashCapture installed: where=SurveyApp:onCreate(rewrap)
2026-02-21T20:59:27.637Z D/SurveyApp [main] CrashCapture self-healing registered.
2026-02-21T20:59:27.637Z D/SurveyApp [main] WorkManager already ready. where=enqueuePending(immediate)
2026-02-21T20:59:27.637Z D/SurveyApp [main] CrashCapture pending uploads requested (immediate).
2026-02-21T20:59:27.660Z I/RuntimeLogStore [DefaultDispatcher-worker-1] start repair: ctx/dir refreshed
2026-02-21T20:59:29.238Z I/RuntimeLogStore [DefaultDispatcher-worker-1] start repair: ctx/dir refreshed
