=== RuntimeLogStore Header ===
ts=2026-02-28T23:20:38.965Z
fileNameFormat=LEGACY
appId=com.negi.survey
versionName=0.0.1
versionCode=1
debug=false
device=Google Pixel 9a
sdk=36
pid=19186
==============================
2026-02-28T23:20:38.966Z I/RuntimeLogStore [rtlog-io] start: actor launched (fileNameFormat=LEGACY)
2026-02-28T23:20:38.959Z D/SurveyApp [main] attachBaseContext: pid=19186 process=com.negi.survey isMain=true sdk=36
2026-02-28T23:20:38.961Z D/SurveyApp [main] bootTiming: attachBaseContext total=46ms
2026-02-28T23:20:38.961Z D/SurveyApp [main] Skipping WorkManager init in attachBaseContext; will init lazily on first enqueue.
2026-02-28T23:20:38.961Z D/SurveyApp [main] CrashCapture installed: where=SurveyApp:attachBaseContext
2026-02-28T23:20:38.961Z I/RuntimeLogStore [main] start repair: ctx/dir refreshed
2026-02-28T23:20:38.961Z D/SurveyApp [main] bootTiming: RuntimeLogStore.start took=0ms
2026-02-28T23:20:38.961Z D/SurveyApp [main] bootTiming: AppRingLogStore.install took=0ms
2026-02-28T23:20:38.961Z D/SurveyApp [main] onCreate: pid=19186 process=com.negi.survey isMain=true sdk=36
2026-02-28T23:20:38.962Z D/SurveyApp [main] CrashCapture installed: where=SurveyApp:onCreate(rewrap)
2026-02-28T23:20:38.962Z D/SurveyApp [main] CrashCapture self-healing registered.
2026-02-28T23:20:38.962Z W/SurveyApp [main] Startup enqueues deferred: delay=2500ms (to reduce init contention)
2026-02-28T23:20:38.963Z D/SurveyApp [main] bootTiming: onCreate total=2ms
2026-02-28T23:20:41.463Z W/SurveyApp [main] Deferred startup enqueues begin...
2026-02-28T23:20:41.472Z D/SurveyApp [main] WorkManager already ready. where=startupRtLogs(immediate)
2026-02-28T23:20:41.478Z D/SurveyApp [main] Startup runtime logs target -> owner=ishizuki-tech repo=SurveyExports branch=main base='/diagnostics/runtime_logs'
2026-02-28T23:20:41.543Z D/SurveyApp [main] Startup runtime logs: enqueue requested (immediate).
2026-02-28T23:20:41.544Z D/SurveyApp [main] WorkManager already ready. where=startupRingLogs(immediate)
2026-02-28T23:20:41.544Z D/SurveyApp [main] Startup ring logs target -> owner=ishizuki-tech repo=SurveyExports branch=main base='/diagnostics/applog_ring'
2026-02-28T23:20:41.604Z D/SurveyApp [main] Startup ring logs: enqueue requested (immediate).
2026-02-28T23:20:41.604Z D/SurveyApp [main] WorkManager already ready. where=enqueuePending(immediate)
2026-02-28T23:20:41.604Z D/SurveyApp [main] CrashCapture pending uploads requested (immediate).
2026-02-28T23:20:41.604Z W/SurveyApp [main] Deferred startup enqueues done: took=141ms
