=== RuntimeLogStore Header ===
ts=2026-03-01T01:03:22.524Z
fileNameFormat=LEGACY
appId=com.negi.survey
versionName=0.0.1
versionCode=1
debug=false
device=Google Pixel 9a
sdk=36
pid=25225
==============================
2026-03-01T01:03:22.524Z I/RuntimeLogStore [rtlog-io] --- rotated (reason=plain_snapshot:app_start) ---
2026-03-01T01:03:22.606Z W/SurveyApp [main] Deferred startup enqueues begin...
2026-03-01T01:03:22.606Z D/SurveyApp [main] WorkManager already ready. where=startupRtLogs(immediate)
2026-03-01T01:03:22.624Z D/SurveyApp [main] Startup runtime logs target -> owner=ishizuki-tech repo=SurveyExports branch=main base='/diagnostics/runtime_logs'
2026-03-01T01:03:22.669Z D/SurveyApp [main] Startup runtime logs: enqueue requested (immediate).
2026-03-01T01:03:22.669Z D/SurveyApp [main] WorkManager already ready. where=startupRingLogs(immediate)
2026-03-01T01:03:22.670Z D/SurveyApp [main] Startup ring logs target -> owner=ishizuki-tech repo=SurveyExports branch=main base='/diagnostics/applog_ring'
2026-03-01T01:03:22.679Z D/SurveyApp [main] Startup ring logs: enqueue requested (immediate).
2026-03-01T01:03:22.679Z D/SurveyApp [main] WorkManager already ready. where=enqueuePending(immediate)
2026-03-01T01:03:22.680Z D/SurveyApp [main] CrashCapture pending uploads requested (immediate).
2026-03-01T01:03:22.680Z W/SurveyApp [main] Deferred startup enqueues done: took=74ms
2026-03-01T01:28:11.067Z I/RuntimeLogStore [DefaultDispatcher-worker-3] start repair: ctx/dir refreshed
