=== RuntimeLogStore Header ===
ts=2026-02-28T23:22:02.989Z
fileNameFormat=LEGACY
appId=com.negi.survey
versionName=0.0.1
versionCode=1
debug=false
device=Google Pixel 9a
sdk=36
pid=19640
==============================
2026-02-28T23:22:02.990Z I/RuntimeLogStore [rtlog-io] start: actor launched (fileNameFormat=LEGACY)
2026-02-28T23:22:02.988Z D/SurveyApp [main] attachBaseContext: pid=19640 process=com.negi.survey isMain=true sdk=36
2026-02-28T23:22:02.989Z D/SurveyApp [main] bootTiming: attachBaseContext total=43ms
2026-02-28T23:22:02.989Z D/SurveyApp [main] Skipping WorkManager init in attachBaseContext; will init lazily on first enqueue.
2026-02-28T23:22:02.989Z D/SurveyApp [main] CrashCapture installed: where=SurveyApp:attachBaseContext
2026-02-28T23:22:02.989Z I/RuntimeLogStore [main] start repair: ctx/dir refreshed
2026-02-28T23:22:02.989Z D/SurveyApp [main] bootTiming: RuntimeLogStore.start took=0ms
2026-02-28T23:22:02.989Z D/SurveyApp [main] bootTiming: AppRingLogStore.install took=0ms
2026-02-28T23:22:02.989Z D/SurveyApp [main] onCreate: pid=19640 process=com.negi.survey isMain=true sdk=36
2026-02-28T23:22:02.990Z D/SurveyApp [main] CrashCapture installed: where=SurveyApp:onCreate(rewrap)
2026-02-28T23:22:02.990Z D/SurveyApp [main] CrashCapture self-healing registered.
2026-02-28T23:22:02.990Z W/SurveyApp [main] Startup enqueues deferred: delay=2500ms (to reduce init contention)
2026-02-28T23:22:02.990Z D/SurveyApp [main] bootTiming: onCreate total=1ms
2026-02-28T23:22:05.507Z W/SurveyApp [main] Deferred startup enqueues begin...
2026-02-28T23:22:05.517Z D/SurveyApp [main] WorkManager already ready. where=startupRtLogs(immediate)
2026-02-28T23:22:05.526Z D/SurveyApp [main] Startup runtime logs target -> owner=ishizuki-tech repo=SurveyExports branch=main base='/diagnostics/runtime_logs'
2026-02-28T23:22:05.640Z D/SurveyApp [main] Startup runtime logs: enqueue requested (immediate).
2026-02-28T23:22:05.640Z D/SurveyApp [main] WorkManager already ready. where=startupRingLogs(immediate)
2026-02-28T23:22:05.640Z D/SurveyApp [main] Startup ring logs target -> owner=ishizuki-tech repo=SurveyExports branch=main base='/diagnostics/applog_ring'
2026-02-28T23:22:05.647Z D/SurveyApp [main] Startup ring logs: enqueue requested (immediate).
2026-02-28T23:22:05.647Z D/SurveyApp [main] WorkManager already ready. where=enqueuePending(immediate)
2026-02-28T23:22:05.647Z D/SurveyApp [main] CrashCapture pending uploads requested (immediate).
2026-02-28T23:22:05.648Z W/SurveyApp [main] Deferred startup enqueues done: took=141ms
2026-02-28T23:22:07.332Z D/LiteRtLM [DefaultDispatcher-worker-2] Initializing LiteRT-LM: model='Gemma3n4B', key='Gemma3n4B|/data/user/0/com.negi.survey/files/gemma-3n-E4B-it-int4.litertlm'
