=== RuntimeLogStore Header ===
ts=2026-02-23T17:50:59.883Z
fileNameFormat=LEGACY
appId=com.negi.survey
versionName=0.0.1
versionCode=1
debug=false
device=Google Pixel 9a
sdk=36
pid=9757
==============================
2026-02-23T17:50:59.884Z I/RuntimeLogStore [rtlog-io] start: actor launched (fileNameFormat=LEGACY)
2026-02-23T17:50:59.881Z D/SurveyApp [main] attachBaseContext: pid=9757 process=com.negi.survey isMain=true sdk=36
2026-02-23T17:50:59.881Z D/SurveyApp [main] Skipping WorkManager init in attachBaseContext; will init in onCreate.
2026-02-23T17:50:59.882Z D/SurveyApp [main] CrashCapture installed: where=SurveyApp:attachBaseContext
2026-02-23T17:50:59.882Z I/RuntimeLogStore [main] start repair: ctx/dir refreshed
2026-02-23T17:50:59.882Z D/SurveyApp [main] onCreate: pid=9757 process=com.negi.survey isMain=true sdk=36
2026-02-23T17:50:59.891Z D/SurveyApp [main] WorkManager already ready. where=onCreate
2026-02-23T17:50:59.891Z D/SurveyApp [main] WorkManager already ready. where=startupRtLogs(immediate)
2026-02-23T17:50:59.892Z D/SurveyApp [main] Startup runtime logs target -> owner=ishizuki-tech repo=SurveyExports branch=main base='/diagnostics/runtime_logs'
2026-02-23T17:50:59.982Z D/SurveyApp [main] Startup runtime logs: enqueue requested (immediate).
2026-02-23T17:50:59.984Z D/SurveyApp [main] WorkManager already ready. where=startupRingLogs(immediate)
2026-02-23T17:50:59.984Z D/SurveyApp [main] Startup ring logs target -> owner=ishizuki-tech repo=SurveyExports branch=main base='/diagnostics/applog_ring'
2026-02-23T17:51:00.025Z D/SurveyApp [main] Startup ring logs: enqueue requested (immediate).
2026-02-23T17:51:00.025Z D/SurveyApp [main] CrashCapture installed: where=SurveyApp:onCreate(rewrap)
2026-02-23T17:51:00.025Z D/SurveyApp [main] CrashCapture self-healing registered.
2026-02-23T17:51:00.026Z D/SurveyApp [main] WorkManager already ready. where=enqueuePending(immediate)
2026-02-23T17:51:00.026Z D/SurveyApp [main] CrashCapture pending uploads requested (immediate).
2026-02-23T17:51:00.043Z I/RuntimeLogStore [DefaultDispatcher-worker-1] start repair: ctx/dir refreshed
2026-02-23T17:51:01.511Z I/RuntimeLogStore [DefaultDispatcher-worker-5] start repair: ctx/dir refreshed
