=== RuntimeLogStore Header ===
ts=2026-02-23T17:25:50.571Z
fileNameFormat=LEGACY
appId=com.negi.survey
versionName=0.0.1
versionCode=1
debug=false
device=Google Pixel 9a
sdk=36
pid=8477
==============================
2026-02-23T17:25:50.571Z I/RuntimeLogStore [rtlog-io] --- rotated (reason=plain_snapshot:app_start) ---
2026-02-23T17:27:22.883Z D/LiteRtLM [DefaultDispatcher-worker-1] Initializing LiteRT-LM: model='Gemma3n4B', key='Gemma3n4B|/data/data/com.negi.survey/files/gemma-3n-E4B-it-int4.litertlm'
2026-02-23T17:27:22.883Z D/LiteRtLM [DefaultDispatcher-worker-1] Capabilities: image=false audio=false
2026-02-23T17:27:22.884Z D/LiteRtLM [DefaultDispatcher-worker-1] Backend=GPU maxNumTokens=4096 (raw=4096) topK=64 topP=0.95 temp=1.0
2026-02-23T17:29:11.120Z D/LiteRtLM [DefaultDispatcher-worker-1] LiteRT-LM initialization succeeded: model='Gemma3n4B', key='Gemma3n4B|/data/data/com.negi.survey/files/gemma-3n-E4B-it-int4.litertlm'
2026-02-23T17:30:23.673Z D/AiTrace [main] Installed (enabled=false ringEnabled=true)
2026-02-23T17:30:23.680Z D/SurveyVM [main] init -> Start, session=0, uuid=f2d59c1a-5727-41e6-82f4-63da51b61113, navSize=1, graphSize=9
2026-02-23T17:30:23.682Z D/SurveyVM [main] config.validate -> issues=0
2026-02-23T17:30:23.687Z D/SurveyVM [main] promptSources -> legacy=0, eval=6, follow=6
2026-02-23T17:30:23.687Z D/SurveyVM [main] promptSources.preview -> legacy=[], eval=[Q1, Q2, Q3, Q4, Q5, Q6], follow=[Q1, Q2, Q3, Q4, Q5, Q6]
2026-02-23T17:30:23.687Z D/SurveyVM [main] hasTwoStepPrompt[Q1] -> true (eval=303, fu=240)
2026-02-23T17:30:23.687Z D/SurveyVM [main] hasTwoStepPrompt[Q2] -> true (eval=303, fu=240)
2026-02-23T17:30:23.687Z D/SurveyVM [main] hasTwoStepPrompt[Q3] -> true (eval=303, fu=240)
2026-02-23T17:30:23.687Z D/SurveyVM [main] hasTwoStepPrompt[Q4] -> true (eval=303, fu=240)
2026-02-23T17:30:23.688Z D/SurveyVM [main] hasTwoStepPrompt[Q5] -> true (eval=303, fu=240)
2026-02-23T17:30:23.688Z D/SurveyVM [main] hasTwoStepPrompt[Q6] -> true (eval=303, fu=240)
2026-02-23T17:30:23.688Z D/SurveyVM [main] AI prompt coverage OK (aiCount=6)
2026-02-23T17:49:12.520Z D/SurveyVM [main] setRunFreeText(draft) -> len=1
2026-02-23T17:49:12.596Z D/SurveyVM [main] setRunFreeText(draft) -> len=2
2026-02-23T17:49:55.582Z D/SurveyVM [main] setRunFreeText(draft) -> len=0
2026-02-23T17:49:57.760Z D/SurveyVM [main] setRunFreeText(draft) -> len=2
2026-02-23T17:50:00.849Z D/SurveyVM [main] setRunFreeText(draft) -> len=1
2026-02-23T17:50:01.156Z D/SurveyVM [main] setRunFreeText(draft) -> len=0
2026-02-23T17:50:02.896Z D/SurveyVM [main] setRunFreeText(draft) -> len=4
2026-02-23T17:50:04.009Z D/SurveyVM [main] setRunFreeText(draft) -> len=8
2026-02-23T17:50:05.059Z D/SurveyVM [main] setRunFreeText(draft) -> len=12
