=== RuntimeLogStore Header ===
ts=2026-02-21T09:37:41.901Z
fileNameFormat=LEGACY
appId=com.negi.survey
versionName=0.0.1
versionCode=1
debug=false
device=Google Pixel 9a
sdk=36
pid=23064
==============================
2026-02-21T09:37:41.902Z I/RuntimeLogStore [rtlog-io] --- rotated (reason=plain_snapshot:app_start) ---
2026-02-21T09:37:52.705Z D/LiteRtLM [DefaultDispatcher-worker-9] Initializing LiteRT-LM: model='Gemma3n4B', key='Gemma3n4B|/data/user/0/com.negi.survey/files/gemma-3n-E4B-it-int4.litertlm'
2026-02-21T09:37:52.705Z D/LiteRtLM [DefaultDispatcher-worker-9] Capabilities: image=false audio=false
2026-02-21T09:37:52.705Z D/LiteRtLM [DefaultDispatcher-worker-9] Backend=GPU maxNumTokens=4096 (raw=4096) topK=64 topP=0.95 temp=1.0
2026-02-21T09:38:24.094Z D/LiteRtLM [DefaultDispatcher-worker-9] LiteRT-LM initialization succeeded: model='Gemma3n4B', key='Gemma3n4B|/data/user/0/com.negi.survey/files/gemma-3n-E4B-it-int4.litertlm'
2026-02-21T09:38:24.173Z D/AiTrace [main] Installed (enabled=false)
2026-02-21T09:38:24.178Z D/SurveyVM [main] init -> Start, session=0, uuid=1576f01a-89dd-42fd-a913-3c028b0512b7, navSize=1, graphSize=9
2026-02-21T09:38:24.181Z D/SurveyVM [main] config.validate -> issues=0
2026-02-21T09:38:24.181Z D/SurveyVM [main] promptSources -> legacy=0, eval=6, follow=6
2026-02-21T09:38:24.183Z D/SurveyVM [main] promptSources.preview -> legacy=[], eval=[Q1, Q2, Q3, Q4, Q5, Q6], follow=[Q1, Q2, Q3, Q4, Q5, Q6]
2026-02-21T09:38:24.183Z D/SurveyVM [main] hasTwoStepPrompt[Q1] -> true (eval=292, fu=246)
2026-02-21T09:38:24.183Z D/SurveyVM [main] hasTwoStepPrompt[Q2] -> true (eval=292, fu=246)
2026-02-21T09:38:24.183Z D/SurveyVM [main] hasTwoStepPrompt[Q3] -> true (eval=292, fu=246)
2026-02-21T09:38:24.183Z D/SurveyVM [main] hasTwoStepPrompt[Q4] -> true (eval=292, fu=246)
2026-02-21T09:38:24.183Z D/SurveyVM [main] hasTwoStepPrompt[Q5] -> true (eval=292, fu=246)
2026-02-21T09:38:24.183Z D/SurveyVM [main] hasTwoStepPrompt[Q6] -> true (eval=292, fu=246)
2026-02-21T09:38:24.183Z D/SurveyVM [main] AI prompt coverage OK (aiCount=6)
2026-02-21T09:38:27.806Z D/SurveyVM [main] resetAudioRefs -> cleared
2026-02-21T09:38:27.807Z D/SurveyVM [main] resetNavToStart -> key=com.negi.survey.vm.FlowHome@fdb622e, navSize=1
2026-02-21T09:38:27.807Z D/SurveyVM [main] resetToStart -> Start, session=1, uuid=209a09bf-2a8d-4ab7-af99-e7b69089220d
2026-02-21T09:38:27.807Z D/SurveyVM [main] push -> Q1, navSize=2, stackSize=2
2026-02-21T09:38:27.862Z D/SurveyVM [main] hasTwoStepPrompt[Q1] -> true (eval=292, fu=246)
2026-02-21T09:38:40.242Z D/SurveyVM [main] hasTwoStepPrompt[Q1] -> true (eval=292, fu=246)
2026-02-21T09:38:40.242Z I/AiScreen [main] Submit begin runId=ai-Q1-1696749173-1696749173282384 node=Q1 role=MAIN isTwoStep=true sessionId=1 surveyUuid=209a09bf-2a8d-4ab7-af99-e7b69089220d qLen=132 aLen=32 qPreview="How much yield do you lose because of fall armyworm? Please think back over the last 3 seasons. …" aPreview="j;lkj kjp;j l;kj   ;lkj  ;lkj ;j"
2026-02-21T09:38:40.243Z D/SurveyVM [main] getEvalPrompt[Q1] -> len=434
2026-02-21T09:38:40.245Z I/AiScreen [main] Submit end runId=ai-Q1-1696749173-1696749173282384 node=Q1 elapsed=4ms
2026-02-21T09:38:40.250Z D/AiViewModel [DefaultDispatcher-worker-14] run[1]: mode=EVAL_JSON phase=EVAL commit=true prompt.len=434, fullPrompt.len=1583, timeoutMs=120000
2026-02-21T09:38:40.251Z D/AiViewModel [DefaultDispatcher-worker-14] run[1]: sha(prompt)=a4273e41c30685499a9afdefb55ebf70628160aa2d3669283171e06ee1ea4ee5 sha(full)=d6598e77f72398512b9e5a9ca5abf06dee0b1054c19bd41c309970015ab20033
2026-02-21T09:38:40.259Z D/LiteRtRepository [DefaultDispatcher-worker-14] [1] request start: model='Gemma3n4B', prompt.len=1583, sha=d6598e77f7239851, gateWaitMs=2
2026-02-21T09:38:40.311Z D/LiteRtRepository [DefaultDispatcher-worker-9] [1] initializeIfNeeded ok (initMs=52)
2026-02-21T09:38:40.322Z D/LiteRtLM [DefaultDispatcher-worker-9] runInference start: key='Gemma3n4B|/data/user/0/com.negi.survey/files/gemma-3n-E4B-it-int4.litertlm' runId=1 hasText=true textLen=1583 images=0 audioClips=0
2026-02-21T09:38:40.326Z I/LiteRtLM [DefaultDispatcher-worker-9] LiteRT-LM sendMessageAsync(text): key='Gemma3n4B|/data/user/0/com.negi.survey/files/gemma-3n-E4B-it-int4.litertlm' runId=1 len=1583
2026-02-21T09:38:45.541Z D/AiViewModel [DefaultDispatcher-worker-9] run[1] chunk[1].preview='{"'
2026-02-21T09:38:45.804Z D/AiViewModel [DefaultDispatcher-worker-4] run[1] chunk[2].preview='analysis'
2026-02-21T09:38:45.957Z D/AiViewModel [DefaultDispatcher-worker-4] run[1] chunk[3].preview='":'
2026-02-21T09:38:46.190Z D/AiViewModel [DefaultDispatcher-worker-4] run[1] chunk[4].preview='␠"'
2026-02-21T09:38:46.305Z D/AiViewModel [DefaultDispatcher-worker-9] run[1] chunk[5].preview='Answer'
2026-02-21T09:38:46.507Z D/AiViewModel [DefaultDispatcher-worker-9] run[1] chunk[6].preview='␠is'
2026-02-21T09:38:46.638Z D/AiViewModel [DefaultDispatcher-worker-9] run[1] chunk[7].preview='␠gib'
2026-02-21T09:38:46.874Z D/AiViewModel [DefaultDispatcher-worker-9] run[1] chunk[8].preview='er'
2026-02-21T09:38:46.994Z D/AiViewModel [DefaultDispatcher-worker-9] run[1] chunk[9].preview='ish'
2026-02-21T09:38:47.232Z D/AiViewModel [DefaultDispatcher-worker-9] run[1] chunk[10].preview='␠and'
2026-02-21T09:38:47.345Z D/AiViewModel [DefaultDispatcher-worker-9] run[1] chunk[11].preview='␠irrelevant'
2026-02-21T09:38:47.620Z D/AiViewModel [DefaultDispatcher-worker-9] run[1] chunk[12].preview='.",'
2026-02-21T09:38:47.773Z D/AiViewModel [DefaultDispatcher-worker-4] run[1] chunk[13].preview='␠"'
2026-02-21T09:38:47.972Z D/AiViewModel [DefaultDispatcher-worker-4] run[1] chunk[14].preview='weak'
2026-02-21T09:38:48.191Z D/AiViewModel [DefaultDispatcher-worker-4] run[1] chunk[15].preview='ness'
2026-02-21T09:38:48.322Z D/AiViewModel [DefaultDispatcher-worker-4] run[1] chunk[16].preview='":'
2026-02-21T09:38:48.540Z D/AiViewModel [DefaultDispatcher-worker-4] run[1] chunk[17].preview='␠"'
2026-02-21T09:38:48.662Z D/AiViewModel [DefaultDispatcher-worker-4] run[1] chunk[18].preview='No'
2026-02-21T09:38:48.885Z D/AiViewModel [DefaultDispatcher-worker-4] run[1] chunk[19].preview='␠yield'
2026-02-21T09:38:49.017Z D/AiViewModel [DefaultDispatcher-worker-4] run[1] chunk[20].preview='␠loss'
2026-02-21T09:38:49.233Z D/AiViewModel [DefaultDispatcher-worker-4] run[1] chunk[21].preview='␠information'
2026-02-21T09:38:49.380Z D/AiViewModel [DefaultDispatcher-worker-4] run[1] chunk[22].preview='␠provided'
2026-02-21T09:38:49.537Z D/AiViewModel [DefaultDispatcher-worker-4] run[1] chunk[23].preview='.'
2026-02-21T09:38:49.735Z D/AiViewModel [DefaultDispatcher-worker-4] run[1] chunk[24].preview='␠The'
2026-02-21T09:38:49.860Z D/AiViewModel [DefaultDispatcher-worker-4] run[1] chunk[25].preview='␠answer'
2026-02-21T09:38:50.087Z D/AiViewModel [DefaultDispatcher-worker-6] run[1] chunk[26].preview='␠is'
2026-02-21T09:38:50.203Z D/AiViewModel [DefaultDispatcher-worker-4] run[1] chunk[27].preview='␠nons'
2026-02-21T09:38:50.467Z D/AiViewModel [DefaultDispatcher-worker-4] run[1] chunk[28].preview='ensical'
2026-02-21T09:38:50.651Z D/AiViewModel [DefaultDispatcher-worker-4] run[1] chunk[29].preview='␠and'
2026-02-21T09:38:50.856Z D/AiViewModel [DefaultDispatcher-worker-4] run[1] chunk[30].preview='␠doesn'
2026-02-21T09:38:51.035Z D/AiViewModel [DefaultDispatcher-worker-4] run[1] chunk[31].preview='''
2026-02-21T09:38:51.155Z D/AiViewModel [DefaultDispatcher-worker-4] run[1] chunk[32].preview='t'
2026-02-21T09:38:51.383Z D/AiViewModel [DefaultDispatcher-worker-4] run[1] chunk[33].preview='␠address'
2026-02-21T09:38:51.506Z D/AiViewModel [DefaultDispatcher-worker-4] run[1] chunk[34].preview='␠the'
2026-02-21T09:38:51.698Z D/AiViewModel [DefaultDispatcher-worker-6] run[1] chunk[35].preview='␠question'
2026-02-21T09:38:51.885Z D/AiViewModel [DefaultDispatcher-worker-6] run[1] chunk[36].preview='␠at'
2026-02-21T09:38:52.006Z D/AiViewModel [DefaultDispatcher-worker-6] run[1] chunk[37].preview='␠all'
2026-02-21T09:38:52.218Z D/AiViewModel [DefaultDispatcher-worker-4] run[1] chunk[38].preview='.",'
2026-02-21T09:38:52.348Z D/AiViewModel [DefaultDispatcher-worker-6] run[1] chunk[39].preview='␠"'
2026-02-21T09:38:52.528Z D/AiViewModel [DefaultDispatcher-worker-6] run[1] chunk[40].preview='follow'
2026-02-21T09:38:52.697Z D/AiViewModel [DefaultDispatcher-worker-6] run[1] chunk[41].preview='up'
2026-02-21T09:38:52.914Z D/AiViewModel [DefaultDispatcher-worker-6] run[1] chunk[42].preview='_'
2026-02-21T09:38:53.034Z D/AiViewModel [DefaultDispatcher-worker-6] run[1] chunk[43].preview='needed'
2026-02-21T09:38:53.241Z D/AiViewModel [DefaultDispatcher-worker-6] run[1] chunk[44].preview='":'
2026-02-21T09:38:53.375Z D/AiViewModel [DefaultDispatcher-worker-6] run[1] chunk[45].preview='␠true'
2026-02-21T09:38:53.582Z D/AiViewModel [DefaultDispatcher-worker-6] run[1] chunk[46].preview=','
2026-02-21T09:38:53.702Z D/AiViewModel [DefaultDispatcher-worker-6] run[1] chunk[47].preview='␠"'
2026-02-21T09:38:53.894Z D/AiViewModel [DefaultDispatcher-worker-6] run[1] chunk[48].preview='follow'
2026-02-21T09:38:54.039Z D/AiViewModel [DefaultDispatcher-worker-6] run[1] chunk[49].preview='up'
2026-02-21T09:38:54.252Z D/AiViewModel [DefaultDispatcher-worker-6] run[1] chunk[50].preview='_'
2026-02-21T09:38:54.419Z D/AiViewModel [DefaultDispatcher-worker-6] run[1] chunk[51].preview='target'
2026-02-21T09:38:54.551Z D/AiViewModel [DefaultDispatcher-worker-6] run[1] chunk[52].preview='":'
2026-02-21T09:38:54.769Z D/AiViewModel [DefaultDispatcher-worker-6] run[1] chunk[53].preview='␠"'
2026-02-21T09:38:54.892Z D/AiViewModel [DefaultDispatcher-worker-6] run[1] chunk[54].preview='Please'
2026-02-21T09:38:55.106Z D/AiViewModel [DefaultDispatcher-worker-6] run[1] chunk[55].preview='␠provide'
2026-02-21T09:38:55.253Z D/AiViewModel [DefaultDispatcher-worker-6] run[1] chunk[56].preview='␠yield'
2026-02-21T09:38:55.468Z D/AiViewModel [DefaultDispatcher-worker-4] run[1] chunk[57].preview='␠loss'
2026-02-21T09:38:55.620Z D/AiViewModel [DefaultDispatcher-worker-6] run[1] chunk[58].preview='␠data'
2026-02-21T09:38:55.767Z D/AiViewModel [DefaultDispatcher-worker-6] run[1] chunk[59].preview='␠for'
2026-02-21T09:38:55.987Z D/AiViewModel [DefaultDispatcher-worker-6] run[1] chunk[60].preview='␠the'
2026-02-21T09:38:56.113Z D/AiViewModel [DefaultDispatcher-worker-6] run[1] chunk[61].preview='␠last'
2026-02-21T09:38:56.336Z D/AiViewModel [DefaultDispatcher-worker-6] run[1] chunk[62].preview='␠'
2026-02-21T09:38:56.462Z D/AiViewModel [DefaultDispatcher-worker-6] run[1] chunk[63].preview='3'
2026-02-21T09:38:56.636Z D/AiViewModel [DefaultDispatcher-worker-6] run[1] chunk[64].preview='␠seasons'
2026-02-21T09:38:56.888Z D/AiViewModel [DefaultDispatcher-worker-6] run[1] chunk[65].preview='␠('
2026-02-21T09:38:57.009Z D/AiViewModel [DefaultDispatcher-worker-6] run[1] chunk[66].preview='percent'
2026-02-21T09:38:57.203Z D/AiViewModel [DefaultDispatcher-worker-6] run[1] chunk[67].preview='␠or'
2026-02-21T09:38:57.351Z D/AiViewModel [DefaultDispatcher-worker-6] run[1] chunk[68].preview='␠bags'
2026-02-21T09:38:57.581Z D/AiViewModel [DefaultDispatcher-worker-6] run[1] chunk[69].preview='␠per'
2026-02-21T09:38:57.714Z D/AiViewModel [DefaultDispatcher-worker-6] run[1] chunk[70].preview='␠acre'
2026-02-21T09:38:57.947Z D/AiViewModel [DefaultDispatcher-worker-6] run[1] chunk[71].preview=').'
2026-02-21T09:38:58.081Z D/AiViewModel [DefaultDispatcher-worker-6] run[1] chunk[72].preview='",'
2026-02-21T09:38:58.299Z D/AiViewModel [DefaultDispatcher-worker-6] run[1] chunk[73].preview='␠"'
2026-02-21T09:38:58.447Z D/AiViewModel [DefaultDispatcher-worker-6] run[1] chunk[74].preview='score'
2026-02-21T09:38:58.612Z D/AiViewModel [DefaultDispatcher-worker-6] run[1] chunk[75].preview='":'
2026-02-21T09:38:58.785Z D/AiViewModel [DefaultDispatcher-worker-6] run[1] chunk[76].preview='␠'
2026-02-21T09:38:58.968Z D/AiViewModel [DefaultDispatcher-worker-6] run[1] chunk[77].preview='1'
2026-02-21T09:38:59.154Z D/AiViewModel [DefaultDispatcher-worker-4] run[1] chunk[78].preview='}'
2026-02-21T09:38:59.304Z D/AiViewModel [DefaultDispatcher-worker-4] run[1] chunk[79].preview='↩'
2026-02-21T09:38:59.499Z D/LiteRtRepository [main] [1] logical done=true (waiting native termination safe point)
2026-02-21T09:38:59.499Z D/LiteRtRepository [main] [1] cleanUpListener (native termination safe point)
2026-02-21T09:38:59.505Z D/LiteRtRepository [DefaultDispatcher-worker-6] [1] scheduleResetAfterSafepoint: begin (tag='native-terminated')
2026-02-21T09:38:59.507Z D/LiteRtRepository [DefaultDispatcher-worker-1] [1] resetConversation ok (after safepoint, tag='native-terminated')
2026-02-21T09:38:59.507Z D/LiteRtRepository [DefaultDispatcher-worker-1] [1] scheduleResetAfterSafepoint: end (tag='native-terminated')
2026-02-21T09:38:59.509Z D/AiViewModel [DefaultDispatcher-worker-2] run[1] stats: chunks=79, chars=310, raw.len=310
2026-02-21T09:38:59.512Z D/AiViewModel [DefaultDispatcher-worker-2] run[1] sha(raw)=599d083a820e0e5266d1ccba02aa072f6d66d08374d75fad5948ccf6eaef123f
2026-02-21T09:38:59.512Z D/AiViewModel [DefaultDispatcher-worker-2] run[1] rawVisible='{"analysis":␠"Answer␠is␠giberish␠and␠irrelevant.",␠"weakness":␠"No␠yield␠loss␠information␠provided.␠The␠answer␠is␠nonsensical␠and␠doesn't␠address␠the␠question␠at␠all.",␠"followup_needed":␠true,␠"followup_target":␠"Please␠provide␠yield␠loss␠'
2026-02-21T09:38:59.519Z D/AiViewModel [DefaultDispatcher-worker-2] run[1]: EVAL_JSON parsed score=1 followups=0 fu0=''
2026-02-21T09:38:59.520Z D/AiViewModel [DefaultDispatcher-worker-2] stepHistory+ runId=1 phase=EVAL mode=EVAL_JSON raw.len=310 score=1 FU=0 FU0='<none>' timeout=false err=null
2026-02-21T09:38:59.521Z I/AiViewModel [DefaultDispatcher-worker-2] run[1] done: phase=EVAL mode=EVAL_JSON score=1 FU[0]=<none> commit=true err=<none>
2026-02-21T09:38:59.523Z I/AiScreen [DefaultDispatcher-worker-2] TWO_STEP shouldRunSecond runId=ai-Q1-1696749173-1696749173282384 node=Q1 role=MAIN followup_needed=true timedOut=false rawLen=310
2026-02-21T09:38:59.524Z D/SurveyVM [DefaultDispatcher-worker-2] getFollowupPrompt[Q1] -> len=542 evalLen=310
2026-02-21T09:38:59.524Z D/AiViewModel [DefaultDispatcher-worker-2] run[2]: mode=FOLLOWUP_JSON_OR_TEXT phase=FOLLOWUP commit=false prompt.len=542, fullPrompt.len=1591, timeoutMs=120000
2026-02-21T09:38:59.524Z D/AiViewModel [DefaultDispatcher-worker-2] run[2]: sha(prompt)=e66bca35a26f5309c65efff692566ab25bcf3ba14df88a109899947908e0e2da sha(full)=a9932e5b2352e803e548ad23438a29f5cebf59b275ac7c2feba2a02ac528f86b
2026-02-21T09:38:59.525Z D/LiteRtRepository [DefaultDispatcher-worker-6] [2] request start: model='Gemma3n4B', prompt.len=1591, sha=a9932e5b2352e803, gateWaitMs=0
2026-02-21T09:38:59.526Z D/LiteRtRepository [DefaultDispatcher-worker-4] [2] initializeIfNeeded ok (initMs=1)
2026-02-21T09:38:59.527Z D/LiteRtLM [DefaultDispatcher-worker-2] Cooldown delay: key='Gemma3n4B|/data/user/0/com.negi.survey/files/gemma-3n-E4B-it-int4.litertlm' delay=207ms reason='runInference-start'
2026-02-21T09:38:59.558Z D/AiScreen [main] Step rendered (context=sid=1|nid=Q1 node=Q1 runId=1 phase=EVAL mode=EVAL_JSON showJson=true twoStep=true rawLen=310 followups=0 timedOut=false)
2026-02-21T09:38:59.778Z D/LiteRtLM [DefaultDispatcher-worker-6] resetConversationInternal done: key='Gemma3n4B|/data/user/0/com.negi.survey/files/gemma-3n-E4B-it-int4.litertlm' reason='resetConversation'
2026-02-21T09:38:59.779Z D/LiteRtLM [DefaultDispatcher-worker-6] runInference start: key='Gemma3n4B|/data/user/0/com.negi.survey/files/gemma-3n-E4B-it-int4.litertlm' runId=2 hasText=true textLen=1591 images=0 audioClips=0
2026-02-21T09:38:59.779Z I/LiteRtLM [DefaultDispatcher-worker-6] LiteRT-LM sendMessageAsync(text): key='Gemma3n4B|/data/user/0/com.negi.survey/files/gemma-3n-E4B-it-int4.litertlm' runId=2 len=1591
2026-02-21T09:39:03.580Z D/AiViewModel [DefaultDispatcher-worker-6] run[2] chunk[1].preview='Please'
2026-02-21T09:39:03.744Z D/AiViewModel [DefaultDispatcher-worker-6] run[2] chunk[2].preview='␠provide'
2026-02-21T09:39:03.959Z D/AiViewModel [DefaultDispatcher-worker-6] run[2] chunk[3].preview='␠yield'
2026-02-21T09:39:04.086Z D/AiViewModel [DefaultDispatcher-worker-6] run[2] chunk[4].preview='␠loss'
2026-02-21T09:39:04.307Z D/AiViewModel [DefaultDispatcher-worker-6] run[2] chunk[5].preview='␠data'
2026-02-21T09:39:04.430Z D/AiViewModel [DefaultDispatcher-worker-4] run[2] chunk[6].preview='␠for'
2026-02-21T09:39:04.640Z D/AiViewModel [DefaultDispatcher-worker-4] run[2] chunk[7].preview='␠the'
2026-02-21T09:39:04.777Z D/AiViewModel [DefaultDispatcher-worker-6] run[2] chunk[8].preview='␠last'
2026-02-21T09:39:04.988Z D/AiViewModel [DefaultDispatcher-worker-6] run[2] chunk[9].preview='␠'
2026-02-21T09:39:05.121Z D/AiViewModel [DefaultDispatcher-worker-4] run[2] chunk[10].preview='3'
2026-02-21T09:39:05.324Z D/AiViewModel [DefaultDispatcher-worker-4] run[2] chunk[11].preview='␠seasons'
2026-02-21T09:39:05.460Z D/AiViewModel [DefaultDispatcher-worker-4] run[2] chunk[12].preview='␠('
2026-02-21T09:39:05.675Z D/AiViewModel [DefaultDispatcher-worker-4] run[2] chunk[13].preview='percent'
2026-02-21T09:39:05.806Z D/AiViewModel [DefaultDispatcher-worker-4] run[2] chunk[14].preview='␠or'
2026-02-21T09:39:05.972Z D/AiViewModel [DefaultDispatcher-worker-4] run[2] chunk[15].preview='␠bags'
2026-02-21T09:39:06.188Z D/AiViewModel [DefaultDispatcher-worker-4] run[2] chunk[16].preview='␠per'
2026-02-21T09:39:06.312Z D/AiViewModel [DefaultDispatcher-worker-4] run[2] chunk[17].preview='␠acre'
2026-02-21T09:39:06.520Z D/AiViewModel [DefaultDispatcher-worker-4] run[2] chunk[18].preview=').'
2026-02-21T09:39:06.653Z D/LiteRtRepository [main] [2] logical done=true (waiting native termination safe point)
2026-02-21T09:39:06.653Z D/LiteRtRepository [main] [2] cleanUpListener (native termination safe point)
2026-02-21T09:39:06.654Z D/LiteRtRepository [DefaultDispatcher-worker-1] [2] scheduleResetAfterSafepoint: begin (tag='native-terminated')
2026-02-21T09:39:06.656Z D/AiViewModel [DefaultDispatcher-worker-2] run[2] stats: chunks=18, chars=81, raw.len=81
2026-02-21T09:39:06.657Z D/AiViewModel [DefaultDispatcher-worker-2] run[2] sha(raw)=17055a1534acb6f6efbeba57e03309d41a48c815fe91220388bb813c814ade23
2026-02-21T09:39:06.658Z D/AiViewModel [DefaultDispatcher-worker-2] run[2] rawVisible='Please␠provide␠yield␠loss␠data␠for␠the␠last␠3␠seasons␠(percent␠or␠bags␠per␠acre).'
2026-02-21T09:39:06.659Z D/LiteRtRepository [DefaultDispatcher-worker-6] [2] resetConversation ok (after safepoint, tag='native-terminated')
2026-02-21T09:39:06.659Z D/LiteRtRepository [DefaultDispatcher-worker-6] [2] scheduleResetAfterSafepoint: end (tag='native-terminated')
2026-02-21T09:39:06.660Z D/AiViewModel [DefaultDispatcher-worker-2] run[2]: FOLLOWUP parse extractorQ='' textQ='Please␠provide␠yield␠loss␠data␠for␠the␠last␠3␠seasons␠(percent␠or␠bags␠per␠acre).' best='Please␠provide␠yield␠loss␠data␠for␠the␠last␠3␠seasons␠(percent␠or␠bags␠per␠acre).'
2026-02-21T09:39:06.660Z D/AiViewModel [DefaultDispatcher-worker-2] stepHistory+ runId=2 phase=FOLLOWUP mode=FOLLOWUP_JSON_OR_TEXT raw.len=81 score=null FU=1 FU0='Please␠provide␠yield␠loss␠data␠for␠the␠last␠3␠seasons␠(percent␠or␠bags␠per␠acre).' timeout=false err=null
2026-02-21T09:39:06.660Z I/AiViewModel [DefaultDispatcher-worker-2] run[2] done: phase=FOLLOWUP mode=FOLLOWUP_JSON_OR_TEXT score=null FU[0]=Please provide yield loss data for the last 3 seasons (percent or bags per acre). commit=false err=<none>
2026-02-21T09:39:06.710Z I/AiScreen [main] Follow-up persisted (context=sid=1|nid=Q1 node=Q1 runId=2 phase=FOLLOWUP mode=FOLLOWUP_JSON_OR_TEXT twoStep=true len=81 preview="Please provide yield loss data for the last 3 seasons (percent or bags per acre)." displayedAsPlain=true)
2026-02-21T09:39:06.711Z D/AiScreen [main] Step rendered (context=sid=1|nid=Q1 node=Q1 runId=2 phase=FOLLOWUP mode=FOLLOWUP_JSON_OR_TEXT showJson=false twoStep=true rawLen=81 followups=1 timedOut=false)
2026-02-21T09:39:06.932Z D/LiteRtLM [DefaultDispatcher-worker-1] resetConversationInternal done: key='Gemma3n4B|/data/user/0/com.negi.survey/files/gemma-3n-E4B-it-int4.litertlm' reason='resetConversation'
2026-02-21T09:39:15.631Z D/SurveyVM [main] hasTwoStepPrompt[Q1] -> true (eval=292, fu=246)
2026-02-21T09:39:15.632Z I/AiScreen [main] Submit begin runId=ai-Q1-1696784563-1696784563552380 node=Q1 role=FOLLOWUP isTwoStep=true sessionId=1 surveyUuid=209a09bf-2a8d-4ab7-af99-e7b69089220d qLen=81 aLen=3 qPreview="Please provide yield loss data for the last 3 seasons (percent or bags per acre)." aPreview="sch"
2026-02-21T09:39:15.633Z D/SurveyVM [main] getEvalPrompt[Q1] -> len=354
2026-02-21T09:39:15.634Z I/AiScreen [main] Submit end runId=ai-Q1-1696784563-1696784563552380 node=Q1 elapsed=3ms
2026-02-21T09:39:15.641Z D/AiViewModel [DefaultDispatcher-worker-1] run[3]: mode=EVAL_JSON phase=EVAL commit=true prompt.len=354, fullPrompt.len=1503, timeoutMs=120000
2026-02-21T09:39:15.642Z D/AiViewModel [DefaultDispatcher-worker-1] run[3]: sha(prompt)=70ff306cdfcbca992979db9aa2c4fba4374f5bb57b5636a379e15d01471a0e25 sha(full)=ab2ba4378b72d8522cbe206d0a262f156ebb9247d362f9e818c1ed3a2be30c5e
2026-02-21T09:39:15.645Z D/LiteRtRepository [DefaultDispatcher-worker-1] [3] request start: model='Gemma3n4B', prompt.len=1503, sha=ab2ba4378b72d852, gateWaitMs=0
2026-02-21T09:39:15.647Z D/LiteRtRepository [DefaultDispatcher-worker-4] [3] initializeIfNeeded ok (initMs=2)
2026-02-21T09:39:15.652Z D/LiteRtLM [DefaultDispatcher-worker-6] runInference start: key='Gemma3n4B|/data/user/0/com.negi.survey/files/gemma-3n-E4B-it-int4.litertlm' runId=3 hasText=true textLen=1503 images=0 audioClips=0
2026-02-21T09:39:15.653Z I/LiteRtLM [DefaultDispatcher-worker-6] LiteRT-LM sendMessageAsync(text): key='Gemma3n4B|/data/user/0/com.negi.survey/files/gemma-3n-E4B-it-int4.litertlm' runId=3 len=1503
2026-02-21T09:39:18.274Z D/AiViewModel [DefaultDispatcher-worker-6] run[3] chunk[1].preview='{"'
2026-02-21T09:39:18.409Z D/AiViewModel [DefaultDispatcher-worker-6] run[3] chunk[2].preview='analysis'
2026-02-21T09:39:18.605Z D/AiViewModel [DefaultDispatcher-worker-6] run[3] chunk[3].preview='":'
2026-02-21T09:39:18.753Z D/AiViewModel [DefaultDispatcher-worker-6] run[3] chunk[4].preview='␠"'
2026-02-21T09:39:18.970Z D/AiViewModel [DefaultDispatcher-worker-6] run[3] chunk[5].preview='Answer'
2026-02-21T09:39:19.096Z D/AiViewModel [DefaultDispatcher-worker-5] run[3] chunk[6].preview='␠is'
2026-02-21T09:39:19.304Z D/AiViewModel [DefaultDispatcher-worker-5] run[3] chunk[7].preview='␠incomplete'
2026-02-21T09:39:19.446Z D/AiViewModel [DefaultDispatcher-worker-5] run[3] chunk[8].preview='␠and'
2026-02-21T09:39:19.651Z D/AiViewModel [DefaultDispatcher-worker-5] run[3] chunk[9].preview='␠irrelevant'
2026-02-21T09:39:19.791Z D/AiViewModel [DefaultDispatcher-worker-6] run[3] chunk[10].preview='.",'
2026-02-21T09:39:19.986Z D/AiViewModel [DefaultDispatcher-worker-6] run[3] chunk[11].preview='␠"'
2026-02-21T09:39:20.133Z D/AiViewModel [DefaultDispatcher-worker-6] run[3] chunk[12].preview='weak'
2026-02-21T09:39:20.333Z D/AiViewModel [DefaultDispatcher-worker-6] run[3] chunk[13].preview='ness'
2026-02-21T09:39:20.474Z D/AiViewModel [DefaultDispatcher-worker-6] run[3] chunk[14].preview='":'
2026-02-21T09:39:20.683Z D/AiViewModel [DefaultDispatcher-worker-5] run[3] chunk[15].preview='␠"'
2026-02-21T09:39:20.817Z D/AiViewModel [DefaultDispatcher-worker-6] run[3] chunk[16].preview='No'
2026-02-21T09:39:21.038Z D/AiViewModel [DefaultDispatcher-worker-6] run[3] chunk[17].preview='␠yield'
2026-02-21T09:39:21.168Z D/AiViewModel [DefaultDispatcher-worker-6] run[3] chunk[18].preview='␠loss'
2026-02-21T09:39:21.315Z D/AiViewModel [DefaultDispatcher-worker-6] run[3] chunk[19].preview='␠data'
2026-02-21T09:39:21.515Z D/AiViewModel [DefaultDispatcher-worker-6] run[3] chunk[20].preview='␠provided'
2026-02-21T09:39:21.652Z D/AiViewModel [DefaultDispatcher-worker-6] run[3] chunk[21].preview='.'
2026-02-21T09:39:21.871Z D/AiViewModel [DefaultDispatcher-worker-6] run[3] chunk[22].preview='␠The'
2026-02-21T09:39:21.994Z D/AiViewModel [DefaultDispatcher-worker-6] run[3] chunk[23].preview='␠answer'
2026-02-21T09:39:22.217Z D/AiViewModel [DefaultDispatcher-worker-6] run[3] chunk[24].preview='␠is'
2026-02-21T09:39:22.346Z D/AiViewModel [DefaultDispatcher-worker-6] run[3] chunk[25].preview='␠simply'
2026-02-21T09:39:22.566Z D/AiViewModel [DefaultDispatcher-worker-5] run[3] chunk[26].preview='␠\"'
2026-02-21T09:39:22.695Z D/AiViewModel [DefaultDispatcher-worker-6] run[3] chunk[27].preview='sch'
2026-02-21T09:39:22.918Z D/AiViewModel [DefaultDispatcher-worker-6] run[3] chunk[28].preview='\"'
2026-02-21T09:39:23.062Z D/AiViewModel [DefaultDispatcher-worker-5] run[3] chunk[29].preview='␠which'
2026-02-21T09:39:23.266Z D/AiViewModel [DefaultDispatcher-worker-5] run[3] chunk[30].preview='␠doesn'
2026-02-21T09:39:23.394Z D/AiViewModel [DefaultDispatcher-worker-5] run[3] chunk[31].preview='''
2026-02-21T09:39:23.614Z D/AiViewModel [DefaultDispatcher-worker-5] run[3] chunk[32].preview='t'
2026-02-21T09:39:23.765Z D/AiViewModel [DefaultDispatcher-worker-5] run[3] chunk[33].preview='␠convey'
2026-02-21T09:39:23.928Z D/AiViewModel [DefaultDispatcher-worker-5] run[3] chunk[34].preview='␠any'
2026-02-21T09:39:24.147Z D/AiViewModel [DefaultDispatcher-worker-5] run[3] chunk[35].preview='␠information'
2026-02-21T09:39:24.272Z D/AiViewModel [DefaultDispatcher-worker-5] run[3] chunk[36].preview='␠about'
2026-02-21T09:39:24.496Z D/AiViewModel [DefaultDispatcher-worker-5] run[3] chunk[37].preview='␠yield'
2026-02-21T09:39:24.625Z D/AiViewModel [DefaultDispatcher-worker-6] run[3] chunk[38].preview='␠loss'
2026-02-21T09:39:24.783Z D/AiViewModel [DefaultDispatcher-worker-6] run[3] chunk[39].preview='.",'
2026-02-21T09:39:24.996Z D/AiViewModel [DefaultDispatcher-worker-6] run[3] chunk[40].preview='␠"'
2026-02-21T09:39:25.125Z D/AiViewModel [DefaultDispatcher-worker-6] run[3] chunk[41].preview='follow'
2026-02-21T09:39:25.328Z D/AiViewModel [DefaultDispatcher-worker-5] run[3] chunk[42].preview='up'
2026-02-21T09:39:25.511Z D/AiViewModel [DefaultDispatcher-worker-5] run[3] chunk[43].preview='_'
2026-02-21T09:39:25.640Z D/AiViewModel [DefaultDispatcher-worker-6] run[3] chunk[44].preview='needed'
2026-02-21T09:39:25.844Z D/AiViewModel [DefaultDispatcher-worker-6] run[3] chunk[45].preview='":'
2026-02-21T09:39:25.977Z D/AiViewModel [DefaultDispatcher-worker-6] run[3] chunk[46].preview='␠true'
2026-02-21T09:39:26.192Z D/AiViewModel [DefaultDispatcher-worker-5] run[3] chunk[47].preview=','
2026-02-21T09:39:26.317Z D/AiViewModel [DefaultDispatcher-worker-5] run[3] chunk[48].preview='␠"'
2026-02-21T09:39:26.529Z D/AiViewModel [DefaultDispatcher-worker-5] run[3] chunk[49].preview='follow'
2026-02-21T09:39:26.672Z D/AiViewModel [DefaultDispatcher-worker-5] run[3] chunk[50].preview='up'
2026-02-21T09:39:26.876Z D/AiViewModel [DefaultDispatcher-worker-5] run[3] chunk[51].preview='_'
2026-02-21T09:39:27.005Z D/AiViewModel [DefaultDispatcher-worker-6] run[3] chunk[52].preview='target'
2026-02-21T09:39:27.231Z D/AiViewModel [DefaultDispatcher-worker-6] run[3] chunk[53].preview='":'
2026-02-21T09:39:27.379Z D/AiViewModel [DefaultDispatcher-worker-6] run[3] chunk[54].preview='␠"'
2026-02-21T09:39:27.522Z D/AiViewModel [DefaultDispatcher-worker-6] run[3] chunk[55].preview='Provide'
2026-02-21T09:39:27.775Z D/AiViewModel [DefaultDispatcher-worker-6] run[3] chunk[56].preview='␠yield'
2026-02-21T09:39:27.897Z D/AiViewModel [DefaultDispatcher-worker-6] run[3] chunk[57].preview='␠loss'
2026-02-21T09:39:28.109Z D/AiViewModel [DefaultDispatcher-worker-6] run[3] chunk[58].preview='␠data'
2026-02-21T09:39:28.236Z D/AiViewModel [DefaultDispatcher-worker-6] run[3] chunk[59].preview='␠for'
2026-02-21T09:39:28.458Z D/AiViewModel [DefaultDispatcher-worker-6] run[3] chunk[60].preview='␠the'
2026-02-21T09:39:28.582Z D/AiViewModel [DefaultDispatcher-worker-6] run[3] chunk[61].preview='␠last'
2026-02-21T09:39:28.791Z D/AiViewModel [DefaultDispatcher-worker-6] run[3] chunk[62].preview='␠'
2026-02-21T09:39:28.925Z D/AiViewModel [DefaultDispatcher-worker-6] run[3] chunk[63].preview='3'
2026-02-21T09:39:29.093Z D/AiViewModel [DefaultDispatcher-worker-6] run[3] chunk[64].preview='␠seasons'
2026-02-21T09:39:29.269Z D/AiViewModel [DefaultDispatcher-worker-6] run[3] chunk[65].preview='␠('
2026-02-21T09:39:29.474Z D/AiViewModel [DefaultDispatcher-worker-6] run[3] chunk[66].preview='percent'
2026-02-21T09:39:29.607Z D/AiViewModel [DefaultDispatcher-worker-6] run[3] chunk[67].preview='␠or'
2026-02-21T09:39:29.822Z D/AiViewModel [DefaultDispatcher-worker-6] run[3] chunk[68].preview='␠bags'
2026-02-21T09:39:29.975Z D/AiViewModel [DefaultDispatcher-worker-6] run[3] chunk[69].preview='␠per'
2026-02-21T09:39:30.117Z D/AiViewModel [DefaultDispatcher-worker-6] run[3] chunk[70].preview='␠acre'
2026-02-21T09:39:30.338Z D/AiViewModel [DefaultDispatcher-worker-6] run[3] chunk[71].preview=').'
2026-02-21T09:39:30.462Z D/AiViewModel [DefaultDispatcher-worker-6] run[3] chunk[72].preview='",'
2026-02-21T09:39:30.672Z D/AiViewModel [DefaultDispatcher-worker-6] run[3] chunk[73].preview='␠"'
2026-02-21T09:39:30.804Z D/AiViewModel [DefaultDispatcher-worker-6] run[3] chunk[74].preview='score'
2026-02-21T09:39:31.023Z D/AiViewModel [DefaultDispatcher-worker-6] run[3] chunk[75].preview='":'
2026-02-21T09:39:31.146Z D/AiViewModel [DefaultDispatcher-worker-6] run[3] chunk[76].preview='␠'
2026-02-21T09:39:31.340Z D/AiViewModel [DefaultDispatcher-worker-6] run[3] chunk[77].preview='1'
2026-02-21T09:39:31.494Z D/AiViewModel [DefaultDispatcher-worker-5] run[3] chunk[78].preview='}'
2026-02-21T09:39:31.705Z D/AiViewModel [DefaultDispatcher-worker-5] run[3] chunk[79].preview='↩'
2026-02-21T09:39:31.839Z D/LiteRtRepository [main] [3] logical done=true (waiting native termination safe point)
2026-02-21T09:39:31.839Z D/LiteRtRepository [main] [3] cleanUpListener (native termination safe point)
2026-02-21T09:39:31.839Z D/LiteRtRepository [DefaultDispatcher-worker-5] [3] scheduleResetAfterSafepoint: begin (tag='native-terminated')
2026-02-21T09:39:31.841Z D/AiViewModel [DefaultDispatcher-worker-6] run[3] stats: chunks=79, chars=315, raw.len=315
2026-02-21T09:39:31.841Z D/AiViewModel [DefaultDispatcher-worker-6] run[3] sha(raw)=45ad496f72a61c70f949686d5f6a6759eea49487af135af0f01a4ee8728efb7c
2026-02-21T09:39:31.841Z D/LiteRtRepository [DefaultDispatcher-worker-7] [3] resetConversation ok (after safepoint, tag='native-terminated')
2026-02-21T09:39:31.841Z D/LiteRtRepository [DefaultDispatcher-worker-7] [3] scheduleResetAfterSafepoint: end (tag='native-terminated')
2026-02-21T09:39:31.846Z D/AiViewModel [DefaultDispatcher-worker-6] run[3] rawVisible='{"analysis":␠"Answer␠is␠incomplete␠and␠irrelevant.",␠"weakness":␠"No␠yield␠loss␠data␠provided.␠The␠answer␠is␠simply␠\"sch\"␠which␠doesn't␠convey␠any␠information␠about␠yield␠loss.",␠"followup_needed":␠true,␠"followup_target":␠"Provide␠yield␠'
2026-02-21T09:39:31.850Z D/AiViewModel [DefaultDispatcher-worker-6] run[3]: EVAL_JSON parsed score=1 followups=0 fu0=''
2026-02-21T09:39:31.850Z D/AiViewModel [DefaultDispatcher-worker-6] stepHistory+ runId=3 phase=EVAL mode=EVAL_JSON raw.len=315 score=1 FU=0 FU0='<none>' timeout=false err=null
2026-02-21T09:39:31.850Z I/AiViewModel [DefaultDispatcher-worker-6] run[3] done: phase=EVAL mode=EVAL_JSON score=1 FU[0]=<none> commit=true err=<none>
2026-02-21T09:39:31.852Z I/AiScreen [DefaultDispatcher-worker-6] TWO_STEP shouldRunSecond runId=ai-Q1-1696784563-1696784563552380 node=Q1 role=FOLLOWUP followup_needed=true timedOut=false rawLen=315
2026-02-21T09:39:31.853Z D/SurveyVM [DefaultDispatcher-worker-6] getFollowupPrompt[Q1] -> len=545 evalLen=315
2026-02-21T09:39:31.853Z D/AiViewModel [DefaultDispatcher-worker-6] run[4]: mode=FOLLOWUP_JSON_OR_TEXT phase=FOLLOWUP commit=false prompt.len=545, fullPrompt.len=1594, timeoutMs=120000
2026-02-21T09:39:31.860Z D/AiScreen [main] Step rendered (context=sid=1|nid=Q1 node=Q1 runId=3 phase=EVAL mode=EVAL_JSON showJson=true twoStep=true rawLen=315 followups=0 timedOut=false)
2026-02-21T09:39:31.861Z D/AiViewModel [DefaultDispatcher-worker-6] run[4]: sha(prompt)=7db5b9c8f9ec0d41ba81b2e758a09fa744ce089e86f20d3f93a951f8d8f6d82b sha(full)=89ea9a7c631660f43f57c4e3324253829f830ff413c730932cc0bb72fa04c442
2026-02-21T09:39:31.862Z D/LiteRtRepository [DefaultDispatcher-worker-8] [4] request start: model='Gemma3n4B', prompt.len=1594, sha=89ea9a7c631660f4, gateWaitMs=0
2026-02-21T09:39:31.864Z D/LiteRtRepository [DefaultDispatcher-worker-8] [4] initializeIfNeeded ok (initMs=2)
2026-02-21T09:39:31.866Z D/LiteRtLM [DefaultDispatcher-worker-8] Cooldown delay: key='Gemma3n4B|/data/user/0/com.negi.survey/files/gemma-3n-E4B-it-int4.litertlm' delay=222ms reason='runInference-start'
2026-02-21T09:39:32.105Z D/LiteRtLM [DefaultDispatcher-worker-8] resetConversationInternal done: key='Gemma3n4B|/data/user/0/com.negi.survey/files/gemma-3n-E4B-it-int4.litertlm' reason='resetConversation'
2026-02-21T09:39:32.106Z D/LiteRtLM [DefaultDispatcher-worker-8] runInference start: key='Gemma3n4B|/data/user/0/com.negi.survey/files/gemma-3n-E4B-it-int4.litertlm' runId=4 hasText=true textLen=1594 images=0 audioClips=0
2026-02-21T09:39:32.107Z I/LiteRtLM [DefaultDispatcher-worker-8] LiteRT-LM sendMessageAsync(text): key='Gemma3n4B|/data/user/0/com.negi.survey/files/gemma-3n-E4B-it-int4.litertlm' runId=4 len=1594
2026-02-21T09:39:34.254Z D/AiViewModel [DefaultDispatcher-worker-8] run[4] chunk[1].preview='Provide'
2026-02-21T09:39:34.441Z D/AiViewModel [DefaultDispatcher-worker-8] run[4] chunk[2].preview='␠yield'
2026-02-21T09:39:34.632Z D/AiViewModel [DefaultDispatcher-worker-8] run[4] chunk[3].preview='␠loss'
2026-02-21T09:39:34.809Z D/AiViewModel [DefaultDispatcher-worker-8] run[4] chunk[4].preview='␠data'
2026-02-21T09:39:34.986Z D/AiViewModel [DefaultDispatcher-worker-8] run[4] chunk[5].preview='␠for'
2026-02-21T09:39:35.164Z D/AiViewModel [DefaultDispatcher-worker-8] run[4] chunk[6].preview='␠the'
2026-02-21T09:39:35.338Z D/AiViewModel [DefaultDispatcher-worker-8] run[4] chunk[7].preview='␠last'
2026-02-21T09:39:35.513Z D/AiViewModel [DefaultDispatcher-worker-8] run[4] chunk[8].preview='␠'
2026-02-21T09:39:35.701Z D/AiViewModel [DefaultDispatcher-worker-8] run[4] chunk[9].preview='3'
2026-02-21T09:39:35.889Z D/AiViewModel [DefaultDispatcher-worker-5] run[4] chunk[10].preview='␠seasons'
2026-02-21T09:39:36.070Z D/AiViewModel [DefaultDispatcher-worker-5] run[4] chunk[11].preview='␠('
2026-02-21T09:39:36.260Z D/AiViewModel [DefaultDispatcher-worker-8] run[4] chunk[12].preview='percent'
2026-02-21T09:39:36.483Z D/AiViewModel [DefaultDispatcher-worker-8] run[4] chunk[13].preview='␠or'
2026-02-21T09:39:36.605Z D/AiViewModel [DefaultDispatcher-worker-8] run[4] chunk[14].preview='␠bags'
2026-02-21T09:39:36.786Z D/AiViewModel [DefaultDispatcher-worker-8] run[4] chunk[15].preview='␠per'
2026-02-21T09:39:36.982Z D/AiViewModel [DefaultDispatcher-worker-8] run[4] chunk[16].preview='␠acre'
2026-02-21T09:39:37.169Z D/AiViewModel [DefaultDispatcher-worker-8] run[4] chunk[17].preview=').'
2026-02-21T09:39:37.378Z D/LiteRtRepository [main] [4] logical done=true (waiting native termination safe point)
2026-02-21T09:39:37.378Z D/LiteRtRepository [main] [4] cleanUpListener (native termination safe point)
2026-02-21T09:39:37.378Z D/LiteRtRepository [DefaultDispatcher-worker-1] [4] scheduleResetAfterSafepoint: begin (tag='native-terminated')
2026-02-21T09:39:37.381Z D/LiteRtRepository [DefaultDispatcher-worker-3] [4] resetConversation ok (after safepoint, tag='native-terminated')
2026-02-21T09:39:37.381Z D/LiteRtRepository [DefaultDispatcher-worker-3] [4] scheduleResetAfterSafepoint: end (tag='native-terminated')
2026-02-21T09:39:37.382Z D/AiViewModel [DefaultDispatcher-worker-6] run[4] stats: chunks=17, chars=74, raw.len=74
2026-02-21T09:39:37.384Z D/AiViewModel [DefaultDispatcher-worker-6] run[4] sha(raw)=3652bbc9e8d5dd8466ce7ca8e92ea8892f93b0e3864e7101ad892cb2bdcac3b1
2026-02-21T09:39:37.384Z D/AiViewModel [DefaultDispatcher-worker-6] run[4] rawVisible='Provide␠yield␠loss␠data␠for␠the␠last␠3␠seasons␠(percent␠or␠bags␠per␠acre).'
2026-02-21T09:39:37.385Z D/AiViewModel [DefaultDispatcher-worker-6] run[4]: FOLLOWUP parse extractorQ='' textQ='Provide␠yield␠loss␠data␠for␠the␠last␠3␠seasons␠(percent␠or␠bags␠per␠acre).' best='Provide␠yield␠loss␠data␠for␠the␠last␠3␠seasons␠(percent␠or␠bags␠per␠acre).'
2026-02-21T09:39:37.385Z D/AiViewModel [DefaultDispatcher-worker-6] stepHistory+ runId=4 phase=FOLLOWUP mode=FOLLOWUP_JSON_OR_TEXT raw.len=74 score=null FU=1 FU0='Provide␠yield␠loss␠data␠for␠the␠last␠3␠seasons␠(percent␠or␠bags␠per␠acre).' timeout=false err=null
2026-02-21T09:39:37.386Z I/AiViewModel [DefaultDispatcher-worker-6] run[4] done: phase=FOLLOWUP mode=FOLLOWUP_JSON_OR_TEXT score=null FU[0]=Provide yield loss data for the last 3 seasons (percent or bags per acre). commit=false err=<none>
2026-02-21T09:39:37.424Z I/AiScreen [main] Follow-up persisted (context=sid=1|nid=Q1 node=Q1 runId=4 phase=FOLLOWUP mode=FOLLOWUP_JSON_OR_TEXT twoStep=true len=74 preview="Provide yield loss data for the last 3 seasons (percent or bags per acre)." displayedAsPlain=true)
2026-02-21T09:39:37.424Z D/AiScreen [main] Step rendered (context=sid=1|nid=Q1 node=Q1 runId=4 phase=FOLLOWUP mode=FOLLOWUP_JSON_OR_TEXT showJson=false twoStep=true rawLen=74 followups=1 timedOut=false)
2026-02-21T09:39:37.651Z D/LiteRtLM [DefaultDispatcher-worker-6] resetConversationInternal done: key='Gemma3n4B|/data/user/0/com.negi.survey/files/gemma-3n-E4B-it-int4.litertlm' reason='resetConversation'
2026-02-21T09:40:45.991Z D/SurveyVM [main] hasTwoStepPrompt[Q1] -> true (eval=292, fu=246)
2026-02-21T09:40:45.992Z I/AiScreen [main] Submit begin runId=ai-Q1-1696874923-1696874923221777 node=Q1 role=FOLLOWUP isTwoStep=true sessionId=1 surveyUuid=209a09bf-2a8d-4ab7-af99-e7b69089220d qLen=74 aLen=40 qPreview="Provide yield loss data for the last 3 seasons (percent or bags per acre)." aPreview="';l';l ';lk';lk ';lk ';lk ';lk ';lk ';lk"
2026-02-21T09:40:45.993Z D/SurveyVM [main] getEvalPrompt[Q1] -> len=384
2026-02-21T09:40:45.995Z I/AiScreen [main] Submit end runId=ai-Q1-1696874923-1696874923221777 node=Q1 elapsed=4ms
2026-02-21T09:40:45.998Z D/AiViewModel [DefaultDispatcher-worker-6] run[5]: mode=EVAL_JSON phase=EVAL commit=true prompt.len=384, fullPrompt.len=1533, timeoutMs=120000
2026-02-21T09:40:46.004Z D/AiViewModel [DefaultDispatcher-worker-6] run[5]: sha(prompt)=89ea4996b1dcccfa04efbc1ca944c98ebf8fcb23e89fff933864899d3cfc4e2d sha(full)=7c1e1ed53c530f1ac99c0840b11f53fa0b24df8ffbe472197be8c4f0420183e8
2026-02-21T09:40:46.005Z D/LiteRtRepository [DefaultDispatcher-worker-6] [5] request start: model='Gemma3n4B', prompt.len=1533, sha=7c1e1ed53c530f1a, gateWaitMs=0
2026-02-21T09:40:46.012Z D/LiteRtRepository [DefaultDispatcher-worker-5] [5] initializeIfNeeded ok (initMs=7)
2026-02-21T09:40:46.019Z D/LiteRtLM [DefaultDispatcher-worker-2] runInference start: key='Gemma3n4B|/data/user/0/com.negi.survey/files/gemma-3n-E4B-it-int4.litertlm' runId=5 hasText=true textLen=1533 images=0 audioClips=0
2026-02-21T09:40:46.020Z I/LiteRtLM [DefaultDispatcher-worker-2] LiteRT-LM sendMessageAsync(text): key='Gemma3n4B|/data/user/0/com.negi.survey/files/gemma-3n-E4B-it-int4.litertlm' runId=5 len=1533
2026-02-21T09:40:47.981Z D/AiViewModel [DefaultDispatcher-worker-2] run[5] chunk[1].preview='{"'
2026-02-21T09:40:48.197Z D/AiViewModel [DefaultDispatcher-worker-2] run[5] chunk[2].preview='analysis'
2026-02-21T09:40:48.327Z D/AiViewModel [DefaultDispatcher-worker-2] run[5] chunk[3].preview='":'
2026-02-21T09:40:48.533Z D/AiViewModel [DefaultDispatcher-worker-2] run[5] chunk[4].preview='␠"'
2026-02-21T09:40:48.699Z D/AiViewModel [DefaultDispatcher-worker-2] run[5] chunk[5].preview='Answer'
2026-02-21T09:40:48.832Z D/AiViewModel [DefaultDispatcher-worker-2] run[5] chunk[6].preview='␠is'
2026-02-21T09:40:49.031Z D/AiViewModel [DefaultDispatcher-worker-2] run[5] chunk[7].preview='␠gib'
2026-02-21T09:40:49.165Z D/AiViewModel [DefaultDispatcher-worker-2] run[5] chunk[8].preview='er'
2026-02-21T09:40:49.384Z D/AiViewModel [DefaultDispatcher-worker-2] run[5] chunk[9].preview='ish'
2026-02-21T09:40:49.510Z D/AiViewModel [DefaultDispatcher-worker-2] run[5] chunk[10].preview='␠and'
2026-02-21T09:40:49.697Z D/AiViewModel [DefaultDispatcher-worker-2] run[5] chunk[11].preview='␠doesn'
2026-02-21T09:40:49.849Z D/AiViewModel [DefaultDispatcher-worker-2] run[5] chunk[12].preview='''
2026-02-21T09:40:50.032Z D/AiViewModel [DefaultDispatcher-worker-2] run[5] chunk[13].preview='t'
2026-02-21T09:40:50.213Z D/AiViewModel [DefaultDispatcher-worker-2] run[5] chunk[14].preview='␠contain'
2026-02-21T09:40:50.342Z D/AiViewModel [DefaultDispatcher-worker-5] run[5] chunk[15].preview='␠yield'
2026-02-21T09:40:50.562Z D/AiViewModel [DefaultDispatcher-worker-5] run[5] chunk[16].preview='␠loss'
2026-02-21T09:40:50.689Z D/AiViewModel [DefaultDispatcher-worker-2] run[5] chunk[17].preview='␠data'
2026-02-21T09:40:50.897Z D/AiViewModel [DefaultDispatcher-worker-2] run[5] chunk[18].preview='.",'
2026-02-21T09:40:51.025Z D/AiViewModel [DefaultDispatcher-worker-2] run[5] chunk[19].preview='␠"'
2026-02-21T09:40:51.214Z D/AiViewModel [DefaultDispatcher-worker-2] run[5] chunk[20].preview='weak'
2026-02-21T09:40:51.362Z D/AiViewModel [DefaultDispatcher-worker-2] run[5] chunk[21].preview='ness'
2026-02-21T09:40:51.578Z D/AiViewModel [DefaultDispatcher-worker-2] run[5] chunk[22].preview='":'
2026-02-21T09:40:51.710Z D/AiViewModel [DefaultDispatcher-worker-2] run[5] chunk[23].preview='␠"'
2026-02-21T09:40:51.896Z D/AiViewModel [DefaultDispatcher-worker-2] run[5] chunk[24].preview='The'
2026-02-21T09:40:52.045Z D/AiViewModel [DefaultDispatcher-worker-2] run[5] chunk[25].preview='␠answer'
2026-02-21T09:40:52.229Z D/AiViewModel [DefaultDispatcher-worker-2] run[5] chunk[26].preview='␠provided'
2026-02-21T09:40:52.427Z D/AiViewModel [DefaultDispatcher-worker-2] run[5] chunk[27].preview='␠is'
2026-02-21T09:40:52.567Z D/AiViewModel [DefaultDispatcher-worker-5] run[5] chunk[28].preview='␠completely'
2026-02-21T09:40:52.760Z D/AiViewModel [DefaultDispatcher-worker-5] run[5] chunk[29].preview='␠nons'
2026-02-21T09:40:52.897Z D/AiViewModel [DefaultDispatcher-worker-5] run[5] chunk[30].preview='ensical'
2026-02-21T09:40:53.119Z D/AiViewModel [DefaultDispatcher-worker-5] run[5] chunk[31].preview='␠and'
2026-02-21T09:40:53.239Z D/AiViewModel [DefaultDispatcher-worker-5] run[5] chunk[32].preview='␠does'
2026-02-21T09:40:53.467Z D/AiViewModel [DefaultDispatcher-worker-5] run[5] chunk[33].preview='␠not'
2026-02-21T09:40:53.581Z D/AiViewModel [DefaultDispatcher-worker-5] run[5] chunk[34].preview='␠contain'
2026-02-21T09:40:53.800Z D/AiViewModel [DefaultDispatcher-worker-2] run[5] chunk[35].preview='␠any'
2026-02-21T09:40:53.918Z D/AiViewModel [DefaultDispatcher-worker-2] run[5] chunk[36].preview='␠yield'
2026-02-21T09:40:54.138Z D/AiViewModel [DefaultDispatcher-worker-2] run[5] chunk[37].preview='␠loss'
2026-02-21T09:40:54.258Z D/AiViewModel [DefaultDispatcher-worker-2] run[5] chunk[38].preview='␠data'
2026-02-21T09:40:54.485Z D/AiViewModel [DefaultDispatcher-worker-5] run[5] chunk[39].preview='␠for'
2026-02-21T09:40:54.632Z D/AiViewModel [DefaultDispatcher-worker-5] run[5] chunk[40].preview='␠the'
2026-02-21T09:40:54.780Z D/AiViewModel [DefaultDispatcher-worker-2] run[5] chunk[41].preview='␠specified'
2026-02-21T09:40:54.952Z D/AiViewModel [DefaultDispatcher-worker-5] run[5] chunk[42].preview='␠seasons'
2026-02-21T09:40:55.150Z D/AiViewModel [DefaultDispatcher-worker-2] run[5] chunk[43].preview='.'
2026-02-21T09:40:55.267Z D/AiViewModel [DefaultDispatcher-worker-2] run[5] chunk[44].preview='␠It'
2026-02-21T09:40:55.485Z D/AiViewModel [DefaultDispatcher-worker-2] run[5] chunk[45].preview='␠appears'
2026-02-21T09:40:55.597Z D/AiViewModel [DefaultDispatcher-worker-2] run[5] chunk[46].preview='␠to'
2026-02-21T09:40:55.816Z D/AiViewModel [DefaultDispatcher-worker-2] run[5] chunk[47].preview='␠be'
2026-02-21T09:40:55.947Z D/AiViewModel [DefaultDispatcher-worker-2] run[5] chunk[48].preview='␠placeholder'
2026-02-21T09:40:56.131Z D/AiViewModel [DefaultDispatcher-worker-2] run[5] chunk[49].preview='␠text'
2026-02-21T09:40:56.305Z D/AiViewModel [DefaultDispatcher-worker-2] run[5] chunk[50].preview='.",'
2026-02-21T09:40:56.465Z D/AiViewModel [DefaultDispatcher-worker-5] run[5] chunk[51].preview='␠"'
2026-02-21T09:40:56.642Z D/AiViewModel [DefaultDispatcher-worker-2] run[5] chunk[52].preview='follow'
2026-02-21T09:40:56.854Z D/AiViewModel [DefaultDispatcher-worker-2] run[5] chunk[53].preview='up'
2026-02-21T09:40:57.025Z D/AiViewModel [DefaultDispatcher-worker-2] run[5] chunk[54].preview='_'
2026-02-21T09:40:57.184Z D/AiViewModel [DefaultDispatcher-worker-2] run[5] chunk[55].preview='needed'
2026-02-21T09:40:57.347Z D/AiViewModel [DefaultDispatcher-worker-5] run[5] chunk[56].preview='":'
2026-02-21T09:40:57.527Z D/AiViewModel [DefaultDispatcher-worker-5] run[5] chunk[57].preview='␠true'
2026-02-21T09:40:57.729Z D/AiViewModel [DefaultDispatcher-worker-5] run[5] chunk[58].preview=','
2026-02-21T09:40:57.839Z D/AiViewModel [DefaultDispatcher-worker-5] run[5] chunk[59].preview='␠"'
2026-02-21T09:40:58.062Z D/AiViewModel [DefaultDispatcher-worker-2] run[5] chunk[60].preview='follow'
2026-02-21T09:40:58.181Z D/AiViewModel [DefaultDispatcher-worker-2] run[5] chunk[61].preview='up'
2026-02-21T09:40:58.359Z D/AiViewModel [DefaultDispatcher-worker-2] run[5] chunk[62].preview='_'
2026-02-21T09:40:58.567Z D/AiViewModel [DefaultDispatcher-worker-2] run[5] chunk[63].preview='target'
2026-02-21T09:40:58.697Z D/AiViewModel [DefaultDispatcher-worker-2] run[5] chunk[64].preview='":'
2026-02-21T09:40:58.899Z D/AiViewModel [DefaultDispatcher-worker-5] run[5] chunk[65].preview='␠"'
2026-02-21T09:40:59.020Z D/AiViewModel [DefaultDispatcher-worker-5] run[5] chunk[66].preview='Please'
2026-02-21T09:40:59.245Z D/AiViewModel [DefaultDispatcher-worker-5] run[5] chunk[67].preview='␠provide'
2026-02-21T09:40:59.362Z D/AiViewModel [DefaultDispatcher-worker-5] run[5] chunk[68].preview='␠yield'
2026-02-21T09:40:59.577Z D/AiViewModel [DefaultDispatcher-worker-5] run[5] chunk[69].preview='␠loss'
2026-02-21T09:40:59.703Z D/AiViewModel [DefaultDispatcher-worker-2] run[5] chunk[70].preview='␠data'
2026-02-21T09:40:59.928Z D/AiViewModel [DefaultDispatcher-worker-2] run[5] chunk[71].preview='␠for'
2026-02-21T09:41:00.041Z D/AiViewModel [DefaultDispatcher-worker-2] run[5] chunk[72].preview='␠the'
2026-02-21T09:41:00.250Z D/AiViewModel [DefaultDispatcher-worker-5] run[5] chunk[73].preview='␠last'
2026-02-21T09:41:00.383Z D/AiViewModel [DefaultDispatcher-worker-5] run[5] chunk[74].preview='␠'
2026-02-21T09:41:00.563Z D/AiViewModel [DefaultDispatcher-worker-5] run[5] chunk[75].preview='3'
2026-02-21T09:41:00.793Z D/AiViewModel [DefaultDispatcher-worker-2] run[5] chunk[76].preview='␠seasons'
2026-02-21T09:41:00.905Z D/AiViewModel [DefaultDispatcher-worker-2] run[5] chunk[77].preview='␠('
2026-02-21T09:41:01.128Z D/AiViewModel [DefaultDispatcher-worker-2] run[5] chunk[78].preview='percent'
2026-02-21T09:41:01.252Z D/AiViewModel [DefaultDispatcher-worker-5] run[5] chunk[79].preview='␠or'
2026-02-21T09:41:01.477Z D/AiViewModel [DefaultDispatcher-worker-5] run[5] chunk[80].preview='␠bags'
2026-02-21T09:41:01.594Z D/AiViewModel [DefaultDispatcher-worker-2] run[5] chunk[81].preview='␠per'
2026-02-21T09:41:01.810Z D/AiViewModel [DefaultDispatcher-worker-5] run[5] chunk[82].preview='␠acre'
2026-02-21T09:41:01.935Z D/AiViewModel [DefaultDispatcher-worker-2] run[5] chunk[83].preview=').'
2026-02-21T09:41:02.158Z D/AiViewModel [DefaultDispatcher-worker-2] run[5] chunk[84].preview='",'
2026-02-21T09:41:02.277Z D/AiViewModel [DefaultDispatcher-worker-5] run[5] chunk[85].preview='␠"'
2026-02-21T09:41:02.453Z D/AiViewModel [DefaultDispatcher-worker-5] run[5] chunk[86].preview='score'
2026-02-21T09:41:02.676Z D/AiViewModel [DefaultDispatcher-worker-2] run[5] chunk[87].preview='":'
2026-02-21T09:41:02.792Z D/AiViewModel [DefaultDispatcher-worker-2] run[5] chunk[88].preview='␠'
2026-02-21T09:41:02.976Z D/AiViewModel [DefaultDispatcher-worker-2] run[5] chunk[89].preview='1'
2026-02-21T09:41:03.190Z D/AiViewModel [DefaultDispatcher-worker-5] run[5] chunk[90].preview='}'
2026-02-21T09:41:03.309Z D/AiViewModel [DefaultDispatcher-worker-5] run[5] chunk[91].preview='↩'
2026-02-21T09:41:03.519Z D/LiteRtRepository [main] [5] logical done=true (waiting native termination safe point)
2026-02-21T09:41:03.520Z D/LiteRtRepository [main] [5] cleanUpListener (native termination safe point)
2026-02-21T09:41:03.521Z D/LiteRtRepository [DefaultDispatcher-worker-1] [5] scheduleResetAfterSafepoint: begin (tag='native-terminated')
2026-02-21T09:41:03.522Z D/LiteRtRepository [DefaultDispatcher-worker-8] [5] resetConversation ok (after safepoint, tag='native-terminated')
2026-02-21T09:41:03.522Z D/LiteRtRepository [DefaultDispatcher-worker-8] [5] scheduleResetAfterSafepoint: end (tag='native-terminated')
2026-02-21T09:41:03.524Z D/AiViewModel [DefaultDispatcher-worker-7] run[5] stats: chunks=91, chars=377, raw.len=377
2026-02-21T09:41:03.525Z D/AiViewModel [DefaultDispatcher-worker-7] run[5] sha(raw)=0c7e1fdf515c8be41f4f3e686ee99b366106d3310db71209cc4f604a64d494c4
2026-02-21T09:41:03.525Z D/AiViewModel [DefaultDispatcher-worker-7] run[5] rawVisible='{"analysis":␠"Answer␠is␠giberish␠and␠doesn't␠contain␠yield␠loss␠data.",␠"weakness":␠"The␠answer␠provided␠is␠completely␠nonsensical␠and␠does␠not␠contain␠any␠yield␠loss␠data␠for␠the␠specified␠seasons.␠It␠appears␠to␠be␠placeholder␠text.",␠"fol'
2026-02-21T09:41:03.531Z D/AiViewModel [DefaultDispatcher-worker-7] run[5]: EVAL_JSON parsed score=1 followups=0 fu0=''
2026-02-21T09:41:03.531Z D/AiViewModel [DefaultDispatcher-worker-7] stepHistory+ runId=5 phase=EVAL mode=EVAL_JSON raw.len=377 score=1 FU=0 FU0='<none>' timeout=false err=null
2026-02-21T09:41:03.532Z I/AiViewModel [DefaultDispatcher-worker-7] run[5] done: phase=EVAL mode=EVAL_JSON score=1 FU[0]=<none> commit=true err=<none>
2026-02-21T09:41:03.533Z I/AiScreen [DefaultDispatcher-worker-7] TWO_STEP shouldRunSecond runId=ai-Q1-1696874923-1696874923221777 node=Q1 role=FOLLOWUP followup_needed=true timedOut=false rawLen=377
2026-02-21T09:41:03.534Z D/SurveyVM [DefaultDispatcher-worker-7] getFollowupPrompt[Q1] -> len=609 evalLen=377
2026-02-21T09:41:03.535Z D/AiViewModel [DefaultDispatcher-worker-7] run[6]: mode=FOLLOWUP_JSON_OR_TEXT phase=FOLLOWUP commit=false prompt.len=609, fullPrompt.len=1658, timeoutMs=120000
2026-02-21T09:41:03.537Z D/AiViewModel [DefaultDispatcher-worker-7] run[6]: sha(prompt)=30abfe9239a1d2b6a2140174d41b79fa8d5db9df834f9cb23aa28f1fe80c81fb sha(full)=f00cc12b5a81c983d7ab08b5b37a1b33d4e8207dd39d730698023b251339d9d9
2026-02-21T09:41:03.539Z D/LiteRtRepository [DefaultDispatcher-worker-7] [6] request start: model='Gemma3n4B', prompt.len=1658, sha=f00cc12b5a81c983, gateWaitMs=0
2026-02-21T09:41:03.541Z D/LiteRtRepository [DefaultDispatcher-worker-4] [6] initializeIfNeeded ok (initMs=2)
2026-02-21T09:41:03.543Z D/LiteRtLM [DefaultDispatcher-worker-1] Cooldown delay: key='Gemma3n4B|/data/user/0/com.negi.survey/files/gemma-3n-E4B-it-int4.litertlm' delay=179ms reason='runInference-start'
2026-02-21T09:41:03.567Z D/AiScreen [main] Step rendered (context=sid=1|nid=Q1 node=Q1 runId=5 phase=EVAL mode=EVAL_JSON showJson=true twoStep=true rawLen=377 followups=0 timedOut=false)
2026-02-21T09:41:03.792Z D/LiteRtLM [DefaultDispatcher-worker-4] resetConversationInternal done: key='Gemma3n4B|/data/user/0/com.negi.survey/files/gemma-3n-E4B-it-int4.litertlm' reason='resetConversation'
2026-02-21T09:41:03.793Z D/LiteRtLM [DefaultDispatcher-worker-4] runInference start: key='Gemma3n4B|/data/user/0/com.negi.survey/files/gemma-3n-E4B-it-int4.litertlm' runId=6 hasText=true textLen=1658 images=0 audioClips=0
2026-02-21T09:41:03.793Z I/LiteRtLM [DefaultDispatcher-worker-4] LiteRT-LM sendMessageAsync(text): key='Gemma3n4B|/data/user/0/com.negi.survey/files/gemma-3n-E4B-it-int4.litertlm' runId=6 len=1658
2026-02-21T09:41:05.734Z D/AiViewModel [DefaultDispatcher-worker-4] run[6] chunk[1].preview='Please'
2026-02-21T09:41:05.952Z D/AiViewModel [DefaultDispatcher-worker-4] run[6] chunk[2].preview='␠provide'
2026-02-21T09:41:06.073Z D/AiViewModel [DefaultDispatcher-worker-4] run[6] chunk[3].preview='␠yield'
2026-02-21T09:41:06.302Z D/AiViewModel [DefaultDispatcher-worker-6] run[6] chunk[4].preview='␠loss'
2026-02-21T09:41:06.413Z D/AiViewModel [DefaultDispatcher-worker-6] run[6] chunk[5].preview='␠data'
2026-02-21T09:41:06.638Z D/AiViewModel [DefaultDispatcher-worker-6] run[6] chunk[6].preview='␠for'
2026-02-21T09:41:06.756Z D/AiViewModel [DefaultDispatcher-worker-4] run[6] chunk[7].preview='␠the'
2026-02-21T09:41:06.979Z D/AiViewModel [DefaultDispatcher-worker-4] run[6] chunk[8].preview='␠last'
2026-02-21T09:41:07.106Z D/AiViewModel [DefaultDispatcher-worker-6] run[6] chunk[9].preview='␠'
2026-02-21T09:41:07.334Z D/AiViewModel [DefaultDispatcher-worker-6] run[6] chunk[10].preview='3'
2026-02-21T09:41:07.449Z D/AiViewModel [DefaultDispatcher-worker-4] run[6] chunk[11].preview='␠seasons'
2026-02-21T09:41:07.680Z D/AiViewModel [DefaultDispatcher-worker-4] run[6] chunk[12].preview='␠('
2026-02-21T09:41:07.801Z D/AiViewModel [DefaultDispatcher-worker-4] run[6] chunk[13].preview='percent'
2026-02-21T09:41:07.991Z D/AiViewModel [DefaultDispatcher-worker-4] run[6] chunk[14].preview='␠or'
2026-02-21T09:41:08.177Z D/AiViewModel [DefaultDispatcher-worker-4] run[6] chunk[15].preview='␠bags'
2026-02-21T09:41:08.320Z D/AiViewModel [DefaultDispatcher-worker-4] run[6] chunk[16].preview='␠per'
2026-02-21T09:41:08.542Z D/AiViewModel [DefaultDispatcher-worker-4] run[6] chunk[17].preview='␠acre'
2026-02-21T09:41:08.663Z D/AiViewModel [DefaultDispatcher-worker-6] run[6] chunk[18].preview=').'
2026-02-21T09:41:08.849Z D/LiteRtRepository [main] [6] logical done=true (waiting native termination safe point)
2026-02-21T09:41:08.849Z D/LiteRtRepository [main] [6] cleanUpListener (native termination safe point)
2026-02-21T09:41:08.850Z D/LiteRtRepository [DefaultDispatcher-worker-6] [6] scheduleResetAfterSafepoint: begin (tag='native-terminated')
2026-02-21T09:41:08.851Z D/LiteRtRepository [DefaultDispatcher-worker-1] [6] resetConversation ok (after safepoint, tag='native-terminated')
2026-02-21T09:41:08.851Z D/LiteRtRepository [DefaultDispatcher-worker-1] [6] scheduleResetAfterSafepoint: end (tag='native-terminated')
2026-02-21T09:41:08.856Z D/AiViewModel [DefaultDispatcher-worker-6] run[6] stats: chunks=18, chars=81, raw.len=81
2026-02-21T09:41:08.857Z D/AiViewModel [DefaultDispatcher-worker-6] run[6] sha(raw)=17055a1534acb6f6efbeba57e03309d41a48c815fe91220388bb813c814ade23
2026-02-21T09:41:08.858Z D/AiViewModel [DefaultDispatcher-worker-6] run[6] rawVisible='Please␠provide␠yield␠loss␠data␠for␠the␠last␠3␠seasons␠(percent␠or␠bags␠per␠acre).'
2026-02-21T09:41:08.859Z D/AiViewModel [DefaultDispatcher-worker-6] run[6]: FOLLOWUP parse extractorQ='' textQ='Please␠provide␠yield␠loss␠data␠for␠the␠last␠3␠seasons␠(percent␠or␠bags␠per␠acre).' best='Please␠provide␠yield␠loss␠data␠for␠the␠last␠3␠seasons␠(percent␠or␠bags␠per␠acre).'
2026-02-21T09:41:08.860Z D/AiViewModel [DefaultDispatcher-worker-6] stepHistory+ runId=6 phase=FOLLOWUP mode=FOLLOWUP_JSON_OR_TEXT raw.len=81 score=null FU=1 FU0='Please␠provide␠yield␠loss␠data␠for␠the␠last␠3␠seasons␠(percent␠or␠bags␠per␠acre).' timeout=false err=null
2026-02-21T09:41:08.860Z I/AiViewModel [DefaultDispatcher-worker-6] run[6] done: phase=FOLLOWUP mode=FOLLOWUP_JSON_OR_TEXT score=null FU[0]=Please provide yield loss data for the last 3 seasons (percent or bags per acre). commit=false err=<none>
2026-02-21T09:41:08.883Z D/AiScreen [main] Step rendered (context=sid=1|nid=Q1 node=Q1 runId=6 phase=FOLLOWUP mode=FOLLOWUP_JSON_OR_TEXT showJson=false twoStep=true rawLen=81 followups=1 timedOut=false)
2026-02-21T09:41:09.114Z D/LiteRtLM [DefaultDispatcher-worker-6] resetConversationInternal done: key='Gemma3n4B|/data/user/0/com.negi.survey/files/gemma-3n-E4B-it-int4.litertlm' reason='resetConversation'
2026-02-21T09:41:31.459Z D/SurveyVM [main] push -> Q2, navSize=3, stackSize=3
2026-02-21T09:41:31.531Z D/SurveyVM [main] hasTwoStepPrompt[Q2] -> true (eval=292, fu=246)
2026-02-21T09:41:34.471Z D/SurveyVM [main] backToPrevious -> Q1
2026-02-21T09:41:34.478Z D/SurveyVM [main] hasTwoStepPrompt[Q1] -> true (eval=292, fu=246)
2026-02-21T09:41:43.367Z D/SurveyVM [main] hasTwoStepPrompt[Q1] -> true (eval=292, fu=246)
2026-02-21T09:41:43.368Z I/AiScreen [main] Submit begin runId=ai-Q1-1696932298-1696932298996951 node=Q1 role=FOLLOWUP isTwoStep=true sessionId=1 surveyUuid=209a09bf-2a8d-4ab7-af99-e7b69089220d qLen=74 aLen=37 qPreview="Provide yield loss data for the last 3 seasons (percent or bags per acre)." aPreview="Scottj;lkj kjp;j l;kj   ;lkj  ;lkj ;j"
2026-02-21T09:41:43.368Z D/SurveyVM [main] getEvalPrompt[Q1] -> len=381
2026-02-21T09:41:43.370Z I/AiScreen [main] Submit end runId=ai-Q1-1696932298-1696932298996951 node=Q1 elapsed=3ms
2026-02-21T09:41:43.372Z D/AiViewModel [DefaultDispatcher-worker-6] run[7]: mode=EVAL_JSON phase=EVAL commit=true prompt.len=381, fullPrompt.len=1530, timeoutMs=120000
2026-02-21T09:41:43.373Z D/AiViewModel [DefaultDispatcher-worker-6] run[7]: sha(prompt)=df1936821cb08306b4730a14f3f811acfccba78fc0494eecb9a694255208c419 sha(full)=f7753d91e9a0a2e17862ed7334718d72f5cedd5b644fdb2ad7ecc515f3f89798
2026-02-21T09:41:43.374Z D/LiteRtRepository [DefaultDispatcher-worker-11] [7] request start: model='Gemma3n4B', prompt.len=1530, sha=f7753d91e9a0a2e1, gateWaitMs=0
2026-02-21T09:41:43.376Z D/LiteRtRepository [DefaultDispatcher-worker-11] [7] initializeIfNeeded ok (initMs=2)
2026-02-21T09:41:43.379Z D/LiteRtLM [DefaultDispatcher-worker-11] runInference start: key='Gemma3n4B|/data/user/0/com.negi.survey/files/gemma-3n-E4B-it-int4.litertlm' runId=7 hasText=true textLen=1530 images=0 audioClips=0
2026-02-21T09:41:43.380Z I/LiteRtLM [DefaultDispatcher-worker-11] LiteRT-LM sendMessageAsync(text): key='Gemma3n4B|/data/user/0/com.negi.survey/files/gemma-3n-E4B-it-int4.litertlm' runId=7 len=1530
2026-02-21T09:41:45.547Z D/AiViewModel [DefaultDispatcher-worker-11] run[7] chunk[1].preview='{"'
2026-02-21T09:41:45.668Z D/AiViewModel [DefaultDispatcher-worker-11] run[7] chunk[2].preview='analysis'
2026-02-21T09:41:45.880Z D/AiViewModel [DefaultDispatcher-worker-11] run[7] chunk[3].preview='":'
2026-02-21T09:41:46.015Z D/AiViewModel [DefaultDispatcher-worker-11] run[7] chunk[4].preview='␠"'
2026-02-21T09:41:46.231Z D/AiViewModel [DefaultDispatcher-worker-10] run[7] chunk[5].preview='Answer'
2026-02-21T09:41:46.376Z D/AiViewModel [DefaultDispatcher-worker-10] run[7] chunk[6].preview='␠is'
2026-02-21T09:41:46.594Z D/AiViewModel [DefaultDispatcher-worker-10] run[7] chunk[7].preview='␠gib'
2026-02-21T09:41:46.726Z D/AiViewModel [DefaultDispatcher-worker-11] run[7] chunk[8].preview='er'
2026-02-21T09:41:46.937Z D/AiViewModel [DefaultDispatcher-worker-11] run[7] chunk[9].preview='ish'
2026-02-21T09:41:47.094Z D/AiViewModel [DefaultDispatcher-worker-11] run[7] chunk[10].preview='␠and'
2026-02-21T09:41:47.296Z D/AiViewModel [DefaultDispatcher-worker-11] run[7] chunk[11].preview='␠irrelevant'
2026-02-21T09:41:47.431Z D/AiViewModel [DefaultDispatcher-worker-11] run[7] chunk[12].preview='.",'
2026-02-21T09:41:47.644Z D/AiViewModel [DefaultDispatcher-worker-11] run[7] chunk[13].preview='␠"'
2026-02-21T09:41:47.773Z D/AiViewModel [DefaultDispatcher-worker-11] run[7] chunk[14].preview='weak'
2026-02-21T09:41:47.995Z D/AiViewModel [DefaultDispatcher-worker-11] run[7] chunk[15].preview='ness'
2026-02-21T09:41:48.111Z D/AiViewModel [DefaultDispatcher-worker-11] run[7] chunk[16].preview='":'
2026-02-21T09:41:48.327Z D/AiViewModel [DefaultDispatcher-worker-11] run[7] chunk[17].preview='␠"'
2026-02-21T09:41:48.454Z D/AiViewModel [DefaultDispatcher-worker-6] run[7] chunk[18].preview='No'
2026-02-21T09:41:48.675Z D/AiViewModel [DefaultDispatcher-worker-6] run[7] chunk[19].preview='␠yield'
2026-02-21T09:41:48.808Z D/AiViewModel [DefaultDispatcher-worker-6] run[7] chunk[20].preview='␠loss'
2026-02-21T09:41:49.026Z D/AiViewModel [DefaultDispatcher-worker-6] run[7] chunk[21].preview='␠data'
2026-02-21T09:41:49.148Z D/AiViewModel [DefaultDispatcher-worker-11] run[7] chunk[22].preview='␠provided'
2026-02-21T09:41:49.328Z D/AiViewModel [DefaultDispatcher-worker-11] run[7] chunk[23].preview='.'
2026-02-21T09:41:49.496Z D/AiViewModel [DefaultDispatcher-worker-11] run[7] chunk[24].preview='␠The'
2026-02-21T09:41:49.690Z D/AiViewModel [DefaultDispatcher-worker-11] run[7] chunk[25].preview='␠answer'
2026-02-21T09:41:49.853Z D/AiViewModel [DefaultDispatcher-worker-11] run[7] chunk[26].preview='␠is'
2026-02-21T09:41:50.030Z D/AiViewModel [DefaultDispatcher-worker-11] run[7] chunk[27].preview='␠nons'
2026-02-21T09:41:50.237Z D/AiViewModel [DefaultDispatcher-worker-11] run[7] chunk[28].preview='ensical'
2026-02-21T09:41:50.396Z D/AiViewModel [DefaultDispatcher-worker-11] run[7] chunk[29].preview='␠and'
2026-02-21T09:41:50.586Z D/AiViewModel [DefaultDispatcher-worker-6] run[7] chunk[30].preview='␠does'
2026-02-21T09:41:50.796Z D/AiViewModel [DefaultDispatcher-worker-11] run[7] chunk[31].preview='␠not'
2026-02-21T09:41:50.917Z D/AiViewModel [DefaultDispatcher-worker-11] run[7] chunk[32].preview='␠address'
2026-02-21T09:41:51.121Z D/AiViewModel [DefaultDispatcher-worker-11] run[7] chunk[33].preview='␠the'
2026-02-21T09:41:51.287Z D/AiViewModel [DefaultDispatcher-worker-11] run[7] chunk[34].preview='␠question'
2026-02-21T09:41:51.478Z D/AiViewModel [DefaultDispatcher-worker-11] run[7] chunk[35].preview='.",'
2026-02-21T09:41:51.634Z D/AiViewModel [DefaultDispatcher-worker-6] run[7] chunk[36].preview='␠"'
2026-02-21T09:41:51.821Z D/AiViewModel [DefaultDispatcher-worker-6] run[7] chunk[37].preview='follow'
2026-02-21T09:41:51.953Z D/AiViewModel [DefaultDispatcher-worker-6] run[7] chunk[38].preview='up'
2026-02-21T09:41:52.170Z D/AiViewModel [DefaultDispatcher-worker-6] run[7] chunk[39].preview='_'
2026-02-21T09:41:52.298Z D/AiViewModel [DefaultDispatcher-worker-6] run[7] chunk[40].preview='needed'
2026-02-21T09:41:52.522Z D/AiViewModel [DefaultDispatcher-worker-6] run[7] chunk[41].preview='":'
2026-02-21T09:41:52.658Z D/AiViewModel [DefaultDispatcher-worker-6] run[7] chunk[42].preview='␠true'
2026-02-21T09:41:52.869Z D/AiViewModel [DefaultDispatcher-worker-6] run[7] chunk[43].preview=','
2026-02-21T09:41:53.007Z D/AiViewModel [DefaultDispatcher-worker-6] run[7] chunk[44].preview='␠"'
2026-02-21T09:41:53.221Z D/AiViewModel [DefaultDispatcher-worker-6] run[7] chunk[45].preview='follow'
2026-02-21T09:41:53.348Z D/AiViewModel [DefaultDispatcher-worker-6] run[7] chunk[46].preview='up'
2026-02-21T09:41:53.571Z D/AiViewModel [DefaultDispatcher-worker-6] run[7] chunk[47].preview='_'
2026-02-21T09:41:53.692Z D/AiViewModel [DefaultDispatcher-worker-11] run[7] chunk[48].preview='target'
2026-02-21T09:41:53.918Z D/AiViewModel [DefaultDispatcher-worker-11] run[7] chunk[49].preview='":'
2026-02-21T09:41:54.043Z D/AiViewModel [DefaultDispatcher-worker-6] run[7] chunk[50].preview='␠"'
2026-02-21T09:41:54.218Z D/AiViewModel [DefaultDispatcher-worker-6] run[7] chunk[51].preview='Please'
2026-02-21T09:41:54.417Z D/AiViewModel [DefaultDispatcher-worker-6] run[7] chunk[52].preview='␠provide'
2026-02-21T09:41:54.549Z D/AiViewModel [DefaultDispatcher-worker-6] run[7] chunk[53].preview='␠yield'
2026-02-21T09:41:54.767Z D/AiViewModel [DefaultDispatcher-worker-11] run[7] chunk[54].preview='␠loss'
2026-02-21T09:41:54.892Z D/AiViewModel [DefaultDispatcher-worker-11] run[7] chunk[55].preview='␠data'
2026-02-21T09:41:55.068Z D/AiViewModel [DefaultDispatcher-worker-6] run[7] chunk[56].preview='␠for'
2026-02-21T09:41:55.284Z D/AiViewModel [DefaultDispatcher-worker-11] run[7] chunk[57].preview='␠the'
2026-02-21T09:41:55.409Z D/AiViewModel [DefaultDispatcher-worker-6] run[7] chunk[58].preview='␠last'
2026-02-21T09:41:55.615Z D/AiViewModel [DefaultDispatcher-worker-6] run[7] chunk[59].preview='␠'
2026-02-21T09:41:55.762Z D/AiViewModel [DefaultDispatcher-worker-6] run[7] chunk[60].preview='3'
2026-02-21T09:41:55.967Z D/AiViewModel [DefaultDispatcher-worker-6] run[7] chunk[61].preview='␠seasons'
2026-02-21T09:41:56.092Z D/AiViewModel [DefaultDispatcher-worker-11] run[7] chunk[62].preview='␠('
2026-02-21T09:41:56.299Z D/AiViewModel [DefaultDispatcher-worker-11] run[7] chunk[63].preview='percent'
2026-02-21T09:41:56.434Z D/AiViewModel [DefaultDispatcher-worker-11] run[7] chunk[64].preview='␠or'
2026-02-21T09:41:56.649Z D/AiViewModel [DefaultDispatcher-worker-11] run[7] chunk[65].preview='␠bags'
2026-02-21T09:41:56.780Z D/AiViewModel [DefaultDispatcher-worker-11] run[7] chunk[66].preview='␠per'
2026-02-21T09:41:56.984Z D/AiViewModel [DefaultDispatcher-worker-11] run[7] chunk[67].preview='␠acre'
2026-02-21T09:41:57.131Z D/AiViewModel [DefaultDispatcher-worker-11] run[7] chunk[68].preview=').'
2026-02-21T09:41:57.346Z D/AiViewModel [DefaultDispatcher-worker-11] run[7] chunk[69].preview='",'
2026-02-21T09:41:57.471Z D/AiViewModel [DefaultDispatcher-worker-11] run[7] chunk[70].preview='␠"'
2026-02-21T09:41:57.697Z D/AiViewModel [DefaultDispatcher-worker-11] run[7] chunk[71].preview='score'
2026-02-21T09:41:57.817Z D/AiViewModel [DefaultDispatcher-worker-11] run[7] chunk[72].preview='":'
2026-02-21T09:41:58.029Z D/AiViewModel [DefaultDispatcher-worker-6] run[7] chunk[73].preview='␠'
2026-02-21T09:41:58.152Z D/AiViewModel [DefaultDispatcher-worker-11] run[7] chunk[74].preview='1'
2026-02-21T09:41:58.364Z D/AiViewModel [DefaultDispatcher-worker-11] run[7] chunk[75].preview='}'
2026-02-21T09:41:58.506Z D/AiViewModel [DefaultDispatcher-worker-6] run[7] chunk[76].preview='↩'
2026-02-21T09:41:58.724Z D/LiteRtRepository [main] [7] logical done=true (waiting native termination safe point)
2026-02-21T09:41:58.725Z D/LiteRtRepository [main] [7] cleanUpListener (native termination safe point)
2026-02-21T09:41:58.725Z D/LiteRtRepository [DefaultDispatcher-worker-12] [7] scheduleResetAfterSafepoint: begin (tag='native-terminated')
2026-02-21T09:41:58.727Z D/AiViewModel [DefaultDispatcher-worker-10] run[7] stats: chunks=76, chars=297, raw.len=297
2026-02-21T09:41:58.729Z D/AiViewModel [DefaultDispatcher-worker-10] run[7] sha(raw)=73f251eaf0938ceb24f34d9ad168eb8f776da2b9b8ac1e61f25805df514c20bf
2026-02-21T09:41:58.729Z D/AiViewModel [DefaultDispatcher-worker-10] run[7] rawVisible='{"analysis":␠"Answer␠is␠giberish␠and␠irrelevant.",␠"weakness":␠"No␠yield␠loss␠data␠provided.␠The␠answer␠is␠nonsensical␠and␠does␠not␠address␠the␠question.",␠"followup_needed":␠true,␠"followup_target":␠"Please␠provide␠yield␠loss␠data␠for␠the␠'
2026-02-21T09:41:58.730Z D/LiteRtRepository [DefaultDispatcher-worker-4] [7] resetConversation ok (after safepoint, tag='native-terminated')
2026-02-21T09:41:58.730Z D/LiteRtRepository [DefaultDispatcher-worker-4] [7] scheduleResetAfterSafepoint: end (tag='native-terminated')
2026-02-21T09:41:58.743Z D/AiViewModel [DefaultDispatcher-worker-10] run[7]: EVAL_JSON parsed score=1 followups=0 fu0=''
2026-02-21T09:41:58.744Z D/AiViewModel [DefaultDispatcher-worker-10] stepHistory+ runId=7 phase=EVAL mode=EVAL_JSON raw.len=297 score=1 FU=0 FU0='<none>' timeout=false err=null
2026-02-21T09:41:58.744Z I/AiViewModel [DefaultDispatcher-worker-10] run[7] done: phase=EVAL mode=EVAL_JSON score=1 FU[0]=<none> commit=true err=<none>
2026-02-21T09:41:58.744Z I/AiScreen [DefaultDispatcher-worker-10] TWO_STEP shouldRunSecond runId=ai-Q1-1696932298-1696932298996951 node=Q1 role=FOLLOWUP followup_needed=true timedOut=false rawLen=297
2026-02-21T09:41:58.745Z D/SurveyVM [DefaultDispatcher-worker-10] getFollowupPrompt[Q1] -> len=529 evalLen=297
2026-02-21T09:41:58.759Z D/AiViewModel [DefaultDispatcher-worker-10] run[8]: mode=FOLLOWUP_JSON_OR_TEXT phase=FOLLOWUP commit=false prompt.len=529, fullPrompt.len=1578, timeoutMs=120000
2026-02-21T09:41:58.760Z D/AiViewModel [DefaultDispatcher-worker-10] run[8]: sha(prompt)=9b121148d2291e370d00f83adc6c53e0618bf5e85084198ee70e095040106370 sha(full)=0e5fb474b46a051cc821e4c04094328becf8b62aaff84dc9ce765f6540e09a86
2026-02-21T09:41:58.775Z D/AiScreen [main] Step rendered (context=sid=1|nid=Q1 node=Q1 runId=7 phase=EVAL mode=EVAL_JSON showJson=true twoStep=true rawLen=297 followups=0 timedOut=false)
2026-02-21T09:41:58.776Z D/LiteRtRepository [DefaultDispatcher-worker-10] [8] request start: model='Gemma3n4B', prompt.len=1578, sha=0e5fb474b46a051c, gateWaitMs=0
2026-02-21T09:41:58.778Z D/LiteRtRepository [DefaultDispatcher-worker-6] [8] initializeIfNeeded ok (initMs=2)
2026-02-21T09:41:58.779Z D/LiteRtLM [DefaultDispatcher-worker-6] Cooldown delay: key='Gemma3n4B|/data/user/0/com.negi.survey/files/gemma-3n-E4B-it-int4.litertlm' delay=155ms reason='runInference-start'
2026-02-21T09:41:58.991Z D/LiteRtLM [DefaultDispatcher-worker-10] resetConversationInternal done: key='Gemma3n4B|/data/user/0/com.negi.survey/files/gemma-3n-E4B-it-int4.litertlm' reason='resetConversation'
2026-02-21T09:41:58.992Z D/LiteRtLM [DefaultDispatcher-worker-10] runInference start: key='Gemma3n4B|/data/user/0/com.negi.survey/files/gemma-3n-E4B-it-int4.litertlm' runId=8 hasText=true textLen=1578 images=0 audioClips=0
2026-02-21T09:41:58.992Z I/LiteRtLM [DefaultDispatcher-worker-10] LiteRT-LM sendMessageAsync(text): key='Gemma3n4B|/data/user/0/com.negi.survey/files/gemma-3n-E4B-it-int4.litertlm' runId=8 len=1578
2026-02-21T09:42:00.884Z D/AiViewModel [DefaultDispatcher-worker-10] run[8] chunk[1].preview='Please'
2026-02-21T09:42:01.123Z D/AiViewModel [DefaultDispatcher-worker-10] run[8] chunk[2].preview='␠provide'
2026-02-21T09:42:01.229Z D/AiViewModel [DefaultDispatcher-worker-10] run[8] chunk[3].preview='␠yield'
2026-02-21T09:42:01.403Z D/AiViewModel [DefaultDispatcher-worker-10] run[8] chunk[4].preview='␠loss'
2026-02-21T09:42:01.594Z D/AiViewModel [DefaultDispatcher-worker-10] run[8] chunk[5].preview='␠data'
2026-02-21T09:42:01.798Z D/AiViewModel [DefaultDispatcher-worker-10] run[8] chunk[6].preview='␠for'
2026-02-21T09:42:01.971Z D/AiViewModel [DefaultDispatcher-worker-10] run[8] chunk[7].preview='␠the'
2026-02-21T09:42:02.143Z D/AiViewModel [DefaultDispatcher-worker-2] run[8] chunk[8].preview='␠last'
2026-02-21T09:42:02.313Z D/AiViewModel [DefaultDispatcher-worker-10] run[8] chunk[9].preview='␠'
2026-02-21T09:42:02.488Z D/AiViewModel [DefaultDispatcher-worker-10] run[8] chunk[10].preview='3'
2026-02-21T09:42:02.646Z D/AiViewModel [DefaultDispatcher-worker-10] run[8] chunk[11].preview='␠seasons'
2026-02-21T09:42:02.870Z D/AiViewModel [DefaultDispatcher-worker-2] run[8] chunk[12].preview='␠('
2026-02-21T09:42:02.996Z D/AiViewModel [DefaultDispatcher-worker-2] run[8] chunk[13].preview='percent'
2026-02-21T09:42:03.231Z D/AiViewModel [DefaultDispatcher-worker-2] run[8] chunk[14].preview='␠or'
2026-02-21T09:42:03.343Z D/AiViewModel [DefaultDispatcher-worker-2] run[8] chunk[15].preview='␠bags'
2026-02-21T09:42:03.566Z D/AiViewModel [DefaultDispatcher-worker-2] run[8] chunk[16].preview='␠per'
2026-02-21T09:42:03.686Z D/AiViewModel [DefaultDispatcher-worker-2] run[8] chunk[17].preview='␠acre'
2026-02-21T09:42:03.912Z D/AiViewModel [DefaultDispatcher-worker-2] run[8] chunk[18].preview=').'
2026-02-21T09:42:04.029Z D/LiteRtRepository [main] [8] logical done=true (waiting native termination safe point)
2026-02-21T09:42:04.029Z D/LiteRtRepository [main] [8] cleanUpListener (native termination safe point)
2026-02-21T09:42:04.030Z D/LiteRtRepository [DefaultDispatcher-worker-12] [8] scheduleResetAfterSafepoint: begin (tag='native-terminated')
2026-02-21T09:42:04.031Z D/AiViewModel [DefaultDispatcher-worker-6] run[8] stats: chunks=18, chars=81, raw.len=81
2026-02-21T09:42:04.031Z D/AiViewModel [DefaultDispatcher-worker-6] run[8] sha(raw)=17055a1534acb6f6efbeba57e03309d41a48c815fe91220388bb813c814ade23
2026-02-21T09:42:04.031Z D/LiteRtRepository [DefaultDispatcher-worker-4] [8] resetConversation ok (after safepoint, tag='native-terminated')
2026-02-21T09:42:04.031Z D/LiteRtRepository [DefaultDispatcher-worker-4] [8] scheduleResetAfterSafepoint: end (tag='native-terminated')
2026-02-21T09:42:04.034Z D/AiViewModel [DefaultDispatcher-worker-6] run[8] rawVisible='Please␠provide␠yield␠loss␠data␠for␠the␠last␠3␠seasons␠(percent␠or␠bags␠per␠acre).'
2026-02-21T09:42:04.035Z D/AiViewModel [DefaultDispatcher-worker-6] run[8]: FOLLOWUP parse extractorQ='' textQ='Please␠provide␠yield␠loss␠data␠for␠the␠last␠3␠seasons␠(percent␠or␠bags␠per␠acre).' best='Please␠provide␠yield␠loss␠data␠for␠the␠last␠3␠seasons␠(percent␠or␠bags␠per␠acre).'
2026-02-21T09:42:04.035Z D/AiViewModel [DefaultDispatcher-worker-6] stepHistory+ runId=8 phase=FOLLOWUP mode=FOLLOWUP_JSON_OR_TEXT raw.len=81 score=null FU=1 FU0='Please␠provide␠yield␠loss␠data␠for␠the␠last␠3␠seasons␠(percent␠or␠bags␠per␠acre).' timeout=false err=null
2026-02-21T09:42:04.035Z I/AiViewModel [DefaultDispatcher-worker-6] run[8] done: phase=FOLLOWUP mode=FOLLOWUP_JSON_OR_TEXT score=null FU[0]=Please provide yield loss data for the last 3 seasons (percent or bags per acre). commit=false err=<none>
2026-02-21T09:42:04.055Z D/AiScreen [main] Step rendered (context=sid=1|nid=Q1 node=Q1 runId=8 phase=FOLLOWUP mode=FOLLOWUP_JSON_OR_TEXT showJson=false twoStep=true rawLen=81 followups=1 timedOut=false)
2026-02-21T09:42:04.291Z D/LiteRtLM [DefaultDispatcher-worker-6] resetConversationInternal done: key='Gemma3n4B|/data/user/0/com.negi.survey/files/gemma-3n-E4B-it-int4.litertlm' reason='resetConversation'
2026-02-21T10:08:22.021Z D/SurveyVM [main] hasTwoStepPrompt[Q1] -> true (eval=292, fu=246)
2026-02-21T10:08:22.022Z I/AiScreen [main] Submit begin runId=ai-Q1-1698530953-1698530953071300 node=Q1 role=FOLLOWUP isTwoStep=true sessionId=1 surveyUuid=209a09bf-2a8d-4ab7-af99-e7b69089220d qLen=74 aLen=6 qPreview="Provide yield loss data for the last 3 seasons (percent or bags per acre)." aPreview="sdvsdv"
2026-02-21T10:08:22.023Z D/SurveyVM [main] getEvalPrompt[Q1] -> len=350
2026-02-21T10:08:22.024Z I/AiScreen [main] Submit end runId=ai-Q1-1698530953-1698530953071300 node=Q1 elapsed=3ms
2026-02-21T10:08:22.029Z D/AiViewModel [DefaultDispatcher-worker-6] run[9]: mode=EVAL_JSON phase=EVAL commit=true prompt.len=350, fullPrompt.len=1499, timeoutMs=120000
2026-02-21T10:08:22.033Z D/AiViewModel [DefaultDispatcher-worker-6] run[9]: sha(prompt)=d1404432abf3f3f7334bb931d02189d328d0edf491912a7ca37465e65ec41b1c sha(full)=63635f1fe41c8f3484a1720a3f29adc70bfd3c0ceebb510f3162a7a4bd6b460b
2026-02-21T10:08:22.035Z D/LiteRtRepository [DefaultDispatcher-worker-6] [9] request start: model='Gemma3n4B', prompt.len=1499, sha=63635f1fe41c8f34, gateWaitMs=0
2026-02-21T10:08:22.037Z D/LiteRtRepository [DefaultDispatcher-worker-4] [9] initializeIfNeeded ok (initMs=2)
2026-02-21T10:08:22.043Z D/LiteRtLM [DefaultDispatcher-worker-4] runInference start: key='Gemma3n4B|/data/user/0/com.negi.survey/files/gemma-3n-E4B-it-int4.litertlm' runId=9 hasText=true textLen=1499 images=0 audioClips=0
2026-02-21T10:08:22.043Z I/LiteRtLM [DefaultDispatcher-worker-4] LiteRT-LM sendMessageAsync(text): key='Gemma3n4B|/data/user/0/com.negi.survey/files/gemma-3n-E4B-it-int4.litertlm' runId=9 len=1499
2026-02-21T10:08:25.575Z D/AiViewModel [DefaultDispatcher-worker-4] run[9] chunk[1].preview='{"'
2026-02-21T10:08:25.785Z D/AiViewModel [DefaultDispatcher-worker-6] run[9] chunk[2].preview='analysis'
2026-02-21T10:08:25.918Z D/AiViewModel [DefaultDispatcher-worker-6] run[9] chunk[3].preview='":'
2026-02-21T10:08:26.115Z D/AiViewModel [DefaultDispatcher-worker-6] run[9] chunk[4].preview='␠"'
2026-02-21T10:08:26.257Z D/AiViewModel [DefaultDispatcher-worker-4] run[9] chunk[5].preview='Answer'
2026-02-21T10:08:26.473Z D/AiViewModel [DefaultDispatcher-worker-4] run[9] chunk[6].preview='␠is'
2026-02-21T10:08:26.597Z D/AiViewModel [DefaultDispatcher-worker-4] run[9] chunk[7].preview='␠gib'
2026-02-21T10:08:26.838Z D/AiViewModel [DefaultDispatcher-worker-4] run[9] chunk[8].preview='er'
2026-02-21T10:08:26.958Z D/AiViewModel [DefaultDispatcher-worker-6] run[9] chunk[9].preview='ish'
2026-02-21T10:08:27.155Z D/AiViewModel [DefaultDispatcher-worker-6] run[9] chunk[10].preview='␠and'
2026-02-21T10:08:27.296Z D/AiViewModel [DefaultDispatcher-worker-4] run[9] chunk[11].preview='␠irrelevant'
2026-02-21T10:08:27.551Z D/AiViewModel [DefaultDispatcher-worker-6] run[9] chunk[12].preview='.",'
2026-02-21T10:08:27.745Z D/AiViewModel [DefaultDispatcher-worker-4] run[9] chunk[13].preview='␠"'
2026-02-21T10:08:27.938Z D/AiViewModel [DefaultDispatcher-worker-4] run[9] chunk[14].preview='weak'
2026-02-21T10:08:28.089Z D/AiViewModel [DefaultDispatcher-worker-4] run[9] chunk[15].preview='ness'
2026-02-21T10:08:28.306Z D/AiViewModel [DefaultDispatcher-worker-4] run[9] chunk[16].preview='":'
2026-02-21T10:08:28.425Z D/AiViewModel [DefaultDispatcher-worker-4] run[9] chunk[17].preview='␠"'
2026-02-21T10:08:28.590Z D/AiViewModel [DefaultDispatcher-worker-4] run[9] chunk[18].preview='No'
2026-02-21T10:08:28.825Z D/AiViewModel [DefaultDispatcher-worker-4] run[9] chunk[19].preview='␠yield'
2026-02-21T10:08:28.954Z D/AiViewModel [DefaultDispatcher-worker-4] run[9] chunk[20].preview='␠loss'
2026-02-21T10:08:29.173Z D/AiViewModel [DefaultDispatcher-worker-6] run[9] chunk[21].preview='␠data'
2026-02-21T10:08:29.296Z D/AiViewModel [DefaultDispatcher-worker-6] run[9] chunk[22].preview='␠provided'
2026-02-21T10:08:29.491Z D/AiViewModel [DefaultDispatcher-worker-6] run[9] chunk[23].preview='.'
2026-02-21T10:08:29.638Z D/AiViewModel [DefaultDispatcher-worker-4] run[9] chunk[24].preview='␠The'
2026-02-21T10:08:29.858Z D/AiViewModel [DefaultDispatcher-worker-4] run[9] chunk[25].preview='␠answer'
2026-02-21T10:08:29.979Z D/AiViewModel [DefaultDispatcher-worker-6] run[9] chunk[26].preview='␠is'
2026-02-21T10:08:30.187Z D/AiViewModel [DefaultDispatcher-worker-6] run[9] chunk[27].preview='␠nons'
2026-02-21T10:08:30.348Z D/AiViewModel [DefaultDispatcher-worker-6] run[9] chunk[28].preview='ensical'
2026-02-21T10:08:30.578Z D/AiViewModel [DefaultDispatcher-worker-6] run[9] chunk[29].preview='␠and'
2026-02-21T10:08:30.725Z D/AiViewModel [DefaultDispatcher-worker-6] run[9] chunk[30].preview='␠does'
2026-02-21T10:08:30.927Z D/AiViewModel [DefaultDispatcher-worker-4] run[9] chunk[31].preview='␠not'
2026-02-21T10:08:31.074Z D/AiViewModel [DefaultDispatcher-worker-4] run[9] chunk[32].preview='␠address'
2026-02-21T10:08:31.277Z D/AiViewModel [DefaultDispatcher-worker-4] run[9] chunk[33].preview='␠the'
2026-02-21T10:08:31.403Z D/AiViewModel [DefaultDispatcher-worker-4] run[9] chunk[34].preview='␠question'
2026-02-21T10:08:31.593Z D/AiViewModel [DefaultDispatcher-worker-4] run[9] chunk[35].preview='.",'
2026-02-21T10:08:31.739Z D/AiViewModel [DefaultDispatcher-worker-4] run[9] chunk[36].preview='␠"'
2026-02-21T10:08:31.960Z D/AiViewModel [DefaultDispatcher-worker-6] run[9] chunk[37].preview='follow'
2026-02-21T10:08:32.082Z D/AiViewModel [DefaultDispatcher-worker-4] run[9] chunk[38].preview='up'
2026-02-21T10:08:32.277Z D/AiViewModel [DefaultDispatcher-worker-4] run[9] chunk[39].preview='_'
2026-02-21T10:08:32.427Z D/AiViewModel [DefaultDispatcher-worker-6] run[9] chunk[40].preview='needed'
2026-02-21T10:08:32.630Z D/AiViewModel [DefaultDispatcher-worker-4] run[9] chunk[41].preview='":'
2026-02-21T10:08:32.760Z D/AiViewModel [DefaultDispatcher-worker-6] run[9] chunk[42].preview='␠true'
2026-02-21T10:08:32.982Z D/AiViewModel [DefaultDispatcher-worker-6] run[9] chunk[43].preview=','
2026-02-21T10:08:33.103Z D/AiViewModel [DefaultDispatcher-worker-4] run[9] chunk[44].preview='␠"'
2026-02-21T10:08:33.328Z D/AiViewModel [DefaultDispatcher-worker-6] run[9] chunk[45].preview='follow'
2026-02-21T10:08:33.453Z D/AiViewModel [DefaultDispatcher-worker-6] run[9] chunk[46].preview='up'
2026-02-21T10:08:33.662Z D/AiViewModel [DefaultDispatcher-worker-6] run[9] chunk[47].preview='_'
2026-02-21T10:08:33.788Z D/AiViewModel [DefaultDispatcher-worker-6] run[9] chunk[48].preview='target'
2026-02-21T10:08:33.980Z D/AiViewModel [DefaultDispatcher-worker-6] run[9] chunk[49].preview='":'
2026-02-21T10:08:34.119Z D/AiViewModel [DefaultDispatcher-worker-4] run[9] chunk[50].preview='␠"'
2026-02-21T10:08:34.336Z D/AiViewModel [DefaultDispatcher-worker-4] run[9] chunk[51].preview='Please'
2026-02-21T10:08:34.465Z D/AiViewModel [DefaultDispatcher-worker-4] run[9] chunk[52].preview='␠provide'
2026-02-21T10:08:34.663Z D/AiViewModel [DefaultDispatcher-worker-4] run[9] chunk[53].preview='␠yield'
2026-02-21T10:08:34.812Z D/AiViewModel [DefaultDispatcher-worker-6] run[9] chunk[54].preview='␠loss'
2026-02-21T10:08:34.979Z D/AiViewModel [DefaultDispatcher-worker-6] run[9] chunk[55].preview='␠data'
2026-02-21T10:08:35.198Z D/AiViewModel [DefaultDispatcher-worker-6] run[9] chunk[56].preview='␠for'
2026-02-21T10:08:35.318Z D/AiViewModel [DefaultDispatcher-worker-4] run[9] chunk[57].preview='␠the'
2026-02-21T10:08:35.539Z D/AiViewModel [DefaultDispatcher-worker-4] run[9] chunk[58].preview='␠last'
2026-02-21T10:08:35.663Z D/AiViewModel [DefaultDispatcher-worker-4] run[9] chunk[59].preview='␠'
2026-02-21T10:08:35.850Z D/AiViewModel [DefaultDispatcher-worker-4] run[9] chunk[60].preview='3'
2026-02-21T10:08:36.050Z D/AiViewModel [DefaultDispatcher-worker-4] run[9] chunk[61].preview='␠seasons'
2026-02-21T10:08:36.167Z D/AiViewModel [DefaultDispatcher-worker-6] run[9] chunk[62].preview='.",'
2026-02-21T10:08:36.348Z D/AiViewModel [DefaultDispatcher-worker-6] run[9] chunk[63].preview='␠"'
2026-02-21T10:08:36.520Z D/AiViewModel [DefaultDispatcher-worker-6] run[9] chunk[64].preview='score'
2026-02-21T10:08:36.727Z D/AiViewModel [DefaultDispatcher-worker-6] run[9] chunk[65].preview='":'
2026-02-21T10:08:36.864Z D/AiViewModel [DefaultDispatcher-worker-6] run[9] chunk[66].preview='␠'
2026-02-21T10:08:37.086Z D/AiViewModel [DefaultDispatcher-worker-6] run[9] chunk[67].preview='1'
2026-02-21T10:08:37.211Z D/AiViewModel [DefaultDispatcher-worker-6] run[9] chunk[68].preview='}'
2026-02-21T10:08:37.414Z D/LiteRtRepository [main] [9] logical done=true (waiting native termination safe point)
2026-02-21T10:08:37.414Z D/LiteRtRepository [main] [9] cleanUpListener (native termination safe point)
2026-02-21T10:08:37.416Z D/LiteRtRepository [DefaultDispatcher-worker-6] [9] scheduleResetAfterSafepoint: begin (tag='native-terminated')
2026-02-21T10:08:37.418Z D/AiViewModel [DefaultDispatcher-worker-8] run[9] stats: chunks=68, chars=269, raw.len=269
2026-02-21T10:08:37.418Z D/LiteRtRepository [DefaultDispatcher-worker-1] [9] resetConversation ok (after safepoint, tag='native-terminated')
2026-02-21T10:08:37.418Z D/LiteRtRepository [DefaultDispatcher-worker-1] [9] scheduleResetAfterSafepoint: end (tag='native-terminated')
2026-02-21T10:08:37.420Z D/AiViewModel [DefaultDispatcher-worker-8] run[9] sha(raw)=0118133caa2bb1ade77109bcf7eca9587fb3b3a133546ec25294d987068c092b
2026-02-21T10:08:37.421Z D/AiViewModel [DefaultDispatcher-worker-8] run[9] rawVisible='{"analysis":␠"Answer␠is␠giberish␠and␠irrelevant.",␠"weakness":␠"No␠yield␠loss␠data␠provided.␠The␠answer␠is␠nonsensical␠and␠does␠not␠address␠the␠question.",␠"followup_needed":␠true,␠"followup_target":␠"Please␠provide␠yield␠loss␠data␠for␠the␠'
2026-02-21T10:08:37.427Z D/AiViewModel [DefaultDispatcher-worker-8] run[9]: EVAL_JSON parsed score=1 followups=0 fu0=''
2026-02-21T10:08:37.428Z D/AiViewModel [DefaultDispatcher-worker-8] stepHistory+ runId=9 phase=EVAL mode=EVAL_JSON raw.len=269 score=1 FU=0 FU0='<none>' timeout=false err=null
2026-02-21T10:08:37.429Z I/AiViewModel [DefaultDispatcher-worker-8] run[9] done: phase=EVAL mode=EVAL_JSON score=1 FU[0]=<none> commit=true err=<none>
2026-02-21T10:08:37.430Z I/AiScreen [DefaultDispatcher-worker-8] TWO_STEP shouldRunSecond runId=ai-Q1-1698530953-1698530953071300 node=Q1 role=FOLLOWUP followup_needed=true timedOut=false rawLen=269
2026-02-21T10:08:37.431Z D/SurveyVM [DefaultDispatcher-worker-8] getFollowupPrompt[Q1] -> len=502 evalLen=269
2026-02-21T10:08:37.431Z D/AiViewModel [DefaultDispatcher-worker-8] run[10]: mode=FOLLOWUP_JSON_OR_TEXT phase=FOLLOWUP commit=false prompt.len=502, fullPrompt.len=1551, timeoutMs=120000
2026-02-21T10:08:37.432Z D/AiViewModel [DefaultDispatcher-worker-8] run[10]: sha(prompt)=2fdbc93697b72816308c1751d9f6bfa610fb02decf335f286821bbf4f8164c18 sha(full)=d94e8f90ec599f21dadc019b32a1c77dff84cc8a22b7d9c13efd16d5bbc580f0
2026-02-21T10:08:37.442Z D/LiteRtRepository [DefaultDispatcher-worker-9] [10] request start: model='Gemma3n4B', prompt.len=1551, sha=d94e8f90ec599f21, gateWaitMs=0
2026-02-21T10:08:37.443Z D/LiteRtRepository [DefaultDispatcher-worker-9] [10] initializeIfNeeded ok (initMs=0)
2026-02-21T10:08:37.443Z D/LiteRtLM [DefaultDispatcher-worker-9] Cooldown delay: key='Gemma3n4B|/data/user/0/com.negi.survey/files/gemma-3n-E4B-it-int4.litertlm' delay=172ms reason='runInference-start'
2026-02-21T10:08:37.459Z D/AiScreen [main] Step rendered (context=sid=1|nid=Q1 node=Q1 runId=9 phase=EVAL mode=EVAL_JSON showJson=true twoStep=true rawLen=269 followups=0 timedOut=false)
2026-02-21T10:08:37.681Z D/LiteRtLM [DefaultDispatcher-worker-8] resetConversationInternal done: key='Gemma3n4B|/data/user/0/com.negi.survey/files/gemma-3n-E4B-it-int4.litertlm' reason='resetConversation'
2026-02-21T10:08:37.681Z D/LiteRtLM [DefaultDispatcher-worker-8] runInference start: key='Gemma3n4B|/data/user/0/com.negi.survey/files/gemma-3n-E4B-it-int4.litertlm' runId=10 hasText=true textLen=1551 images=0 audioClips=0
2026-02-21T10:08:37.681Z I/LiteRtLM [DefaultDispatcher-worker-8] LiteRT-LM sendMessageAsync(text): key='Gemma3n4B|/data/user/0/com.negi.survey/files/gemma-3n-E4B-it-int4.litertlm' runId=10 len=1551
2026-02-21T10:08:39.790Z D/AiViewModel [DefaultDispatcher-worker-8] run[10] chunk[1].preview='Please'
2026-02-21T10:08:39.938Z D/AiViewModel [DefaultDispatcher-worker-8] run[10] chunk[2].preview='␠provide'
2026-02-21T10:08:40.156Z D/AiViewModel [DefaultDispatcher-worker-8] run[10] chunk[3].preview='␠yield'
2026-02-21T10:08:40.284Z D/AiViewModel [DefaultDispatcher-worker-8] run[10] chunk[4].preview='␠loss'
2026-02-21T10:08:40.509Z D/AiViewModel [DefaultDispatcher-worker-8] run[10] chunk[5].preview='␠data'
2026-02-21T10:08:40.624Z D/AiViewModel [DefaultDispatcher-worker-8] run[10] chunk[6].preview='␠for'
2026-02-21T10:08:40.796Z D/AiViewModel [DefaultDispatcher-worker-8] run[10] chunk[7].preview='␠the'
2026-02-21T10:08:41.006Z D/AiViewModel [DefaultDispatcher-worker-8] run[10] chunk[8].preview='␠last'
2026-02-21T10:08:41.137Z D/AiViewModel [DefaultDispatcher-worker-8] run[10] chunk[9].preview='␠'
2026-02-21T10:08:41.357Z D/AiViewModel [DefaultDispatcher-worker-8] run[10] chunk[10].preview='3'
2026-02-21T10:08:41.476Z D/AiViewModel [DefaultDispatcher-worker-8] run[10] chunk[11].preview='␠seasons'
