=== RuntimeLogStore Header ===
ts=2026-02-21T09:07:29.709Z
fileNameFormat=LEGACY
appId=com.negi.survey
versionName=0.0.1
versionCode=1
debug=false
device=Google Pixel 9a
sdk=36
pid=21222
==============================
2026-02-21T09:07:29.709Z I/RuntimeLogStore [rtlog-io] start: actor launched (fileNameFormat=LEGACY)
2026-02-21T09:07:29.707Z D/SurveyApp [main] attachBaseContext: pid=21222 process=com.negi.survey isMain=true sdk=36
2026-02-21T09:07:29.708Z D/SurveyApp [main] Skipping WorkManager init in attachBaseContext; will init in onCreate.
2026-02-21T09:07:29.708Z D/SurveyApp [main] CrashCapture installed: where=SurveyApp:attachBaseContext
2026-02-21T09:07:29.708Z I/RuntimeLogStore [main] start repair: ctx/dir refreshed
2026-02-21T09:07:29.708Z D/SurveyApp [main] onCreate: pid=21222 process=com.negi.survey isMain=true sdk=36
2026-02-21T09:07:29.722Z D/SurveyApp [main] WorkManager already ready. where=onCreate
2026-02-21T09:07:29.723Z D/SurveyApp [main] WorkManager already ready. where=startupRtLogs
2026-02-21T09:07:29.790Z D/SurveyApp [main] Startup runtime logs: enqueue requested.
2026-02-21T09:07:29.790Z D/SurveyApp [main] CrashCapture installed: where=SurveyApp:onCreate(rewrap)
2026-02-21T09:07:29.790Z D/SurveyApp [main] CrashCapture self-healing registered.
2026-02-21T09:07:29.790Z D/SurveyApp [main] WorkManager already ready. where=enqueuePending(immediate)
2026-02-21T09:07:29.790Z D/SurveyApp [main] CrashCapture pending uploads requested (immediate).
2026-02-21T09:07:29.803Z I/RuntimeLogStore [DefaultDispatcher-worker-2] start repair: ctx/dir refreshed
2026-02-21T09:07:31.247Z I/RuntimeLogStore [DefaultDispatcher-worker-21] start repair: ctx/dir refreshed
