=== RuntimeLogStore Header ===
ts=2026-02-21T09:37:40.278Z
fileNameFormat=LEGACY
appId=com.negi.survey
versionName=0.0.1
versionCode=1
debug=false
device=Google Pixel 9a
sdk=36
pid=23064
==============================
2026-02-21T09:37:40.280Z I/RuntimeLogStore [rtlog-io] start: actor launched (fileNameFormat=LEGACY)
2026-02-21T09:37:40.279Z D/SurveyApp [main] attachBaseContext: pid=23064 process=com.negi.survey isMain=true sdk=36
2026-02-21T09:37:40.280Z D/SurveyApp [main] Skipping WorkManager init in attachBaseContext; will init in onCreate.
2026-02-21T09:37:40.280Z D/SurveyApp [main] CrashCapture installed: where=SurveyApp:attachBaseContext
2026-02-21T09:37:40.280Z I/RuntimeLogStore [main] start repair: ctx/dir refreshed
2026-02-21T09:37:40.280Z D/SurveyApp [main] onCreate: pid=23064 process=com.negi.survey isMain=true sdk=36
2026-02-21T09:37:40.298Z D/SurveyApp [main] WorkManager already ready. where=onCreate
2026-02-21T09:37:40.298Z D/SurveyApp [main] WorkManager already ready. where=startupRtLogs
2026-02-21T09:37:40.359Z D/SurveyApp [main] Startup runtime logs: enqueue requested.
2026-02-21T09:37:40.360Z D/SurveyApp [main] CrashCapture installed: where=SurveyApp:onCreate(rewrap)
2026-02-21T09:37:40.360Z D/SurveyApp [main] CrashCapture self-healing registered.
2026-02-21T09:37:40.360Z D/SurveyApp [main] WorkManager already ready. where=enqueuePending(immediate)
2026-02-21T09:37:40.360Z D/SurveyApp [main] CrashCapture pending uploads requested (immediate).
2026-02-21T09:37:40.376Z I/RuntimeLogStore [DefaultDispatcher-worker-2] start repair: ctx/dir refreshed
2026-02-21T09:37:41.878Z I/RuntimeLogStore [DefaultDispatcher-worker-16] start repair: ctx/dir refreshed
