=== RuntimeLogStore Header ===
ts=2026-02-21T09:33:20.554Z
fileNameFormat=LEGACY
appId=com.negi.survey
versionName=0.0.1
versionCode=1
debug=false
device=Google Pixel 9a
sdk=36
pid=22615
==============================
2026-02-21T09:33:20.555Z I/RuntimeLogStore [rtlog-io] start: actor launched (fileNameFormat=LEGACY)
2026-02-21T09:33:20.545Z D/SurveyApp [main] attachBaseContext: pid=22615 process=com.negi.survey isMain=true sdk=36
2026-02-21T09:33:20.545Z D/SurveyApp [main] Skipping WorkManager init in attachBaseContext; will init in onCreate.
2026-02-21T09:33:20.546Z D/SurveyApp [main] CrashCapture installed: where=SurveyApp:attachBaseContext
2026-02-21T09:33:20.546Z I/RuntimeLogStore [main] start repair: ctx/dir refreshed
2026-02-21T09:33:20.546Z D/SurveyApp [main] onCreate: pid=22615 process=com.negi.survey isMain=true sdk=36
2026-02-21T09:33:20.562Z D/SurveyApp [main] WorkManager already ready. where=onCreate
2026-02-21T09:33:20.562Z D/SurveyApp [main] WorkManager already ready. where=startupRtLogs
2026-02-21T09:33:20.617Z D/SurveyApp [main] Startup runtime logs: enqueue requested.
2026-02-21T09:33:20.617Z D/SurveyApp [main] CrashCapture installed: where=SurveyApp:onCreate(rewrap)
2026-02-21T09:33:20.617Z D/SurveyApp [main] CrashCapture self-healing registered.
2026-02-21T09:33:20.617Z D/SurveyApp [main] WorkManager already ready. where=enqueuePending(immediate)
2026-02-21T09:33:20.617Z D/SurveyApp [main] CrashCapture pending uploads requested (immediate).
2026-02-21T09:33:20.628Z I/RuntimeLogStore [DefaultDispatcher-worker-1] start repair: ctx/dir refreshed
2026-02-21T09:33:22.072Z I/RuntimeLogStore [DefaultDispatcher-worker-19] start repair: ctx/dir refreshed
