=== Previous Session Logcat ===
captured_time_utc=20260228_232659
captured_time_local=20260228_152659
marker=2026-02-28 15:22:37.370
preferred_prev_pid=-1
note=best-effort; buffers may be overwritten before next start
sdk=36
device=Google Pixel 9a
appId=com.negi.survey
versionName=0.0.1
versionCode=1

=== Logcat (since marker) ===
--------- beginning of system
02-28 15:22:47.383 19855 19855 D InsetsController: hide(ime())
--------- beginning of main
02-28 15:26:56.855 21368 21368 I libc    : SetHeapTaggingLevel: tag level set to 0
02-28 15:26:56.859 21368 21368 I Zygote  : Process 21368 created for com.negi.survey
02-28 15:26:56.860 21368 21368 I com.negi.survey: Using CollectorTypeCMC GC.
02-28 15:26:56.868 21368 21368 D nativeloader: Load libframework-connectivity-tiramisu-jni.so using APEX ns com_android_tethering for caller /apex/com.android.tethering/javalib/framework-connectivity-t.jar: ok
02-28 15:26:56.891 21368 21368 D ApplicationLoaders: Returning zygote-cached class loader: /system_ext/framework/androidx.window.extensions.jar
02-28 15:26:56.891 21368 21368 D ApplicationLoaders: Returning zygote-cached class loader: /system_ext/framework/androidx.window.sidecar.jar
02-28 15:26:56.975 21368 21368 D nativeloader: Configuring clns-9 for other apk /data/app/~~PRxWpjzYxyoI5sk5lmDIEw==/com.negi.survey-WdDB-fctmo--QDr4IHn5sQ==/base.apk. target_sdk_version=36, uses_libraries=libOpenCL.so:libOpenCL-pixel.so, library_path=/data/app/~~PRxWpjzYxyoI5sk5lmDIEw==/com.negi.survey-WdDB-fctmo--QDr4IHn5sQ==/lib/arm64:/data/app/~~PRxWpjzYxyoI5sk5lmDIEw==/com.negi.survey-WdDB-fctmo--QDr4IHn5sQ==/base.apk!/lib/arm64-v8a, permitted_path=/data:/mnt/expand:/data/user/0/com.negi.survey
02-28 15:26:56.982 21368 21368 V GraphicsEnvironment: Currently set values for:
02-28 15:26:56.982 21368 21368 V GraphicsEnvironment:   angle_gl_driver_selection_pkgs=[com.android.angle, com.google.android.apps.tachyon]
02-28 15:26:56.982 21368 21368 V GraphicsEnvironment:   angle_gl_driver_selection_values=[angle, native]
02-28 15:26:56.982 21368 21368 V GraphicsEnvironment: com.negi.survey is not listed in per-application setting
02-28 15:26:56.982 21368 21368 V GraphicsEnvironment: ANGLE allowlist from config: 
02-28 15:26:56.982 21368 21368 V GraphicsEnvironment: No special selections for ANGLE, returning default driver choice
02-28 15:26:56.982 21368 21368 V GraphicsEnvironment: Neither updatable production driver nor prerelease driver is supported.
02-28 15:26:57.030 21368 21368 D nativeloader: Load /data/app/~~PRxWpjzYxyoI5sk5lmDIEw==/com.negi.survey-WdDB-fctmo--QDr4IHn5sQ==/base.apk!/lib/arm64-v8a/liblitertlm_jni.so using class loader ns clns-9 (caller=/data/app/~~PRxWpjzYxyoI5sk5lmDIEw==/com.negi.survey-WdDB-fctmo--QDr4IHn5sQ==/base.apk!classes4.dex): ok
02-28 15:26:57.031 21368 21368 D SurveyApp: Loaded LiteRTLM JNI: litertlm_jni where=attachBaseContext
02-28 15:26:57.038 21368 21368 D AppRingLogStore: installed: dir=/data/user/0/com.negi.survey/files/diagnostics/applog_ring idx=0
02-28 15:26:57.039 21368 21368 D CrashCapture: install: ensured default handler. where=SurveyApp:attachBaseContext pid=21368 default=com.negi.survey.CrashCapture$CrashHandler@9e57f47
02-28 15:26:57.040 21368 21368 D CrashCapture: install: ensured default handler. where=SurveyApp:onCreate(rewrap) pid=21368 default=com.negi.survey.CrashCapture$CrashHandler@9e57f47
02-28 15:26:57.040 21368 21368 D CrashCapture: registerSelfHealing: ActivityLifecycleCallbacks registered. mode=onResumedOnly
02-28 15:26:57.041 21368 21380 D RuntimeLogStore: openWriter: start -> /data/user/0/com.negi.survey/files/diagnostics/runtime_logs/rtlog_20260228_232657_040_pid21368_seq1.log (bytes=0 format=LEGACY)
02-28 15:26:57.046 21368 21380 D RuntimeLogStore: retention: start files=5 kept=5 totalBytes=9388
02-28 15:26:57.049 21368 21382 I DisplayManager: Choreographer implicitly registered for the refresh rate.
02-28 15:26:57.050 21368 21382 D vulkan  : searching for layers in '/data/app/~~PRxWpjzYxyoI5sk5lmDIEw==/com.negi.survey-WdDB-fctmo--QDr4IHn5sQ==/lib/arm64'
02-28 15:26:57.051 21368 21382 D vulkan  : searching for layers in '/data/app/~~PRxWpjzYxyoI5sk5lmDIEw==/com.negi.survey-WdDB-fctmo--QDr4IHn5sQ==/base.apk!/lib/arm64-v8a'
02-28 15:26:57.051 21368 21368 D DesktopExperienceFlags: Toggle override initialized to: false
02-28 15:26:57.054 21368 21368 E ashmem  : Pinning is deprecated since Android Q. Please use trim or other methods.
02-28 15:26:57.062 21368 21368 D CompatChangeReporter: Compat change id reported: 377864165; UID 14741; state: ENABLED
02-28 15:26:57.062 21368 21368 D DesktopModeFlags: Toggle override initialized to: OVERRIDE_UNSET
02-28 15:26:57.071 21368 21368 I ContentCaptureHelper: Setting logging level to OFF
02-28 15:26:57.077 21368 21368 D CrashCapture: install: ensured default handler. where=selfHeal:onActivityResumed pid=21368 default=com.negi.survey.CrashCapture$CrashHandler@9e57f47
02-28 15:26:57.109 21368 21368 D WindowOnBackDispatcher: setTopOnBackInvokedCallback (unwrapped): android.app.Activity$$ExternalSyntheticLambda0@8fab891
02-28 15:26:57.136 21368 21368 E VibratorInfo: Invalid frequency profile received from HAL. resonantFrequencyHz=NaN, frequenciesHz=null, outputAccelerationsGs=null
02-28 15:26:57.176 21368 21368 D VRI[MainActivity]: WindowInsets changed: 1080x2424 statusBars:[0,152,0,0] navigationBars:[0,0,0,69] mandatorySystemGestures:[0,187,0,92] 
02-28 15:26:57.182 21368 21368 I HWUI    : Using FreeType backend (prop=Auto)
02-28 15:26:57.401 21368 21368 D IntroScreen: Resolved config details: id=survey_config10.yaml in 9ms
02-28 15:26:57.490 21368 21368 D InsetsController: hide(ime())
02-28 15:26:57.491 21368 21368 I ImeTracker: com.negi.survey:c9b4db14: onCancelled at PHASE_CLIENT_ALREADY_HIDDEN
02-28 15:26:59.550 21368 21368 D WM-PackageManagerHelper: Skipping component enablement for androidx.work.impl.background.systemjob.SystemJobService
02-28 15:26:59.550 21368 21368 D WM-Schedulers: Created SystemJobScheduler and enabled SystemJobService
02-28 15:26:59.552 21368 21404 D WM-ForceStopRunnable: Is default app process = true
02-28 15:26:59.555 21368 21404 D WM-ForceStopRunnable: Performing cleanup operations.
02-28 15:26:59.669 21368 21368 D github_upload: choosePolicy: uniqueName=upload_runtime_logs_startup policy=KEEP states=[ENQUEUED]
02-28 15:26:59.669 21368 21368 D github_upload: enqueueStartupRuntimeLogsUpload: uniqueName=upload_runtime_logs_startup policy=KEEP
02-28 15:26:59.679 21368 21368 D github_upload: choosePolicy: uniqueName=upload_ring_logs_startup policy=KEEP states=[ENQUEUED]
02-28 15:26:59.679 21368 21368 D github_upload: enqueueStartupRingLogsUpload: uniqueName=upload_ring_logs_startup policy=KEEP
02-28 15:26:59.683 21368 21410 D CrashCapture: enqueuePendingCrashUploadsIfPossible enter where=SurveyApp:enqueuePending(immediate):bg pid=21368 thread=CrashCapture-Enqueue
02-28 15:26:59.693 21368 21404 D WM-PackageManagerHelper: Skipping component enablement for androidx.work.impl.background.systemalarm.RescheduleReceiver
