=== RuntimeLogStore Header ===
ts=2026-02-22T01:25:49.753Z
fileNameFormat=LEGACY
appId=com.negi.survey
versionName=0.0.1
versionCode=1
debug=false
device=Google Pixel 9a
sdk=36
pid=22475
==============================
2026-02-22T01:25:49.753Z I/RuntimeLogStore [rtlog-io] --- rotated (reason=plain_snapshot:app_start) ---
2026-02-22T01:25:59.145Z D/LiteRtLM [DefaultDispatcher-worker-15] Initializing LiteRT-LM: model='Gemma3n4B', key='Gemma3n4B|/data/user/0/com.negi.survey/files/gemma-3n-E4B-it-int4.litertlm'
2026-02-22T01:25:59.145Z D/LiteRtLM [DefaultDispatcher-worker-15] Capabilities: image=false audio=false
2026-02-22T01:25:59.145Z D/LiteRtLM [DefaultDispatcher-worker-15] Backend=GPU maxNumTokens=4096 (raw=4096) topK=64 topP=0.95 temp=1.0
2026-02-22T01:26:26.824Z D/LiteRtLM [DefaultDispatcher-worker-15] LiteRT-LM initialization succeeded: model='Gemma3n4B', key='Gemma3n4B|/data/user/0/com.negi.survey/files/gemma-3n-E4B-it-int4.litertlm'
2026-02-22T01:26:26.872Z D/AiTrace [main] Installed (enabled=false ringEnabled=true)
2026-02-22T01:26:26.881Z D/SurveyVM [main] init -> Start, session=0, uuid=164593b6-c99f-4a70-a085-941a3ac8bec3, navSize=1, graphSize=9
2026-02-22T01:26:26.911Z D/SurveyVM [main] config.validate -> issues=0
2026-02-22T01:26:26.913Z D/SurveyVM [main] promptSources -> legacy=0, eval=6, follow=6
2026-02-22T01:26:26.913Z D/SurveyVM [main] promptSources.preview -> legacy=[], eval=[Q1, Q2, Q3, Q4, Q5, Q6], follow=[Q1, Q2, Q3, Q4, Q5, Q6]
2026-02-22T01:26:26.914Z D/SurveyVM [main] hasTwoStepPrompt[Q1] -> true (eval=303, fu=240)
2026-02-22T01:26:26.914Z D/SurveyVM [main] hasTwoStepPrompt[Q2] -> true (eval=303, fu=240)
2026-02-22T01:26:26.914Z D/SurveyVM [main] hasTwoStepPrompt[Q3] -> true (eval=303, fu=240)
2026-02-22T01:26:26.914Z D/SurveyVM [main] hasTwoStepPrompt[Q4] -> true (eval=303, fu=240)
2026-02-22T01:26:26.914Z D/SurveyVM [main] hasTwoStepPrompt[Q5] -> true (eval=303, fu=240)
2026-02-22T01:26:26.915Z D/SurveyVM [main] hasTwoStepPrompt[Q6] -> true (eval=303, fu=240)
2026-02-22T01:26:26.915Z D/SurveyVM [main] AI prompt coverage OK (aiCount=6)
2026-02-22T01:26:40.172Z D/SurveyVM [DefaultDispatcher-worker-15] addAudioRef -> q=__home_free_text__, file=voice_164593b6-c99f-4a70-a085-941a3ac8bec3_home_free_text_20260222_012640.wav, sid=164593b6-c99f-4a70-a085-941a3ac8bec3
2026-02-22T01:26:40.177Z D/SurveyVM [DefaultDispatcher-worker-15] onVoiceExported -> q=__home_free_text__, file=voice_164593b6-c99f-4a70-a085-941a3ac8bec3_home_free_text_20260222_012640.wav, replace=false
2026-02-22T01:27:26.773Z D/SurveyVM [main] resetAudioRefs -> cleared
2026-02-22T01:27:26.778Z D/SurveyVM [main] resetNavToStart -> key=com.negi.survey.vm.FlowHome@6e89189, navSize=1
2026-02-22T01:27:26.778Z D/SurveyVM [main] resetToStart -> Start, session=1, uuid=6d2d9f08-3597-424c-8514-8a0a1cfe5a1f, preserveDraft=true, runNoteLen=22, draftCleared=true
2026-02-22T01:27:26.778Z D/SurveyVM [main] push -> Q1, navSize=2, stackSize=2
2026-02-22T01:27:26.821Z D/SurveyVM [main] hasTwoStepPrompt[Q1] -> true (eval=303, fu=240)
2026-02-22T01:27:32.606Z D/SurveyVM [main] backToPrevious -> Start
2026-02-22T01:27:32.608Z D/SurveyVM [main] hasTwoStepPrompt[Start] -> false (eval=0, fu=0)
2026-02-22T01:30:17.908Z D/SurveyVM [DefaultDispatcher-worker-2] addAudioRef -> q=__home_free_text__, file=voice_6d2d9f08-3597-424c-8514-8a0a1cfe5a1f_home_free_text_20260222_013017.wav, sid=6d2d9f08-3597-424c-8514-8a0a1cfe5a1f
2026-02-22T01:30:17.909Z D/SurveyVM [DefaultDispatcher-worker-2] onVoiceExported -> q=__home_free_text__, file=voice_6d2d9f08-3597-424c-8514-8a0a1cfe5a1f_home_free_text_20260222_013017.wav, replace=false
2026-02-22T02:18:49.451Z D/SurveyVM [main] resetAudioRefs -> cleared
2026-02-22T02:18:49.494Z D/SurveyVM [main] resetNavToStart -> key=com.negi.survey.vm.FlowHome@6e89189, navSize=1
2026-02-22T02:18:49.494Z D/SurveyVM [main] resetToStart -> Start, session=2, uuid=7247c19d-1620-47ae-bfe2-325f7c68e5b4, preserveDraft=true, runNoteLen=0, draftCleared=true
2026-02-22T02:18:49.496Z D/SurveyVM [main] push -> Q1, navSize=2, stackSize=2
2026-02-22T02:18:49.596Z D/SurveyVM [main] hasTwoStepPrompt[Q1] -> true (eval=303, fu=240)
2026-02-22T02:22:39.650Z D/SurveyVM [main] backToPrevious -> Start
