=== RuntimeLogStore Header ===
ts=2026-02-22T02:39:19.389Z
fileNameFormat=LEGACY
appId=com.negi.survey
versionName=0.0.1
versionCode=1
debug=false
device=Google Pixel 9a
sdk=36
pid=27696
==============================
2026-02-22T02:39:19.389Z I/RuntimeLogStore [rtlog-io] start: actor launched (fileNameFormat=LEGACY)
2026-02-22T02:39:19.385Z D/SurveyApp [main] attachBaseContext: pid=27696 process=com.negi.survey isMain=true sdk=36
2026-02-22T02:39:19.386Z D/SurveyApp [main] Skipping WorkManager init in attachBaseContext; will init in onCreate.
2026-02-22T02:39:19.387Z D/SurveyApp [main] CrashCapture installed: where=SurveyApp:attachBaseContext
2026-02-22T02:39:19.387Z I/RuntimeLogStore [main] start repair: ctx/dir refreshed
2026-02-22T02:39:19.387Z D/SurveyApp [main] onCreate: pid=27696 process=com.negi.survey isMain=true sdk=36
2026-02-22T02:39:19.404Z D/SurveyApp [main] WorkManager already ready. where=onCreate
2026-02-22T02:39:19.404Z D/SurveyApp [main] WorkManager already ready. where=startupRtLogs
2026-02-22T02:39:19.455Z D/SurveyApp [main] Startup runtime logs: enqueue requested.
2026-02-22T02:39:19.455Z D/SurveyApp [main] WorkManager already ready. where=startupRingLogs
2026-02-22T02:39:19.532Z D/SurveyApp [main] Startup ring logs: enqueue requested.
2026-02-22T02:39:19.532Z D/SurveyApp [main] CrashCapture installed: where=SurveyApp:onCreate(rewrap)
2026-02-22T02:39:19.532Z D/SurveyApp [main] CrashCapture self-healing registered.
2026-02-22T02:39:19.532Z D/SurveyApp [main] WorkManager already ready. where=enqueuePending(immediate)
2026-02-22T02:39:19.532Z D/SurveyApp [main] CrashCapture pending uploads requested (immediate).
2026-02-22T02:39:19.542Z I/RuntimeLogStore [DefaultDispatcher-worker-1] start repair: ctx/dir refreshed
2026-02-22T02:39:21.365Z I/RuntimeLogStore [DefaultDispatcher-worker-13] start repair: ctx/dir refreshed
