20260223_172548 I/AppRingLogStore pid=8477 tid=8477 uptimeMs=1969811461 msg=install: pid=8477 timeUtc=20260223_172548 uptimeMs=1969811461
20260223_172548 D/SurveyApp pid=8477 tid=8477 uptimeMs=1969811461 msg=attachBaseContext: pid=8477 process=com.negi.survey isMain=true sdk=36
20260223_172548 D/SurveyApp pid=8477 tid=8477 uptimeMs=1969811462 msg=onCreate: pid=8477 process=com.negi.survey isMain=true sdk=36
20260223_173023 D/AiTrace pid=8477 tid=8477 uptimeMs=1970086190 msg=Installed (enabled=false ringEnabled=true)
20260223_175059 I/AppRingLogStore pid=9757 tid=9757 uptimeMs=1971322397 msg=install: pid=9757 timeUtc=20260223_175059 uptimeMs=1971322397
20260223_175059 D/SurveyApp pid=9757 tid=9757 uptimeMs=1971322398 msg=attachBaseContext: pid=9757 process=com.negi.survey isMain=true sdk=36
20260223_175059 D/SurveyApp pid=9757 tid=9757 uptimeMs=1971322399 msg=onCreate: pid=9757 process=com.negi.survey isMain=true sdk=36
20260223_180916 D/AiTrace pid=9757 tid=9757 uptimeMs=1972419085 msg=Installed (enabled=false ringEnabled=true)
20260223_182826 D/LiteRtRepository pid=9757 tid=9785 uptimeMs=1973569266 msg=[1] start model='Gemma3n4B' prompt.len=1628 sha=458bca04bff013d9 gateWaitMs=0
20260223_182826 D/LiteRtRepository pid=9757 tid=9785 uptimeMs=1973569340 msg=[1] init ok initMs=73
20260223_182855 D/LiteRtRepository pid=9757 tid=9757 uptimeMs=1973597815 msg=[1] logicalDone=true
20260223_182855 D/LiteRtRepository pid=9757 tid=9757 uptimeMs=1973597817 msg=[1] native termination safe point -> reset+close
20260223_182855 D/LiteRtRepository pid=9757 tid=9785 uptimeMs=1973597818 msg=[1] resetConversation begin tag='native-terminated'
20260223_182855 I/LiteRtRepository pid=9757 tid=9814 uptimeMs=1973597821 msg=[1] finalize reason='native-terminated' elapsedMs=28555 firstTokenMs=5736 chunks=124 out.len=412 capturedAll=true logicalDone=true nativeTerminated=true cancelTag='null' lastDeltaMsAgo=128 lastEventMsAgo=2
20260223_182855 D/LiteRtRepository pid=9757 tid=11412 uptimeMs=1973597829 msg=[1] resetConversation ok tag='native-terminated'
20260223_182855 I/AiViewModel pid=9757 tid=9830 uptimeMs=1973597866 msg=run[1] done: phase=EVAL mode=EVAL_JSON score=1 FU0.len=116 FU0.sha16=b445b45a87a6e494 commit=true err=<none>
20260223_182855 D/LiteRtRepository pid=9757 tid=11414 uptimeMs=1973597876 msg=[2] start model='Gemma3n4B' prompt.len=1682 sha=11294b972da22d6f gateWaitMs=0
20260223_182855 D/LiteRtRepository pid=9757 tid=11414 uptimeMs=1973597879 msg=[2] init ok initMs=1
20260223_182901 D/LiteRtRepository pid=9757 tid=9757 uptimeMs=1973604374 msg=[2] logicalDone=true
20260223_182901 D/LiteRtRepository pid=9757 tid=9757 uptimeMs=1973604374 msg=[2] native termination safe point -> reset+close
20260223_182901 D/LiteRtRepository pid=9757 tid=9830 uptimeMs=1973604375 msg=[2] resetConversation begin tag='native-terminated'
20260223_182901 I/LiteRtRepository pid=9757 tid=11413 uptimeMs=1973604376 msg=[2] finalize reason='native-terminated' elapsedMs=6501 firstTokenMs=2858 chunks=19 out.len=68 capturedAll=true logicalDone=true nativeTerminated=true cancelTag='null' lastDeltaMsAgo=218 lastEventMsAgo=2
20260223_182901 D/LiteRtRepository pid=9757 tid=11414 uptimeMs=1973604378 msg=[2] resetConversation ok tag='native-terminated'
20260223_182901 I/AiViewModel pid=9757 tid=9783 uptimeMs=1973604378 msg=run[2] done: phase=FOLLOWUP mode=FOLLOWUP_JSON_OR_TEXT score=null FU0.len=68 FU0.sha16=f7edb2a2b576b36c commit=false err=<none>
20260223_191216 I/AppRingLogStore pid=13054 tid=13054 uptimeMs=1976199425 msg=install: pid=13054 timeUtc=20260223_191216 uptimeMs=1976199425
20260223_191216 D/SurveyApp pid=13054 tid=13054 uptimeMs=1976199426 msg=attachBaseContext: pid=13054 process=com.negi.survey isMain=true sdk=36
20260223_191216 D/SurveyApp pid=13054 tid=13054 uptimeMs=1976199426 msg=onCreate: pid=13054 process=com.negi.survey isMain=true sdk=36
20260223_191409 D/AiTrace pid=13054 tid=13054 uptimeMs=1976311934 msg=Installed (enabled=false ringEnabled=true)
20260223_191612 D/LiteRtRepository pid=13054 tid=13156 uptimeMs=1976434981 msg=[1] start model='Gemma3n4B' prompt.len=1603 sha=8e61bc62d896ef26 gateWaitMs=1
20260223_191612 D/LiteRtRepository pid=13054 tid=13157 uptimeMs=1976435010 msg=[1] init ok initMs=27
20260223_191634 D/LiteRtRepository pid=13054 tid=13054 uptimeMs=1976456518 msg=[1] logicalDone=true
20260223_191634 D/LiteRtRepository pid=13054 tid=13054 uptimeMs=1976456518 msg=[1] native termination safe point -> reset+close
20260223_191634 D/LiteRtRepository pid=13054 tid=13156 uptimeMs=1976456519 msg=[1] resetConversation begin tag='native-terminated'
20260223_191634 I/LiteRtRepository pid=13054 tid=13157 uptimeMs=1976456524 msg=[1] finalize reason='native-terminated' elapsedMs=21545 firstTokenMs=6420 chunks=81 out.len=247 capturedAll=true logicalDone=true nativeTerminated=true cancelTag='null' lastDeltaMsAgo=189 lastEventMsAgo=6
20260223_191634 D/LiteRtRepository pid=13054 tid=13159 uptimeMs=1976456533 msg=[1] resetConversation ok tag='native-terminated'
20260223_191634 I/AiViewModel pid=13054 tid=13157 uptimeMs=1976456573 msg=run[1] done: phase=EVAL mode=EVAL_JSON score=65 FU0.len=98 FU0.sha16=f0709d4b791c070c commit=true err=<none>
20260223_191634 D/LiteRtRepository pid=13054 tid=13157 uptimeMs=1976456586 msg=[2] start model='Gemma3n4B' prompt.len=1517 sha=2c73ea0145b910b8 gateWaitMs=0
20260223_191634 D/LiteRtRepository pid=13054 tid=13158 uptimeMs=1976456587 msg=[2] init ok initMs=1
20260223_191640 D/LiteRtRepository pid=13054 tid=13054 uptimeMs=1976462621 msg=[2] logicalDone=true
20260223_191640 D/LiteRtRepository pid=13054 tid=13054 uptimeMs=1976462621 msg=[2] native termination safe point -> reset+close
20260223_191640 D/LiteRtRepository pid=13054 tid=13600 uptimeMs=1976462622 msg=[2] resetConversation begin tag='native-terminated'
20260223_191640 I/LiteRtRepository pid=13054 tid=13157 uptimeMs=1976462622 msg=[2] finalize reason='native-terminated' elapsedMs=6037 firstTokenMs=3112 chunks=16 out.len=50 capturedAll=true logicalDone=true nativeTerminated=true cancelTag='null' lastDeltaMsAgo=157 lastEventMsAgo=1
20260223_191640 D/LiteRtRepository pid=13054 tid=13071 uptimeMs=1976462624 msg=[2] resetConversation ok tag='native-terminated'
20260223_191640 I/AiViewModel pid=13054 tid=13601 uptimeMs=1976462633 msg=run[2] done: phase=FOLLOWUP mode=FOLLOWUP_JSON_OR_TEXT score=null FU0.len=50 FU0.sha16=f1387a2236857232 commit=false err=<none>
20260223_192320 D/LiteRtRepository pid=13054 tid=13601 uptimeMs=1976863272 msg=[3] start model='Gemma3n4B' prompt.len=1491 sha=7d3cfe30342d9c25 gateWaitMs=11
20260223_192320 D/LiteRtRepository pid=13054 tid=13601 uptimeMs=1976863274 msg=[3] init ok initMs=1
20260223_192340 D/LiteRtRepository pid=13054 tid=13054 uptimeMs=1976883193 msg=[3] logicalDone=true
20260223_192340 D/LiteRtRepository pid=13054 tid=13054 uptimeMs=1976883193 msg=[3] native termination safe point -> reset+close
20260223_192340 D/LiteRtRepository pid=13054 tid=13159 uptimeMs=1976883194 msg=[3] resetConversation begin tag='native-terminated'
20260223_192340 I/LiteRtRepository pid=13054 tid=13159 uptimeMs=1976883194 msg=[3] finalize reason='native-terminated' elapsedMs=19923 firstTokenMs=4833 chunks=84 out.len=255 capturedAll=true logicalDone=true nativeTerminated=true cancelTag='null' lastDeltaMsAgo=134 lastEventMsAgo=1
20260223_192340 D/LiteRtRepository pid=13054 tid=13156 uptimeMs=1976883197 msg=[3] resetConversation ok tag='native-terminated'
20260223_192340 I/AiViewModel pid=13054 tid=13158 uptimeMs=1976883204 msg=run[3] done: phase=EVAL mode=EVAL_JSON score=1 FU0.len=98 FU0.sha16=f0709d4b791c070c commit=true err=<none>
20260223_192340 D/LiteRtRepository pid=13054 tid=14060 uptimeMs=1976883213 msg=[4] start model='Gemma3n4B' prompt.len=1525 sha=84f50af32b293304 gateWaitMs=1
20260223_192340 D/LiteRtRepository pid=13054 tid=13158 uptimeMs=1976883217 msg=[4] init ok initMs=3
20260223_192347 D/LiteRtRepository pid=13054 tid=13054 uptimeMs=1976889595 msg=[4] logicalDone=true
20260223_192347 D/LiteRtRepository pid=13054 tid=13054 uptimeMs=1976889596 msg=[4] native termination safe point -> reset+close
20260223_192347 D/LiteRtRepository pid=13054 tid=14058 uptimeMs=1976889597 msg=[4] resetConversation begin tag='native-terminated'
20260223_192347 I/LiteRtRepository pid=13054 tid=13158 uptimeMs=1976889597 msg=[4] finalize reason='native-terminated' elapsedMs=6384 firstTokenMs=3352 chunks=16 out.len=50 capturedAll=true logicalDone=true nativeTerminated=true cancelTag='null' lastDeltaMsAgo=192 lastEventMsAgo=1
20260223_192347 I/AiViewModel pid=13054 tid=14059 uptimeMs=1976889599 msg=run[4] done: phase=FOLLOWUP mode=FOLLOWUP_JSON_OR_TEXT score=null FU0.len=50 FU0.sha16=f1387a2236857232 commit=false err=<none>
20260223_192347 D/LiteRtRepository pid=13054 tid=14060 uptimeMs=1976889601 msg=[4] resetConversation ok tag='native-terminated'
20260223_192441 D/LiteRtRepository pid=13054 tid=13073 uptimeMs=1976944042 msg=[5] start model='Gemma3n4B' prompt.len=1480 sha=0e79b13a83d9c7a9 gateWaitMs=0
20260223_192441 D/LiteRtRepository pid=13054 tid=14059 uptimeMs=1976944044 msg=[5] init ok initMs=2
20260223_192500 D/LiteRtRepository pid=13054 tid=13054 uptimeMs=1976962527 msg=[5] logicalDone=true
20260223_192500 D/LiteRtRepository pid=13054 tid=13054 uptimeMs=1976962527 msg=[5] native termination safe point -> reset+close
20260223_192500 D/LiteRtRepository pid=13054 tid=13158 uptimeMs=1976962528 msg=[5] resetConversation begin tag='native-terminated'
20260223_192500 I/LiteRtRepository pid=13054 tid=13156 uptimeMs=1976962530 msg=[5] finalize reason='native-terminated' elapsedMs=18489 firstTokenMs=3762 chunks=81 out.len=249 capturedAll=true logicalDone=true nativeTerminated=true cancelTag='null' lastDeltaMsAgo=146 lastEventMsAgo=3
20260223_192500 D/LiteRtRepository pid=13054 tid=14058 uptimeMs=1976962536 msg=[5] resetConversation ok tag='native-terminated'
20260223_192500 I/AiViewModel pid=13054 tid=13606 uptimeMs=1976962539 msg=run[5] done: phase=EVAL mode=EVAL_JSON score=10 FU0.len=98 FU0.sha16=f0709d4b791c070c commit=true err=<none>
20260223_192500 D/LiteRtRepository pid=13054 tid=13606 uptimeMs=1976962560 msg=[6] start model='Gemma3n4B' prompt.len=1519 sha=dc6d09de05a11ea2 gateWaitMs=0
20260223_192500 D/LiteRtRepository pid=13054 tid=14060 uptimeMs=1976962561 msg=[6] init ok initMs=1
20260223_192506 D/LiteRtRepository pid=13054 tid=13054 uptimeMs=1976968748 msg=[6] logicalDone=true
20260223_192506 D/LiteRtRepository pid=13054 tid=13054 uptimeMs=1976968748 msg=[6] native termination safe point -> reset+close
20260223_192506 I/LiteRtRepository pid=13054 tid=13073 uptimeMs=1976968749 msg=[6] finalize reason='native-terminated' elapsedMs=6189 firstTokenMs=3095 chunks=16 out.len=50 capturedAll=true logicalDone=true nativeTerminated=true cancelTag='null' lastDeltaMsAgo=158 lastEventMsAgo=1
20260223_192506 I/AiViewModel pid=13054 tid=14059 uptimeMs=1976968751 msg=run[6] done: phase=FOLLOWUP mode=FOLLOWUP_JSON_OR_TEXT score=null FU0.len=50 FU0.sha16=f1387a2236857232 commit=false err=<none>
20260223_192506 D/LiteRtRepository pid=13054 tid=14145 uptimeMs=1976968755 msg=[6] resetConversation begin tag='native-terminated'
20260223_192506 D/LiteRtRepository pid=13054 tid=14146 uptimeMs=1976968756 msg=[6] resetConversation ok tag='native-terminated'
20260223_192635 D/LiteRtRepository pid=13054 tid=14145 uptimeMs=1977058087 msg=[7] start model='Gemma3n4B' prompt.len=1485 sha=7a1925096dfb3af2 gateWaitMs=1
20260223_192635 D/LiteRtRepository pid=13054 tid=14147 uptimeMs=1977058095 msg=[7] init ok initMs=7
20260223_192653 D/LiteRtRepository pid=13054 tid=13054 uptimeMs=1977076446 msg=[7] logicalDone=true
20260223_192653 D/LiteRtRepository pid=13054 tid=13054 uptimeMs=1977076447 msg=[7] native termination safe point -> reset+close
20260223_192653 I/LiteRtRepository pid=13054 tid=14147 uptimeMs=1977076447 msg=[7] finalize reason='native-terminated' elapsedMs=18360 firstTokenMs=2557 chunks=90 out.len=269 capturedAll=true logicalDone=true nativeTerminated=true cancelTag='null' lastDeltaMsAgo=228 lastEventMsAgo=1
20260223_192653 D/LiteRtRepository pid=13054 tid=14146 uptimeMs=1977076448 msg=[7] resetConversation begin tag='native-terminated'
20260223_192653 D/LiteRtRepository pid=13054 tid=13159 uptimeMs=1977076449 msg=[7] resetConversation ok tag='native-terminated'
20260223_192653 I/AiViewModel pid=13054 tid=14147 uptimeMs=1977076452 msg=run[7] done: phase=EVAL mode=EVAL_JSON score=30 FU0.len=98 FU0.sha16=f0709d4b791c070c commit=true err=<none>
20260223_192653 D/LiteRtRepository pid=13054 tid=14146 uptimeMs=1977076455 msg=[8] start model='Gemma3n4B' prompt.len=1539 sha=ec1f94644a061902 gateWaitMs=0
20260223_192653 D/LiteRtRepository pid=13054 tid=14146 uptimeMs=1977076456 msg=[8] init ok initMs=1
20260223_192659 D/LiteRtRepository pid=13054 tid=13054 uptimeMs=1977082240 msg=[8] logicalDone=true
20260223_192659 D/LiteRtRepository pid=13054 tid=13054 uptimeMs=1977082240 msg=[8] native termination safe point -> reset+close
20260223_192659 I/LiteRtRepository pid=13054 tid=14147 uptimeMs=1977082242 msg=[8] finalize reason='native-terminated' elapsedMs=5787 firstTokenMs=2701 chunks=16 out.len=50 capturedAll=true logicalDone=true nativeTerminated=true cancelTag='null' lastDeltaMsAgo=187 lastEventMsAgo=2
20260223_192659 D/LiteRtRepository pid=13054 tid=13156 uptimeMs=1977082245 msg=[8] resetConversation begin tag='native-terminated'
20260223_192659 D/LiteRtRepository pid=13054 tid=14181 uptimeMs=1977082251 msg=[8] resetConversation ok tag='native-terminated'
20260223_192659 I/AiViewModel pid=13054 tid=13159 uptimeMs=1977082252 msg=run[8] done: phase=FOLLOWUP mode=FOLLOWUP_JSON_OR_TEXT score=null FU0.len=50 FU0.sha16=f1387a2236857232 commit=false err=<none>
20260223_192808 I/AppRingLogStore pid=14228 tid=14228 uptimeMs=1977151178 msg=install: pid=14228 timeUtc=20260223_192808 uptimeMs=1977151178
20260223_192808 D/SurveyApp pid=14228 tid=14228 uptimeMs=1977151180 msg=attachBaseContext: pid=14228 process=com.negi.survey isMain=true sdk=36
20260223_192808 D/SurveyApp pid=14228 tid=14228 uptimeMs=1977151182 msg=onCreate: pid=14228 process=com.negi.survey isMain=true sdk=36
20260223_192839 D/AiTrace pid=14228 tid=14228 uptimeMs=1977181601 msg=Installed (enabled=false ringEnabled=true)
20260223_192949 D/LiteRtRepository pid=14228 tid=14262 uptimeMs=1977251659 msg=[1] start model='Gemma3n4B' prompt.len=1610 sha=c2f8151445b7f807 gateWaitMs=3
20260223_192949 D/LiteRtRepository pid=14228 tid=14262 uptimeMs=1977251699 msg=[1] init ok initMs=37
20260223_193010 D/LiteRtRepository pid=14228 tid=14228 uptimeMs=1977273258 msg=[1] logicalDone=true
20260223_193010 D/LiteRtRepository pid=14228 tid=14228 uptimeMs=1977273258 msg=[1] native termination safe point -> reset+close
20260223_193010 D/LiteRtRepository pid=14228 tid=14262 uptimeMs=1977273259 msg=[1] resetConversation begin tag='native-terminated'
20260223_193010 I/LiteRtRepository pid=14228 tid=14262 uptimeMs=1977273260 msg=[1] finalize reason='native-terminated' elapsedMs=21604 firstTokenMs=6521 chunks=81 out.len=241 capturedAll=true logicalDone=true nativeTerminated=true cancelTag='null' lastDeltaMsAgo=194 lastEventMsAgo=2
20260223_193010 D/LiteRtRepository pid=14228 tid=14279 uptimeMs=1977273262 msg=[1] resetConversation ok tag='native-terminated'
20260223_193010 I/AiViewModel pid=14228 tid=14280 uptimeMs=1977273278 msg=run[1] done: phase=EVAL mode=EVAL_JSON score=75 FU0.len=0 FU0.sha16=none commit=true err=<none>
20260223_193010 D/LiteRtRepository pid=14228 tid=14280 uptimeMs=1977273296 msg=[2] start model='Gemma3n4B' prompt.len=1511 sha=8d41ff1d6bbaf668 gateWaitMs=1
20260223_193010 D/LiteRtRepository pid=14228 tid=14578 uptimeMs=1977273301 msg=[2] init ok initMs=4
20260223_193020 D/LiteRtRepository pid=14228 tid=14228 uptimeMs=1977282570 msg=[2] logicalDone=true
20260223_193020 D/LiteRtRepository pid=14228 tid=14228 uptimeMs=1977282571 msg=[2] native termination safe point -> reset+close
20260223_193020 D/LiteRtRepository pid=14228 tid=14576 uptimeMs=1977282572 msg=[2] resetConversation begin tag='native-terminated'
20260223_193020 I/LiteRtRepository pid=14228 tid=14575 uptimeMs=1977282573 msg=[2] finalize reason='native-terminated' elapsedMs=9278 firstTokenMs=4491 chunks=26 out.len=74 capturedAll=true logicalDone=true nativeTerminated=true cancelTag='null' lastDeltaMsAgo=224 lastEventMsAgo=2
20260223_193020 D/LiteRtRepository pid=14228 tid=14578 uptimeMs=1977282576 msg=[2] resetConversation ok tag='native-terminated'
20260223_193020 I/AiViewModel pid=14228 tid=14280 uptimeMs=1977282584 msg=run[2] done: phase=FOLLOWUP mode=FOLLOWUP_JSON_OR_TEXT score=null FU0.len=74 FU0.sha16=423502483f1c35ee commit=false err=<none>
20260223_193031 D/LiteRtRepository pid=14228 tid=14280 uptimeMs=1977293910 msg=[3] start model='Gemma3n4B' prompt.len=1501 sha=9f7efdfe283555ba gateWaitMs=0
20260223_193031 D/LiteRtRepository pid=14228 tid=14280 uptimeMs=1977293914 msg=[3] init ok initMs=3
20260223_193050 D/LiteRtRepository pid=14228 tid=14228 uptimeMs=1977312959 msg=[3] logicalDone=true
20260223_193050 D/LiteRtRepository pid=14228 tid=14228 uptimeMs=1977312960 msg=[3] native termination safe point -> reset+close
20260223_193050 I/AiViewModel pid=14228 tid=14296 uptimeMs=1977312963 msg=run[3] done: phase=EVAL mode=EVAL_JSON score=10 FU0.len=130 FU0.sha16=a6442936097b2704 commit=true err=<none>
20260223_193050 D/LiteRtRepository pid=14228 tid=14296 uptimeMs=1977312964 msg=[4] start model='Gemma3n4B' prompt.len=1559 sha=8805b41f3176f5dd gateWaitMs=0
20260223_193050 I/LiteRtRepository pid=14228 tid=14577 uptimeMs=1977312965 msg=[3] finalize reason='native-terminated' elapsedMs=19056 firstTokenMs=2222 chunks=94 out.len=289 capturedAll=true logicalDone=true nativeTerminated=true cancelTag='null' lastDeltaMsAgo=224 lastEventMsAgo=5
20260223_193050 D/LiteRtRepository pid=14228 tid=14292 uptimeMs=1977312965 msg=[3] resetConversation begin tag='native-terminated'
20260223_193050 D/LiteRtRepository pid=14228 tid=14578 uptimeMs=1977312966 msg=[4] init ok initMs=2
20260223_193050 D/LiteRtRepository pid=14228 tid=14577 uptimeMs=1977312967 msg=[3] resetConversation ok tag='native-terminated'
20260223_193058 D/LiteRtRepository pid=14228 tid=14228 uptimeMs=1977320864 msg=[4] logicalDone=true
20260223_193058 D/LiteRtRepository pid=14228 tid=14228 uptimeMs=1977320864 msg=[4] native termination safe point -> reset+close
20260223_193058 D/LiteRtRepository pid=14228 tid=14281 uptimeMs=1977320864 msg=[4] resetConversation begin tag='native-terminated'
20260223_193058 I/LiteRtRepository pid=14228 tid=14280 uptimeMs=1977320865 msg=[4] finalize reason='native-terminated' elapsedMs=7901 firstTokenMs=2852 chunks=27 out.len=82 capturedAll=true logicalDone=true nativeTerminated=true cancelTag='null' lastDeltaMsAgo=147 lastEventMsAgo=1
20260223_193058 D/LiteRtRepository pid=14228 tid=14576 uptimeMs=1977320867 msg=[4] resetConversation ok tag='native-terminated'
20260223_193058 I/AiViewModel pid=14228 tid=14578 uptimeMs=1977320867 msg=run[4] done: phase=FOLLOWUP mode=FOLLOWUP_JSON_OR_TEXT score=null FU0.len=82 FU0.sha16=45b4d3953157fb8b commit=false err=<none>
20260223_193110 D/LiteRtRepository pid=14228 tid=14281 uptimeMs=1977333157 msg=[5] start model='Gemma3n4B' prompt.len=1509 sha=dd549febf6bf4e85 gateWaitMs=0
20260223_193110 D/LiteRtRepository pid=14228 tid=14575 uptimeMs=1977333166 msg=[5] init ok initMs=8
20260223_193132 D/LiteRtRepository pid=14228 tid=14228 uptimeMs=1977355313 msg=[5] logicalDone=true
20260223_193132 D/LiteRtRepository pid=14228 tid=14228 uptimeMs=1977355313 msg=[5] native termination safe point -> reset+close
20260223_193132 D/LiteRtRepository pid=14228 tid=14279 uptimeMs=1977355314 msg=[5] resetConversation begin tag='native-terminated'
20260223_193132 I/LiteRtRepository pid=14228 tid=14575 uptimeMs=1977355314 msg=[5] finalize reason='native-terminated' elapsedMs=22158 firstTokenMs=1967 chunks=111 out.len=351 capturedAll=true logicalDone=true nativeTerminated=true cancelTag='null' lastDeltaMsAgo=231 lastEventMsAgo=1
20260223_193132 I/AiViewModel pid=14228 tid=14578 uptimeMs=1977355316 msg=run[5] done: phase=EVAL mode=EVAL_JSON score=30 FU0.len=0 FU0.sha16=none commit=true err=<none>
20260223_193132 D/LiteRtRepository pid=14228 tid=14576 uptimeMs=1977355317 msg=[5] resetConversation ok tag='native-terminated'
20260223_193132 D/LiteRtRepository pid=14228 tid=14279 uptimeMs=1977355318 msg=[6] start model='Gemma3n4B' prompt.len=1621 sha=41e59975cc39381b gateWaitMs=1
20260223_193132 D/LiteRtRepository pid=14228 tid=14279 uptimeMs=1977355319 msg=[6] init ok initMs=1
20260223_193141 D/LiteRtRepository pid=14228 tid=14228 uptimeMs=1977364078 msg=[6] logicalDone=true
20260223_193141 D/LiteRtRepository pid=14228 tid=14228 uptimeMs=1977364079 msg=[6] native termination safe point -> reset+close
20260223_193141 I/LiteRtRepository pid=14228 tid=14576 uptimeMs=1977364079 msg=[6] finalize reason='native-terminated' elapsedMs=8761 firstTokenMs=3033 chunks=30 out.len=101 capturedAll=true logicalDone=true nativeTerminated=true cancelTag='null' lastDeltaMsAgo=246 lastEventMsAgo=0
20260223_193141 D/LiteRtRepository pid=14228 tid=14279 uptimeMs=1977364079 msg=[6] resetConversation begin tag='native-terminated'
20260223_193141 I/AiViewModel pid=14228 tid=14575 uptimeMs=1977364082 msg=run[6] done: phase=FOLLOWUP mode=FOLLOWUP_JSON_OR_TEXT score=null FU0.len=101 FU0.sha16=01210670b6378155 commit=false err=<none>
20260223_193141 D/LiteRtRepository pid=14228 tid=14281 uptimeMs=1977364086 msg=[6] resetConversation ok tag='native-terminated'
20260223_193151 D/LiteRtRepository pid=14228 tid=14575 uptimeMs=1977374272 msg=[7] start model='Gemma3n4B' prompt.len=1550 sha=7096f181e33b9f33 gateWaitMs=0
20260223_193151 D/LiteRtRepository pid=14228 tid=14575 uptimeMs=1977374274 msg=[7] init ok initMs=1
20260223_193208 D/LiteRtRepository pid=14228 tid=14228 uptimeMs=1977390630 msg=[7] logicalDone=true
20260223_193208 D/LiteRtRepository pid=14228 tid=14228 uptimeMs=1977390630 msg=[7] native termination safe point -> reset+close
20260223_193208 I/LiteRtRepository pid=14228 tid=14279 uptimeMs=1977390631 msg=[7] finalize reason='native-terminated' elapsedMs=16359 firstTokenMs=2053 chunks=79 out.len=239 capturedAll=true logicalDone=true nativeTerminated=true cancelTag='null' lastDeltaMsAgo=146 lastEventMsAgo=1
20260223_193208 D/LiteRtRepository pid=14228 tid=14281 uptimeMs=1977390633 msg=[7] resetConversation begin tag='native-terminated'
20260223_193208 D/LiteRtRepository pid=14228 tid=14575 uptimeMs=1977390635 msg=[7] resetConversation ok tag='native-terminated'
20260223_193208 I/AiViewModel pid=14228 tid=14578 uptimeMs=1977390638 msg=run[7] done: phase=EVAL mode=EVAL_JSON score=1 FU0.len=77 FU0.sha16=c008fba3c6f53781 commit=true err=<none>
20260223_193208 D/LiteRtRepository pid=14228 tid=14577 uptimeMs=1977390642 msg=[8] start model='Gemma3n4B' prompt.len=1509 sha=a31b1b1ec7cbdefa gateWaitMs=1
20260223_193208 D/LiteRtRepository pid=14228 tid=14577 uptimeMs=1977390643 msg=[8] init ok initMs=1
20260223_193212 D/LiteRtRepository pid=14228 tid=14228 uptimeMs=1977395066 msg=[8] logicalDone=true
20260223_193212 D/LiteRtRepository pid=14228 tid=14228 uptimeMs=1977395067 msg=[8] native termination safe point -> reset+close
20260223_193212 D/LiteRtRepository pid=14228 tid=14576 uptimeMs=1977395067 msg=[8] resetConversation begin tag='native-terminated'
20260223_193212 I/LiteRtRepository pid=14228 tid=14575 uptimeMs=1977395067 msg=[8] finalize reason='native-terminated' elapsedMs=4425 firstTokenMs=2695 chunks=9 out.len=29 capturedAll=true logicalDone=true nativeTerminated=true cancelTag='null' lastDeltaMsAgo=218 lastEventMsAgo=1
20260223_193212 I/AiViewModel pid=14228 tid=14578 uptimeMs=1977395072 msg=run[8] done: phase=FOLLOWUP mode=FOLLOWUP_JSON_OR_TEXT score=null FU0.len=29 FU0.sha16=928fd1fc6797f42f commit=false err=<none>
20260223_193212 D/LiteRtRepository pid=14228 tid=14281 uptimeMs=1977395073 msg=[8] resetConversation ok tag='native-terminated'
20260223_193300 D/LiteRtRepository pid=14228 tid=14576 uptimeMs=1977443361 msg=[9] start model='Gemma3n4B' prompt.len=1477 sha=a178bf7c3e7e195b gateWaitMs=0
20260223_193300 D/LiteRtRepository pid=14228 tid=14281 uptimeMs=1977443373 msg=[9] init ok initMs=12
20260223_193315 D/LiteRtRepository pid=14228 tid=14228 uptimeMs=1977458201 msg=[9] logicalDone=true
20260223_193315 D/LiteRtRepository pid=14228 tid=14228 uptimeMs=1977458201 msg=[9] native termination safe point -> reset+close
20260223_193315 I/LiteRtRepository pid=14228 tid=14577 uptimeMs=1977458204 msg=[9] finalize reason='native-terminated' elapsedMs=14841 firstTokenMs=2028 chunks=73 out.len=228 capturedAll=true logicalDone=true nativeTerminated=true cancelTag='null' lastDeltaMsAgo=218 lastEventMsAgo=0
20260223_193315 D/LiteRtRepository pid=14228 tid=14281 uptimeMs=1977458204 msg=[9] resetConversation begin tag='native-terminated'
20260223_193315 I/AiViewModel pid=14228 tid=14280 uptimeMs=1977458210 msg=run[9] done: phase=EVAL mode=EVAL_JSON score=1 FU0.len=95 FU0.sha16=a1846f2244c395d0 commit=true err=<none>
20260223_193315 D/LiteRtRepository pid=14228 tid=14578 uptimeMs=1977458210 msg=[9] resetConversation ok tag='native-terminated'
20260223_193315 D/LiteRtRepository pid=14228 tid=14261 uptimeMs=1977458211 msg=[10] start model='Gemma3n4B' prompt.len=1498 sha=b0f1efc57ac184ea gateWaitMs=0
20260223_193315 D/LiteRtRepository pid=14228 tid=14279 uptimeMs=1977458213 msg=[10] init ok initMs=1
20260223_193321 D/LiteRtRepository pid=14228 tid=14228 uptimeMs=1977463609 msg=[10] logicalDone=true
20260223_193321 D/LiteRtRepository pid=14228 tid=14228 uptimeMs=1977463609 msg=[10] native termination safe point -> reset+close
20260223_193321 D/LiteRtRepository pid=14228 tid=14261 uptimeMs=1977463609 msg=[10] resetConversation begin tag='native-terminated'
20260223_193321 I/LiteRtRepository pid=14228 tid=14261 uptimeMs=1977463610 msg=[10] finalize reason='native-terminated' elapsedMs=5399 firstTokenMs=2674 chunks=15 out.len=47 capturedAll=true logicalDone=true nativeTerminated=true cancelTag='null' lastDeltaMsAgo=124 lastEventMsAgo=1
20260223_193321 I/AiViewModel pid=14228 tid=14576 uptimeMs=1977463612 msg=run[10] done: phase=FOLLOWUP mode=FOLLOWUP_JSON_OR_TEXT score=null FU0.len=47 FU0.sha16=ffd7dba412e15d6f commit=false err=<none>
20260223_193321 D/LiteRtRepository pid=14228 tid=14675 uptimeMs=1977463614 msg=[10] resetConversation ok tag='native-terminated'
20260223_193334 D/LiteRtRepository pid=14228 tid=14578 uptimeMs=1977476713 msg=[11] start model='Gemma3n4B' prompt.len=1497 sha=f2317d956569d521 gateWaitMs=0
20260223_193334 D/LiteRtRepository pid=14228 tid=14577 uptimeMs=1977476714 msg=[11] init ok initMs=1
20260223_193354 D/LiteRtRepository pid=14228 tid=14228 uptimeMs=1977497088 msg=[11] logicalDone=true
20260223_193354 D/LiteRtRepository pid=14228 tid=14228 uptimeMs=1977497089 msg=[11] native termination safe point -> reset+close
20260223_193354 I/LiteRtRepository pid=14228 tid=14578 uptimeMs=1977497089 msg=[11] finalize reason='native-terminated' elapsedMs=20376 firstTokenMs=1992 chunks=100 out.len=325 capturedAll=true logicalDone=true nativeTerminated=true cancelTag='null' lastDeltaMsAgo=228 lastEventMsAgo=0
20260223_193354 D/LiteRtRepository pid=14228 tid=14261 uptimeMs=1977497093 msg=[11] resetConversation begin tag='native-terminated'
20260223_193354 I/AiViewModel pid=14228 tid=14577 uptimeMs=1977497093 msg=run[11] done: phase=EVAL mode=EVAL_JSON score=10 FU0.len=0 FU0.sha16=none commit=true err=<none>
20260223_193354 D/LiteRtRepository pid=14228 tid=14279 uptimeMs=1977497094 msg=[11] resetConversation ok tag='native-terminated'
20260223_193406 D/LiteRtRepository pid=14228 tid=14261 uptimeMs=1977509348 msg=[12] start model='Gemma3n4B' prompt.len=1475 sha=d829d27fca6f1795 gateWaitMs=0
20260223_193406 D/LiteRtRepository pid=14228 tid=14575 uptimeMs=1977509348 msg=[12] init ok initMs=0
20260223_193426 D/LiteRtRepository pid=14228 tid=14228 uptimeMs=1977528947 msg=[12] logicalDone=true
20260223_193426 D/LiteRtRepository pid=14228 tid=14228 uptimeMs=1977528947 msg=[12] native termination safe point -> reset+close
20260223_193426 D/LiteRtRepository pid=14228 tid=14575 uptimeMs=1977528948 msg=[12] resetConversation begin tag='native-terminated'
20260223_193426 D/LiteRtRepository pid=14228 tid=14281 uptimeMs=1977528950 msg=[12] resetConversation ok tag='native-terminated'
20260223_193426 I/LiteRtRepository pid=14228 tid=14577 uptimeMs=1977528950 msg=[12] finalize reason='native-terminated' elapsedMs=19603 firstTokenMs=1997 chunks=97 out.len=317 capturedAll=true logicalDone=true nativeTerminated=true cancelTag='null' lastDeltaMsAgo=223 lastEventMsAgo=3
20260223_193426 I/AiViewModel pid=14228 tid=14261 uptimeMs=1977528961 msg=run[12] done: phase=EVAL mode=EVAL_JSON score=20 FU0.len=107 FU0.sha16=d114623e7d390e3f commit=true err=<none>
20260223_193426 D/LiteRtRepository pid=14228 tid=14261 uptimeMs=1977528965 msg=[13] start model='Gemma3n4B' prompt.len=1587 sha=eb39c61c306e9222 gateWaitMs=0
20260223_193426 D/LiteRtRepository pid=14228 tid=14576 uptimeMs=1977528966 msg=[13] init ok initMs=1
20260223_193432 D/LiteRtRepository pid=14228 tid=14228 uptimeMs=1977535250 msg=[13] logicalDone=true
20260223_193432 D/LiteRtRepository pid=14228 tid=14228 uptimeMs=1977535250 msg=[13] native termination safe point -> reset+close
20260223_193432 I/LiteRtRepository pid=14228 tid=14575 uptimeMs=1977535251 msg=[13] finalize reason='native-terminated' elapsedMs=6287 firstTokenMs=2823 chunks=18 out.len=59 capturedAll=true logicalDone=true nativeTerminated=true cancelTag='null' lastDeltaMsAgo=233 lastEventMsAgo=1
20260223_193432 I/AiViewModel pid=14228 tid=14575 uptimeMs=1977535253 msg=run[13] done: phase=FOLLOWUP mode=FOLLOWUP_JSON_OR_TEXT score=null FU0.len=59 FU0.sha16=ca0bc4a3e10a8876 commit=false err=<none>
20260223_193432 D/LiteRtRepository pid=14228 tid=14261 uptimeMs=1977535253 msg=[13] resetConversation begin tag='native-terminated'
20260223_193432 D/LiteRtRepository pid=14228 tid=14575 uptimeMs=1977535262 msg=[13] resetConversation ok tag='native-terminated'
20260223_230251 D/LiteRtRepository pid=14228 tid=14576 uptimeMs=1990036247 msg=[14] start model='Gemma3n4B' prompt.len=1487 sha=32a6c59e684d5953 gateWaitMs=1
20260223_230251 D/LiteRtRepository pid=14228 tid=14261 uptimeMs=1990036250 msg=[14] init ok initMs=1
20260223_230316 D/LiteRtRepository pid=14228 tid=14228 uptimeMs=1990061484 msg=[14] logicalDone=true
20260223_230316 D/LiteRtRepository pid=14228 tid=14228 uptimeMs=1990061486 msg=[14] native termination safe point -> reset+close
20260223_230316 I/LiteRtRepository pid=14228 tid=14575 uptimeMs=1990061486 msg=[14] finalize reason='native-terminated' elapsedMs=25244 firstTokenMs=6965 chunks=96 out.len=308 capturedAll=true logicalDone=true nativeTerminated=true cancelTag='null' lastDeltaMsAgo=192 lastEventMsAgo=1
20260223_230316 D/LiteRtRepository pid=14228 tid=14261 uptimeMs=1990061486 msg=[14] resetConversation begin tag='native-terminated'
20260223_230316 D/LiteRtRepository pid=14228 tid=14577 uptimeMs=1990061495 msg=[14] resetConversation ok tag='native-terminated'
20260223_230316 I/AiViewModel pid=14228 tid=14576 uptimeMs=1990061525 msg=run[14] done: phase=EVAL mode=EVAL_JSON score=1 FU0.len=107 FU0.sha16=d114623e7d390e3f commit=true err=<none>
20260223_230316 D/LiteRtRepository pid=14228 tid=14576 uptimeMs=1990061533 msg=[15] start model='Gemma3n4B' prompt.len=1578 sha=7b94a013faadb1d7 gateWaitMs=1
20260223_230316 D/LiteRtRepository pid=14228 tid=21210 uptimeMs=1990061536 msg=[15] init ok initMs=2
20260223_230323 D/LiteRtRepository pid=14228 tid=14228 uptimeMs=1990068985 msg=[15] logicalDone=true
20260223_230323 D/LiteRtRepository pid=14228 tid=14228 uptimeMs=1990068985 msg=[15] native termination safe point -> reset+close
20260223_230323 I/LiteRtRepository pid=14228 tid=14575 uptimeMs=1990068987 msg=[15] finalize reason='native-terminated' elapsedMs=7453 firstTokenMs=4221 chunks=18 out.len=59 capturedAll=true logicalDone=true nativeTerminated=true cancelTag='null' lastDeltaMsAgo=138 lastEventMsAgo=1
20260223_230323 D/LiteRtRepository pid=14228 tid=14577 uptimeMs=1990068989 msg=[15] resetConversation begin tag='native-terminated'
20260223_230323 D/LiteRtRepository pid=14228 tid=14577 uptimeMs=1990068999 msg=[15] resetConversation ok tag='native-terminated'
20260223_230323 I/AiViewModel pid=14228 tid=14261 uptimeMs=1990069006 msg=run[15] done: phase=FOLLOWUP mode=FOLLOWUP_JSON_OR_TEXT score=null FU0.len=59 FU0.sha16=ca0bc4a3e10a8876 commit=false err=<none>
20260226_085657 I/AppRingLogStore pid=24920 tid=24920 uptimeMs=2198484637 msg=install: pid=24920 timeUtc=20260226_085657 uptimeMs=2198484637
20260226_085657 D/SurveyApp pid=24920 tid=24920 uptimeMs=2198484640 msg=attachBaseContext: pid=24920 process=com.negi.survey isMain=true sdk=36
20260226_085657 D/SurveyApp pid=24920 tid=24920 uptimeMs=2198484640 msg=onCreate: pid=24920 process=com.negi.survey isMain=true sdk=36
