=== RuntimeLogStore Header ===
ts=2026-02-22T01:15:14.059Z
fileNameFormat=LEGACY
appId=com.negi.survey
versionName=0.0.1
versionCode=1
debug=false
device=Google Pixel 9a
sdk=36
pid=21695
==============================
2026-02-22T01:15:14.060Z I/RuntimeLogStore [rtlog-io] start: actor launched (fileNameFormat=LEGACY)
2026-02-22T01:15:14.056Z D/SurveyApp [main] attachBaseContext: pid=21695 process=com.negi.survey isMain=true sdk=36
2026-02-22T01:15:14.057Z D/SurveyApp [main] Skipping WorkManager init in attachBaseContext; will init in onCreate.
2026-02-22T01:15:14.058Z D/SurveyApp [main] CrashCapture installed: where=SurveyApp:attachBaseContext
2026-02-22T01:15:14.058Z I/RuntimeLogStore [main] start repair: ctx/dir refreshed
2026-02-22T01:15:14.058Z D/SurveyApp [main] onCreate: pid=21695 process=com.negi.survey isMain=true sdk=36
2026-02-22T01:15:14.070Z D/SurveyApp [main] WorkManager already ready. where=onCreate
2026-02-22T01:15:14.070Z D/SurveyApp [main] WorkManager already ready. where=startupRtLogs
2026-02-22T01:15:14.135Z D/SurveyApp [main] Startup runtime logs: enqueue requested.
2026-02-22T01:15:14.135Z D/SurveyApp [main] WorkManager already ready. where=startupRingLogs
2026-02-22T01:15:14.154Z D/SurveyApp [main] Startup ring logs: enqueue requested.
2026-02-22T01:15:14.154Z D/SurveyApp [main] CrashCapture installed: where=SurveyApp:onCreate(rewrap)
2026-02-22T01:15:14.155Z D/SurveyApp [main] CrashCapture self-healing registered.
2026-02-22T01:15:14.155Z D/SurveyApp [main] WorkManager already ready. where=enqueuePending(immediate)
2026-02-22T01:15:14.155Z D/SurveyApp [main] CrashCapture pending uploads requested (immediate).
2026-02-22T01:15:14.174Z I/RuntimeLogStore [DefaultDispatcher-worker-1] start repair: ctx/dir refreshed
2026-02-22T01:15:15.597Z I/RuntimeLogStore [DefaultDispatcher-worker-21] start repair: ctx/dir refreshed
