=== RuntimeLogStore Header ===
ts=2026-02-21T23:09:34.349Z
fileNameFormat=LEGACY
appId=com.negi.survey
versionName=0.0.1
versionCode=1
debug=false
device=Google Pixel 9a
sdk=36
pid=18966
==============================
2026-02-21T23:09:34.350Z I/RuntimeLogStore [rtlog-io] start: actor launched (fileNameFormat=LEGACY)
2026-02-21T23:09:34.334Z D/SurveyApp [main] attachBaseContext: pid=18966 process=com.negi.survey isMain=true sdk=36
2026-02-21T23:09:34.335Z D/SurveyApp [main] Skipping WorkManager init in attachBaseContext; will init in onCreate.
2026-02-21T23:09:34.336Z D/SurveyApp [main] CrashCapture installed: where=SurveyApp:attachBaseContext
2026-02-21T23:09:34.336Z I/RuntimeLogStore [main] start repair: ctx/dir refreshed
2026-02-21T23:09:34.336Z D/SurveyApp [main] onCreate: pid=18966 process=com.negi.survey isMain=true sdk=36
2026-02-21T23:09:34.360Z D/SurveyApp [main] WorkManager already ready. where=onCreate
2026-02-21T23:09:34.360Z D/SurveyApp [main] WorkManager already ready. where=startupRtLogs
2026-02-21T23:09:34.428Z D/SurveyApp [main] Startup runtime logs: enqueue requested.
2026-02-21T23:09:34.428Z D/SurveyApp [main] WorkManager already ready. where=startupRingLogs
2026-02-21T23:09:34.460Z D/SurveyApp [main] Startup ring logs: enqueue requested.
2026-02-21T23:09:34.461Z D/SurveyApp [main] CrashCapture installed: where=SurveyApp:onCreate(rewrap)
2026-02-21T23:09:34.461Z D/SurveyApp [main] CrashCapture self-healing registered.
2026-02-21T23:09:34.461Z D/SurveyApp [main] WorkManager already ready. where=enqueuePending(immediate)
2026-02-21T23:09:34.461Z D/SurveyApp [main] CrashCapture pending uploads requested (immediate).
2026-02-21T23:09:34.471Z I/RuntimeLogStore [DefaultDispatcher-worker-1] start repair: ctx/dir refreshed
2026-02-21T23:09:36.053Z I/RuntimeLogStore [DefaultDispatcher-worker-1] start repair: ctx/dir refreshed
