=== RuntimeLogStore Header ===
ts=2026-02-22T01:15:15.623Z
fileNameFormat=LEGACY
appId=com.negi.survey
versionName=0.0.1
versionCode=1
debug=false
device=Google Pixel 9a
sdk=36
pid=21695
==============================
2026-02-22T01:15:15.623Z I/RuntimeLogStore [rtlog-io] --- rotated (reason=plain_snapshot:app_start) ---
2026-02-22T01:15:39.073Z D/LiteRtLM [DefaultDispatcher-worker-4] Initializing LiteRT-LM: model='Gemma3n4B', key='Gemma3n4B|/data/user/0/com.negi.survey/files/gemma-3n-E4B-it-int4.litertlm'
2026-02-22T01:15:39.074Z D/LiteRtLM [DefaultDispatcher-worker-4] Capabilities: image=false audio=false
2026-02-22T01:15:39.075Z D/LiteRtLM [DefaultDispatcher-worker-4] Backend=GPU maxNumTokens=4096 (raw=4096) topK=64 topP=0.95 temp=1.0
2026-02-22T01:16:14.795Z D/LiteRtLM [DefaultDispatcher-worker-4] LiteRT-LM initialization succeeded: model='Gemma3n4B', key='Gemma3n4B|/data/user/0/com.negi.survey/files/gemma-3n-E4B-it-int4.litertlm'
2026-02-22T01:16:14.849Z D/AiTrace [main] Installed (enabled=false ringEnabled=true)
2026-02-22T01:16:14.873Z D/SurveyVM [main] init -> Start, session=0, uuid=91a10e56-1dc3-43e3-91f3-6648992ac6e4, navSize=1, graphSize=9
2026-02-22T01:16:14.879Z D/SurveyVM [main] config.validate -> issues=0
2026-02-22T01:16:14.879Z D/SurveyVM [main] promptSources -> legacy=0, eval=6, follow=6
2026-02-22T01:16:14.879Z D/SurveyVM [main] promptSources.preview -> legacy=[], eval=[Q1, Q2, Q3, Q4, Q5, Q6], follow=[Q1, Q2, Q3, Q4, Q5, Q6]
2026-02-22T01:16:14.879Z D/SurveyVM [main] hasTwoStepPrompt[Q1] -> true (eval=303, fu=240)
2026-02-22T01:16:14.879Z D/SurveyVM [main] hasTwoStepPrompt[Q2] -> true (eval=303, fu=240)
2026-02-22T01:16:14.879Z D/SurveyVM [main] hasTwoStepPrompt[Q3] -> true (eval=303, fu=240)
2026-02-22T01:16:14.879Z D/SurveyVM [main] hasTwoStepPrompt[Q4] -> true (eval=303, fu=240)
2026-02-22T01:16:14.879Z D/SurveyVM [main] hasTwoStepPrompt[Q5] -> true (eval=303, fu=240)
2026-02-22T01:16:14.879Z D/SurveyVM [main] hasTwoStepPrompt[Q6] -> true (eval=303, fu=240)
2026-02-22T01:16:14.879Z D/SurveyVM [main] AI prompt coverage OK (aiCount=6)
2026-02-22T01:16:57.764Z D/SurveyVM [main] resetAudioRefs -> cleared
2026-02-22T01:16:57.767Z D/SurveyVM [main] resetNavToStart -> key=com.negi.survey.vm.FlowHome@a5a0fac, navSize=1
2026-02-22T01:16:57.768Z D/SurveyVM [main] resetToStart -> Start, session=1, uuid=a5e13174-f879-4073-9ac5-4b285dbb3590, preserveDraft=true, runNoteLen=12, draftCleared=true
2026-02-22T01:16:57.769Z D/SurveyVM [main] push -> Q1, navSize=2, stackSize=2
2026-02-22T01:16:57.821Z D/SurveyVM [main] hasTwoStepPrompt[Q1] -> true (eval=303, fu=240)
2026-02-22T01:17:00.302Z D/SurveyVM [main] backToPrevious -> Start
2026-02-22T01:17:00.306Z D/SurveyVM [main] hasTwoStepPrompt[Start] -> false (eval=0, fu=0)
2026-02-22T01:17:14.211Z D/SurveyVM [main] resetAudioRefs -> cleared
2026-02-22T01:17:14.211Z D/SurveyVM [main] resetNavToStart -> key=com.negi.survey.vm.FlowHome@a5a0fac, navSize=1
2026-02-22T01:17:14.211Z D/SurveyVM [main] resetToStart -> Start, session=2, uuid=29ee5448-b8d2-4bd3-aba1-05bf80936f0c, preserveDraft=true, runNoteLen=14, draftCleared=true
2026-02-22T01:17:14.212Z D/SurveyVM [main] push -> Q1, navSize=2, stackSize=2
2026-02-22T01:17:14.249Z D/SurveyVM [main] hasTwoStepPrompt[Q1] -> true (eval=303, fu=240)
2026-02-22T01:17:16.304Z D/SurveyVM [main] push -> Q2, navSize=3, stackSize=3
2026-02-22T01:17:16.307Z D/SurveyVM [main] hasTwoStepPrompt[Q2] -> true (eval=303, fu=240)
2026-02-22T01:17:16.818Z D/SurveyVM [main] push -> Q3, navSize=4, stackSize=4
2026-02-22T01:17:16.821Z D/SurveyVM [main] hasTwoStepPrompt[Q3] -> true (eval=303, fu=240)
2026-02-22T01:17:17.125Z D/SurveyVM [main] push -> Q4, navSize=5, stackSize=5
2026-02-22T01:17:17.127Z D/SurveyVM [main] hasTwoStepPrompt[Q4] -> true (eval=303, fu=240)
2026-02-22T01:17:17.409Z D/SurveyVM [main] push -> Q5, navSize=6, stackSize=6
2026-02-22T01:17:17.412Z D/SurveyVM [main] hasTwoStepPrompt[Q5] -> true (eval=303, fu=240)
2026-02-22T01:17:17.710Z D/SurveyVM [main] push -> Q6, navSize=7, stackSize=7
2026-02-22T01:17:17.718Z D/SurveyVM [main] hasTwoStepPrompt[Q6] -> true (eval=303, fu=240)
2026-02-22T01:17:18.327Z D/SurveyVM [main] push -> Review, navSize=8, stackSize=8
2026-02-22T01:17:18.330Z D/SurveyVM [main] hasTwoStepPrompt[Review] -> false (eval=0, fu=0)
2026-02-22T01:17:21.780Z D/SurveyVM [main] push -> Done, navSize=9, stackSize=9
2026-02-22T01:17:30.988Z D/SurveyVM [main] resetAudioRefs -> cleared
2026-02-22T01:17:30.989Z D/SurveyVM [main] resetNavToStart -> key=com.negi.survey.vm.FlowHome@a5a0fac, navSize=1
2026-02-22T01:17:30.989Z D/SurveyVM [main] resetToStart -> Start, session=3, uuid=5be17431-8813-4c39-8c43-ee048263112a, preserveDraft=false, runNoteLen=0, draftCleared=true
2026-02-22T01:17:31.005Z I/AiViewModel [main] onCleared: ViewModel is being cleared -> stopCurrentRunInternal()
2026-02-22T01:17:38.939Z D/AiTrace [main] Installed (enabled=false ringEnabled=true)
2026-02-22T01:17:38.940Z D/SurveyVM [main] init -> Start, session=0, uuid=a8f8213e-61eb-4bec-8756-2bb691f4f8a1, navSize=1, graphSize=9
2026-02-22T01:17:38.946Z D/SurveyVM [main] config.validate -> issues=0
2026-02-22T01:17:38.946Z D/SurveyVM [main] promptSources -> legacy=6, eval=0, follow=0
2026-02-22T01:17:38.946Z D/SurveyVM [main] promptSources.preview -> legacy=[Q1, Q2, Q3, Q4, Q5, Q6], eval=[], follow=[]
2026-02-22T01:17:38.946Z D/SurveyVM [main] hasTwoStepPrompt[Q1] -> false (eval=0, fu=0)
2026-02-22T01:17:38.946Z D/SurveyVM [main] hasTwoStepPrompt[Q2] -> false (eval=0, fu=0)
2026-02-22T01:17:38.946Z D/SurveyVM [main] hasTwoStepPrompt[Q3] -> false (eval=0, fu=0)
2026-02-22T01:17:38.946Z D/SurveyVM [main] hasTwoStepPrompt[Q4] -> false (eval=0, fu=0)
2026-02-22T01:17:38.946Z D/SurveyVM [main] hasTwoStepPrompt[Q5] -> false (eval=0, fu=0)
2026-02-22T01:17:38.947Z D/SurveyVM [main] hasTwoStepPrompt[Q6] -> false (eval=0, fu=0)
2026-02-22T01:17:38.947Z D/SurveyVM [main] AI prompt coverage OK (aiCount=6)
2026-02-22T01:17:47.967Z D/SurveyVM [main] resetAudioRefs -> cleared
2026-02-22T01:17:47.967Z D/SurveyVM [main] resetNavToStart -> key=com.negi.survey.vm.FlowHome@a5a0fac, navSize=1
2026-02-22T01:17:47.967Z D/SurveyVM [main] resetToStart -> Start, session=1, uuid=1b5f9198-32d8-4371-bd2b-4572d7061171, preserveDraft=true, runNoteLen=60, draftCleared=true
2026-02-22T01:17:47.967Z D/SurveyVM [main] push -> Q1, navSize=2, stackSize=2
2026-02-22T01:17:47.999Z D/SurveyVM [main] hasTwoStepPrompt[Q1] -> false (eval=0, fu=0)
2026-02-22T01:17:49.883Z D/SurveyVM [main] backToPrevious -> Start
