=== RuntimeLogStore Header ===
ts=2026-02-22T01:25:47.888Z
fileNameFormat=LEGACY
appId=com.negi.survey
versionName=0.0.1
versionCode=1
debug=false
device=Google Pixel 9a
sdk=36
pid=22475
==============================
2026-02-22T01:25:47.889Z I/RuntimeLogStore [rtlog-io] start: actor launched (fileNameFormat=LEGACY)
2026-02-22T01:25:47.886Z D/SurveyApp [main] attachBaseContext: pid=22475 process=com.negi.survey isMain=true sdk=36
2026-02-22T01:25:47.886Z D/SurveyApp [main] Skipping WorkManager init in attachBaseContext; will init in onCreate.
2026-02-22T01:25:47.887Z D/SurveyApp [main] CrashCapture installed: where=SurveyApp:attachBaseContext
2026-02-22T01:25:47.887Z I/RuntimeLogStore [main] start repair: ctx/dir refreshed
2026-02-22T01:25:47.887Z D/SurveyApp [main] onCreate: pid=22475 process=com.negi.survey isMain=true sdk=36
2026-02-22T01:25:47.901Z D/SurveyApp [main] WorkManager already ready. where=onCreate
2026-02-22T01:25:47.902Z D/SurveyApp [main] WorkManager already ready. where=startupRtLogs
2026-02-22T01:25:47.967Z D/SurveyApp [main] Startup runtime logs: enqueue requested.
2026-02-22T01:25:47.968Z D/SurveyApp [main] WorkManager already ready. where=startupRingLogs
2026-02-22T01:25:47.990Z D/SurveyApp [main] Startup ring logs: enqueue requested.
2026-02-22T01:25:47.991Z D/SurveyApp [main] CrashCapture installed: where=SurveyApp:onCreate(rewrap)
2026-02-22T01:25:47.991Z D/SurveyApp [main] CrashCapture self-healing registered.
2026-02-22T01:25:47.991Z D/SurveyApp [main] WorkManager already ready. where=enqueuePending(immediate)
2026-02-22T01:25:47.991Z D/SurveyApp [main] CrashCapture pending uploads requested (immediate).
2026-02-22T01:25:48.026Z I/RuntimeLogStore [DefaultDispatcher-worker-2] start repair: ctx/dir refreshed
2026-02-22T01:25:49.741Z I/RuntimeLogStore [DefaultDispatcher-worker-21] start repair: ctx/dir refreshed
