=== RuntimeLogStore Header ===
ts=2026-02-26T08:56:57.136Z
fileNameFormat=LEGACY
appId=com.negi.survey
versionName=0.0.1
versionCode=1
debug=false
device=Google Pixel 9a
sdk=36
pid=24920
==============================
2026-02-26T08:56:57.136Z I/RuntimeLogStore [rtlog-io] start: actor launched (fileNameFormat=LEGACY)
2026-02-26T08:56:57.129Z D/SurveyApp [main] attachBaseContext: pid=24920 process=com.negi.survey isMain=true sdk=36
2026-02-26T08:56:57.131Z D/SurveyApp [main] bootTiming: attachBaseContext total=42ms
2026-02-26T08:56:57.131Z D/SurveyApp [main] Skipping WorkManager init in attachBaseContext; will init lazily on first enqueue.
2026-02-26T08:56:57.132Z D/SurveyApp [main] CrashCapture installed: where=SurveyApp:attachBaseContext
2026-02-26T08:56:57.132Z I/RuntimeLogStore [main] start repair: ctx/dir refreshed
2026-02-26T08:56:57.132Z D/SurveyApp [main] bootTiming: RuntimeLogStore.start took=0ms
2026-02-26T08:56:57.132Z D/SurveyApp [main] bootTiming: AppRingLogStore.install took=0ms
2026-02-26T08:56:57.132Z D/SurveyApp [main] onCreate: pid=24920 process=com.negi.survey isMain=true sdk=36
2026-02-26T08:56:57.132Z D/SurveyApp [main] CrashCapture installed: where=SurveyApp:onCreate(rewrap)
2026-02-26T08:56:57.132Z D/SurveyApp [main] CrashCapture self-healing registered.
2026-02-26T08:56:57.132Z W/SurveyApp [main] Startup enqueues deferred: delay=2500ms (to reduce init contention)
2026-02-26T08:56:57.132Z D/SurveyApp [main] bootTiming: onCreate total=1ms
2026-02-26T08:56:57.575Z D/LiteRtLM [DefaultDispatcher-worker-1] Initializing LiteRT-LM: model='Gemma3n4B', key='Gemma3n4B|/data/user/0/com.negi.survey/files/gemma-3n-E4B-it-int4.litertlm'
2026-02-26T08:56:57.575Z D/LiteRtLM [DefaultDispatcher-worker-1] Capabilities: image=false audio=false
2026-02-26T08:56:57.575Z D/LiteRtLM [DefaultDispatcher-worker-1] Backend=GPU maxNumTokens=4096 (raw=4096) topK=64 topP=0.95 temp=1.0
2026-02-26T08:56:57.575Z D/LiteRtLM [DefaultDispatcher-worker-1] Model path='/data/user/0/com.negi.survey/files/gemma-3n-E4B-it-int4.litertlm' sizeBytes=4919541760
2026-02-26T08:56:57.579Z D/LiteRtLM [DefaultDispatcher-worker-1] Engine cacheDir resolved: key='Gemma3n4B|/data/user/0/com.negi.survey/files/gemma-3n-E4B-it-int4.litertlm' backend=GPU path='/data/user/0/com.negi.survey/no_backup/litertlm_cache/38ee02279954774b94ec113b62b8169a30d6fd48' files=3
2026-02-26T08:56:59.644Z W/SurveyApp [main] Deferred startup enqueues begin...
2026-02-26T08:56:59.661Z D/SurveyApp [main] WorkManager already ready. where=startupRtLogs(immediate)
2026-02-26T08:56:59.669Z D/SurveyApp [main] Startup runtime logs target -> owner=ishizuki-tech repo=SurveyExports branch=main base='/diagnostics/runtime_logs'
2026-02-26T08:56:59.734Z D/SurveyApp [main] Startup runtime logs: enqueue requested (immediate).
2026-02-26T08:56:59.734Z D/SurveyApp [main] WorkManager already ready. where=startupRingLogs(immediate)
2026-02-26T08:56:59.735Z D/SurveyApp [main] Startup ring logs target -> owner=ishizuki-tech repo=SurveyExports branch=main base='/diagnostics/applog_ring'
2026-02-26T08:56:59.767Z D/SurveyApp [main] Startup ring logs: enqueue requested (immediate).
2026-02-26T08:56:59.767Z D/SurveyApp [main] WorkManager already ready. where=enqueuePending(immediate)
2026-02-26T08:56:59.768Z D/SurveyApp [main] CrashCapture pending uploads requested (immediate).
2026-02-26T08:56:59.768Z W/SurveyApp [main] Deferred startup enqueues done: took=124ms
2026-02-26T08:57:01.058Z I/RuntimeLogStore [DefaultDispatcher-worker-9] start repair: ctx/dir refreshed
