=== RuntimeLogStore Header ===
ts=2026-02-20T22:56:36.744Z
appId=com.negi.survey
versionName=0.0.1
versionCode=1
debug=false
device=Google Pixel 9a
sdk=36
pid=22740
==============================
2026-02-20T22:56:36.744Z I/RuntimeLogStore [rtlog-io] start: actor launched
2026-02-20T22:56:36.736Z D/SurveyApp [main] attachBaseContext: pid=22740 process=com.negi.survey isMain=true sdk=36
2026-02-20T22:56:36.737Z D/SurveyApp [main] Skipping WorkManager init in attachBaseContext; will init in onCreate.
2026-02-20T22:56:36.738Z D/SurveyApp [main] CrashCapture installed: where=SurveyApp:attachBaseContext
2026-02-20T22:56:36.739Z I/RuntimeLogStore [main] start repair: ctx/dir refreshed
2026-02-20T22:56:36.739Z D/SurveyApp [main] onCreate: pid=22740 process=com.negi.survey isMain=true sdk=36
2026-02-20T22:56:36.762Z D/SurveyApp [main] WorkManager already ready. where=onCreate
2026-02-20T22:56:36.762Z D/SurveyApp [main] WorkManager already ready. where=startupRtLogs
2026-02-20T22:56:36.804Z D/SurveyApp [main] Startup runtime logs: enqueue requested.
2026-02-20T22:56:36.805Z D/SurveyApp [main] CrashCapture installed: where=SurveyApp:onCreate(rewrap)
2026-02-20T22:56:36.805Z D/SurveyApp [main] CrashCapture self-healing registered.
2026-02-20T22:56:36.805Z D/SurveyApp [main] WorkManager already ready. where=enqueuePending(immediate)
2026-02-20T22:56:36.806Z D/SurveyApp [main] CrashCapture pending uploads enqueued (immediate).
2026-02-20T22:56:36.806Z D/SurveyApp [main] Delayed enqueue retry not scheduled (immediate succeeded).
2026-02-20T22:56:36.817Z I/RuntimeLogStore [DefaultDispatcher-worker-2] start repair: ctx/dir refreshed
2026-02-20T22:56:38.203Z I/RuntimeLogStore [DefaultDispatcher-worker-1] start repair: ctx/dir refreshed
