=== RuntimeLogStore Header ===
ts=2026-02-21T08:10:23.304Z
fileNameFormat=LEGACY
appId=com.negi.survey
versionName=0.0.1
versionCode=1
debug=false
device=Google Pixel 9a
sdk=36
pid=17558
==============================
2026-02-21T08:10:23.304Z I/RuntimeLogStore [rtlog-io] start: actor launched (fileNameFormat=LEGACY)
2026-02-21T08:10:23.304Z D/SurveyApp [main] attachBaseContext: pid=17558 process=com.negi.survey isMain=true sdk=36
2026-02-21T08:10:23.304Z D/SurveyApp [main] Skipping WorkManager init in attachBaseContext; will init in onCreate.
2026-02-21T08:10:23.305Z D/SurveyApp [main] CrashCapture installed: where=SurveyApp:attachBaseContext
2026-02-21T08:10:23.305Z I/RuntimeLogStore [main] start repair: ctx/dir refreshed
2026-02-21T08:10:23.305Z D/SurveyApp [main] onCreate: pid=17558 process=com.negi.survey isMain=true sdk=36
2026-02-21T08:10:23.328Z D/SurveyApp [main] WorkManager already ready. where=onCreate
2026-02-21T08:10:23.328Z D/SurveyApp [main] WorkManager already ready. where=startupRtLogs
2026-02-21T08:10:23.396Z D/SurveyApp [main] Startup runtime logs: enqueue requested.
2026-02-21T08:10:23.397Z D/SurveyApp [main] CrashCapture installed: where=SurveyApp:onCreate(rewrap)
2026-02-21T08:10:23.397Z D/SurveyApp [main] CrashCapture self-healing registered.
2026-02-21T08:10:23.397Z D/SurveyApp [main] WorkManager already ready. where=enqueuePending(immediate)
2026-02-21T08:10:23.398Z D/SurveyApp [main] CrashCapture pending uploads requested (immediate).
2026-02-21T08:10:23.413Z I/RuntimeLogStore [DefaultDispatcher-worker-2] start repair: ctx/dir refreshed
2026-02-21T08:10:25.395Z I/RuntimeLogStore [DefaultDispatcher-worker-10] start repair: ctx/dir refreshed
