=== RuntimeLogStore Header ===
ts=2026-07-06T13:10:15.024Z
fileNameFormat=LEGACY
appId=com.negi.survey
versionName=v0.0.1-20260318-172107
versionCode=22
debug=false
device=samsung SM-S931U1
sdk=36
pid=15434
==============================
2026-07-06T13:10:15.024Z I/RuntimeLogStore [rtlog-io] --- rotated (reason=plain_snapshot:receiver_boot_completed) ---
2026-07-06T13:10:16.124Z W/SurveyApp [main] Deferred startup enqueues begin...
2026-07-06T13:10:16.124Z D/SurveyApp [main] WorkManager already ready. where=startupRtLogs(immediate)
2026-07-06T13:10:16.126Z D/SurveyApp [main] Startup runtime logs target -> owner=ishizuki-tech repo=SurveyExports branch=main base='/diagnostics/runtime_logs'
2026-07-06T13:10:16.130Z D/SurveyApp [main] Startup runtime logs: enqueue requested (immediate).
2026-07-06T13:10:16.130Z D/SurveyApp [main] WorkManager already ready. where=startupRingLogs(immediate)
2026-07-06T13:10:16.130Z D/SurveyApp [main] Startup ring logs target -> owner=ishizuki-tech repo=SurveyExports branch=main base='/diagnostics/applog_ring'
2026-07-06T13:10:16.131Z D/SurveyApp [main] Startup ring logs: enqueue requested (immediate).
2026-07-06T13:10:16.131Z D/SurveyApp [main] WorkManager already ready. where=enqueuePending(immediate)
2026-07-06T13:10:16.131Z D/SurveyApp [main] CrashCapture pending uploads requested (immediate).
2026-07-06T13:10:16.131Z W/SurveyApp [main] Deferred startup enqueues done: took=8ms
