=== RuntimeLogStore Header ===
ts=2026-02-21T03:35:57.928Z
fileNameFormat=LEGACY
appId=com.negi.survey
versionName=0.0.1
versionCode=1
debug=false
device=Google Pixel 9a
sdk=36
pid=32171
==============================
2026-02-21T03:35:57.928Z I/RuntimeLogStore [rtlog-io] --- rotated (reason=plain_snapshot:app_start) ---
2026-02-21T03:36:05.411Z D/LiteRtLM [DefaultDispatcher-worker-9] Initializing LiteRT-LM: model='Gemma3n4B', key='Gemma3n4B|/data/user/0/com.negi.survey/files/gemma-3n-E4B-it-int4.litertlm'
2026-02-21T03:36:05.413Z D/LiteRtLM [DefaultDispatcher-worker-9] Capabilities: image=false audio=false
2026-02-21T03:36:05.413Z D/LiteRtLM [DefaultDispatcher-worker-9] Backend=GPU maxNumTokens=4096 (raw=4096) topK=64 topP=0.95 temp=1.0
2026-02-21T03:36:29.309Z D/LiteRtLM [DefaultDispatcher-worker-9] LiteRT-LM initialization succeeded: model='Gemma3n4B', key='Gemma3n4B|/data/user/0/com.negi.survey/files/gemma-3n-E4B-it-int4.litertlm'
2026-02-21T03:36:29.371Z D/AiTrace [main] Installed (enabled=false)
2026-02-21T03:36:29.374Z D/SurveyVM [main] init -> Start, session=0, uuid=570acfcf-b07d-4e2b-ad7c-32824b08a582, navSize=1, graphSize=9
2026-02-21T03:36:29.382Z D/SurveyVM [main] config.validate -> issues=0
2026-02-21T03:36:29.382Z D/SurveyVM [main] promptSources -> legacy=6, eval=0, follow=0
2026-02-21T03:36:29.382Z D/SurveyVM [main] promptSources.preview -> legacy=[Q1, Q2, Q3, Q4, Q5, Q6], eval=[], follow=[]
2026-02-21T03:36:29.383Z D/SurveyVM [main] hasTwoStepPrompt[Q1] -> false (eval=0, fu=0)
2026-02-21T03:36:29.383Z D/SurveyVM [main] hasTwoStepPrompt[Q2] -> false (eval=0, fu=0)
2026-02-21T03:36:29.383Z D/SurveyVM [main] hasTwoStepPrompt[Q3] -> false (eval=0, fu=0)
2026-02-21T03:36:29.383Z D/SurveyVM [main] hasTwoStepPrompt[Q4] -> false (eval=0, fu=0)
2026-02-21T03:36:29.383Z D/SurveyVM [main] hasTwoStepPrompt[Q5] -> false (eval=0, fu=0)
2026-02-21T03:36:29.383Z D/SurveyVM [main] hasTwoStepPrompt[Q6] -> false (eval=0, fu=0)
2026-02-21T03:36:29.383Z D/SurveyVM [main] AI prompt coverage OK (aiCount=6)
2026-02-21T03:36:31.869Z D/SurveyVM [main] resetAudioRefs -> cleared
2026-02-21T03:36:31.870Z D/SurveyVM [main] resetNavToStart -> key=com.negi.survey.vm.FlowHome@30623a1, navSize=1
2026-02-21T03:36:31.870Z D/SurveyVM [main] resetToStart -> Start, session=1, uuid=df346d7b-7ab3-4e51-a42c-859fd0f2bd82
2026-02-21T03:36:31.870Z D/SurveyVM [main] push -> Q1, navSize=2, stackSize=2
2026-02-21T03:36:42.258Z D/SurveyVM [main] push -> Q2, navSize=3, stackSize=3
