=== RuntimeLogStore Header ===
ts=2026-02-21T03:41:16.483Z
fileNameFormat=LEGACY
appId=com.negi.survey
versionName=0.0.1
versionCode=1
debug=false
device=Google Pixel 9a
sdk=36
pid=1338
==============================
2026-02-21T03:41:16.484Z I/RuntimeLogStore [rtlog-io] start: actor launched (fileNameFormat=LEGACY)
2026-02-21T03:41:16.470Z D/SurveyApp [main] attachBaseContext: pid=1338 process=com.negi.survey isMain=true sdk=36
2026-02-21T03:41:16.470Z D/SurveyApp [main] Skipping WorkManager init in attachBaseContext; will init in onCreate.
2026-02-21T03:41:16.471Z D/SurveyApp [main] CrashCapture installed: where=SurveyApp:attachBaseContext
2026-02-21T03:41:16.471Z I/RuntimeLogStore [main] start repair: ctx/dir refreshed
2026-02-21T03:41:16.471Z D/SurveyApp [main] onCreate: pid=1338 process=com.negi.survey isMain=true sdk=36
2026-02-21T03:41:16.494Z D/SurveyApp [main] WorkManager already ready. where=onCreate
2026-02-21T03:41:16.494Z D/SurveyApp [main] WorkManager already ready. where=startupRtLogs
2026-02-21T03:41:16.548Z D/SurveyApp [main] Startup runtime logs: enqueue requested.
2026-02-21T03:41:16.548Z D/SurveyApp [main] CrashCapture installed: where=SurveyApp:onCreate(rewrap)
2026-02-21T03:41:16.548Z D/SurveyApp [main] CrashCapture self-healing registered.
2026-02-21T03:41:16.548Z D/SurveyApp [main] WorkManager already ready. where=enqueuePending(immediate)
2026-02-21T03:41:16.548Z D/SurveyApp [main] CrashCapture pending uploads enqueued (immediate).
2026-02-21T03:41:16.548Z D/SurveyApp [main] Delayed enqueue retry not scheduled (immediate succeeded).
2026-02-21T03:41:16.558Z I/RuntimeLogStore [DefaultDispatcher-worker-2] start repair: ctx/dir refreshed
2026-02-21T03:41:18.012Z I/RuntimeLogStore [DefaultDispatcher-worker-13] start repair: ctx/dir refreshed
