20260222_180933 I/AppRingLogStore pid=17116 tid=17116 uptimeMs=1886036082 msg=install: pid=17116 timeUtc=20260222_180933 uptimeMs=1886036082
20260222_180933 D/SurveyApp pid=17116 tid=17116 uptimeMs=1886036084 msg=attachBaseContext: pid=17116 process=com.negi.survey isMain=true sdk=36
20260222_180933 D/SurveyApp pid=17116 tid=17116 uptimeMs=1886036084 msg=onCreate: pid=17116 process=com.negi.survey isMain=true sdk=36
20260222_181436 D/AiTrace pid=17116 tid=17116 uptimeMs=1886338933 msg=Installed (enabled=false ringEnabled=true)
20260222_181502 D/LiteRtRepository pid=17116 tid=17181 uptimeMs=1886364617 msg=[1] start model='Gemma3n4B' prompt.len=1671 sha=4a96fb6edee8ac21 gateWaitMs=1
20260222_181502 D/LiteRtRepository pid=17116 tid=17154 uptimeMs=1886364632 msg=[1] init ok initMs=13
20260222_181521 D/LiteRtRepository pid=17116 tid=17116 uptimeMs=1886384345 msg=[1] logicalDone=true
20260222_181521 D/LiteRtRepository pid=17116 tid=17116 uptimeMs=1886384346 msg=[1] native termination safe point -> reset+close
20260222_181521 D/LiteRtRepository pid=17116 tid=17181 uptimeMs=1886384347 msg=[1] resetConversation begin tag='native-terminated'
20260222_181521 I/LiteRtRepository pid=17116 tid=17154 uptimeMs=1886384351 msg=[1] finalize reason='native-terminated' elapsedMs=19736 firstTokenMs=6025 chunks=76 out.len=226 capturedAll=true logicalDone=true nativeTerminated=true cancelTag='null' lastDeltaMsAgo=221 lastEventMsAgo=4
20260222_181521 D/LiteRtRepository pid=17116 tid=17575 uptimeMs=1886384360 msg=[1] resetConversation ok tag='native-terminated'
20260222_181521 I/AiViewModel pid=17116 tid=17156 uptimeMs=1886384383 msg=run[1] done: phase=EVAL mode=EVAL_JSON score=1 FU[0]=", "followup_needed": true, "followup_target": "Mana ya jibu linalotolewa ni nini? commit=true err=<none>
20260222_181521 D/LiteRtRepository pid=17116 tid=17154 uptimeMs=1886384407 msg=[2] start model='Gemma3n4B' prompt.len=1496 sha=364c76f6e130ab81 gateWaitMs=0
20260222_181521 D/LiteRtRepository pid=17116 tid=17154 uptimeMs=1886384408 msg=[2] init ok initMs=1
20260222_181526 D/LiteRtRepository pid=17116 tid=17116 uptimeMs=1886389365 msg=[2] logicalDone=true
20260222_181526 D/LiteRtRepository pid=17116 tid=17116 uptimeMs=1886389366 msg=[2] native termination safe point -> reset+close
20260222_181526 D/LiteRtRepository pid=17116 tid=17576 uptimeMs=1886389367 msg=[2] resetConversation begin tag='native-terminated'
20260222_181526 I/LiteRtRepository pid=17116 tid=17156 uptimeMs=1886389368 msg=[2] finalize reason='native-terminated' elapsedMs=4967 firstTokenMs=2963 chunks=12 out.len=34 capturedAll=true logicalDone=true nativeTerminated=true cancelTag='null' lastDeltaMsAgo=154 lastEventMsAgo=0
20260222_181526 D/LiteRtRepository pid=17116 tid=17156 uptimeMs=1886389370 msg=[2] resetConversation ok tag='native-terminated'
20260222_181526 I/AiViewModel pid=17116 tid=17155 uptimeMs=1886389383 msg=run[2] done: phase=FOLLOWUP mode=FOLLOWUP_JSON_OR_TEXT score=null FU[0]=Mana ya jibu linalotolewa ni nini? commit=false err=<none>
20260222_181536 D/LiteRtRepository pid=17116 tid=17155 uptimeMs=1886398672 msg=[3] start model='Gemma3n4B' prompt.len=1498 sha=0cb187d4dce183d2 gateWaitMs=0
20260222_181536 D/LiteRtRepository pid=17116 tid=17155 uptimeMs=1886398674 msg=[3] init ok initMs=2
20260222_181555 D/LiteRtRepository pid=17116 tid=17116 uptimeMs=1886418043 msg=[3] logicalDone=true
20260222_181555 D/LiteRtRepository pid=17116 tid=17116 uptimeMs=1886418044 msg=[3] native termination safe point -> reset+close
20260222_181555 I/LiteRtRepository pid=17116 tid=17576 uptimeMs=1886418044 msg=[3] finalize reason='native-terminated' elapsedMs=19374 firstTokenMs=2977 chunks=93 out.len=296 capturedAll=true logicalDone=true nativeTerminated=true cancelTag='null' lastDeltaMsAgo=156 lastEventMsAgo=1
20260222_181555 D/LiteRtRepository pid=17116 tid=17574 uptimeMs=1886418044 msg=[3] resetConversation begin tag='native-terminated'
20260222_181555 D/LiteRtRepository pid=17116 tid=17577 uptimeMs=1886418048 msg=[3] resetConversation ok tag='native-terminated'
20260222_181555 I/AiViewModel pid=17116 tid=17574 uptimeMs=1886418053 msg=run[3] done: phase=EVAL mode=EVAL_JSON score=1 FU[0]=<none> commit=true err=<none>
20260222_181555 D/LiteRtRepository pid=17116 tid=17154 uptimeMs=1886418064 msg=[4] start model='Gemma3n4B' prompt.len=1566 sha=5f520e3080d50957 gateWaitMs=0
20260222_181555 D/LiteRtRepository pid=17116 tid=17154 uptimeMs=1886418065 msg=[4] init ok initMs=0
20260222_181601 D/LiteRtRepository pid=17116 tid=17116 uptimeMs=1886424490 msg=[4] logicalDone=true
20260222_181601 D/LiteRtRepository pid=17116 tid=17116 uptimeMs=1886424491 msg=[4] native termination safe point -> reset+close
20260222_181601 D/LiteRtRepository pid=17116 tid=17155 uptimeMs=1886424491 msg=[4] resetConversation begin tag='native-terminated'
20260222_181601 I/LiteRtRepository pid=17116 tid=17154 uptimeMs=1886424495 msg=[4] finalize reason='native-terminated' elapsedMs=6429 firstTokenMs=2985 chunks=20 out.len=62 capturedAll=true logicalDone=true nativeTerminated=true cancelTag='null' lastDeltaMsAgo=168 lastEventMsAgo=1
20260222_181601 D/LiteRtRepository pid=17116 tid=17575 uptimeMs=1886424497 msg=[4] resetConversation ok tag='native-terminated'
20260222_181601 I/AiViewModel pid=17116 tid=17577 uptimeMs=1886424500 msg=run[4] done: phase=FOLLOWUP mode=FOLLOWUP_JSON_OR_TEXT score=null FU[0]=Tunahitaji kujua swali sahi lilotolewa ili kujibu kwa uhakika. commit=false err=<none>
20260222_181623 D/LiteRtRepository pid=17116 tid=17154 uptimeMs=1886446241 msg=[5] start model='Gemma3n4B' prompt.len=1533 sha=7eca8f61c8a91c7d gateWaitMs=1
20260222_181623 D/LiteRtRepository pid=17116 tid=17154 uptimeMs=1886446247 msg=[5] init ok initMs=2
20260222_181638 D/LiteRtRepository pid=17116 tid=17116 uptimeMs=1886461314 msg=[5] logicalDone=true
20260222_181638 D/LiteRtRepository pid=17116 tid=17116 uptimeMs=1886461314 msg=[5] native termination safe point -> reset+close
20260222_181638 I/LiteRtRepository pid=17116 tid=17181 uptimeMs=1886461315 msg=[5] finalize reason='native-terminated' elapsedMs=15080 firstTokenMs=3346 chunks=67 out.len=206 capturedAll=true logicalDone=true nativeTerminated=true cancelTag='null' lastDeltaMsAgo=137 lastEventMsAgo=1
20260222_181638 D/LiteRtRepository pid=17116 tid=17156 uptimeMs=1886461317 msg=[5] resetConversation begin tag='native-terminated'
20260222_181638 D/LiteRtRepository pid=17116 tid=17616 uptimeMs=1886461318 msg=[5] resetConversation ok tag='native-terminated'
20260222_181638 I/AiViewModel pid=17116 tid=17154 uptimeMs=1886461322 msg=run[5] done: phase=EVAL mode=EVAL_JSON score=1 FU[0]=<none> commit=true err=<none>
20260222_181638 D/LiteRtRepository pid=17116 tid=17577 uptimeMs=1886461333 msg=[6] start model='Gemma3n4B' prompt.len=1476 sha=be32c5e1a2f09dd8 gateWaitMs=1
20260222_181638 D/LiteRtRepository pid=17116 tid=17577 uptimeMs=1886461334 msg=[6] init ok initMs=1
20260222_181643 D/LiteRtRepository pid=17116 tid=17116 uptimeMs=1886465914 msg=[6] logicalDone=true
20260222_181643 D/LiteRtRepository pid=17116 tid=17116 uptimeMs=1886465914 msg=[6] native termination safe point -> reset+close
20260222_181643 D/LiteRtRepository pid=17116 tid=17181 uptimeMs=1886465915 msg=[6] resetConversation begin tag='native-terminated'
20260222_181643 I/LiteRtRepository pid=17116 tid=17156 uptimeMs=1886465915 msg=[6] finalize reason='native-terminated' elapsedMs=4583 firstTokenMs=2548 chunks=12 out.len=37 capturedAll=true logicalDone=true nativeTerminated=true cancelTag='null' lastDeltaMsAgo=189 lastEventMsAgo=1
20260222_181643 I/AiViewModel pid=17116 tid=17574 uptimeMs=1886465918 msg=run[6] done: phase=FOLLOWUP mode=FOLLOWUP_JSON_OR_TEXT score=null FU[0]=Tafadhali toa swali sahi ili nipitie. commit=false err=<none>
20260222_181643 D/LiteRtRepository pid=17116 tid=17156 uptimeMs=1886465918 msg=[6] resetConversation ok tag='native-terminated'
20260222_181715 D/LiteRtRepository pid=17116 tid=17181 uptimeMs=1886498025 msg=[7] start model='Gemma3n4B' prompt.len=1565 sha=443f473a6c6c8ff6 gateWaitMs=0
20260222_181715 D/LiteRtRepository pid=17116 tid=17181 uptimeMs=1886498027 msg=[7] init ok initMs=1
20260222_181732 D/LiteRtRepository pid=17116 tid=17116 uptimeMs=1886514912 msg=[7] logicalDone=true
20260222_181732 D/LiteRtRepository pid=17116 tid=17116 uptimeMs=1886514913 msg=[7] native termination safe point -> reset+close
20260222_181732 D/LiteRtRepository pid=17116 tid=17156 uptimeMs=1886514914 msg=[7] resetConversation begin tag='native-terminated'
20260222_181732 I/LiteRtRepository pid=17116 tid=17154 uptimeMs=1886514916 msg=[7] finalize reason='native-terminated' elapsedMs=16891 firstTokenMs=3062 chunks=82 out.len=254 capturedAll=true logicalDone=true nativeTerminated=true cancelTag='null' lastDeltaMsAgo=171 lastEventMsAgo=4
20260222_181732 D/LiteRtRepository pid=17116 tid=17156 uptimeMs=1886514918 msg=[7] resetConversation ok tag='native-terminated'
20260222_181732 I/AiViewModel pid=17116 tid=17181 uptimeMs=1886514932 msg=run[7] done: phase=EVAL mode=EVAL_JSON score=1 FU[0]=<none> commit=true err=<none>
20260222_181732 D/LiteRtRepository pid=17116 tid=17181 uptimeMs=1886514939 msg=[8] start model='Gemma3n4B' prompt.len=1524 sha=dd6d9d909d9ca103 gateWaitMs=0
20260222_181732 D/LiteRtRepository pid=17116 tid=17679 uptimeMs=1886514941 msg=[8] init ok initMs=1
20260222_181737 D/LiteRtRepository pid=17116 tid=17116 uptimeMs=1886520515 msg=[8] logicalDone=true
20260222_181737 D/LiteRtRepository pid=17116 tid=17116 uptimeMs=1886520515 msg=[8] native termination safe point -> reset+close
20260222_181738 I/LiteRtRepository pid=17116 tid=17678 uptimeMs=1886520517 msg=[8] finalize reason='native-terminated' elapsedMs=5581 firstTokenMs=2738 chunks=17 out.len=55 capturedAll=true logicalDone=true nativeTerminated=true cancelTag='null' lastDeltaMsAgo=153 lastEventMsAgo=2
20260222_181738 D/LiteRtRepository pid=17116 tid=17680 uptimeMs=1886520519 msg=[8] resetConversation begin tag='native-terminated'
20260222_181738 I/AiViewModel pid=17116 tid=17678 uptimeMs=1886520521 msg=run[8] done: phase=FOLLOWUP mode=FOLLOWUP_JSON_OR_TEXT score=null FU[0]=Tafadhali toa majibu kwa swali kuhusu potofu ya mavuno. commit=false err=<none>
20260222_181738 D/LiteRtRepository pid=17116 tid=17678 uptimeMs=1886520522 msg=[8] resetConversation ok tag='native-terminated'
20260222_181940 D/LiteRtRepository pid=17116 tid=17181 uptimeMs=1886643284 msg=[9] start model='Gemma3n4B' prompt.len=1509 sha=72b40a8f55efa845 gateWaitMs=0
20260222_181940 D/LiteRtRepository pid=17116 tid=17181 uptimeMs=1886643287 msg=[9] init ok initMs=3
20260222_181959 D/LiteRtRepository pid=17116 tid=17116 uptimeMs=1886662092 msg=[9] logicalDone=true
20260222_181959 D/LiteRtRepository pid=17116 tid=17116 uptimeMs=1886662092 msg=[9] native termination safe point -> reset+close
20260222_181959 D/LiteRtRepository pid=17116 tid=17181 uptimeMs=1886662093 msg=[9] resetConversation begin tag='native-terminated'
20260222_181959 I/LiteRtRepository pid=17116 tid=17679 uptimeMs=1886662093 msg=[9] finalize reason='native-terminated' elapsedMs=18811 firstTokenMs=3563 chunks=88 out.len=283 capturedAll=true logicalDone=true nativeTerminated=true cancelTag='null' lastDeltaMsAgo=134 lastEventMsAgo=1
20260222_181959 D/LiteRtRepository pid=17116 tid=17575 uptimeMs=1886662095 msg=[9] resetConversation ok tag='native-terminated'
20260222_181959 I/AiViewModel pid=17116 tid=17680 uptimeMs=1886662096 msg=run[9] done: phase=EVAL mode=EVAL_JSON score=1 FU[0]=<none> commit=true err=<none>
20260222_181959 D/LiteRtRepository pid=17116 tid=17156 uptimeMs=1886662103 msg=[10] start model='Gemma3n4B' prompt.len=1553 sha=19471da09dfd4cae gateWaitMs=1
20260222_181959 D/LiteRtRepository pid=17116 tid=17156 uptimeMs=1886662104 msg=[10] init ok initMs=1
20260222_182006 D/LiteRtRepository pid=17116 tid=17116 uptimeMs=1886668988 msg=[10] logicalDone=true
20260222_182006 D/LiteRtRepository pid=17116 tid=17116 uptimeMs=1886668989 msg=[10] native termination safe point -> reset+close
20260222_182006 D/LiteRtRepository pid=17116 tid=17680 uptimeMs=1886668990 msg=[10] resetConversation begin tag='native-terminated'
20260222_182006 D/LiteRtRepository pid=17116 tid=17575 uptimeMs=1886668993 msg=[10] resetConversation ok tag='native-terminated'
20260222_182006 I/LiteRtRepository pid=17116 tid=17574 uptimeMs=1886668996 msg=[10] finalize reason='native-terminated' elapsedMs=6894 firstTokenMs=2658 chunks=25 out.len=90 capturedAll=true logicalDone=true nativeTerminated=true cancelTag='null' lastDeltaMsAgo=167 lastEventMsAgo=7
20260222_182006 I/AiViewModel pid=17116 tid=17680 uptimeMs=1886669000 msg=run[10] done: phase=FOLLOWUP mode=FOLLOWUP_JSON_OR_TEXT score=null FU[0]=Swali lilikuwa kuhusu potofu ya mavuno, tafadhali toa majibu sahi kuhusu potofu ya mavuno. commit=false err=<none>
20260222_182013 D/LiteRtRepository pid=17116 tid=17992 uptimeMs=1886676175 msg=[11] start model='Gemma3n4B' prompt.len=1559 sha=ee3d563245433b47 gateWaitMs=0
20260222_182013 D/LiteRtRepository pid=17116 tid=17992 uptimeMs=1886676180 msg=[11] init ok initMs=5
20260222_182030 D/LiteRtRepository pid=17116 tid=17116 uptimeMs=1886693471 msg=[11] logicalDone=true
20260222_182030 D/LiteRtRepository pid=17116 tid=17116 uptimeMs=1886693471 msg=[11] native termination safe point -> reset+close
20260222_182030 I/LiteRtRepository pid=17116 tid=17680 uptimeMs=1886693473 msg=[11] finalize reason='native-terminated' elapsedMs=17299 firstTokenMs=2269 chunks=89 out.len=271 capturedAll=true logicalDone=true nativeTerminated=true cancelTag='null' lastDeltaMsAgo=200 lastEventMsAgo=2
20260222_182030 D/LiteRtRepository pid=17116 tid=17992 uptimeMs=1886693474 msg=[11] resetConversation begin tag='native-terminated'
20260222_182030 D/LiteRtRepository pid=17116 tid=17991 uptimeMs=1886693477 msg=[11] resetConversation ok tag='native-terminated'
20260222_182030 I/AiViewModel pid=17116 tid=17993 uptimeMs=1886693477 msg=run[11] done: phase=EVAL mode=EVAL_JSON score=1 FU[0]=<none> commit=true err=<none>
20260222_182030 D/LiteRtRepository pid=17116 tid=17680 uptimeMs=1886693484 msg=[12] start model='Gemma3n4B' prompt.len=1541 sha=aae3230db5df846e gateWaitMs=0
20260222_182030 D/LiteRtRepository pid=17116 tid=17680 uptimeMs=1886693488 msg=[12] init ok initMs=0
20260222_182035 D/LiteRtRepository pid=17116 tid=17116 uptimeMs=1886698373 msg=[12] logicalDone=true
20260222_182035 D/LiteRtRepository pid=17116 tid=17116 uptimeMs=1886698374 msg=[12] native termination safe point -> reset+close
20260222_182035 D/LiteRtRepository pid=17116 tid=17991 uptimeMs=1886698374 msg=[12] resetConversation begin tag='native-terminated'
20260222_182035 I/LiteRtRepository pid=17116 tid=17678 uptimeMs=1886698374 msg=[12] finalize reason='native-terminated' elapsedMs=4893 firstTokenMs=2479 chunks=14 out.len=51 capturedAll=true logicalDone=true nativeTerminated=true cancelTag='null' lastDeltaMsAgo=184 lastEventMsAgo=1
20260222_182035 D/LiteRtRepository pid=17116 tid=17678 uptimeMs=1886698376 msg=[12] resetConversation ok tag='native-terminated'
20260222_182035 I/AiViewModel pid=17116 tid=17991 uptimeMs=1886698377 msg=run[12] done: phase=FOLLOWUP mode=FOLLOWUP_JSON_OR_TEXT score=null FU[0]=Tafadhali toa tarifa kuhusu potofu ya mavuno hivyo. commit=false err=<none>
20260222_182049 D/LiteRtRepository pid=17116 tid=17991 uptimeMs=1886712198 msg=[13] start model='Gemma3n4B' prompt.len=1702 sha=1c3a8112bff6c5f5 gateWaitMs=0
20260222_182049 D/LiteRtRepository pid=17116 tid=17678 uptimeMs=1886712201 msg=[13] init ok initMs=3
20260222_182105 D/LiteRtRepository pid=17116 tid=17116 uptimeMs=1886728341 msg=[13] logicalDone=true
20260222_182105 D/LiteRtRepository pid=17116 tid=17116 uptimeMs=1886728341 msg=[13] native termination safe point -> reset+close
20260222_182105 D/LiteRtRepository pid=17116 tid=17985 uptimeMs=1886728342 msg=[13] resetConversation begin tag='native-terminated'
20260222_182105 I/LiteRtRepository pid=17116 tid=17985 uptimeMs=1886728342 msg=[13] finalize reason='native-terminated' elapsedMs=16146 firstTokenMs=3043 chunks=77 out.len=326 capturedAll=true logicalDone=true nativeTerminated=true cancelTag='null' lastDeltaMsAgo=137 lastEventMsAgo=1
20260222_182105 D/LiteRtRepository pid=17116 tid=17991 uptimeMs=1886728345 msg=[13] resetConversation ok tag='native-terminated'
20260222_182105 I/AiViewModel pid=17116 tid=17993 uptimeMs=1886728346 msg=run[13] done: phase=EVAL mode=EVAL_JSON score=1 FU[0]=", "followup_needed": true, "followup_target": "Could you please provide specific details about the crop loss you are referring to? commit=true err=<none>
20260222_182105 D/LiteRtRepository pid=17116 tid=17992 uptimeMs=1886728353 msg=[14] start model='Gemma3n4B' prompt.len=1597 sha=7a979f857a2e8b22 gateWaitMs=1
20260222_182105 D/LiteRtRepository pid=17116 tid=17992 uptimeMs=1886728357 msg=[14] init ok initMs=1
20260222_182110 D/LiteRtRepository pid=17116 tid=17116 uptimeMs=1886733377 msg=[14] logicalDone=true
20260222_182110 D/LiteRtRepository pid=17116 tid=17116 uptimeMs=1886733378 msg=[14] native termination safe point -> reset+close
20260222_182110 I/LiteRtRepository pid=17116 tid=17985 uptimeMs=1886733379 msg=[14] finalize reason='native-terminated' elapsedMs=5026 firstTokenMs=2384 chunks=15 out.len=83 capturedAll=true logicalDone=true nativeTerminated=true cancelTag='null' lastDeltaMsAgo=166 lastEventMsAgo=1
20260222_182110 D/LiteRtRepository pid=17116 tid=17679 uptimeMs=1886733381 msg=[14] resetConversation begin tag='native-terminated'
20260222_182110 D/LiteRtRepository pid=17116 tid=17680 uptimeMs=1886733382 msg=[14] resetConversation ok tag='native-terminated'
20260222_182110 I/AiViewModel pid=17116 tid=17985 uptimeMs=1886733384 msg=run[14] done: phase=FOLLOWUP mode=FOLLOWUP_JSON_OR_TEXT score=null FU[0]=Could you please provide specific details about the crop loss you are referring to? commit=false err=<none>
20260222_182119 D/LiteRtRepository pid=17116 tid=17985 uptimeMs=1886742006 msg=[15] start model='Gemma3n4B' prompt.len=1536 sha=a84c478fbef5bac2 gateWaitMs=0
20260222_182119 D/LiteRtRepository pid=17116 tid=17985 uptimeMs=1886742008 msg=[15] init ok initMs=2
20260222_182135 D/LiteRtRepository pid=17116 tid=17116 uptimeMs=1886758414 msg=[15] logicalDone=true
20260222_182135 D/LiteRtRepository pid=17116 tid=17116 uptimeMs=1886758415 msg=[15] native termination safe point -> reset+close
20260222_182135 D/LiteRtRepository pid=17116 tid=17992 uptimeMs=1886758417 msg=[15] resetConversation begin tag='native-terminated'
20260222_182135 I/LiteRtRepository pid=17116 tid=17574 uptimeMs=1886758417 msg=[15] finalize reason='native-terminated' elapsedMs=16413 firstTokenMs=2215 chunks=78 out.len=238 capturedAll=true logicalDone=true nativeTerminated=true cancelTag='null' lastDeltaMsAgo=156 lastEventMsAgo=2
20260222_182135 D/LiteRtRepository pid=17116 tid=17993 uptimeMs=1886758421 msg=[15] resetConversation ok tag='native-terminated'
20260222_182135 I/AiViewModel pid=17116 tid=17985 uptimeMs=1886758429 msg=run[15] done: phase=EVAL mode=EVAL_JSON score=1 FU[0]=<none> commit=true err=<none>
20260222_182135 D/LiteRtRepository pid=17116 tid=17985 uptimeMs=1886758434 msg=[16] start model='Gemma3n4B' prompt.len=1508 sha=cc57f3046bb977ab gateWaitMs=0
20260222_182135 D/LiteRtRepository pid=17116 tid=17985 uptimeMs=1886758435 msg=[16] init ok initMs=1
20260222_182140 D/LiteRtRepository pid=17116 tid=17116 uptimeMs=1886763174 msg=[16] logicalDone=true
20260222_182140 D/LiteRtRepository pid=17116 tid=17116 uptimeMs=1886763174 msg=[16] native termination safe point -> reset+close
20260222_182140 D/LiteRtRepository pid=17116 tid=17992 uptimeMs=1886763175 msg=[16] resetConversation begin tag='native-terminated'
20260222_182140 I/LiteRtRepository pid=17116 tid=17574 uptimeMs=1886763175 msg=[16] finalize reason='native-terminated' elapsedMs=4742 firstTokenMs=2513 chunks=13 out.len=38 capturedAll=true logicalDone=true nativeTerminated=true cancelTag='null' lastDeltaMsAgo=160 lastEventMsAgo=1
20260222_182140 I/AiViewModel pid=17116 tid=17992 uptimeMs=1886763182 msg=run[16] done: phase=FOLLOWUP mode=FOLLOWUP_JSON_OR_TEXT score=null FU[0]=Tafadhali tafsema uhaba wa mahindi GF. commit=false err=<none>
20260222_182140 D/LiteRtRepository pid=17116 tid=17680 uptimeMs=1886763183 msg=[16] resetConversation ok tag='native-terminated'
20260222_182223 D/LiteRtRepository pid=17116 tid=17574 uptimeMs=1886805548 msg=[17] start model='Gemma3n4B' prompt.len=1805 sha=8c67c5b16ffbc40f gateWaitMs=0
20260222_182223 D/LiteRtRepository pid=17116 tid=17574 uptimeMs=1886805551 msg=[17] init ok initMs=2
20260222_182242 D/LiteRtRepository pid=17116 tid=17116 uptimeMs=1886825423 msg=[17] logicalDone=true
20260222_182242 D/LiteRtRepository pid=17116 tid=17116 uptimeMs=1886825424 msg=[17] native termination safe point -> reset+close
20260222_182242 I/LiteRtRepository pid=17116 tid=17992 uptimeMs=1886825424 msg=[17] finalize reason='native-terminated' elapsedMs=19877 firstTokenMs=3070 chunks=99 out.len=297 capturedAll=true logicalDone=true nativeTerminated=true cancelTag='null' lastDeltaMsAgo=169 lastEventMsAgo=0
20260222_182242 D/LiteRtRepository pid=17116 tid=17574 uptimeMs=1886825424 msg=[17] resetConversation begin tag='native-terminated'
20260222_182242 D/LiteRtRepository pid=17116 tid=17985 uptimeMs=1886825426 msg=[17] resetConversation ok tag='native-terminated'
20260222_182242 I/AiViewModel pid=17116 tid=18089 uptimeMs=1886825427 msg=run[17] done: phase=EVAL mode=EVAL_JSON score=1 FU[0]=", "followup_needed": true, "followup_target": "Maelezo kuhusu mahindi mpya yanayotumwa kuchukua nafasi ya mahindi yanayochulikwa sasa? commit=true err=<none>
20260222_182242 D/LiteRtRepository pid=17116 tid=18184 uptimeMs=1886825432 msg=[18] start model='Gemma3n4B' prompt.len=1567 sha=c091217525f65867 gateWaitMs=1
20260222_182242 D/LiteRtRepository pid=17116 tid=18184 uptimeMs=1886825433 msg=[18] init ok initMs=1
20260222_182249 D/LiteRtRepository pid=17116 tid=17116 uptimeMs=1886832397 msg=[18] logicalDone=true
20260222_182249 D/LiteRtRepository pid=17116 tid=17116 uptimeMs=1886832398 msg=[18] native termination safe point -> reset+close
20260222_182249 I/LiteRtRepository pid=17116 tid=17574 uptimeMs=1886832399 msg=[18] finalize reason='native-terminated' elapsedMs=6966 firstTokenMs=2276 chunks=28 out.len=87 capturedAll=true logicalDone=true nativeTerminated=true cancelTag='null' lastDeltaMsAgo=135 lastEventMsAgo=0
20260222_182249 D/LiteRtRepository pid=17116 tid=17992 uptimeMs=1886832399 msg=[18] resetConversation begin tag='native-terminated'
20260222_182249 D/LiteRtRepository pid=17116 tid=17679 uptimeMs=1886832402 msg=[18] resetConversation ok tag='native-terminated'
20260222_182249 I/AiViewModel pid=17116 tid=17993 uptimeMs=1886832403 msg=run[18] done: phase=FOLLOWUP mode=FOLLOWUP_JSON_OR_TEXT score=null FU[0]=Maelezo kuhusu mahindi mpya yanayotumwa kuchukua nafasi ya mahindi yanayochulikwa sasa? commit=false err=<none>
20260222_182341 I/AiViewModel pid=17116 tid=17116 uptimeMs=1886883917 msg=onCleared: ViewModel is being cleared -> stopCurrentRunInternal()
20260222_182424 I/AppRingLogStore pid=20222 tid=20222 uptimeMs=1886927185 msg=install: pid=20222 timeUtc=20260222_182424 uptimeMs=1886927185
20260222_182424 D/SurveyApp pid=20222 tid=20222 uptimeMs=1886927186 msg=attachBaseContext: pid=20222 process=com.negi.survey isMain=true sdk=36
20260222_182424 D/SurveyApp pid=20222 tid=20222 uptimeMs=1886927186 msg=onCreate: pid=20222 process=com.negi.survey isMain=true sdk=36
