=== RuntimeLogStore Header ===
ts=2026-02-21T08:43:52.280Z
fileNameFormat=LEGACY
appId=com.negi.survey
versionName=0.0.1
versionCode=1
debug=false
device=Google Pixel 9a
sdk=36
pid=19879
==============================
2026-02-21T08:43:52.280Z I/RuntimeLogStore [rtlog-io] start: actor launched (fileNameFormat=LEGACY)
2026-02-21T08:43:52.273Z D/SurveyApp [main] attachBaseContext: pid=19879 process=com.negi.survey isMain=true sdk=36
2026-02-21T08:43:52.274Z D/SurveyApp [main] Skipping WorkManager init in attachBaseContext; will init in onCreate.
2026-02-21T08:43:52.274Z D/SurveyApp [main] CrashCapture installed: where=SurveyApp:attachBaseContext
2026-02-21T08:43:52.274Z I/RuntimeLogStore [main] start repair: ctx/dir refreshed
2026-02-21T08:43:52.274Z D/SurveyApp [main] onCreate: pid=19879 process=com.negi.survey isMain=true sdk=36
2026-02-21T08:43:52.286Z D/SurveyApp [main] WorkManager already ready. where=onCreate
2026-02-21T08:43:52.286Z D/SurveyApp [main] WorkManager already ready. where=startupRtLogs
2026-02-21T08:43:52.330Z D/SurveyApp [main] Startup runtime logs: enqueue requested.
2026-02-21T08:43:52.330Z D/SurveyApp [main] CrashCapture installed: where=SurveyApp:onCreate(rewrap)
2026-02-21T08:43:52.331Z D/SurveyApp [main] CrashCapture self-healing registered.
2026-02-21T08:43:52.331Z D/SurveyApp [main] WorkManager already ready. where=enqueuePending(immediate)
2026-02-21T08:43:52.331Z D/SurveyApp [main] CrashCapture pending uploads requested (immediate).
2026-02-21T08:43:52.340Z I/RuntimeLogStore [DefaultDispatcher-worker-1] start repair: ctx/dir refreshed
2026-02-21T08:43:59.034Z D/LiteRtLM [DefaultDispatcher-worker-24] Initializing LiteRT-LM: model='Gemma3n4B', key='Gemma3n4B|/data/user/0/com.negi.survey/files/gemma-3n-E4B-it-int4.litertlm'
2026-02-21T08:43:59.036Z D/LiteRtLM [DefaultDispatcher-worker-24] Capabilities: image=false audio=false
2026-02-21T08:43:59.036Z D/LiteRtLM [DefaultDispatcher-worker-24] Backend=GPU maxNumTokens=4096 (raw=4096) topK=64 topP=0.95 temp=1.0
2026-02-21T08:44:09.601Z I/RuntimeLogStore [DefaultDispatcher-worker-13] start repair: ctx/dir refreshed
