=== Crash Report ===
time_utc=20260221_074536
time_local=20260220_234536
pid=15728
tid=15728
thread=main
sdk=36
device=Google Pixel 9a
appId=com.negi.survey
versionName=0.0.1
versionCode=1

=== Exception ===
java.lang.RuntimeException: Debug crash button pressed
	at com.negi.survey.screens.IntroScreenKt.IntroScreen$lambda$2$0$0$0(IntroScreen.kt:210)
	at com.negi.survey.screens.IntroScreenKt.$r8$lambda$dVJUvuvBl3BAK4vFcws4ley11cc(Unknown Source:0)
	at com.negi.survey.screens.IntroScreenKt$$ExternalSyntheticLambda13.invoke(D8$$SyntheticClass:0)
	at androidx.compose.foundation.ClickableNode.onPointerEvent-H0pRuoY(Clickable.kt:935)
	at androidx.compose.ui.input.pointer.Node.dispatchMainEventPass(HitPathTracker.kt:446)
	at androidx.compose.ui.input.pointer.Node.dispatchMainEventPass(HitPathTracker.kt:432)
	at androidx.compose.ui.input.pointer.NodeParent.dispatchMainEventPass(HitPathTracker.kt:285)
	at androidx.compose.ui.input.pointer.HitPathTracker.dispatchChanges(HitPathTracker.kt:181)
	at androidx.compose.ui.input.pointer.PointerInputEventProcessor.process-BIzXfog(PointerInputEventProcessor.kt:118)
	at androidx.compose.ui.platform.AndroidComposeView.sendMotionEvent-8iAsVTc(AndroidComposeView.android.kt:2685)
	at androidx.compose.ui.platform.AndroidComposeView.handleMotionEvent-8iAsVTc(AndroidComposeView.android.kt:2629)
	at androidx.compose.ui.platform.AndroidComposeView.dispatchTouchEvent(AndroidComposeView.android.kt:2467)
	at android.view.ViewGroup.dispatchTransformedTouchEvent(ViewGroup.java:3143)
	at android.view.ViewGroup.dispatchTouchEvent(ViewGroup.java:2826)
	at android.view.ViewGroup.dispatchTransformedTouchEvent(ViewGroup.java:3143)
	at android.view.ViewGroup.dispatchTouchEvent(ViewGroup.java:2826)
	at android.view.ViewGroup.dispatchTransformedTouchEvent(ViewGroup.java:3143)
	at android.view.ViewGroup.dispatchTouchEvent(ViewGroup.java:2826)
	at android.view.ViewGroup.dispatchTransformedTouchEvent(ViewGroup.java:3143)
	at android.view.ViewGroup.dispatchTouchEvent(ViewGroup.java:2826)
	at com.android.internal.policy.DecorView.superDispatchTouchEvent(DecorView.java:503)
	at com.android.internal.policy.PhoneWindow.superDispatchTouchEvent(PhoneWindow.java:2017)
	at android.app.Activity.dispatchTouchEvent(Activity.java:4665)
	at com.android.internal.policy.DecorView.dispatchTouchEvent(DecorView.java:441)
	at android.view.View.dispatchPointerEvent(View.java:17110)
	at android.view.ViewRootImpl$ViewPostImeInputStage.processPointerEvent(ViewRootImpl.java:8349)
	at android.view.ViewRootImpl$ViewPostImeInputStage.onProcess(ViewRootImpl.java:8103)
	at android.view.ViewRootImpl$InputStage.deliver(ViewRootImpl.java:7480)
	at android.view.ViewRootImpl$InputStage.onDeliverToNext(ViewRootImpl.java:7537)
	at android.view.ViewRootImpl$InputStage.forward(ViewRootImpl.java:7503)
	at android.view.ViewRootImpl$AsyncInputStage.forward(ViewRootImpl.java:7674)
	at android.view.ViewRootImpl$InputStage.apply(ViewRootImpl.java:7511)
	at android.view.ViewRootImpl$AsyncInputStage.apply(ViewRootImpl.java:7731)
	at android.view.ViewRootImpl$InputStage.deliver(ViewRootImpl.java:7484)
	at android.view.ViewRootImpl$InputStage.onDeliverToNext(ViewRootImpl.java:7537)
	at android.view.ViewRootImpl$InputStage.forward(ViewRootImpl.java:7503)
	at android.view.ViewRootImpl$InputStage.apply(ViewRootImpl.java:7511)
	at android.view.ViewRootImpl$InputStage.deliver(ViewRootImpl.java:7484)
	at android.view.ViewRootImpl.deliverInputEvent(ViewRootImpl.java:10697)
	at android.view.ViewRootImpl.doProcessInputEvents(ViewRootImpl.java:10648)
	at android.view.ViewRootImpl.enqueueInputEvent(ViewRootImpl.java:10616)
	at android.view.ViewRootImpl.processRawInputEvent(ViewRootImpl.java:11039)
	at android.view.ViewRootImpl$WindowInputEventReceiver.onInputEvent(ViewRootImpl.java:10825)
	at android.view.InputEventReceiver.dispatchInputEvent(InputEventReceiver.java:277)
	at android.os.MessageQueue.nativePollOnce(Native Method)
	at android.os.MessageQueue.nextLegacy(MessageQueue.java:985)
	at android.os.MessageQueue.next(MessageQueue.java:1094)
	at android.os.Looper.loopOnce(Looper.java:197)
	at android.os.Looper.loop(Looper.java:367)
	at android.app.ActivityThread.main(ActivityThread.java:9287)
	at java.lang.reflect.Method.invoke(Native Method)
	at com.android.internal.os.RuntimeInit$MethodAndArgsCaller.run(RuntimeInit.java:566)
	at com.android.internal.os.ZygoteInit.main(ZygoteInit.java:929)


=== Logcat (best-effort) ===
--------- beginning of system
02-20 23:26:39.645 15728 15728 D InsetsController: show(ime())
02-20 23:26:39.659 15728 15728 D InsetsController: Setting requestedVisibleTypes to 511 (was 503)
02-20 23:26:39.671 15728 15728 D InsetsController: show(ime())
02-20 23:26:49.847 15728 15728 D InsetsController: show(ime())
02-20 23:26:49.850 15728 15728 D InsetsController: show(ime())
02-20 23:26:52.023 15728 15728 D InsetsController: hide(ime())
02-20 23:26:52.024 15728 15728 D InsetsController: Setting requestedVisibleTypes to 503 (was 511)
02-20 23:27:20.117 15728 15728 D InsetsController: show(ime())
02-20 23:27:20.117 15728 15728 D InsetsController: Setting requestedVisibleTypes to 511 (was 503)
02-20 23:27:20.126 15728 15728 D InsetsController: show(ime())
02-20 23:28:24.192 15728 15728 D InsetsController: hide(ime())
02-20 23:28:24.193 15728 15728 D InsetsController: Setting requestedVisibleTypes to 503 (was 511)
02-20 23:28:48.488 15728 15728 D InsetsController: show(ime())
02-20 23:28:48.488 15728 15728 D InsetsController: Setting requestedVisibleTypes to 511 (was 503)
02-20 23:28:48.491 15728 15728 D InsetsController: show(ime())
02-20 23:32:17.817 15728 15728 D InsetsController: show(ime())
02-20 23:32:17.833 15728 15728 D InsetsController: show(ime())
02-20 23:32:21.748 15728 15728 D InsetsController: hide(ime())
02-20 23:32:21.749 15728 15728 D InsetsController: Setting requestedVisibleTypes to 503 (was 511)
02-20 23:33:57.962 15728 15728 D InsetsController: show(ime())
02-20 23:33:57.962 15728 15728 D InsetsController: Setting requestedVisibleTypes to 511 (was 503)
02-20 23:33:57.978 15728 15728 D InsetsController: show(ime())
02-20 23:34:09.944 15728 15728 D InsetsController: hide(ime())
02-20 23:34:09.945 15728 15728 D InsetsController: Setting requestedVisibleTypes to 503 (was 511)
02-20 23:34:32.082 15728 15728 D InsetsController: show(ime())
02-20 23:34:32.083 15728 15728 D InsetsController: Setting requestedVisibleTypes to 511 (was 503)
02-20 23:34:32.088 15728 15728 D InsetsController: show(ime())
02-20 23:34:56.726 15728 15728 D InsetsController: show(ime())
02-20 23:34:56.744 15728 15728 D InsetsController: show(ime())
02-20 23:34:58.851 15728 15728 D InsetsController: hide(ime())
02-20 23:34:58.851 15728 15728 D InsetsController: Setting requestedVisibleTypes to 503 (was 511)
02-20 23:36:16.775 15728 15728 D InsetsController: show(ime())
02-20 23:36:16.775 15728 15728 D InsetsController: Setting requestedVisibleTypes to 511 (was 503)
02-20 23:36:16.782 15728 15728 D InsetsController: show(ime())
02-20 23:36:19.441 15728 15728 D InsetsController: show(ime())
02-20 23:36:19.457 15728 15728 D InsetsController: show(ime())
02-20 23:36:33.077 15728 15728 D InsetsController: hide(ime())
02-20 23:36:33.078 15728 15728 D InsetsController: Setting requestedVisibleTypes to 503 (was 511)
02-20 23:36:33.078 15728 15728 D InsetsController: hide(ime())
02-20 23:36:42.036 15728 15728 D InsetsController: show(ime())
02-20 23:36:42.036 15728 15728 D InsetsController: Setting requestedVisibleTypes to 511 (was 503)
02-20 23:36:42.055 15728 15728 D InsetsController: show(ime())
02-20 23:36:53.693 15728 15728 D InsetsController: hide(ime())
02-20 23:36:53.694 15728 15728 D InsetsController: Setting requestedVisibleTypes to 503 (was 511)
02-20 23:37:13.445 15728 15728 D InsetsController: show(ime())
02-20 23:37:13.446 15728 15728 D InsetsController: Setting requestedVisibleTypes to 511 (was 503)
02-20 23:37:13.450 15728 15728 D InsetsController: show(ime())
02-20 23:37:48.210 15728 15728 D InsetsController: show(ime())
02-20 23:37:48.247 15728 15728 D InsetsController: show(ime())
02-20 23:37:53.632 15728 15728 D InsetsController: show(ime())
02-20 23:37:53.667 15728 15728 D InsetsController: show(ime())
02-20 23:37:54.862 15728 15728 D InsetsController: show(ime())
02-20 23:37:54.893 15728 15728 D InsetsController: show(ime())
02-20 23:37:56.944 15728 15728 D InsetsController: show(ime())
02-20 23:37:57.054 15728 15728 D InsetsController: show(ime())
02-20 23:37:58.359 15728 15728 D InsetsController: hide(ime())
02-20 23:37:58.360 15728 15728 D InsetsController: Setting requestedVisibleTypes to 503 (was 511)
02-20 23:38:06.859 15728 15728 D InsetsController: show(ime())
02-20 23:38:06.859 15728 15728 D InsetsController: Setting requestedVisibleTypes to 511 (was 503)
02-20 23:38:06.869 15728 15728 D InsetsController: show(ime())
02-20 23:38:08.615 15728 15728 D InsetsController: show(ime())
02-20 23:38:08.620 15728 15728 D InsetsController: show(ime())
02-20 23:38:11.964 15728 15728 D InsetsController: hide(ime())
02-20 23:38:11.965 15728 15728 D InsetsController: Setting requestedVisibleTypes to 503 (was 511)
02-20 23:38:13.662 15728 15728 D InsetsController: show(ime())
02-20 23:38:13.663 15728 15728 D InsetsController: Setting requestedVisibleTypes to 511 (was 503)
02-20 23:38:13.678 15728 15728 D InsetsController: show(ime())
02-20 23:38:17.557 15728 15728 D InsetsController: hide(ime())
02-20 23:38:17.558 15728 15728 D InsetsController: Setting requestedVisibleTypes to 503 (was 511)
02-20 23:38:33.098 15728 15728 D InsetsController: show(ime())
02-20 23:38:33.099 15728 15728 D InsetsController: Setting requestedVisibleTypes to 511 (was 503)
02-20 23:38:33.107 15728 15728 D InsetsController: show(ime())
02-20 23:38:35.564 15728 15728 D InsetsController: hide(ime())
02-20 23:38:35.565 15728 15728 D InsetsController: Setting requestedVisibleTypes to 503 (was 511)
02-20 23:38:51.343 15728 15728 D InsetsController: show(ime())
02-20 23:38:51.343 15728 15728 D InsetsController: Setting requestedVisibleTypes to 511 (was 503)
02-20 23:38:51.348 15728 15728 D InsetsController: show(ime())
02-20 23:39:00.933 15728 15728 D InsetsController: show(ime())
02-20 23:39:00.962 15728 15728 D InsetsController: show(ime())
02-20 23:39:02.350 15728 15728 D InsetsController: show(ime())
02-20 23:39:02.355 15728 15728 D InsetsController: show(ime())
02-20 23:39:04.018 15728 15728 D InsetsController: show(ime())
02-20 23:39:04.036 15728 15728 D InsetsController: show(ime())
02-20 23:39:04.952 15728 15728 D InsetsController: show(ime())
02-20 23:39:04.983 15728 15728 D InsetsController: show(ime())
02-20 23:39:06.135 15728 15728 D InsetsController: show(ime())
02-20 23:39:06.199 15728 15728 D InsetsController: show(ime())
02-20 23:39:06.839 15728 15728 D InsetsController: hide(ime())
02-20 23:39:06.839 15728 15728 D InsetsController: Setting requestedVisibleTypes to 503 (was 511)
--------- beginning of main
02-20 23:39:14.182 15728 16337 D GitHubUploader: uploadStream: owner=ishizuki-tech repo=SurveyExports branch=main path=2026-02-21/exports/survey_daf74547-5da9-4140-a265-9a09d6a1e373_2026-02-20_23-39-10.json size=2681 maxRawBytesHint=1000000 maxRequestBytesHint=2800000
02-20 23:39:15.153 15728 16337 D GitHubUploader: uploadStream: done url=https://github.com/ishizuki-tech/SurveyExports/blob/main/2026-02-21/exports/survey_daf74547-5da9-4140-a265-9a09d6a1e373_2026-02-20_23-39-10.json sha=695aa5d3c5ef8f7d949f15ca6468e6b0118848f6
02-20 23:39:15.270 15728 16337 D DoneScreen: Captured logcat snapshot: /data/user/0/com.negi.survey/files/pending_uploads/logcat_2026-02-20_23-39-10_pid15728_daf74547.log.gz (514 bytes gz)
02-20 23:39:15.272 15728 16337 D GitHubUploader: uploadStream: owner=ishizuki-tech repo=SurveyExports branch=main path=2026-02-21/diagnostics/logcat/logcat_2026-02-20_23-39-10_pid15728_daf74547.log.gz size=514 maxRawBytesHint=1000000 maxRequestBytesHint=2800000
02-20 23:39:16.073 15728 16337 D GitHubUploader: uploadStream: done url=https://github.com/ishizuki-tech/SurveyExports/blob/main/2026-02-21/diagnostics/logcat/logcat_2026-02-20_23-39-10_pid15728_daf74547.log.gz sha=97341654a6c11d2f500f855ec6252f33ffe9ee40
02-20 23:45:27.591 15728 15728 D MainActivity: Done -> Restart requested (return to selector)
02-20 23:45:27.592 15728 15728 D MainActivity: resetToSelector invoked. session=survey_config20.yaml@1
02-20 23:45:27.615 15728 15728 D WindowOnBackDispatcher: setTopOnBackInvokedCallback (unwrapped): android.app.Activity$$ExternalSyntheticLambda0@7507fa9
02-20 23:45:27.616 15728 15728 D WhisperSpeechController: stopRecording: not recording, ignoring
02-20 23:45:27.624 15728 15728 D MainActivity: Session dispose -> clearing ViewModelStore. session=survey_config20.yaml@1
02-20 23:45:27.625 15728 15728 W HeavyInitializer: Initialization cancel requested.
02-20 23:45:27.629 15728 16336 D WhisperEngine: Detach called. Keeping native context alive for key=null
02-20 23:45:27.654 15728 15728 D IntroScreen: Resolved config details: id=survey_config10.yaml in 7ms
02-20 23:45:34.862 15728 15728 D IntroScreen: Config selected: survey_config10.yaml -> survey_config20.yaml
02-20 23:45:34.890 15728 15728 D IntroScreen: Resolved config details: id=survey_config20.yaml in 5ms
02-20 23:45:35.763 15728 15734 I com.negi.survey: Background concurrent mark compact GC freed 22MB AllocSpace bytes, 20(1252KB) LOS objects, 81% free, 5510KB/29MB, paused 649us,1.656ms total 107.133ms
02-20 23:45:36.835 15728 15728 E InputEventReceiver: Exception dispatching input event.
02-20 23:45:36.835 15728 15728 E MessageQueue-JNI: Exception in MessageQueue callback: handleReceiveCallback
02-20 23:45:36.837 15728 15728 E MessageQueue-JNI: java.lang.RuntimeException: Debug crash button pressed
02-20 23:45:36.837 15728 15728 E MessageQueue-JNI: 	at com.negi.survey.screens.IntroScreenKt.IntroScreen$lambda$2$0$0$0(IntroScreen.kt:210)
02-20 23:45:36.837 15728 15728 E MessageQueue-JNI: 	at com.negi.survey.screens.IntroScreenKt.$r8$lambda$dVJUvuvBl3BAK4vFcws4ley11cc(Unknown Source:0)
02-20 23:45:36.837 15728 15728 E MessageQueue-JNI: 	at com.negi.survey.screens.IntroScreenKt$$ExternalSyntheticLambda13.invoke(D8$$SyntheticClass:0)
02-20 23:45:36.837 15728 15728 E MessageQueue-JNI: 	at androidx.compose.foundation.ClickableNode.onPointerEvent-H0pRuoY(Clickable.kt:935)
02-20 23:45:36.837 15728 15728 E MessageQueue-JNI: 	at androidx.compose.ui.input.pointer.Node.dispatchMainEventPass(HitPathTracker.kt:446)
02-20 23:45:36.837 15728 15728 E MessageQueue-JNI: 	at androidx.compose.ui.input.pointer.Node.dispatchMainEventPass(HitPathTracker.kt:432)
02-20 23:45:36.837 15728 15728 E MessageQueue-JNI: 	at androidx.compose.ui.input.pointer.NodeParent.dispatchMainEventPass(HitPathTracker.kt:285)
02-20 23:45:36.837 15728 15728 E MessageQueue-JNI: 	at androidx.compose.ui.input.pointer.HitPathTracker.dispatchChanges(HitPathTracker.kt:181)
02-20 23:45:36.837 15728 15728 E MessageQueue-JNI: 	at androidx.compose.ui.input.pointer.PointerInputEventProcessor.process-BIzXfog(PointerInputEventProcessor.kt:118)
02-20 23:45:36.837 15728 15728 E MessageQueue-JNI: 	at androidx.compose.ui.platform.AndroidComposeView.sendMotionEvent-8iAsVTc(AndroidComposeView.android.kt:2685)
02-20 23:45:36.837 15728 15728 E MessageQueue-JNI: 	at androidx.compose.ui.platform.AndroidComposeView.handleMotionEvent-8iAsVTc(AndroidComposeView.android.kt:2629)
02-20 23:45:36.837 15728 15728 E MessageQueue-JNI: 	at androidx.compose.ui.platform.AndroidComposeView.dispatchTouchEvent(AndroidComposeView.android.kt:2467)
02-20 23:45:36.837 15728 15728 E MessageQueue-JNI: 	at android.view.ViewGroup.dispatchTransformedTouchEvent(ViewGroup.java:3143)
02-20 23:45:36.837 15728 15728 E MessageQueue-JNI: 	at android.view.ViewGroup.dispatchTouchEvent(ViewGroup.java:2826)
02-20 23:45:36.837 15728 15728 E MessageQueue-JNI: 	at android.view.ViewGroup.dispatchTransformedTouchEvent(ViewGroup.java:3143)
02-20 23:45:36.837 15728 15728 E MessageQueue-JNI: 	at android.view.ViewGroup.dispatchTouchEvent(ViewGroup.java:2826)
02-20 23:45:36.837 15728 15728 E MessageQueue-JNI: 	at android.view.ViewGroup.dispatchTransformedTouchEvent(ViewGroup.java:3143)
02-20 23:45:36.837 15728 15728 E MessageQueue-JNI: 	at android.view.ViewGroup.dispatchTouchEvent(ViewGroup.java:2826)
02-20 23:45:36.837 15728 15728 E MessageQueue-JNI: 	at android.view.ViewGroup.dispatchTransformedTouchEvent(ViewGroup.java:3143)
02-20 23:45:36.837 15728 15728 E MessageQueue-JNI: 	at android.view.ViewGroup.dispatchTouchEvent(ViewGroup.java:2826)
02-20 23:45:36.837 15728 15728 E MessageQueue-JNI: 	at com.android.internal.policy.DecorView.superDispatchTouchEvent(DecorView.java:503)
02-20 23:45:36.837 15728 15728 E MessageQueue-JNI: 	at com.android.internal.policy.PhoneWindow.superDispatchTouchEvent(PhoneWindow.java:2017)
02-20 23:45:36.837 15728 15728 E MessageQueue-JNI: 	at android.app.Activity.dispatchTouchEvent(Activity.java:4665)
02-20 23:45:36.837 15728 15728 E MessageQueue-JNI: 	at com.android.internal.policy.DecorView.dispatchTouchEvent(DecorView.java:441)
02-20 23:45:36.837 15728 15728 E MessageQueue-JNI: 	at android.view.View.dispatchPointerEvent(View.java:17110)
02-20 23:45:36.837 15728 15728 E MessageQueue-JNI: 	at android.view.ViewRootImpl$ViewPostImeInputStage.processPointerEvent(ViewRootImpl.java:8349)
02-20 23:45:36.837 15728 15728 E MessageQueue-JNI: 	at android.view.ViewRootImpl$ViewPostImeInputStage.onProcess(ViewRootImpl.java:8103)
02-20 23:45:36.837 15728 15728 E MessageQueue-JNI: 	at android.view.ViewRootImpl$InputStage.deliver(ViewRootImpl.java:7480)
02-20 23:45:36.837 15728 15728 E MessageQueue-JNI: 	at android.view.ViewRootImpl$InputStage.onDeliverToNext(ViewRootImpl.java:7537)
02-20 23:45:36.837 15728 15728 E MessageQueue-JNI: 	at android.view.ViewRootImpl$InputStage.forward(ViewRootImpl.java:7503)
02-20 23:45:36.837 15728 15728 E MessageQueue-JNI: 	at android.view.ViewRootImpl$AsyncInputStage.forward(ViewRootImpl.java:7674)
02-20 23:45:36.837 15728 15728 E MessageQueue-JNI: 	at android.view.ViewRootImpl$InputStage.apply(ViewRootImpl.java:7511)
02-20 23:45:36.837 15728 15728 E MessageQueue-JNI: 	at android.view.ViewRootImpl$AsyncInputStage.apply(ViewRootImpl.java:7731)
02-20 23:45:36.837 15728 15728 E MessageQueue-JNI: 	at android.view.ViewRootImpl$InputStage.deliver(ViewRootImpl.java:7484)
02-20 23:45:36.837 15728 15728 E MessageQueue-JNI: 	at android.view.ViewRootImpl$InputStage.onDeliverToNext(ViewRootImpl.java:7537)
02-20 23:45:36.837 15728 15728 E MessageQueue-JNI: 	at android.view.ViewRootImpl$InputStage.forward(ViewRootImpl.java:7503)
02-20 23:45:36.837 15728 15728 E MessageQueue-JNI: 	at android.view.ViewRootImpl$InputStage.apply(ViewRootImpl.java:7511)
02-20 23:45:36.837 15728 15728 E MessageQueue-JNI: 	at android.view.ViewRootImpl$InputStage.deliver(ViewRootImpl.java:7484)
02-20 23:45:36.837 15728 15728 E MessageQueue-JNI: 	at android.view.ViewRootImpl.deliverInputEvent(ViewRootImpl.java:10697)
02-20 23:45:36.837 15728 15728 E MessageQueue-JNI: 	at android.view.ViewRootImpl.doProcessInputEvents(ViewRootImpl.java:10648)
02-20 23:45:36.837 15728 15728 E MessageQueue-JNI: 	at android.view.ViewRootImpl.enqueueInputEvent(ViewRootImpl.java:10616)
02-20 23:45:36.837 15728 15728 E MessageQueue-JNI: 	at android.view.ViewRootImpl.processRawInputEvent(ViewRootImpl.java:11039)
02-20 23:45:36.837 15728 15728 E MessageQueue-JNI: 	at android.view.ViewRootImpl$WindowInputEventReceiver.onInputEvent(ViewRootImpl.java:10825)
02-20 23:45:36.837 15728 15728 E MessageQueue-JNI: 	at android.view.InputEventReceiver.dispatchInputEvent(InputEventReceiver.java:277)
02-20 23:45:36.837 15728 15728 E MessageQueue-JNI: 	at android.os.MessageQueue.nativePollOnce(Native Method)
02-20 23:45:36.837 15728 15728 E MessageQueue-JNI: 	at android.os.MessageQueue.nextLegacy(MessageQueue.java:985)
02-20 23:45:36.837 15728 15728 E MessageQueue-JNI: 	at android.os.MessageQueue.next(MessageQueue.java:1094)
02-20 23:45:36.837 15728 15728 E MessageQueue-JNI: 	at android.os.Looper.loopOnce(Looper.java:197)
02-20 23:45:36.837 15728 15728 E MessageQueue-JNI: 	at android.os.Looper.loop(Looper.java:367)
02-20 23:45:36.837 15728 15728 E MessageQueue-JNI: 	at android.app.ActivityThread.main(ActivityThread.java:9287)
02-20 23:45:36.837 15728 15728 E MessageQueue-JNI: 	at java.lang.reflect.Method.invoke(Native Method)
02-20 23:45:36.837 15728 15728 E MessageQueue-JNI: 	at com.android.internal.os.RuntimeInit$MethodAndArgsCaller.run(RuntimeInit.java:566)
02-20 23:45:36.837 15728 15728 E MessageQueue-JNI: 	at com.android.internal.os.ZygoteInit.main(ZygoteInit.java:929)
02-20 23:45:36.837 15728 15728 D AndroidRuntime: Shutting down VM
--------- beginning of crash
02-20 23:45:36.837 15728 15728 E AndroidRuntime: FATAL EXCEPTION: main
02-20 23:45:36.837 15728 15728 E AndroidRuntime: Process: com.negi.survey, PID: 15728
02-20 23:45:36.837 15728 15728 E AndroidRuntime: java.lang.RuntimeException: Debug crash button pressed
02-20 23:45:36.837 15728 15728 E AndroidRuntime: 	at com.negi.survey.screens.IntroScreenKt.IntroScreen$lambda$2$0$0$0(IntroScreen.kt:210)
02-20 23:45:36.837 15728 15728 E AndroidRuntime: 	at com.negi.survey.screens.IntroScreenKt.$r8$lambda$dVJUvuvBl3BAK4vFcws4ley11cc(Unknown Source:0)
02-20 23:45:36.837 15728 15728 E AndroidRuntime: 	at com.negi.survey.screens.IntroScreenKt$$ExternalSyntheticLambda13.invoke(D8$$SyntheticClass:0)
02-20 23:45:36.837 15728 15728 E AndroidRuntime: 	at androidx.compose.foundation.ClickableNode.onPointerEvent-H0pRuoY(Clickable.kt:935)
02-20 23:45:36.837 15728 15728 E AndroidRuntime: 	at androidx.compose.ui.input.pointer.Node.dispatchMainEventPass(HitPathTracker.kt:446)
02-20 23:45:36.837 15728 15728 E AndroidRuntime: 	at androidx.compose.ui.input.pointer.Node.dispatchMainEventPass(HitPathTracker.kt:432)
02-20 23:45:36.837 15728 15728 E AndroidRuntime: 	at androidx.compose.ui.input.pointer.NodeParent.dispatchMainEventPass(HitPathTracker.kt:285)
02-20 23:45:36.837 15728 15728 E AndroidRuntime: 	at androidx.compose.ui.input.pointer.HitPathTracker.dispatchChanges(HitPathTracker.kt:181)
02-20 23:45:36.837 15728 15728 E AndroidRuntime: 	at androidx.compose.ui.input.pointer.PointerInputEventProcessor.process-BIzXfog(PointerInputEventProcessor.kt:118)
02-20 23:45:36.837 15728 15728 E AndroidRuntime: 	at androidx.compose.ui.platform.AndroidComposeView.sendMotionEvent-8iAsVTc(AndroidComposeView.android.kt:2685)
02-20 23:45:36.837 15728 15728 E AndroidRuntime: 	at androidx.compose.ui.platform.AndroidComposeView.handleMotionEvent-8iAsVTc(AndroidComposeView.android.kt:2629)
02-20 23:45:36.837 15728 15728 E AndroidRuntime: 	at androidx.compose.ui.platform.AndroidComposeView.dispatchTouchEvent(AndroidComposeView.android.kt:2467)
02-20 23:45:36.837 15728 15728 E AndroidRuntime: 	at android.view.ViewGroup.dispatchTransformedTouchEvent(ViewGroup.java:3143)
02-20 23:45:36.837 15728 15728 E AndroidRuntime: 	at android.view.ViewGroup.dispatchTouchEvent(ViewGroup.java:2826)
02-20 23:45:36.837 15728 15728 E AndroidRuntime: 	at android.view.ViewGroup.dispatchTransformedTouchEvent(ViewGroup.java:3143)
02-20 23:45:36.837 15728 15728 E AndroidRuntime: 	at android.view.ViewGroup.dispatchTouchEvent(ViewGroup.java:2826)
02-20 23:45:36.837 15728 15728 E AndroidRuntime: 	at android.view.ViewGroup.dispatchTransformedTouchEvent(ViewGroup.java:3143)
02-20 23:45:36.837 15728 15728 E AndroidRuntime: 	at android.view.ViewGroup.dispatchTouchEvent(ViewGroup.java:2826)
02-20 23:45:36.837 15728 15728 E AndroidRuntime: 	at android.view.ViewGroup.dispatchTransformedTouchEvent(ViewGroup.java:3143)
02-20 23:45:36.837 15728 15728 E AndroidRuntime: 	at android.view.ViewGroup.dispatchTouchEvent(ViewGroup.java:2826)
02-20 23:45:36.837 15728 15728 E AndroidRuntime: 	at com.android.internal.policy.DecorView.superDispatchTouchEvent(DecorView.java:503)
02-20 23:45:36.837 15728 15728 E AndroidRuntime: 	at com.android.internal.policy.PhoneWindow.superDispatchTouchEvent(PhoneWindow.java:2017)
02-20 23:45:36.837 15728 15728 E AndroidRuntime: 	at android.app.Activity.dispatchTouchEvent(Activity.java:4665)
02-20 23:45:36.837 15728 15728 E AndroidRuntime: 	at com.android.internal.policy.DecorView.dispatchTouchEvent(DecorView.java:441)
02-20 23:45:36.837 15728 15728 E AndroidRuntime: 	at android.view.View.dispatchPointerEvent(View.java:17110)
02-20 23:45:36.837 15728 15728 E AndroidRuntime: 	at android.view.ViewRootImpl$ViewPostImeInputStage.processPointerEvent(ViewRootImpl.java:8349)
02-20 23:45:36.837 15728 15728 E AndroidRuntime: 	at android.view.ViewRootImpl$ViewPostImeInputStage.onProcess(ViewRootImpl.java:8103)
02-20 23:45:36.837 15728 15728 E AndroidRuntime: 	at android.view.ViewRootImpl$InputStage.deliver(ViewRootImpl.java:7480)
02-20 23:45:36.837 15728 15728 E AndroidRuntime: 	at android.view.ViewRootImpl$InputStage.onDeliverToNext(ViewRootImpl.java:7537)
02-20 23:45:36.837 15728 15728 E AndroidRuntime: 	at android.view.ViewRootImpl$InputStage.forward(ViewRootImpl.java:7503)
02-20 23:45:36.837 15728 15728 E AndroidRuntime: 	at android.view.ViewRootImpl$AsyncInputStage.forward(ViewRootImpl.java:7674)
02-20 23:45:36.837 15728 15728 E AndroidRuntime: 	at android.view.ViewRootImpl$InputStage.apply(ViewRootImpl.java:7511)
02-20 23:45:36.837 15728 15728 E AndroidRuntime: 	at android.view.ViewRootImpl$AsyncInputStage.apply(ViewRootImpl.java:7731)
02-20 23:45:36.837 15728 15728 E AndroidRuntime: 	at android.view.ViewRootImpl$InputStage.deliver(ViewRootImpl.java:7484)
02-20 23:45:36.837 15728 15728 E AndroidRuntime: 	at android.view.ViewRootImpl$InputStage.onDeliverToNext(ViewRootImpl.java:7537)
02-20 23:45:36.837 15728 15728 E AndroidRuntime: 	at android.view.ViewRootImpl$InputStage.forward(ViewRootImpl.java:7503)
02-20 23:45:36.837 15728 15728 E AndroidRuntime: 	at android.view.ViewRootImpl$InputStage.apply(ViewRootImpl.java:7511)
02-20 23:45:36.837 15728 15728 E AndroidRuntime: 	at android.view.ViewRootImpl$InputStage.deliver(ViewRootImpl.java:7484)
02-20 23:45:36.837 15728 15728 E AndroidRuntime: 	at android.view.ViewRootImpl.deliverInputEvent(ViewRootImpl.java:10697)
02-20 23:45:36.837 15728 15728 E AndroidRuntime: 	at android.view.ViewRootImpl.doProcessInputEvents(ViewRootImpl.java:10648)
02-20 23:45:36.837 15728 15728 E AndroidRuntime: 	at android.view.ViewRootImpl.enqueueInputEvent(ViewRootImpl.java:10616)
02-20 23:45:36.837 15728 15728 E AndroidRuntime: 	at android.view.ViewRootImpl.processRawInputEvent(ViewRootImpl.java:11039)
02-20 23:45:36.837 15728 15728 E AndroidRuntime: 	at android.view.ViewRootImpl$WindowInputEventReceiver.onInputEvent(ViewRootImpl.java:10825)
02-20 23:45:36.837 15728 15728 E AndroidRuntime: 	at android.view.InputEventReceiver.dispatchInputEvent(InputEventReceiver.java:277)
02-20 23:45:36.837 15728 15728 E AndroidRuntime: 	at android.os.MessageQueue.nativePollOnce(Native Method)
02-20 23:45:36.837 15728 15728 E AndroidRuntime: 	at android.os.MessageQueue.nextLegacy(MessageQueue.java:985)
02-20 23:45:36.837 15728 15728 E AndroidRuntime: 	at android.os.MessageQueue.next(MessageQueue.java:1094)
02-20 23:45:36.837 15728 15728 E AndroidRuntime: 	at android.os.Looper.loopOnce(Looper.java:197)
02-20 23:45:36.837 15728 15728 E AndroidRuntime: 	at android.os.Looper.loop(Looper.java:367)
02-20 23:45:36.837 15728 15728 E AndroidRuntime: 	at android.app.ActivityThread.main(ActivityThread.java:9287)
02-20 23:45:36.837 15728 15728 E AndroidRuntime: 	at java.lang.reflect.Method.invoke(Native Method)
02-20 23:45:36.837 15728 15728 E AndroidRuntime: 	at com.android.internal.os.RuntimeInit$MethodAndArgsCaller.run(RuntimeInit.java:566)
02-20 23:45:36.837 15728 15728 E AndroidRuntime: 	at com.android.internal.os.ZygoteInit.main(ZygoteInit.java:929)
