=== RuntimeLogStore Header ===
ts=2026-02-22T03:17:15.787Z
fileNameFormat=LEGACY
appId=com.negi.survey
versionName=0.0.1
versionCode=1
debug=false
device=Google Pixel 9a
sdk=36
pid=1485
==============================
2026-02-22T03:17:15.788Z I/RuntimeLogStore [rtlog-io] start: actor launched (fileNameFormat=LEGACY)
2026-02-22T03:17:15.781Z D/SurveyApp [main] attachBaseContext: pid=1485 process=com.negi.survey isMain=true sdk=36
2026-02-22T03:17:15.782Z D/SurveyApp [main] Skipping WorkManager init in attachBaseContext; will init in onCreate.
2026-02-22T03:17:15.782Z D/SurveyApp [main] CrashCapture installed: where=SurveyApp:attachBaseContext
2026-02-22T03:17:15.782Z I/RuntimeLogStore [main] start repair: ctx/dir refreshed
2026-02-22T03:17:15.782Z D/SurveyApp [main] onCreate: pid=1485 process=com.negi.survey isMain=true sdk=36
2026-02-22T03:17:15.813Z D/SurveyApp [main] WorkManager already ready. where=onCreate
2026-02-22T03:17:15.814Z D/SurveyApp [main] WorkManager already ready. where=startupRtLogs
2026-02-22T03:17:15.877Z D/SurveyApp [main] Startup runtime logs: enqueue requested.
2026-02-22T03:17:15.878Z D/SurveyApp [main] WorkManager already ready. where=startupRingLogs
2026-02-22T03:17:16.183Z D/SurveyApp [main] Startup ring logs: enqueue requested.
2026-02-22T03:17:16.184Z D/SurveyApp [main] CrashCapture installed: where=SurveyApp:onCreate(rewrap)
2026-02-22T03:17:16.184Z D/SurveyApp [main] CrashCapture self-healing registered.
2026-02-22T03:17:16.184Z D/SurveyApp [main] WorkManager already ready. where=enqueuePending(immediate)
2026-02-22T03:17:16.184Z D/SurveyApp [main] CrashCapture pending uploads requested (immediate).
2026-02-22T03:17:16.202Z I/RuntimeLogStore [DefaultDispatcher-worker-2] start repair: ctx/dir refreshed
2026-02-22T03:17:18.228Z I/RuntimeLogStore [DefaultDispatcher-worker-3] start repair: ctx/dir refreshed
