=== RuntimeLogStore Header ===
ts=2026-02-22T02:53:34.745Z
fileNameFormat=LEGACY
appId=com.negi.survey
versionName=0.0.1
versionCode=1
debug=false
device=Google Pixel 9a
sdk=36
pid=31184
==============================
2026-02-22T02:53:34.745Z I/RuntimeLogStore [rtlog-io] --- rotated (reason=plain_snapshot:app_start) ---
2026-02-22T02:53:42.020Z D/LiteRtLM [DefaultDispatcher-worker-28] Initializing LiteRT-LM: model='Gemma3n4B', key='Gemma3n4B|/data/user/0/com.negi.survey/files/gemma-3n-E4B-it-int4.litertlm'
2026-02-22T02:53:42.021Z D/LiteRtLM [DefaultDispatcher-worker-28] Capabilities: image=false audio=false
2026-02-22T02:53:42.021Z D/LiteRtLM [DefaultDispatcher-worker-28] Backend=GPU maxNumTokens=4096 (raw=4096) topK=64 topP=0.95 temp=1.0
2026-02-22T02:54:10.502Z D/LiteRtLM [DefaultDispatcher-worker-28] LiteRT-LM initialization succeeded: model='Gemma3n4B', key='Gemma3n4B|/data/user/0/com.negi.survey/files/gemma-3n-E4B-it-int4.litertlm'
2026-02-22T02:54:10.551Z D/AiTrace [main] Installed (enabled=false ringEnabled=true)
2026-02-22T02:54:10.556Z D/SurveyVM [main] init -> Start, session=0, uuid=4584a42e-f04a-4bfc-9b27-66fbaf61c694, navSize=1, graphSize=9
2026-02-22T02:54:10.560Z D/SurveyVM [main] config.validate -> issues=0
2026-02-22T02:54:10.560Z D/SurveyVM [main] promptSources -> legacy=0, eval=6, follow=6
2026-02-22T02:54:10.561Z D/SurveyVM [main] promptSources.preview -> legacy=[], eval=[Q1, Q2, Q3, Q4, Q5, Q6], follow=[Q1, Q2, Q3, Q4, Q5, Q6]
2026-02-22T02:54:10.561Z D/SurveyVM [main] hasTwoStepPrompt[Q1] -> true (eval=303, fu=240)
2026-02-22T02:54:10.561Z D/SurveyVM [main] hasTwoStepPrompt[Q2] -> true (eval=303, fu=240)
2026-02-22T02:54:10.561Z D/SurveyVM [main] hasTwoStepPrompt[Q3] -> true (eval=303, fu=240)
2026-02-22T02:54:10.561Z D/SurveyVM [main] hasTwoStepPrompt[Q4] -> true (eval=303, fu=240)
2026-02-22T02:54:10.561Z D/SurveyVM [main] hasTwoStepPrompt[Q5] -> true (eval=303, fu=240)
2026-02-22T02:54:10.561Z D/SurveyVM [main] hasTwoStepPrompt[Q6] -> true (eval=303, fu=240)
2026-02-22T02:54:10.561Z D/SurveyVM [main] AI prompt coverage OK (aiCount=6)
2026-02-22T02:54:32.599Z D/SurveyVM [main] resetAudioRefs -> cleared
2026-02-22T02:54:32.601Z D/SurveyVM [main] resetNavToStart -> key=com.negi.survey.vm.FlowHome@c0c6b75, navSize=1
2026-02-22T02:54:32.601Z D/SurveyVM [main] resetToStart -> Start, session=1, uuid=9d94d911-31ff-4c44-8498-aec09feffa81, preserveFreeText=true
2026-02-22T02:54:32.602Z D/SurveyVM [main] push -> Q1, navSize=2, stackSize=2
2026-02-22T02:54:32.623Z D/SurveyVM [main] hasTwoStepPrompt[Q1] -> true (eval=303, fu=240)
2026-02-22T02:54:37.097Z D/SurveyVM [main] backToPrevious -> Start
2026-02-22T02:54:37.109Z D/SurveyVM [main] hasTwoStepPrompt[Start] -> false (eval=0, fu=0)
2026-02-22T02:54:41.870Z D/SurveyVM [main] resetAudioRefs -> cleared
2026-02-22T02:54:41.871Z D/SurveyVM [main] resetNavToStart -> key=com.negi.survey.vm.FlowHome@c0c6b75, navSize=1
2026-02-22T02:54:41.871Z D/SurveyVM [main] resetToStart -> Start, session=2, uuid=421e79a7-d6bb-49c7-b93d-17894eda6a63, preserveFreeText=true
2026-02-22T02:54:41.871Z D/SurveyVM [main] push -> Q1, navSize=2, stackSize=2
2026-02-22T02:54:41.894Z D/SurveyVM [main] hasTwoStepPrompt[Q1] -> true (eval=303, fu=240)
2026-02-22T02:54:44.205Z D/SurveyVM [main] backToPrevious -> Start
2026-02-22T02:54:44.213Z D/SurveyVM [main] hasTwoStepPrompt[Start] -> false (eval=0, fu=0)
2026-02-22T02:55:05.825Z D/SurveyVM [DefaultDispatcher-worker-2] addAudioRef -> q=__home_free_text__, file=voice_421e79a7-d6bb-49c7-b93d-17894eda6a63_home_free_text_20260222_025505.wav, sid=421e79a7-d6bb-49c7-b93d-17894eda6a63
2026-02-22T02:55:05.825Z D/SurveyVM [DefaultDispatcher-worker-2] onVoiceExported -> q=__home_free_text__, file=voice_421e79a7-d6bb-49c7-b93d-17894eda6a63_home_free_text_20260222_025505.wav, replace=false
2026-02-22T02:56:31.486Z D/SurveyVM [DefaultDispatcher-worker-7] addAudioRef -> q=__home_free_text__, file=voice_421e79a7-d6bb-49c7-b93d-17894eda6a63_home_free_text_20260222_025631.wav, sid=421e79a7-d6bb-49c7-b93d-17894eda6a63
