=== RuntimeLogStore Header ===
ts=2026-02-20T23:01:36.755Z
appId=com.negi.survey
versionName=0.0.1
versionCode=1
debug=false
device=Google Pixel 9a
sdk=36
pid=23391
==============================
2026-02-20T23:01:36.755Z I/RuntimeLogStore [rtlog-io] start: actor launched
2026-02-20T23:01:36.751Z D/SurveyApp [main] attachBaseContext: pid=23391 process=com.negi.survey isMain=true sdk=36
2026-02-20T23:01:36.751Z D/SurveyApp [main] Skipping WorkManager init in attachBaseContext; will init in onCreate.
2026-02-20T23:01:36.755Z D/SurveyApp [main] CrashCapture installed: where=SurveyApp:attachBaseContext
2026-02-20T23:01:36.755Z I/RuntimeLogStore [main] start repair: ctx/dir refreshed
2026-02-20T23:01:36.755Z D/SurveyApp [main] onCreate: pid=23391 process=com.negi.survey isMain=true sdk=36
2026-02-20T23:01:36.767Z D/SurveyApp [main] WorkManager already ready. where=onCreate
2026-02-20T23:01:36.767Z D/SurveyApp [main] WorkManager already ready. where=startupRtLogs
2026-02-20T23:01:36.884Z D/SurveyApp [main] Startup runtime logs: enqueue requested.
2026-02-20T23:01:36.885Z D/SurveyApp [main] CrashCapture installed: where=SurveyApp:onCreate(rewrap)
2026-02-20T23:01:36.885Z D/SurveyApp [main] CrashCapture self-healing registered.
2026-02-20T23:01:36.886Z D/SurveyApp [main] WorkManager already ready. where=enqueuePending(immediate)
2026-02-20T23:01:36.886Z D/SurveyApp [main] CrashCapture pending uploads enqueued (immediate).
2026-02-20T23:01:36.886Z D/SurveyApp [main] Delayed enqueue retry not scheduled (immediate succeeded).
2026-02-20T23:01:36.912Z I/RuntimeLogStore [DefaultDispatcher-worker-1] start repair: ctx/dir refreshed
2026-02-20T23:01:38.204Z I/RuntimeLogStore [DefaultDispatcher-worker-5] start repair: ctx/dir refreshed
