=== RuntimeLogStore Header ===
ts=2026-02-20T23:04:38.955Z
appId=com.negi.survey
versionName=0.0.1
versionCode=1
debug=false
device=Google Pixel 9a
sdk=36
pid=23818
==============================
2026-02-20T23:04:38.955Z I/RuntimeLogStore [rtlog-io] start: actor launched
2026-02-20T23:04:38.953Z D/SurveyApp [main] attachBaseContext: pid=23818 process=com.negi.survey isMain=true sdk=36
2026-02-20T23:04:38.953Z D/SurveyApp [main] Skipping WorkManager init in attachBaseContext; will init in onCreate.
2026-02-20T23:04:38.960Z D/SurveyApp [main] CrashCapture installed: where=SurveyApp:attachBaseContext
2026-02-20T23:04:38.960Z I/RuntimeLogStore [main] start repair: ctx/dir refreshed
2026-02-20T23:04:38.960Z D/SurveyApp [main] onCreate: pid=23818 process=com.negi.survey isMain=true sdk=36
2026-02-20T23:04:38.978Z D/SurveyApp [main] WorkManager already ready. where=onCreate
2026-02-20T23:04:38.979Z D/SurveyApp [main] WorkManager already ready. where=startupRtLogs
2026-02-20T23:04:39.020Z D/SurveyApp [main] Startup runtime logs: enqueue requested.
2026-02-20T23:04:39.020Z D/SurveyApp [main] CrashCapture installed: where=SurveyApp:onCreate(rewrap)
2026-02-20T23:04:39.021Z D/SurveyApp [main] CrashCapture self-healing registered.
2026-02-20T23:04:39.021Z D/SurveyApp [main] WorkManager already ready. where=enqueuePending(immediate)
2026-02-20T23:04:39.021Z D/SurveyApp [main] CrashCapture pending uploads enqueued (immediate).
2026-02-20T23:04:39.021Z D/SurveyApp [main] Delayed enqueue retry not scheduled (immediate succeeded).
2026-02-20T23:04:39.032Z I/RuntimeLogStore [DefaultDispatcher-worker-2] start repair: ctx/dir refreshed
2026-02-20T23:04:40.306Z I/RuntimeLogStore [DefaultDispatcher-worker-4] start repair: ctx/dir refreshed
