=== Previous Session Logcat ===
captured_time_utc=20260228_232041
captured_time_local=20260228_152041
marker=2026-02-26 00:56:59.978
preferred_prev_pid=-1
note=best-effort; buffers may be overwritten before next start
sdk=36
device=Google Pixel 9a
appId=com.negi.survey
versionName=0.0.1
versionCode=1

=== Logcat (since marker) ===
--------- beginning of main
02-28 15:20:38.675 19186 19186 I libc    : SetHeapTaggingLevel: tag level set to 0
02-28 15:20:38.679 19186 19186 I Zygote  : Process 19186 created for com.negi.survey
02-28 15:20:38.679 19186 19186 I com.negi.survey: Using CollectorTypeCMC GC.
02-28 15:20:38.740 19186 19186 D nativeloader: Load libframework-connectivity-tiramisu-jni.so using APEX ns com_android_tethering for caller /apex/com.android.tethering/javalib/framework-connectivity-t.jar: ok
02-28 15:20:38.793 19186 19186 D ApplicationLoaders: Returning zygote-cached class loader: /system_ext/framework/androidx.window.extensions.jar
02-28 15:20:38.793 19186 19186 D ApplicationLoaders: Returning zygote-cached class loader: /system_ext/framework/androidx.window.sidecar.jar
02-28 15:20:38.871 19186 19186 D nativeloader: Configuring clns-9 for other apk /data/app/~~PRxWpjzYxyoI5sk5lmDIEw==/com.negi.survey-WdDB-fctmo--QDr4IHn5sQ==/base.apk. target_sdk_version=36, uses_libraries=libOpenCL.so:libOpenCL-pixel.so, library_path=/data/app/~~PRxWpjzYxyoI5sk5lmDIEw==/com.negi.survey-WdDB-fctmo--QDr4IHn5sQ==/lib/arm64:/data/app/~~PRxWpjzYxyoI5sk5lmDIEw==/com.negi.survey-WdDB-fctmo--QDr4IHn5sQ==/base.apk!/lib/arm64-v8a, permitted_path=/data:/mnt/expand:/data/user/0/com.negi.survey
02-28 15:20:38.906 19186 19186 V GraphicsEnvironment: Currently set values for:
02-28 15:20:38.906 19186 19186 V GraphicsEnvironment:   angle_gl_driver_selection_pkgs=[com.android.angle, com.google.android.apps.tachyon]
02-28 15:20:38.906 19186 19186 V GraphicsEnvironment:   angle_gl_driver_selection_values=[angle, native]
02-28 15:20:38.906 19186 19186 V GraphicsEnvironment: com.negi.survey is not listed in per-application setting
02-28 15:20:38.906 19186 19186 V GraphicsEnvironment: ANGLE allowlist from config: 
02-28 15:20:38.906 19186 19186 V GraphicsEnvironment: No special selections for ANGLE, returning default driver choice
02-28 15:20:38.906 19186 19186 V GraphicsEnvironment: Neither updatable production driver nor prerelease driver is supported.
02-28 15:20:38.947 19186 19186 D nativeloader: Load /data/app/~~PRxWpjzYxyoI5sk5lmDIEw==/com.negi.survey-WdDB-fctmo--QDr4IHn5sQ==/base.apk!/lib/arm64-v8a/liblitertlm_jni.so using class loader ns clns-9 (caller=/data/app/~~PRxWpjzYxyoI5sk5lmDIEw==/com.negi.survey-WdDB-fctmo--QDr4IHn5sQ==/base.apk!classes4.dex): ok
02-28 15:20:38.947 19186 19186 D SurveyApp: Loaded LiteRTLM JNI: litertlm_jni where=attachBaseContext
02-28 15:20:38.959 19186 19186 D AppRingLogStore: installed: dir=/data/user/0/com.negi.survey/files/diagnostics/applog_ring idx=0
02-28 15:20:38.961 19186 19186 D CrashCapture: install: ensured default handler. where=SurveyApp:attachBaseContext pid=19186 default=com.negi.survey.CrashCapture$CrashHandler@c280a86
02-28 15:20:38.962 19186 19186 D CrashCapture: install: ensured default handler. where=SurveyApp:onCreate(rewrap) pid=19186 default=com.negi.survey.CrashCapture$CrashHandler@c280a86
02-28 15:20:38.962 19186 19186 D CrashCapture: registerSelfHealing: ActivityLifecycleCallbacks registered. mode=onResumedOnly
02-28 15:20:38.965 19186 19200 D RuntimeLogStore: openWriter: start -> /data/user/0/com.negi.survey/files/diagnostics/runtime_logs/rtlog_20260228_232038_962_pid19186_seq1.log (bytes=0 format=LEGACY)
02-28 15:20:38.968 19186 19200 D RuntimeLogStore: retention: start files=2 kept=2 totalBytes=640
02-28 15:20:38.972 19186 19186 D DesktopExperienceFlags: Toggle override initialized to: false
--------- beginning of system
02-28 15:20:38.973 19186 19202 I DisplayManager: Choreographer implicitly registered for the refresh rate.
02-28 15:20:38.974 19186 19202 D vulkan  : searching for layers in '/data/app/~~PRxWpjzYxyoI5sk5lmDIEw==/com.negi.survey-WdDB-fctmo--QDr4IHn5sQ==/lib/arm64'
02-28 15:20:38.975 19186 19202 D vulkan  : searching for layers in '/data/app/~~PRxWpjzYxyoI5sk5lmDIEw==/com.negi.survey-WdDB-fctmo--QDr4IHn5sQ==/base.apk!/lib/arm64-v8a'
02-28 15:20:38.977 19186 19186 E ashmem  : Pinning is deprecated since Android Q. Please use trim or other methods.
02-28 15:20:38.983 19186 19186 D CompatChangeReporter: Compat change id reported: 377864165; UID 14741; state: ENABLED
02-28 15:20:38.983 19186 19186 D DesktopModeFlags: Toggle override initialized to: OVERRIDE_UNSET
02-28 15:20:38.995 19186 19186 I ContentCaptureHelper: Setting logging level to OFF
02-28 15:20:38.999 19186 19186 D CrashCapture: install: ensured default handler. where=selfHeal:onActivityResumed pid=19186 default=com.negi.survey.CrashCapture$CrashHandler@c280a86
02-28 15:20:39.036 19186 19186 D WindowOnBackDispatcher: setTopOnBackInvokedCallback (unwrapped): android.app.Activity$$ExternalSyntheticLambda0@8fab891
02-28 15:20:39.076 19186 19186 E VibratorInfo: Invalid frequency profile received from HAL. resonantFrequencyHz=NaN, frequenciesHz=null, outputAccelerationsGs=null
02-28 15:20:39.112 19186 19186 D VRI[MainActivity]: WindowInsets changed: 1080x2424 statusBars:[0,152,0,0] navigationBars:[0,0,0,69] mandatorySystemGestures:[0,187,0,92] 
02-28 15:20:39.118 19186 19186 I HWUI    : Using FreeType backend (prop=Auto)
02-28 15:20:39.222 19186 19186 D IntroScreen: Resolved config details: id=survey_config10.yaml in 6ms
02-28 15:20:39.257 19186 19186 D InsetsController: hide(ime())
02-28 15:20:39.258 19186 19186 I ImeTracker: com.negi.survey:19387639: onCancelled at PHASE_CLIENT_ALREADY_HIDDEN
02-28 15:20:41.470 19186 19186 D WM-PackageManagerHelper: Skipping component enablement for androidx.work.impl.background.systemjob.SystemJobService
02-28 15:20:41.470 19186 19186 D WM-Schedulers: Created SystemJobScheduler and enabled SystemJobService
02-28 15:20:41.472 19186 19222 D WM-ForceStopRunnable: Is default app process = true
02-28 15:20:41.473 19186 19222 D WM-ForceStopRunnable: Performing cleanup operations.
02-28 15:20:41.543 19186 19186 D github_upload: choosePolicy: uniqueName=upload_runtime_logs_startup policy=REPLACE states=[]
02-28 15:20:41.543 19186 19186 D github_upload: enqueueStartupRuntimeLogsUpload: uniqueName=upload_runtime_logs_startup policy=REPLACE
02-28 15:20:41.599 19186 19226 D WM-SystemJobScheduler: Scheduling work ID a85e37dd-2a61-41b4-bfcd-c760e4fde2a6Job ID 24
02-28 15:20:41.603 19186 19226 D WM-GreedyScheduler: Starting tracking for a85e37dd-2a61-41b4-bfcd-c760e4fde2a6
02-28 15:20:41.604 19186 19186 D github_upload: choosePolicy: uniqueName=upload_ring_logs_startup policy=REPLACE states=[]
02-28 15:20:41.604 19186 19186 D github_upload: enqueueStartupRingLogsUpload: uniqueName=upload_ring_logs_startup policy=REPLACE
02-28 15:20:41.607 19186 19227 D CrashCapture: enqueuePendingCrashUploadsIfPossible enter where=SurveyApp:enqueuePending(immediate):bg pid=19186 thread=CrashCapture-Enqueue
02-28 15:20:41.619 19186 19224 D WM-SystemJobScheduler: Scheduling work ID 3cd6a6bb-7a1d-43c4-accb-fb1096ec839fJob ID 25
02-28 15:20:41.622 19186 19224 D WM-GreedyScheduler: Starting tracking for a85e37dd-2a61-41b4-bfcd-c760e4fde2a6,3cd6a6bb-7a1d-43c4-accb-fb1096ec839f
02-28 15:20:41.630 19186 19224 D WM-PackageManagerHelper: androidx.work.impl.background.systemalarm.RescheduleReceiver enabled
02-28 15:20:41.632 19186 19224 D WM-ConstraintTracker: NetworkStateTracker24: initial state = NetworkState(isConnected=false, isValidated=false, isMetered=true, isNotRoaming=false, isBlocked=false)
02-28 15:20:41.632 19186 19224 D WM-NetworkStateTracker: Registering network callback
02-28 15:20:41.640 19186 19224 D WM-GreedyScheduler: Constraints not met: Cancelling work ID WorkGenerationalId(workSpecId=a85e37dd-2a61-41b4-bfcd-c760e4fde2a6, generation=0)
02-28 15:20:41.640 19186 19224 D WM-GreedyScheduler: Constraints not met: Cancelling work ID WorkGenerationalId(workSpecId=3cd6a6bb-7a1d-43c4-accb-fb1096ec839f, generation=0)
