=== RuntimeLogStore Header ===
ts=2026-02-23T17:23:55.682Z
fileNameFormat=LEGACY
appId=com.negi.survey
versionName=v0.0.1-20260222-033453
versionCode=15
debug=false
device=Google Pixel 9a
sdk=36
pid=7411
==============================
2026-02-23T17:23:55.683Z I/RuntimeLogStore [rtlog-io] start: actor launched (fileNameFormat=LEGACY)
2026-02-23T17:23:55.679Z D/SurveyApp [main] attachBaseContext: pid=7411 process=com.negi.survey isMain=true sdk=36
2026-02-23T17:23:55.679Z D/SurveyApp [main] Skipping WorkManager init in attachBaseContext; will init in onCreate.
2026-02-23T17:23:55.680Z D/SurveyApp [main] CrashCapture installed: where=SurveyApp:attachBaseContext
2026-02-23T17:23:55.680Z I/RuntimeLogStore [main] start repair: ctx/dir refreshed
2026-02-23T17:23:55.680Z D/SurveyApp [main] onCreate: pid=7411 process=com.negi.survey isMain=true sdk=36
2026-02-23T17:23:55.683Z D/SurveyApp [main] WorkManager already ready. where=onCreate
2026-02-23T17:23:55.683Z D/SurveyApp [main] WorkManager already ready. where=startupRtLogs
2026-02-23T17:23:55.729Z D/SurveyApp [main] Startup runtime logs: enqueue requested.
2026-02-23T17:23:55.730Z D/SurveyApp [main] WorkManager already ready. where=startupRingLogs
2026-02-23T17:23:55.763Z D/SurveyApp [main] Startup ring logs: enqueue requested.
2026-02-23T17:23:55.763Z D/SurveyApp [main] CrashCapture installed: where=SurveyApp:onCreate(rewrap)
2026-02-23T17:23:55.763Z D/SurveyApp [main] CrashCapture self-healing registered.
2026-02-23T17:23:55.763Z D/SurveyApp [main] WorkManager already ready. where=enqueuePending(immediate)
2026-02-23T17:23:55.763Z D/SurveyApp [main] CrashCapture pending uploads requested (immediate).
2026-02-23T17:23:55.775Z I/RuntimeLogStore [DefaultDispatcher-worker-1] start repair: ctx/dir refreshed
2026-02-23T17:23:57.029Z I/RuntimeLogStore [DefaultDispatcher-worker-6] start repair: ctx/dir refreshed
