=== RuntimeLogStore Header ===
ts=2026-02-22T18:24:26.032Z
fileNameFormat=LEGACY
appId=com.negi.survey
versionName=v0.0.1-20260222-033453
versionCode=15
debug=false
device=Google Pixel 9a
sdk=36
pid=20222
==============================
2026-02-22T18:24:26.033Z I/RuntimeLogStore [rtlog-io] --- rotated (reason=plain_snapshot:app_start) ---
2026-02-22T18:24:28.777Z D/LiteRtLM [DefaultDispatcher-worker-3] Initializing LiteRT-LM: model='Gemma3n4B', key='Gemma3n4B|/data/user/0/com.negi.survey/files/gemma-3n-E4B-it-int4.litertlm'
2026-02-22T18:24:28.777Z D/LiteRtLM [DefaultDispatcher-worker-3] Capabilities: image=false audio=false
2026-02-22T18:24:28.778Z D/LiteRtLM [DefaultDispatcher-worker-3] Backend=GPU maxNumTokens=4096 (raw=4096) topK=64 topP=0.95 temp=1.0
2026-02-22T18:24:55.699Z D/LiteRtLM [DefaultDispatcher-worker-3] LiteRT-LM initialization succeeded: model='Gemma3n4B', key='Gemma3n4B|/data/user/0/com.negi.survey/files/gemma-3n-E4B-it-int4.litertlm'
2026-02-22T18:24:55.730Z D/AiTrace [main] Installed (enabled=false ringEnabled=true)
2026-02-22T18:24:55.738Z D/SurveyVM [main] init -> Start, session=0, uuid=16458f12-d518-44e4-9b78-aaadd975653e, navSize=1, graphSize=9
2026-02-22T18:24:55.746Z D/SurveyVM [main] config.validate -> issues=0
2026-02-22T18:24:55.748Z D/SurveyVM [main] promptSources -> legacy=6, eval=0, follow=0
2026-02-22T18:24:55.748Z D/SurveyVM [main] promptSources.preview -> legacy=[Q1, Q2, Q3, Q4, Q5, Q6], eval=[], follow=[]
2026-02-22T18:24:55.749Z D/SurveyVM [main] hasTwoStepPrompt[Q1] -> false (eval=0, fu=0)
2026-02-22T18:24:55.749Z D/SurveyVM [main] hasTwoStepPrompt[Q2] -> false (eval=0, fu=0)
2026-02-22T18:24:55.749Z D/SurveyVM [main] hasTwoStepPrompt[Q3] -> false (eval=0, fu=0)
2026-02-22T18:24:55.749Z D/SurveyVM [main] hasTwoStepPrompt[Q4] -> false (eval=0, fu=0)
2026-02-22T18:24:55.749Z D/SurveyVM [main] hasTwoStepPrompt[Q5] -> false (eval=0, fu=0)
2026-02-22T18:24:55.749Z D/SurveyVM [main] hasTwoStepPrompt[Q6] -> false (eval=0, fu=0)
2026-02-22T18:24:55.749Z D/SurveyVM [main] AI prompt coverage OK (aiCount=6)
2026-02-22T18:25:04.346Z D/SurveyVM [main] resetAudioRefs -> cleared
2026-02-22T18:25:04.353Z D/SurveyVM [main] resetNavToStart -> key=com.negi.survey.vm.FlowHome@89985d7, navSize=1
2026-02-22T18:25:04.353Z D/SurveyVM [main] resetToStart -> Start, session=1, uuid=6f5f8c4b-07ac-4d1b-bbc7-f3ea4070efbf, preserveFreeText=true
2026-02-22T18:25:04.353Z D/SurveyVM [main] push -> Q1, navSize=2, stackSize=2
2026-02-22T18:25:04.407Z D/SurveyVM [main] hasTwoStepPrompt[Q1] -> false (eval=0, fu=0)
2026-02-22T18:25:06.536Z D/SurveyVM [main] backToPrevious -> Start
2026-02-22T18:25:06.550Z D/SurveyVM [main] hasTwoStepPrompt[Start] -> false (eval=0, fu=0)
2026-02-22T18:25:08.179Z D/SurveyVM [main] resetAudioRefs -> cleared
2026-02-22T18:25:08.179Z D/SurveyVM [main] resetNavToStart -> key=com.negi.survey.vm.FlowHome@89985d7, navSize=1
2026-02-22T18:25:08.179Z D/SurveyVM [main] resetToStart -> Start, session=2, uuid=7abbe0f9-148b-4a36-8656-7e4b84202b7b, preserveFreeText=true
2026-02-22T18:25:08.179Z D/SurveyVM [main] push -> Q1, navSize=2, stackSize=2
2026-02-22T18:25:08.202Z D/SurveyVM [main] hasTwoStepPrompt[Q1] -> false (eval=0, fu=0)
2026-02-22T18:25:13.002Z D/SurveyVM [main] push -> Q2, navSize=3, stackSize=3
2026-02-22T18:25:13.009Z D/SurveyVM [main] hasTwoStepPrompt[Q2] -> false (eval=0, fu=0)
2026-02-22T18:25:15.847Z D/SurveyVM [main] push -> Q3, navSize=4, stackSize=4
2026-02-22T18:25:15.869Z D/SurveyVM [main] hasTwoStepPrompt[Q3] -> false (eval=0, fu=0)
2026-02-22T18:25:16.913Z D/SurveyVM [main] backToPrevious -> Q2
2026-02-22T18:25:16.928Z D/SurveyVM [main] hasTwoStepPrompt[Q2] -> false (eval=0, fu=0)
2026-02-22T18:25:17.516Z D/SurveyVM [main] backToPrevious -> Q1
2026-02-22T18:25:17.529Z D/SurveyVM [main] hasTwoStepPrompt[Q1] -> false (eval=0, fu=0)
2026-02-22T18:25:18.338Z D/SurveyVM [main] hasTwoStepPrompt[Q1] -> false (eval=0, fu=0)
2026-02-22T18:25:18.338Z I/AiScreen [main] Submit begin runId=ai-Q1-1814749746-1814749746406000 node=Q1 role=MAIN isTwoStep=false sessionId=2 surveyUuid=7abbe0f9-148b-4a36-8656-7e4b84202b7b qLen=132 aLen=22 qPreview="How much yield do you lose because of fall armyworm? Please think back over the last 3 seasons. …" aPreview="c of j ffh my guy left"
2026-02-22T18:25:18.339Z D/SurveyVM [main] getPrompt[Q1] -> len=450 (src=one_step)
2026-02-22T18:25:18.339Z I/AiScreen [main] Submit end runId=ai-Q1-1814749746-1814749746406000 node=Q1 elapsed=2ms
2026-02-22T18:25:18.345Z D/LiteRtRepository [DefaultDispatcher-worker-7] [1] request start: model='Gemma3n4B', prompt.len=1491, sha=c00fc768390d9cdf, gateWaitMs=0
2026-02-22T18:25:18.354Z D/LiteRtRepository [DefaultDispatcher-worker-7] [1] initializeIfNeeded ok (initMs=8)
2026-02-22T18:25:18.372Z D/LiteRtLM [DefaultDispatcher-worker-3] runInference start: key='Gemma3n4B|/data/user/0/com.negi.survey/files/gemma-3n-E4B-it-int4.litertlm' runId=1 hasText=true textLen=1491 images=0 audioClips=0
2026-02-22T18:25:18.372Z D/LiteRtLM [DefaultDispatcher-worker-3] LiteRT-LM sendMessageAsync(text): key='Gemma3n4B|/data/user/0/com.negi.survey/files/gemma-3n-E4B-it-int4.litertlm' runId=1 len=1491
2026-02-22T18:25:34.204Z D/LiteRtRepository [main] [1] logical done=true (waiting native termination safe point)
2026-02-22T18:25:34.204Z D/LiteRtRepository [main] [1] cleanUpListener (native termination safe point)
2026-02-22T18:25:34.205Z D/LiteRtRepository [DefaultDispatcher-worker-4] [1] scheduleResetAfterSafepoint: begin (tag='native-terminated')
2026-02-22T18:25:34.213Z D/LiteRtRepository [DefaultDispatcher-worker-5] [1] resetConversation ok (after safepoint, tag='native-terminated')
2026-02-22T18:25:34.214Z D/LiteRtRepository [DefaultDispatcher-worker-5] [1] scheduleResetAfterSafepoint: end (tag='native-terminated')
2026-02-22T18:25:34.227Z I/AiViewModel [DefaultDispatcher-worker-3] run[1] done: phase=ONE_STEP mode=EVAL_JSON score=1 FU[0]=Can you please specify the yield loss in bags per acre or as a percentage? commit=true err=<none>
2026-02-22T18:25:34.260Z I/AiScreen [main] Follow-up persisted (context=sid=2|nid=Q1 node=Q1 runId=1 phase=ONE_STEP twoStep=false mode=EVAL_JSON len=74 preview="Can you please specify the yield loss in bags per acre or as a percentage?" displayedAsPlain=false)
2026-02-22T18:25:34.260Z D/AiScreen [main] Step rendered (context=sid=2|nid=Q1 node=Q1 runId=1 phase=ONE_STEP mode=EVAL_JSON showJson=true rawLen=263 followups=1 timedOut=false twoStep=false)
2026-02-22T18:25:34.475Z D/LiteRtLM [DefaultDispatcher-worker-3] resetConversationInternal done: key='Gemma3n4B|/data/user/0/com.negi.survey/files/gemma-3n-E4B-it-int4.litertlm' reason='resetConversation'
2026-02-22T18:25:43.873Z D/SurveyVM [main] hasTwoStepPrompt[Q1] -> false (eval=0, fu=0)
2026-02-22T18:25:43.873Z I/AiScreen [main] Submit begin runId=ai-Q1-1814775281-1814775281610725 node=Q1 role=FOLLOWUP isTwoStep=false sessionId=2 surveyUuid=7abbe0f9-148b-4a36-8656-7e4b84202b7b qLen=74 aLen=62 qPreview="Can you please specify the yield loss in bags per acre or as a percentage?" aPreview="haha the is the of Fr the of see is the of Dr HC de this so if"
2026-02-22T18:25:43.874Z D/SurveyVM [main] getPrompt[Q1] -> len=432 (src=one_step)
2026-02-22T18:25:43.874Z I/AiScreen [main] Submit end runId=ai-Q1-1814775281-1814775281610725 node=Q1 elapsed=1ms
2026-02-22T18:25:43.876Z D/LiteRtRepository [DefaultDispatcher-worker-9] [2] request start: model='Gemma3n4B', prompt.len=1473, sha=d12d5378c4068d31, gateWaitMs=0
2026-02-22T18:25:43.877Z D/LiteRtRepository [DefaultDispatcher-worker-9] [2] initializeIfNeeded ok (initMs=0)
2026-02-22T18:25:43.879Z D/LiteRtLM [DefaultDispatcher-worker-9] runInference start: key='Gemma3n4B|/data/user/0/com.negi.survey/files/gemma-3n-E4B-it-int4.litertlm' runId=2 hasText=true textLen=1473 images=0 audioClips=0
2026-02-22T18:25:43.879Z D/LiteRtLM [DefaultDispatcher-worker-9] LiteRT-LM sendMessageAsync(text): key='Gemma3n4B|/data/user/0/com.negi.survey/files/gemma-3n-E4B-it-int4.litertlm' runId=2 len=1473
2026-02-22T18:25:59.116Z D/LiteRtRepository [main] [2] logical done=true (waiting native termination safe point)
2026-02-22T18:25:59.116Z D/LiteRtRepository [main] [2] cleanUpListener (native termination safe point)
2026-02-22T18:25:59.118Z D/LiteRtRepository [DefaultDispatcher-worker-3] [2] scheduleResetAfterSafepoint: begin (tag='native-terminated')
2026-02-22T18:25:59.123Z D/LiteRtRepository [DefaultDispatcher-worker-1] [2] resetConversation ok (after safepoint, tag='native-terminated')
2026-02-22T18:25:59.123Z D/LiteRtRepository [DefaultDispatcher-worker-1] [2] scheduleResetAfterSafepoint: end (tag='native-terminated')
2026-02-22T18:25:59.124Z I/AiViewModel [DefaultDispatcher-worker-2] run[2] done: phase=ONE_STEP mode=EVAL_JSON score=1 FU[0]=Could you please provide the average yield loss in bags per acre or as a percentage for the last 3 seasons? commit=true err=<none>
2026-02-22T18:25:59.148Z I/AiScreen [main] Follow-up persisted (context=sid=2|nid=Q1 node=Q1 runId=2 phase=ONE_STEP twoStep=false mode=EVAL_JSON len=107 preview="Could you please provide the average yield loss in bags per acre or as a percentage for the last 3 seasons?" displayedAsPlain=false)
2026-02-22T18:25:59.148Z D/AiScreen [main] Step rendered (context=sid=2|nid=Q1 node=Q1 runId=2 phase=ONE_STEP mode=EVAL_JSON showJson=true rawLen=297 followups=1 timedOut=false twoStep=false)
2026-02-22T18:25:59.380Z D/LiteRtLM [DefaultDispatcher-worker-2] resetConversationInternal done: key='Gemma3n4B|/data/user/0/com.negi.survey/files/gemma-3n-E4B-it-int4.litertlm' reason='resetConversation'
2026-02-22T18:26:01.453Z D/SurveyVM [main] push -> Q2, navSize=3, stackSize=3
2026-02-22T18:26:01.462Z D/SurveyVM [main] hasTwoStepPrompt[Q2] -> false (eval=0, fu=0)
2026-02-22T18:26:04.415Z D/SurveyVM [main] push -> Q3, navSize=4, stackSize=4
2026-02-22T18:26:04.418Z D/SurveyVM [main] hasTwoStepPrompt[Q3] -> false (eval=0, fu=0)
2026-02-22T18:26:06.073Z D/SurveyVM [main] push -> Q4, navSize=5, stackSize=5
2026-02-22T18:26:06.086Z D/SurveyVM [main] hasTwoStepPrompt[Q4] -> false (eval=0, fu=0)
2026-02-22T18:26:10.987Z D/SurveyVM [main] hasTwoStepPrompt[Q4] -> false (eval=0, fu=0)
2026-02-22T18:26:10.987Z I/AiScreen [main] Submit begin runId=ai-Q4-1814802395-1814802395223165 node=Q4 role=MAIN isTwoStep=false sessionId=2 surveyUuid=7abbe0f9-148b-4a36-8656-7e4b84202b7b qLen=187 aLen=31 qPreview="What would you expect from a new maize variety to replace the one you currently grow? Please be …" aPreview="day is the and my is for of the"
2026-02-22T18:26:10.987Z D/SurveyVM [main] getPrompt[Q4] -> len=549 (src=one_step)
2026-02-22T18:26:10.987Z I/AiScreen [main] Submit end runId=ai-Q4-1814802395-1814802395223165 node=Q4 elapsed=1ms
2026-02-22T18:26:10.992Z D/LiteRtRepository [DefaultDispatcher-worker-4] [3] request start: model='Gemma3n4B', prompt.len=1590, sha=07a940b305cbe8c4, gateWaitMs=0
2026-02-22T18:26:10.996Z D/LiteRtRepository [DefaultDispatcher-worker-4] [3] initializeIfNeeded ok (initMs=2)
2026-02-22T18:26:10.997Z D/LiteRtLM [DefaultDispatcher-worker-3] runInference start: key='Gemma3n4B|/data/user/0/com.negi.survey/files/gemma-3n-E4B-it-int4.litertlm' runId=3 hasText=true textLen=1590 images=0 audioClips=0
2026-02-22T18:26:11.003Z D/LiteRtLM [DefaultDispatcher-worker-3] LiteRT-LM sendMessageAsync(text): key='Gemma3n4B|/data/user/0/com.negi.survey/files/gemma-3n-E4B-it-int4.litertlm' runId=3 len=1590
2026-02-22T18:26:27.814Z D/LiteRtRepository [main] [3] logical done=true (waiting native termination safe point)
2026-02-22T18:26:27.815Z D/LiteRtRepository [main] [3] cleanUpListener (native termination safe point)
2026-02-22T18:26:27.817Z D/LiteRtRepository [DefaultDispatcher-worker-1] [3] scheduleResetAfterSafepoint: begin (tag='native-terminated')
2026-02-22T18:26:27.819Z I/AiViewModel [DefaultDispatcher-worker-8] run[3] done: phase=ONE_STEP mode=EVAL_JSON score=15 FU[0]=Could you please specify the expected yield increase in bushels per acre or kg per hectare? commit=true err=<none>
2026-02-22T18:26:27.819Z D/LiteRtRepository [DefaultDispatcher-worker-4] [3] resetConversation ok (after safepoint, tag='native-terminated')
2026-02-22T18:26:27.819Z D/LiteRtRepository [DefaultDispatcher-worker-4] [3] scheduleResetAfterSafepoint: end (tag='native-terminated')
2026-02-22T18:26:27.838Z I/AiScreen [main] Follow-up persisted (context=sid=2|nid=Q4 node=Q4 runId=3 phase=ONE_STEP twoStep=false mode=EVAL_JSON len=91 preview="Could you please specify the expected yield increase in bushels per acre or kg per hectare?" displayedAsPlain=false)
2026-02-22T18:26:27.838Z D/AiScreen [main] Step rendered (context=sid=2|nid=Q4 node=Q4 runId=3 phase=ONE_STEP mode=EVAL_JSON showJson=true rawLen=357 followups=1 timedOut=false twoStep=false)
2026-02-22T18:26:28.083Z D/LiteRtLM [DefaultDispatcher-worker-1] resetConversationInternal done: key='Gemma3n4B|/data/user/0/com.negi.survey/files/gemma-3n-E4B-it-int4.litertlm' reason='resetConversation'
2026-02-22T18:26:34.391Z D/SurveyVM [main] push -> Q5, navSize=6, stackSize=6
2026-02-22T18:26:34.396Z D/SurveyVM [main] hasTwoStepPrompt[Q5] -> false (eval=0, fu=0)
2026-02-22T18:26:37.170Z D/SurveyVM [main] hasTwoStepPrompt[Q5] -> false (eval=0, fu=0)
2026-02-22T18:26:37.170Z I/AiScreen [main] Submit begin runId=ai-Q5-1814828578-1814828578169426 node=Q5 role=MAIN isTwoStep=false sessionId=2 surveyUuid=7abbe0f9-148b-4a36-8656-7e4b84202b7b qLen=151 aLen=16 qPreview="In a bad year, what is the smallest harvest you would accept and still plant this maize again ne…" aPreview="good h of the of"
2026-02-22T18:26:37.170Z D/SurveyVM [main] getPrompt[Q5] -> len=480 (src=one_step)
2026-02-22T18:26:37.171Z I/AiScreen [main] Submit end runId=ai-Q5-1814828578-1814828578169426 node=Q5 elapsed=1ms
2026-02-22T18:26:37.174Z D/LiteRtRepository [DefaultDispatcher-worker-3] [4] request start: model='Gemma3n4B', prompt.len=1521, sha=f4dabb91aa5acce2, gateWaitMs=1
2026-02-22T18:26:37.177Z D/LiteRtRepository [DefaultDispatcher-worker-3] [4] initializeIfNeeded ok (initMs=2)
2026-02-22T18:26:37.184Z D/LiteRtLM [DefaultDispatcher-worker-3] runInference start: key='Gemma3n4B|/data/user/0/com.negi.survey/files/gemma-3n-E4B-it-int4.litertlm' runId=4 hasText=true textLen=1521 images=0 audioClips=0
2026-02-22T18:26:37.184Z D/LiteRtLM [DefaultDispatcher-worker-3] LiteRT-LM sendMessageAsync(text): key='Gemma3n4B|/data/user/0/com.negi.survey/files/gemma-3n-E4B-it-int4.litertlm' runId=4 len=1521
2026-02-22T18:26:51.834Z D/LiteRtRepository [main] [4] logical done=true (waiting native termination safe point)
2026-02-22T18:26:51.834Z D/LiteRtRepository [main] [4] cleanUpListener (native termination safe point)
2026-02-22T18:26:51.834Z D/LiteRtRepository [DefaultDispatcher-worker-3] [4] scheduleResetAfterSafepoint: begin (tag='native-terminated')
2026-02-22T18:26:51.843Z D/LiteRtRepository [DefaultDispatcher-worker-6] [4] resetConversation ok (after safepoint, tag='native-terminated')
2026-02-22T18:26:51.843Z D/LiteRtRepository [DefaultDispatcher-worker-6] [4] scheduleResetAfterSafepoint: end (tag='native-terminated')
2026-02-22T18:26:51.845Z I/AiViewModel [DefaultDispatcher-worker-4] run[4] done: phase=ONE_STEP mode=EVAL_JSON score=25 FU[0]=Could you please specify the baseline maize yield (bags/acre)? commit=true err=<none>
2026-02-22T18:26:51.877Z I/AiScreen [main] Follow-up persisted (context=sid=2|nid=Q5 node=Q5 runId=4 phase=ONE_STEP twoStep=false mode=EVAL_JSON len=62 preview="Could you please specify the baseline maize yield (bags/acre)?" displayedAsPlain=false)
2026-02-22T18:26:51.877Z D/AiScreen [main] Step rendered (context=sid=2|nid=Q5 node=Q5 runId=4 phase=ONE_STEP mode=EVAL_JSON showJson=true rawLen=326 followups=1 timedOut=false twoStep=false)
2026-02-22T18:26:52.099Z D/LiteRtLM [DefaultDispatcher-worker-11] resetConversationInternal done: key='Gemma3n4B|/data/user/0/com.negi.survey/files/gemma-3n-E4B-it-int4.litertlm' reason='resetConversation'
2026-02-22T18:27:53.411Z D/SurveyVM [main] hasTwoStepPrompt[Q5] -> false (eval=0, fu=0)
2026-02-22T18:27:53.412Z I/AiScreen [main] Submit begin runId=ai-Q5-1814904819-1814904819998931 node=Q5 role=FOLLOWUP isTwoStep=false sessionId=2 surveyUuid=7abbe0f9-148b-4a36-8656-7e4b84202b7b qLen=62 aLen=16 qPreview="Could you please specify the baseline maize yield (bags/acre)?" aPreview="cbddbg the HH of"
2026-02-22T18:27:53.412Z D/SurveyVM [main] getPrompt[Q5] -> len=391 (src=one_step)
2026-02-22T18:27:53.412Z I/AiScreen [main] Submit end runId=ai-Q5-1814904819-1814904819998931 node=Q5 elapsed=0ms
2026-02-22T18:27:53.415Z D/LiteRtRepository [DefaultDispatcher-worker-1] [5] request start: model='Gemma3n4B', prompt.len=1432, sha=31a5cc264d59f50f, gateWaitMs=0
2026-02-22T18:27:53.417Z D/LiteRtRepository [DefaultDispatcher-worker-1] [5] initializeIfNeeded ok (initMs=1)
2026-02-22T18:27:53.417Z D/LiteRtLM [DefaultDispatcher-worker-1] runInference start: key='Gemma3n4B|/data/user/0/com.negi.survey/files/gemma-3n-E4B-it-int4.litertlm' runId=5 hasText=true textLen=1432 images=0 audioClips=0
2026-02-22T18:27:53.418Z D/LiteRtLM [DefaultDispatcher-worker-1] LiteRT-LM sendMessageAsync(text): key='Gemma3n4B|/data/user/0/com.negi.survey/files/gemma-3n-E4B-it-int4.litertlm' runId=5 len=1432
2026-02-22T18:28:05.432Z D/LiteRtRepository [main] [5] logical done=true (waiting native termination safe point)
2026-02-22T18:28:05.432Z D/LiteRtRepository [main] [5] cleanUpListener (native termination safe point)
2026-02-22T18:28:05.434Z D/LiteRtRepository [DefaultDispatcher-worker-8] [5] scheduleResetAfterSafepoint: begin (tag='native-terminated')
2026-02-22T18:28:05.437Z D/LiteRtRepository [DefaultDispatcher-worker-5] [5] resetConversation ok (after safepoint, tag='native-terminated')
2026-02-22T18:28:05.437Z D/LiteRtRepository [DefaultDispatcher-worker-5] [5] scheduleResetAfterSafepoint: end (tag='native-terminated')
2026-02-22T18:28:05.440Z I/AiViewModel [DefaultDispatcher-worker-8] run[5] done: phase=ONE_STEP mode=EVAL_JSON score=10 FU[0]=Could you please specify the baseline maize yield in bags per acre? commit=true err=<none>
2026-02-22T18:28:05.467Z I/AiScreen [main] Follow-up persisted (context=sid=2|nid=Q5 node=Q5 runId=5 phase=ONE_STEP twoStep=false mode=EVAL_JSON len=67 preview="Could you please specify the baseline maize yield in bags per acre?" displayedAsPlain=false)
2026-02-22T18:28:05.467Z D/AiScreen [main] Step rendered (context=sid=2|nid=Q5 node=Q5 runId=5 phase=ONE_STEP mode=EVAL_JSON showJson=true rawLen=239 followups=1 timedOut=false twoStep=false)
2026-02-22T18:28:05.690Z D/LiteRtLM [DefaultDispatcher-worker-8] resetConversationInternal done: key='Gemma3n4B|/data/user/0/com.negi.survey/files/gemma-3n-E4B-it-int4.litertlm' reason='resetConversation'
2026-02-22T18:28:58.849Z D/SurveyVM [main] hasTwoStepPrompt[Q5] -> false (eval=0, fu=0)
2026-02-22T18:28:58.849Z I/AiScreen [main] Submit begin runId=ai-Q5-1814970257-1814970257281189 node=Q5 role=FOLLOWUP isTwoStep=false sessionId=2 surveyUuid=7abbe0f9-148b-4a36-8656-7e4b84202b7b qLen=67 aLen=36 qPreview="Could you please specify the baseline maize yield in bags per acre?" aPreview="to ffh to of of CJ and gh ffh HC the"
2026-02-22T18:28:58.849Z D/SurveyVM [main] getPrompt[Q5] -> len=416 (src=one_step)
2026-02-22T18:28:58.850Z I/AiScreen [main] Submit end runId=ai-Q5-1814970257-1814970257281189 node=Q5 elapsed=1ms
2026-02-22T18:28:58.853Z D/LiteRtRepository [DefaultDispatcher-worker-8] [6] request start: model='Gemma3n4B', prompt.len=1457, sha=e25276b3b898ef9a, gateWaitMs=0
2026-02-22T18:28:58.855Z D/LiteRtRepository [DefaultDispatcher-worker-8] [6] initializeIfNeeded ok (initMs=1)
2026-02-22T18:28:58.856Z D/LiteRtLM [DefaultDispatcher-worker-9] runInference start: key='Gemma3n4B|/data/user/0/com.negi.survey/files/gemma-3n-E4B-it-int4.litertlm' runId=6 hasText=true textLen=1457 images=0 audioClips=0
2026-02-22T18:28:58.856Z D/LiteRtLM [DefaultDispatcher-worker-9] LiteRT-LM sendMessageAsync(text): key='Gemma3n4B|/data/user/0/com.negi.survey/files/gemma-3n-E4B-it-int4.litertlm' runId=6 len=1457
2026-02-22T18:29:10.758Z D/LiteRtRepository [main] [6] logical done=true (waiting native termination safe point)
2026-02-22T18:29:10.759Z D/LiteRtRepository [main] [6] cleanUpListener (native termination safe point)
2026-02-22T18:29:10.760Z D/LiteRtRepository [DefaultDispatcher-worker-3] [6] scheduleResetAfterSafepoint: begin (tag='native-terminated')
2026-02-22T18:29:10.763Z D/LiteRtRepository [DefaultDispatcher-worker-6] [6] resetConversation ok (after safepoint, tag='native-terminated')
2026-02-22T18:29:10.764Z D/LiteRtRepository [DefaultDispatcher-worker-6] [6] scheduleResetAfterSafepoint: end (tag='native-terminated')
2026-02-22T18:29:10.765Z I/AiViewModel [DefaultDispatcher-worker-7] run[6] done: phase=ONE_STEP mode=EVAL_JSON score=10 FU[0]=Could you please specify the baseline maize yield in bags per acre? commit=true err=<none>
2026-02-22T18:29:10.777Z D/AiScreen [main] Step rendered (context=sid=2|nid=Q5 node=Q5 runId=6 phase=ONE_STEP mode=EVAL_JSON showJson=true rawLen=241 followups=1 timedOut=false twoStep=false)
2026-02-22T18:29:11.024Z D/LiteRtLM [DefaultDispatcher-worker-7] resetConversationInternal done: key='Gemma3n4B|/data/user/0/com.negi.survey/files/gemma-3n-E4B-it-int4.litertlm' reason='resetConversation'
2026-02-22T18:29:22.405Z D/SurveyVM [main] push -> Q6, navSize=7, stackSize=7
2026-02-22T18:29:22.418Z D/SurveyVM [main] hasTwoStepPrompt[Q6] -> false (eval=0, fu=0)
2026-02-22T18:29:24.919Z D/SurveyVM [main] push -> Review, navSize=8, stackSize=8
