=== RuntimeLogStore Header ===
ts=2026-02-21T04:59:27.407Z
fileNameFormat=LEGACY
appId=com.negi.survey
versionName=0.0.1
versionCode=1
debug=false
device=Google Pixel 9a
sdk=36
pid=6564
==============================
2026-02-21T04:59:27.407Z I/RuntimeLogStore [rtlog-io] start: actor launched (fileNameFormat=LEGACY)
2026-02-21T04:59:27.406Z D/SurveyApp [main] attachBaseContext: pid=6564 process=com.negi.survey isMain=true sdk=36
2026-02-21T04:59:27.406Z D/SurveyApp [main] Skipping WorkManager init in attachBaseContext; will init in onCreate.
2026-02-21T04:59:27.407Z D/SurveyApp [main] CrashCapture installed: where=SurveyApp:attachBaseContext
2026-02-21T04:59:27.407Z I/RuntimeLogStore [main] start repair: ctx/dir refreshed
2026-02-21T04:59:27.407Z D/SurveyApp [main] onCreate: pid=6564 process=com.negi.survey isMain=true sdk=36
2026-02-21T04:59:27.417Z D/SurveyApp [main] WorkManager already ready. where=onCreate
2026-02-21T04:59:27.417Z D/SurveyApp [main] WorkManager already ready. where=startupRtLogs
2026-02-21T04:59:27.697Z D/SurveyApp [main] Startup runtime logs: enqueue requested.
2026-02-21T04:59:27.698Z D/SurveyApp [main] CrashCapture installed: where=SurveyApp:onCreate(rewrap)
2026-02-21T04:59:27.698Z D/SurveyApp [main] CrashCapture self-healing registered.
2026-02-21T04:59:27.698Z D/SurveyApp [main] WorkManager already ready. where=enqueuePending(immediate)
2026-02-21T04:59:27.698Z D/SurveyApp [main] CrashCapture pending uploads requested (immediate).
2026-02-21T04:59:27.711Z I/RuntimeLogStore [DefaultDispatcher-worker-2] start repair: ctx/dir refreshed
2026-02-21T04:59:29.139Z I/RuntimeLogStore [DefaultDispatcher-worker-19] start repair: ctx/dir refreshed
