=== RuntimeLogStore Header ===
ts=2026-02-21T04:31:11.569Z
fileNameFormat=LEGACY
appId=com.negi.survey
versionName=0.0.1
versionCode=1
debug=false
device=Google Pixel 9a
sdk=36
pid=4468
==============================
2026-02-21T04:31:11.569Z I/RuntimeLogStore [rtlog-io] --- rotated (reason=plain_snapshot:app_start) ---
2026-02-21T04:31:44.485Z D/LiteRtLM [DefaultDispatcher-worker-4] Initializing LiteRT-LM: model='Gemma3n4B', key='Gemma3n4B|/data/user/0/com.negi.survey/files/gemma-3n-E4B-it-int4.litertlm'
2026-02-21T04:31:44.485Z D/LiteRtLM [DefaultDispatcher-worker-4] Capabilities: image=false audio=false
2026-02-21T04:31:44.485Z D/LiteRtLM [DefaultDispatcher-worker-4] Backend=GPU maxNumTokens=4096 (raw=4096) topK=64 topP=0.95 temp=1.0
2026-02-21T04:32:06.889Z D/LiteRtLM [DefaultDispatcher-worker-4] LiteRT-LM initialization succeeded: model='Gemma3n4B', key='Gemma3n4B|/data/user/0/com.negi.survey/files/gemma-3n-E4B-it-int4.litertlm'
2026-02-21T04:32:06.907Z D/AiTrace [main] Installed (enabled=false)
2026-02-21T04:32:06.910Z D/SurveyVM [main] init -> Start, session=0, uuid=812d36bb-de77-4098-b6ee-887676a54f5c, navSize=1, graphSize=9
2026-02-21T04:32:06.915Z D/SurveyVM [main] config.validate -> issues=0
2026-02-21T04:32:06.915Z D/SurveyVM [main] promptSources -> legacy=0, eval=6, follow=6
2026-02-21T04:32:06.915Z D/SurveyVM [main] promptSources.preview -> legacy=[], eval=[Q1, Q2, Q3, Q4, Q5, Q6], follow=[Q1, Q2, Q3, Q4, Q5, Q6]
2026-02-21T04:32:06.916Z D/SurveyVM [main] hasTwoStepPrompt[Q1] -> true (eval=303, fu=240)
2026-02-21T04:32:06.916Z D/SurveyVM [main] hasTwoStepPrompt[Q2] -> true (eval=303, fu=240)
2026-02-21T04:32:06.916Z D/SurveyVM [main] hasTwoStepPrompt[Q3] -> true (eval=303, fu=240)
2026-02-21T04:32:06.916Z D/SurveyVM [main] hasTwoStepPrompt[Q4] -> true (eval=303, fu=240)
2026-02-21T04:32:06.916Z D/SurveyVM [main] hasTwoStepPrompt[Q5] -> true (eval=303, fu=240)
2026-02-21T04:32:06.916Z D/SurveyVM [main] hasTwoStepPrompt[Q6] -> true (eval=303, fu=240)
2026-02-21T04:32:06.916Z D/SurveyVM [main] AI prompt coverage OK (aiCount=6)
2026-02-21T04:37:11.667Z D/SurveyVM [main] resetAudioRefs -> cleared
2026-02-21T04:37:11.713Z D/SurveyVM [main] resetNavToStart -> key=com.negi.survey.vm.FlowHome@37bc19e, navSize=1
2026-02-21T04:37:11.713Z D/SurveyVM [main] resetToStart -> Start, session=1, uuid=574d47fd-8df2-4fc3-8b23-0a07ae4af2cd
2026-02-21T04:37:11.718Z D/SurveyVM [main] push -> Q1, navSize=2, stackSize=2
2026-02-21T04:37:17.557Z D/SurveyVM [main] hasTwoStepPrompt[Q1] -> true (eval=303, fu=240)
