20260221_045927 I/AppRingLogStore pid=6564 tid=6564 uptimeMs=1752227447 msg=install: pid=6564 timeUtc=20260221_045927 uptimeMs=1752227446
20260221_045927 D/SurveyApp pid=6564 tid=6564 uptimeMs=1752227447 msg=attachBaseContext: pid=6564 process=com.negi.survey isMain=true sdk=36
20260221_045927 D/SurveyApp pid=6564 tid=6564 uptimeMs=1752227448 msg=onCreate: pid=6564 process=com.negi.survey isMain=true sdk=36
20260221_051347 I/AppRingLogStore pid=7513 tid=7513 uptimeMs=1753087791 msg=install: pid=7513 timeUtc=20260221_051347 uptimeMs=1753087791
20260221_051347 D/SurveyApp pid=7513 tid=7513 uptimeMs=1753087791 msg=attachBaseContext: pid=7513 process=com.negi.survey isMain=true sdk=36
20260221_051347 D/SurveyApp pid=7513 tid=7513 uptimeMs=1753087792 msg=onCreate: pid=7513 process=com.negi.survey isMain=true sdk=36
20260221_051535 I/AppRingLogStore pid=7826 tid=7826 uptimeMs=1753195072 msg=install: pid=7826 timeUtc=20260221_051535 uptimeMs=1753195072
20260221_051535 D/SurveyApp pid=7826 tid=7826 uptimeMs=1753195072 msg=attachBaseContext: pid=7826 process=com.negi.survey isMain=true sdk=36
20260221_051535 D/SurveyApp pid=7826 tid=7826 uptimeMs=1753195073 msg=onCreate: pid=7826 process=com.negi.survey isMain=true sdk=36
20260221_053611 I/AppRingLogStore pid=8751 tid=8751 uptimeMs=1754431187 msg=install: pid=8751 timeUtc=20260221_053611 uptimeMs=1754431187
20260221_053611 D/SurveyApp pid=8751 tid=8751 uptimeMs=1754431188 msg=attachBaseContext: pid=8751 process=com.negi.survey isMain=true sdk=36
20260221_053611 D/SurveyApp pid=8751 tid=8751 uptimeMs=1754431188 msg=onCreate: pid=8751 process=com.negi.survey isMain=true sdk=36
20260221_055601 I/AppRingLogStore pid=10515 tid=10515 uptimeMs=1755621082 msg=install: pid=10515 timeUtc=20260221_055601 uptimeMs=1755621082
20260221_055601 D/SurveyApp pid=10515 tid=10515 uptimeMs=1755621083 msg=attachBaseContext: pid=10515 process=com.negi.survey isMain=true sdk=36
20260221_055601 D/SurveyApp pid=10515 tid=10515 uptimeMs=1755621087 msg=onCreate: pid=10515 process=com.negi.survey isMain=true sdk=36
20260221_060411 I/AppRingLogStore pid=11457 tid=11457 uptimeMs=1756111695 msg=install: pid=11457 timeUtc=20260221_060411 uptimeMs=1756111695
20260221_060411 D/SurveyApp pid=11457 tid=11457 uptimeMs=1756111696 msg=attachBaseContext: pid=11457 process=com.negi.survey isMain=true sdk=36
20260221_060411 D/SurveyApp pid=11457 tid=11457 uptimeMs=1756111696 msg=onCreate: pid=11457 process=com.negi.survey isMain=true sdk=36
20260221_072550 I/AppRingLogStore pid=15728 tid=15728 uptimeMs=1761010171 msg=install: pid=15728 timeUtc=20260221_072550 uptimeMs=1761010170
20260221_072550 D/SurveyApp pid=15728 tid=15728 uptimeMs=1761010171 msg=attachBaseContext: pid=15728 process=com.negi.survey isMain=true sdk=36
20260221_072550 D/SurveyApp pid=15728 tid=15728 uptimeMs=1761010172 msg=onCreate: pid=15728 process=com.negi.survey isMain=true sdk=36
20260221_074540 I/AppRingLogStore pid=16589 tid=16589 uptimeMs=1762200057 msg=install: pid=16589 timeUtc=20260221_074540 uptimeMs=1762200057
20260221_074540 D/SurveyApp pid=16589 tid=16589 uptimeMs=1762200058 msg=attachBaseContext: pid=16589 process=com.negi.survey isMain=true sdk=36
20260221_074540 D/SurveyApp pid=16589 tid=16589 uptimeMs=1762200058 msg=onCreate: pid=16589 process=com.negi.survey isMain=true sdk=36
20260221_081023 I/AppRingLogStore pid=17558 tid=17558 uptimeMs=1763683344 msg=install: pid=17558 timeUtc=20260221_081023 uptimeMs=1763683344
20260221_081023 D/SurveyApp pid=17558 tid=17558 uptimeMs=1763683345 msg=attachBaseContext: pid=17558 process=com.negi.survey isMain=true sdk=36
20260221_081023 D/SurveyApp pid=17558 tid=17558 uptimeMs=1763683346 msg=onCreate: pid=17558 process=com.negi.survey isMain=true sdk=36
20260221_082432 I/AppRingLogStore pid=18239 tid=18239 uptimeMs=1764532041 msg=install: pid=18239 timeUtc=20260221_082432 uptimeMs=1764532041
20260221_082432 D/SurveyApp pid=18239 tid=18239 uptimeMs=1764532042 msg=attachBaseContext: pid=18239 process=com.negi.survey isMain=true sdk=36
20260221_082432 D/SurveyApp pid=18239 tid=18239 uptimeMs=1764532042 msg=onCreate: pid=18239 process=com.negi.survey isMain=true sdk=36
20260221_083628 I/AppRingLogStore pid=18948 tid=18948 uptimeMs=1765248328 msg=install: pid=18948 timeUtc=20260221_083628 uptimeMs=1765248328
20260221_083628 D/SurveyApp pid=18948 tid=18948 uptimeMs=1765248329 msg=attachBaseContext: pid=18948 process=com.negi.survey isMain=true sdk=36
20260221_083628 D/SurveyApp pid=18948 tid=18948 uptimeMs=1765248329 msg=onCreate: pid=18948 process=com.negi.survey isMain=true sdk=36
20260221_084338 I/AppRingLogStore pid=19652 tid=19652 uptimeMs=1765678304 msg=install: pid=19652 timeUtc=20260221_084338 uptimeMs=1765678304
20260221_084338 D/SurveyApp pid=19652 tid=19652 uptimeMs=1765678304 msg=attachBaseContext: pid=19652 process=com.negi.survey isMain=true sdk=36
20260221_084338 D/SurveyApp pid=19652 tid=19652 uptimeMs=1765678305 msg=onCreate: pid=19652 process=com.negi.survey isMain=true sdk=36
20260221_084350 I/AppRingLogStore pid=19791 tid=19791 uptimeMs=1765690899 msg=install: pid=19791 timeUtc=20260221_084350 uptimeMs=1765690899
20260221_084350 D/SurveyApp pid=19791 tid=19791 uptimeMs=1765690900 msg=attachBaseContext: pid=19791 process=com.negi.survey isMain=true sdk=36
20260221_084350 D/SurveyApp pid=19791 tid=19791 uptimeMs=1765690901 msg=onCreate: pid=19791 process=com.negi.survey isMain=true sdk=36
20260221_084352 I/AppRingLogStore pid=19879 tid=19879 uptimeMs=1765692314 msg=install: pid=19879 timeUtc=20260221_084352 uptimeMs=1765692314
20260221_084352 D/SurveyApp pid=19879 tid=19879 uptimeMs=1765692315 msg=attachBaseContext: pid=19879 process=com.negi.survey isMain=true sdk=36
20260221_084352 D/SurveyApp pid=19879 tid=19879 uptimeMs=1765692315 msg=onCreate: pid=19879 process=com.negi.survey isMain=true sdk=36
20260221_090113 I/AppRingLogStore pid=20697 tid=20697 uptimeMs=1766733444 msg=install: pid=20697 timeUtc=20260221_090113 uptimeMs=1766733444
20260221_090113 D/SurveyApp pid=20697 tid=20697 uptimeMs=1766733445 msg=attachBaseContext: pid=20697 process=com.negi.survey isMain=true sdk=36
20260221_090113 D/SurveyApp pid=20697 tid=20697 uptimeMs=1766733445 msg=onCreate: pid=20697 process=com.negi.survey isMain=true sdk=36
20260221_090729 I/AppRingLogStore pid=21222 tid=21222 uptimeMs=1767109748 msg=install: pid=21222 timeUtc=20260221_090729 uptimeMs=1767109748
20260221_090729 D/SurveyApp pid=21222 tid=21222 uptimeMs=1767109749 msg=attachBaseContext: pid=21222 process=com.negi.survey isMain=true sdk=36
20260221_090729 D/SurveyApp pid=21222 tid=21222 uptimeMs=1767109750 msg=onCreate: pid=21222 process=com.negi.survey isMain=true sdk=36
20260221_091222 I/AppRingLogStore pid=21676 tid=21676 uptimeMs=1767402413 msg=install: pid=21676 timeUtc=20260221_091222 uptimeMs=1767402412
20260221_091222 D/SurveyApp pid=21676 tid=21676 uptimeMs=1767402413 msg=attachBaseContext: pid=21676 process=com.negi.survey isMain=true sdk=36
20260221_091222 D/SurveyApp pid=21676 tid=21676 uptimeMs=1767402414 msg=onCreate: pid=21676 process=com.negi.survey isMain=true sdk=36
20260221_093320 I/AppRingLogStore pid=22615 tid=22615 uptimeMs=1768660585 msg=install: pid=22615 timeUtc=20260221_093320 uptimeMs=1768660585
20260221_093320 D/SurveyApp pid=22615 tid=22615 uptimeMs=1768660586 msg=attachBaseContext: pid=22615 process=com.negi.survey isMain=true sdk=36
20260221_093320 D/SurveyApp pid=22615 tid=22615 uptimeMs=1768660587 msg=onCreate: pid=22615 process=com.negi.survey isMain=true sdk=36
20260221_093740 I/AppRingLogStore pid=23064 tid=23064 uptimeMs=1768920320 msg=install: pid=23064 timeUtc=20260221_093740 uptimeMs=1768920320
20260221_093740 D/SurveyApp pid=23064 tid=23064 uptimeMs=1768920321 msg=attachBaseContext: pid=23064 process=com.negi.survey isMain=true sdk=36
20260221_093740 D/SurveyApp pid=23064 tid=23064 uptimeMs=1768920321 msg=onCreate: pid=23064 process=com.negi.survey isMain=true sdk=36
20260221_101049 I/AppRingLogStore pid=24234 tid=24234 uptimeMs=1770909357 msg=install: pid=24234 timeUtc=20260221_101049 uptimeMs=1770909354
20260221_101049 D/SurveyApp pid=24234 tid=24234 uptimeMs=1770909358 msg=attachBaseContext: pid=24234 process=com.negi.survey isMain=true sdk=36
20260221_101049 D/SurveyApp pid=24234 tid=24234 uptimeMs=1770909359 msg=onCreate: pid=24234 process=com.negi.survey isMain=true sdk=36
20260221_184612 I/AppRingLogStore pid=6261 tid=6261 uptimeMs=1801832955 msg=install: pid=6261 timeUtc=20260221_184612 uptimeMs=1801832954
20260221_184612 D/SurveyApp pid=6261 tid=6261 uptimeMs=1801832955 msg=attachBaseContext: pid=6261 process=com.negi.survey isMain=true sdk=36
20260221_184612 D/SurveyApp pid=6261 tid=6261 uptimeMs=1801832956 msg=onCreate: pid=6261 process=com.negi.survey isMain=true sdk=36
20260221_205927 I/AppRingLogStore pid=11980 tid=11980 uptimeMs=1809827538 msg=install: pid=11980 timeUtc=20260221_205927 uptimeMs=1809827538
20260221_205927 D/SurveyApp pid=11980 tid=11980 uptimeMs=1809827539 msg=attachBaseContext: pid=11980 process=com.negi.survey isMain=true sdk=36
20260221_205927 D/SurveyApp pid=11980 tid=11980 uptimeMs=1809827539 msg=onCreate: pid=11980 process=com.negi.survey isMain=true sdk=36
20260221_210020 D/AiTrace pid=11980 tid=11980 uptimeMs=1809880089 msg=Installed (enabled=false ringEnabled=true)
20260221_210101 D/LiteRtRepository pid=11980 tid=12194 uptimeMs=1809921114 msg=[1] start model='Gemma3n4B' prompt.len=1618 sha=7ad38750d9b15b34 gateWaitMs=2
20260221_210101 D/LiteRtRepository pid=11980 tid=12194 uptimeMs=1809921148 msg=[1] init ok initMs=28
20260221_210123 D/LiteRtRepository pid=11980 tid=11980 uptimeMs=1809943943 msg=[1] logicalDone=true
20260221_210123 D/LiteRtRepository pid=11980 tid=11980 uptimeMs=1809943944 msg=[1] native termination safe point -> reset+close
20260221_210123 D/LiteRtRepository pid=11980 tid=12194 uptimeMs=1809943945 msg=[1] resetConversation begin tag='native-terminated'
20260221_210123 I/LiteRtRepository pid=11980 tid=12159 uptimeMs=1809943945 msg=[1] finalize reason='native-terminated' elapsedMs=22836 firstTokenMs=7116 chunks=88 out.len=271 capturedAll=true logicalDone=true nativeTerminated=true cancelTag='null' lastDeltaMsAgo=155 lastEventMsAgo=1
20260221_210123 D/LiteRtRepository pid=11980 tid=12133 uptimeMs=1809943954 msg=[1] resetConversation ok tag='native-terminated'
20260221_210123 I/AiViewModel pid=11980 tid=12159 uptimeMs=1809943972 msg=run[1] done: phase=EVAL mode=EVAL_JSON score=1 FU[0]=<none> commit=true err=<none>
20260221_210123 D/LiteRtRepository pid=11980 tid=12153 uptimeMs=1809943987 msg=[2] start model='Gemma3n4B' prompt.len=1541 sha=1ff1f9686d4c19bb gateWaitMs=0
20260221_210123 D/LiteRtRepository pid=11980 tid=12153 uptimeMs=1809943989 msg=[2] init ok initMs=2
20260221_210131 D/LiteRtRepository pid=11980 tid=11980 uptimeMs=1809951325 msg=[2] logicalDone=true
20260221_210131 D/LiteRtRepository pid=11980 tid=11980 uptimeMs=1809951326 msg=[2] native termination safe point -> reset+close
20260221_210131 I/LiteRtRepository pid=11980 tid=12153 uptimeMs=1809951328 msg=[2] finalize reason='native-terminated' elapsedMs=7341 firstTokenMs=2693 chunks=25 out.len=84 capturedAll=true logicalDone=true nativeTerminated=true cancelTag='null' lastDeltaMsAgo=181 lastEventMsAgo=1
20260221_210131 D/LiteRtRepository pid=11980 tid=12159 uptimeMs=1809951329 msg=[2] resetConversation begin tag='native-terminated'
20260221_210131 D/LiteRtRepository pid=11980 tid=12031 uptimeMs=1809951332 msg=[2] resetConversation ok tag='native-terminated'
20260221_210131 I/AiViewModel pid=11980 tid=12159 uptimeMs=1809951333 msg=run[2] done: phase=FOLLOWUP mode=FOLLOWUP_JSON_OR_TEXT score=null FU[0]=Muhindi katika misimu iliyopita na kiashiria cha mavuno potofika kwa FAW എങ്ങനെയാണ്? commit=false err=<none>
20260221_210136 D/LiteRtRepository pid=11980 tid=12159 uptimeMs=1809956333 msg=[3] start model='Gemma3n4B' prompt.len=1513 sha=10861cd0bc0ea032 gateWaitMs=0
20260221_210136 D/LiteRtRepository pid=11980 tid=12159 uptimeMs=1809956340 msg=[3] init ok initMs=4
20260221_210159 D/LiteRtRepository pid=11980 tid=11980 uptimeMs=1809979498 msg=[3] logicalDone=true
20260221_210159 D/LiteRtRepository pid=11980 tid=11980 uptimeMs=1809979498 msg=[3] native termination safe point -> reset+close
20260221_210159 I/LiteRtRepository pid=11980 tid=12158 uptimeMs=1809979499 msg=[3] finalize reason='native-terminated' elapsedMs=23170 firstTokenMs=2267 chunks=113 out.len=368 capturedAll=true logicalDone=true nativeTerminated=true cancelTag='null' lastDeltaMsAgo=195 lastEventMsAgo=1
20260221_210159 D/LiteRtRepository pid=11980 tid=12031 uptimeMs=1809979499 msg=[3] resetConversation begin tag='native-terminated'
20260221_210159 D/LiteRtRepository pid=11980 tid=12151 uptimeMs=1809979501 msg=[3] resetConversation ok tag='native-terminated'
20260221_210159 I/AiViewModel pid=11980 tid=12194 uptimeMs=1809979503 msg=run[3] done: phase=EVAL mode=EVAL_JSON score=1 FU[0]=", "followup_needed": true, "followup_target": "Muhindi katika misimu iliyopita na kiashiria cha mavuno potofika kwa FAW എങ്ങനെയാണ്? commit=true err=<none>
20260221_210159 D/LiteRtRepository pid=11980 tid=12031 uptimeMs=1809979506 msg=[4] start model='Gemma3n4B' prompt.len=1638 sha=b7a6c5ea6cbfc0d5 gateWaitMs=0
20260221_210159 D/LiteRtRepository pid=11980 tid=12194 uptimeMs=1809979507 msg=[4] init ok initMs=1
20260221_210206 D/LiteRtRepository pid=11980 tid=11980 uptimeMs=1809987016 msg=[4] logicalDone=true
20260221_210206 D/LiteRtRepository pid=11980 tid=11980 uptimeMs=1809987017 msg=[4] native termination safe point -> reset+close
20260221_210206 I/LiteRtRepository pid=11980 tid=12151 uptimeMs=1809987018 msg=[4] finalize reason='native-terminated' elapsedMs=7513 firstTokenMs=2731 chunks=25 out.len=84 capturedAll=true logicalDone=true nativeTerminated=true cancelTag='null' lastDeltaMsAgo=177 lastEventMsAgo=1
20260221_210206 D/LiteRtRepository pid=11980 tid=12159 uptimeMs=1809987021 msg=[4] resetConversation begin tag='native-terminated'
20260221_210206 D/LiteRtRepository pid=11980 tid=12133 uptimeMs=1809987023 msg=[4] resetConversation ok tag='native-terminated'
20260221_210206 I/AiViewModel pid=11980 tid=12194 uptimeMs=1809987026 msg=run[4] done: phase=FOLLOWUP mode=FOLLOWUP_JSON_OR_TEXT score=null FU[0]=Muhindi katika misimu iliyopita na kiashiria cha mavuno potofika kwa FAW എങ്ങനെയാണ്? commit=false err=<none>
20260221_210614 I/AiViewModel pid=11980 tid=11980 uptimeMs=1810234881 msg=onCleared: ViewModel is being cleared -> stopCurrentRunInternal()
20260221_210619 D/AiTrace pid=11980 tid=11980 uptimeMs=1810239265 msg=Installed (enabled=false ringEnabled=true)
20260221_222556 I/AppRingLogStore pid=17088 tid=17088 uptimeMs=1815016356 msg=install: pid=17088 timeUtc=20260221_222556 uptimeMs=1815016356
20260221_222556 D/SurveyApp pid=17088 tid=17088 uptimeMs=1815016357 msg=attachBaseContext: pid=17088 process=com.negi.survey isMain=true sdk=36
20260221_222556 D/SurveyApp pid=17088 tid=17088 uptimeMs=1815016357 msg=onCreate: pid=17088 process=com.negi.survey isMain=true sdk=36
20260221_222629 D/AiTrace pid=17088 tid=17088 uptimeMs=1815049817 msg=Installed (enabled=false ringEnabled=true)
20260221_222714 D/LiteRtRepository pid=17088 tid=17171 uptimeMs=1815094177 msg=[1] start model='Gemma3n4B' prompt.len=1472 sha=8b87119890d4e3bb gateWaitMs=1
20260221_222714 D/LiteRtRepository pid=17088 tid=17171 uptimeMs=1815094208 msg=[1] init ok initMs=31
20260221_222730 D/LiteRtRepository pid=17088 tid=17088 uptimeMs=1815110395 msg=[1] logicalDone=true
20260221_222730 D/LiteRtRepository pid=17088 tid=17088 uptimeMs=1815110395 msg=[1] native termination safe point -> reset+close
20260221_222730 D/LiteRtRepository pid=17088 tid=17171 uptimeMs=1815110397 msg=[1] resetConversation begin tag='native-terminated'
20260221_222730 I/LiteRtRepository pid=17088 tid=17164 uptimeMs=1815110397 msg=[1] finalize reason='native-terminated' elapsedMs=16224 firstTokenMs=4628 chunks=67 out.len=266 capturedAll=true logicalDone=true nativeTerminated=true cancelTag='null' lastDeltaMsAgo=151 lastEventMsAgo=2
20260221_222730 D/LiteRtRepository pid=17088 tid=17149 uptimeMs=1815110399 msg=[1] resetConversation ok tag='native-terminated'
20260221_222730 I/AiViewModel pid=17088 tid=17154 uptimeMs=1815110412 msg=run[1] done: phase=ONE_STEP mode=EVAL_JSON score=65 FU[0]=Can you specify the yield loss in bags per acre or as a percentage modulo crop type? commit=true err=<none>
20260221_230934 I/AppRingLogStore pid=18966 tid=18966 uptimeMs=1817634374 msg=install: pid=18966 timeUtc=20260221_230934 uptimeMs=1817634373
20260221_230934 D/SurveyApp pid=18966 tid=18966 uptimeMs=1817634376 msg=attachBaseContext: pid=18966 process=com.negi.survey isMain=true sdk=36
20260221_230934 D/SurveyApp pid=18966 tid=18966 uptimeMs=1817634377 msg=onCreate: pid=18966 process=com.negi.survey isMain=true sdk=36
20260222_011514 I/AppRingLogStore pid=21695 tid=21695 uptimeMs=1825174096 msg=install: pid=21695 timeUtc=20260222_011514 uptimeMs=1825174096
20260222_011514 D/SurveyApp pid=21695 tid=21695 uptimeMs=1825174098 msg=attachBaseContext: pid=21695 process=com.negi.survey isMain=true sdk=36
20260222_011514 D/SurveyApp pid=21695 tid=21695 uptimeMs=1825174099 msg=onCreate: pid=21695 process=com.negi.survey isMain=true sdk=36
20260222_011614 D/AiTrace pid=21695 tid=21695 uptimeMs=1825234905 msg=Installed (enabled=false ringEnabled=true)
20260222_011731 I/AiViewModel pid=21695 tid=21695 uptimeMs=1825311047 msg=onCleared: ViewModel is being cleared -> stopCurrentRunInternal()
20260222_011738 D/AiTrace pid=21695 tid=21695 uptimeMs=1825318980 msg=Installed (enabled=false ringEnabled=true)
20260222_012547 I/AppRingLogStore pid=22475 tid=22475 uptimeMs=1825807927 msg=install: pid=22475 timeUtc=20260222_012547 uptimeMs=1825807927
20260222_012547 D/SurveyApp pid=22475 tid=22475 uptimeMs=1825807927 msg=attachBaseContext: pid=22475 process=com.negi.survey isMain=true sdk=36
20260222_012547 D/SurveyApp pid=22475 tid=22475 uptimeMs=1825807928 msg=onCreate: pid=22475 process=com.negi.survey isMain=true sdk=36
20260222_012626 D/AiTrace pid=22475 tid=22475 uptimeMs=1825846913 msg=Installed (enabled=false ringEnabled=true)
20260222_023919 I/AppRingLogStore pid=27696 tid=27696 uptimeMs=1830219426 msg=install: pid=27696 timeUtc=20260222_023919 uptimeMs=1830219426
20260222_023919 D/SurveyApp pid=27696 tid=27696 uptimeMs=1830219427 msg=attachBaseContext: pid=27696 process=com.negi.survey isMain=true sdk=36
20260222_023919 D/SurveyApp pid=27696 tid=27696 uptimeMs=1830219428 msg=onCreate: pid=27696 process=com.negi.survey isMain=true sdk=36
