=== RuntimeLogStore Header ===
ts=2026-02-24T05:49:21.596Z
fileNameFormat=LEGACY
appId=com.negi.survey
versionName=v0.0.1-20260223-220015
versionCode=19
debug=false
device=samsung SM-G9860
sdk=28
pid=4981
==============================
2026-02-24T05:49:21.598Z I/RuntimeLogStore [rtlog-io] start: actor launched (fileNameFormat=LEGACY)
2026-02-24T05:49:21.595Z D/SurveyApp [main] attachBaseContext: pid=4981 process=com.negi.survey isMain=true sdk=28
2026-02-24T05:49:21.595Z D/SurveyApp [main] bootTiming: attachBaseContext total=13ms
2026-02-24T05:49:21.595Z D/SurveyApp [main] Skipping WorkManager init in attachBaseContext; will init lazily on first enqueue.
2026-02-24T05:49:21.600Z D/SurveyApp [main] CrashCapture installed: where=SurveyApp:attachBaseContext
2026-02-24T05:49:21.601Z I/RuntimeLogStore [main] start repair: ctx/dir refreshed
2026-02-24T05:49:21.601Z D/SurveyApp [main] bootTiming: RuntimeLogStore.start took=0ms
2026-02-24T05:49:21.601Z D/SurveyApp [main] bootTiming: AppRingLogStore.install took=0ms
2026-02-24T05:49:21.601Z D/SurveyApp [main] onCreate: pid=4981 process=com.negi.survey isMain=true sdk=28
2026-02-24T05:49:21.602Z D/SurveyApp [main] CrashCapture installed: where=SurveyApp:onCreate(rewrap)
2026-02-24T05:49:21.602Z D/SurveyApp [main] CrashCapture self-healing registered.
2026-02-24T05:49:21.603Z W/SurveyApp [main] Startup enqueues deferred: delay=2500ms (to reduce init contention)
2026-02-24T05:49:21.603Z D/SurveyApp [main] bootTiming: onCreate total=2ms
2026-02-24T05:49:24.132Z W/SurveyApp [main] Deferred startup enqueues begin...
2026-02-24T05:49:24.143Z D/SurveyApp [main] WorkManager already ready. where=startupRtLogs(immediate)
2026-02-24T05:49:24.145Z D/SurveyApp [main] Startup runtime logs target -> owner=ishizuki-tech repo=SurveyExports branch=main base='/diagnostics/runtime_logs'
2026-02-24T05:49:24.181Z D/SurveyApp [main] Startup runtime logs: enqueue requested (immediate).
2026-02-24T05:49:24.181Z D/SurveyApp [main] WorkManager already ready. where=startupRingLogs(immediate)
2026-02-24T05:49:24.182Z D/SurveyApp [main] Startup ring logs target -> owner=ishizuki-tech repo=SurveyExports branch=main base='/diagnostics/applog_ring'
2026-02-24T05:49:24.204Z D/SurveyApp [main] Startup ring logs: enqueue requested (immediate).
2026-02-24T05:49:24.204Z D/SurveyApp [main] WorkManager already ready. where=enqueuePending(immediate)
2026-02-24T05:49:24.205Z D/SurveyApp [main] CrashCapture pending uploads requested (immediate).
2026-02-24T05:49:24.205Z W/SurveyApp [main] Deferred startup enqueues done: took=73ms
2026-02-24T05:49:25.545Z I/RuntimeLogStore [DefaultDispatcher-worker-2] start repair: ctx/dir refreshed
