=== RuntimeLogStore Header ===
ts=2026-02-21T05:13:47.757Z
fileNameFormat=LEGACY
appId=com.negi.survey
versionName=0.0.1
versionCode=1
debug=false
device=Google Pixel 9a
sdk=36
pid=7513
==============================
2026-02-21T05:13:47.757Z I/RuntimeLogStore [rtlog-io] start: actor launched (fileNameFormat=LEGACY)
2026-02-21T05:13:47.750Z D/SurveyApp [main] attachBaseContext: pid=7513 process=com.negi.survey isMain=true sdk=36
2026-02-21T05:13:47.750Z D/SurveyApp [main] Skipping WorkManager init in attachBaseContext; will init in onCreate.
2026-02-21T05:13:47.751Z D/SurveyApp [main] CrashCapture installed: where=SurveyApp:attachBaseContext
2026-02-21T05:13:47.751Z I/RuntimeLogStore [main] start repair: ctx/dir refreshed
2026-02-21T05:13:47.751Z D/SurveyApp [main] onCreate: pid=7513 process=com.negi.survey isMain=true sdk=36
2026-02-21T05:13:47.773Z D/SurveyApp [main] WorkManager already ready. where=onCreate
2026-02-21T05:13:47.773Z D/SurveyApp [main] WorkManager already ready. where=startupRtLogs
2026-02-21T05:13:47.841Z D/SurveyApp [main] Startup runtime logs: enqueue requested.
2026-02-21T05:13:47.841Z D/SurveyApp [main] CrashCapture installed: where=SurveyApp:onCreate(rewrap)
2026-02-21T05:13:47.842Z D/SurveyApp [main] CrashCapture self-healing registered.
2026-02-21T05:13:47.842Z D/SurveyApp [main] WorkManager already ready. where=enqueuePending(immediate)
2026-02-21T05:13:47.842Z D/SurveyApp [main] CrashCapture pending uploads requested (immediate).
2026-02-21T05:13:47.850Z I/RuntimeLogStore [DefaultDispatcher-worker-1] start repair: ctx/dir refreshed
2026-02-21T05:13:50.086Z I/RuntimeLogStore [DefaultDispatcher-worker-4] start repair: ctx/dir refreshed
