20260223_172548 I/AppRingLogStore pid=8477 tid=8477 uptimeMs=1969811461 msg=install: pid=8477 timeUtc=20260223_172548 uptimeMs=1969811461
20260223_172548 D/SurveyApp pid=8477 tid=8477 uptimeMs=1969811461 msg=attachBaseContext: pid=8477 process=com.negi.survey isMain=true sdk=36
20260223_172548 D/SurveyApp pid=8477 tid=8477 uptimeMs=1969811462 msg=onCreate: pid=8477 process=com.negi.survey isMain=true sdk=36
20260223_173023 D/AiTrace pid=8477 tid=8477 uptimeMs=1970086190 msg=Installed (enabled=false ringEnabled=true)
20260223_175059 I/AppRingLogStore pid=9757 tid=9757 uptimeMs=1971322397 msg=install: pid=9757 timeUtc=20260223_175059 uptimeMs=1971322397
20260223_175059 D/SurveyApp pid=9757 tid=9757 uptimeMs=1971322398 msg=attachBaseContext: pid=9757 process=com.negi.survey isMain=true sdk=36
20260223_175059 D/SurveyApp pid=9757 tid=9757 uptimeMs=1971322399 msg=onCreate: pid=9757 process=com.negi.survey isMain=true sdk=36
20260223_180916 D/AiTrace pid=9757 tid=9757 uptimeMs=1972419085 msg=Installed (enabled=false ringEnabled=true)
20260223_182826 D/LiteRtRepository pid=9757 tid=9785 uptimeMs=1973569266 msg=[1] start model='Gemma3n4B' prompt.len=1628 sha=458bca04bff013d9 gateWaitMs=0
20260223_182826 D/LiteRtRepository pid=9757 tid=9785 uptimeMs=1973569340 msg=[1] init ok initMs=73
20260223_182855 D/LiteRtRepository pid=9757 tid=9757 uptimeMs=1973597815 msg=[1] logicalDone=true
20260223_182855 D/LiteRtRepository pid=9757 tid=9757 uptimeMs=1973597817 msg=[1] native termination safe point -> reset+close
20260223_182855 D/LiteRtRepository pid=9757 tid=9785 uptimeMs=1973597818 msg=[1] resetConversation begin tag='native-terminated'
20260223_182855 I/LiteRtRepository pid=9757 tid=9814 uptimeMs=1973597821 msg=[1] finalize reason='native-terminated' elapsedMs=28555 firstTokenMs=5736 chunks=124 out.len=412 capturedAll=true logicalDone=true nativeTerminated=true cancelTag='null' lastDeltaMsAgo=128 lastEventMsAgo=2
20260223_182855 D/LiteRtRepository pid=9757 tid=11412 uptimeMs=1973597829 msg=[1] resetConversation ok tag='native-terminated'
20260223_182855 I/AiViewModel pid=9757 tid=9830 uptimeMs=1973597866 msg=run[1] done: phase=EVAL mode=EVAL_JSON score=1 FU0.len=116 FU0.sha16=b445b45a87a6e494 commit=true err=<none>
20260223_182855 D/LiteRtRepository pid=9757 tid=11414 uptimeMs=1973597876 msg=[2] start model='Gemma3n4B' prompt.len=1682 sha=11294b972da22d6f gateWaitMs=0
20260223_182855 D/LiteRtRepository pid=9757 tid=11414 uptimeMs=1973597879 msg=[2] init ok initMs=1
20260223_182901 D/LiteRtRepository pid=9757 tid=9757 uptimeMs=1973604374 msg=[2] logicalDone=true
20260223_182901 D/LiteRtRepository pid=9757 tid=9757 uptimeMs=1973604374 msg=[2] native termination safe point -> reset+close
20260223_182901 D/LiteRtRepository pid=9757 tid=9830 uptimeMs=1973604375 msg=[2] resetConversation begin tag='native-terminated'
20260223_182901 I/LiteRtRepository pid=9757 tid=11413 uptimeMs=1973604376 msg=[2] finalize reason='native-terminated' elapsedMs=6501 firstTokenMs=2858 chunks=19 out.len=68 capturedAll=true logicalDone=true nativeTerminated=true cancelTag='null' lastDeltaMsAgo=218 lastEventMsAgo=2
20260223_182901 D/LiteRtRepository pid=9757 tid=11414 uptimeMs=1973604378 msg=[2] resetConversation ok tag='native-terminated'
20260223_182901 I/AiViewModel pid=9757 tid=9783 uptimeMs=1973604378 msg=run[2] done: phase=FOLLOWUP mode=FOLLOWUP_JSON_OR_TEXT score=null FU0.len=68 FU0.sha16=f7edb2a2b576b36c commit=false err=<none>
20260223_191216 I/AppRingLogStore pid=13054 tid=13054 uptimeMs=1976199425 msg=install: pid=13054 timeUtc=20260223_191216 uptimeMs=1976199425
20260223_191216 D/SurveyApp pid=13054 tid=13054 uptimeMs=1976199426 msg=attachBaseContext: pid=13054 process=com.negi.survey isMain=true sdk=36
20260223_191216 D/SurveyApp pid=13054 tid=13054 uptimeMs=1976199426 msg=onCreate: pid=13054 process=com.negi.survey isMain=true sdk=36
20260223_191409 D/AiTrace pid=13054 tid=13054 uptimeMs=1976311934 msg=Installed (enabled=false ringEnabled=true)
20260223_191612 D/LiteRtRepository pid=13054 tid=13156 uptimeMs=1976434981 msg=[1] start model='Gemma3n4B' prompt.len=1603 sha=8e61bc62d896ef26 gateWaitMs=1
20260223_191612 D/LiteRtRepository pid=13054 tid=13157 uptimeMs=1976435010 msg=[1] init ok initMs=27
20260223_191634 D/LiteRtRepository pid=13054 tid=13054 uptimeMs=1976456518 msg=[1] logicalDone=true
20260223_191634 D/LiteRtRepository pid=13054 tid=13054 uptimeMs=1976456518 msg=[1] native termination safe point -> reset+close
20260223_191634 D/LiteRtRepository pid=13054 tid=13156 uptimeMs=1976456519 msg=[1] resetConversation begin tag='native-terminated'
20260223_191634 I/LiteRtRepository pid=13054 tid=13157 uptimeMs=1976456524 msg=[1] finalize reason='native-terminated' elapsedMs=21545 firstTokenMs=6420 chunks=81 out.len=247 capturedAll=true logicalDone=true nativeTerminated=true cancelTag='null' lastDeltaMsAgo=189 lastEventMsAgo=6
20260223_191634 D/LiteRtRepository pid=13054 tid=13159 uptimeMs=1976456533 msg=[1] resetConversation ok tag='native-terminated'
20260223_191634 I/AiViewModel pid=13054 tid=13157 uptimeMs=1976456573 msg=run[1] done: phase=EVAL mode=EVAL_JSON score=65 FU0.len=98 FU0.sha16=f0709d4b791c070c commit=true err=<none>
20260223_191634 D/LiteRtRepository pid=13054 tid=13157 uptimeMs=1976456586 msg=[2] start model='Gemma3n4B' prompt.len=1517 sha=2c73ea0145b910b8 gateWaitMs=0
20260223_191634 D/LiteRtRepository pid=13054 tid=13158 uptimeMs=1976456587 msg=[2] init ok initMs=1
20260223_191640 D/LiteRtRepository pid=13054 tid=13054 uptimeMs=1976462621 msg=[2] logicalDone=true
20260223_191640 D/LiteRtRepository pid=13054 tid=13054 uptimeMs=1976462621 msg=[2] native termination safe point -> reset+close
20260223_191640 D/LiteRtRepository pid=13054 tid=13600 uptimeMs=1976462622 msg=[2] resetConversation begin tag='native-terminated'
20260223_191640 I/LiteRtRepository pid=13054 tid=13157 uptimeMs=1976462622 msg=[2] finalize reason='native-terminated' elapsedMs=6037 firstTokenMs=3112 chunks=16 out.len=50 capturedAll=true logicalDone=true nativeTerminated=true cancelTag='null' lastDeltaMsAgo=157 lastEventMsAgo=1
20260223_191640 D/LiteRtRepository pid=13054 tid=13071 uptimeMs=1976462624 msg=[2] resetConversation ok tag='native-terminated'
20260223_191640 I/AiViewModel pid=13054 tid=13601 uptimeMs=1976462633 msg=run[2] done: phase=FOLLOWUP mode=FOLLOWUP_JSON_OR_TEXT score=null FU0.len=50 FU0.sha16=f1387a2236857232 commit=false err=<none>
20260223_192320 D/LiteRtRepository pid=13054 tid=13601 uptimeMs=1976863272 msg=[3] start model='Gemma3n4B' prompt.len=1491 sha=7d3cfe30342d9c25 gateWaitMs=11
20260223_192320 D/LiteRtRepository pid=13054 tid=13601 uptimeMs=1976863274 msg=[3] init ok initMs=1
20260223_192340 D/LiteRtRepository pid=13054 tid=13054 uptimeMs=1976883193 msg=[3] logicalDone=true
20260223_192340 D/LiteRtRepository pid=13054 tid=13054 uptimeMs=1976883193 msg=[3] native termination safe point -> reset+close
20260223_192340 D/LiteRtRepository pid=13054 tid=13159 uptimeMs=1976883194 msg=[3] resetConversation begin tag='native-terminated'
20260223_192340 I/LiteRtRepository pid=13054 tid=13159 uptimeMs=1976883194 msg=[3] finalize reason='native-terminated' elapsedMs=19923 firstTokenMs=4833 chunks=84 out.len=255 capturedAll=true logicalDone=true nativeTerminated=true cancelTag='null' lastDeltaMsAgo=134 lastEventMsAgo=1
20260223_192340 D/LiteRtRepository pid=13054 tid=13156 uptimeMs=1976883197 msg=[3] resetConversation ok tag='native-terminated'
20260223_192340 I/AiViewModel pid=13054 tid=13158 uptimeMs=1976883204 msg=run[3] done: phase=EVAL mode=EVAL_JSON score=1 FU0.len=98 FU0.sha16=f0709d4b791c070c commit=true err=<none>
20260223_192340 D/LiteRtRepository pid=13054 tid=14060 uptimeMs=1976883213 msg=[4] start model='Gemma3n4B' prompt.len=1525 sha=84f50af32b293304 gateWaitMs=1
20260223_192340 D/LiteRtRepository pid=13054 tid=13158 uptimeMs=1976883217 msg=[4] init ok initMs=3
20260223_192347 D/LiteRtRepository pid=13054 tid=13054 uptimeMs=1976889595 msg=[4] logicalDone=true
20260223_192347 D/LiteRtRepository pid=13054 tid=13054 uptimeMs=1976889596 msg=[4] native termination safe point -> reset+close
20260223_192347 D/LiteRtRepository pid=13054 tid=14058 uptimeMs=1976889597 msg=[4] resetConversation begin tag='native-terminated'
20260223_192347 I/LiteRtRepository pid=13054 tid=13158 uptimeMs=1976889597 msg=[4] finalize reason='native-terminated' elapsedMs=6384 firstTokenMs=3352 chunks=16 out.len=50 capturedAll=true logicalDone=true nativeTerminated=true cancelTag='null' lastDeltaMsAgo=192 lastEventMsAgo=1
20260223_192347 I/AiViewModel pid=13054 tid=14059 uptimeMs=1976889599 msg=run[4] done: phase=FOLLOWUP mode=FOLLOWUP_JSON_OR_TEXT score=null FU0.len=50 FU0.sha16=f1387a2236857232 commit=false err=<none>
20260223_192347 D/LiteRtRepository pid=13054 tid=14060 uptimeMs=1976889601 msg=[4] resetConversation ok tag='native-terminated'
20260223_192441 D/LiteRtRepository pid=13054 tid=13073 uptimeMs=1976944042 msg=[5] start model='Gemma3n4B' prompt.len=1480 sha=0e79b13a83d9c7a9 gateWaitMs=0
20260223_192441 D/LiteRtRepository pid=13054 tid=14059 uptimeMs=1976944044 msg=[5] init ok initMs=2
20260223_192500 D/LiteRtRepository pid=13054 tid=13054 uptimeMs=1976962527 msg=[5] logicalDone=true
20260223_192500 D/LiteRtRepository pid=13054 tid=13054 uptimeMs=1976962527 msg=[5] native termination safe point -> reset+close
20260223_192500 D/LiteRtRepository pid=13054 tid=13158 uptimeMs=1976962528 msg=[5] resetConversation begin tag='native-terminated'
20260223_192500 I/LiteRtRepository pid=13054 tid=13156 uptimeMs=1976962530 msg=[5] finalize reason='native-terminated' elapsedMs=18489 firstTokenMs=3762 chunks=81 out.len=249 capturedAll=true logicalDone=true nativeTerminated=true cancelTag='null' lastDeltaMsAgo=146 lastEventMsAgo=3
20260223_192500 D/LiteRtRepository pid=13054 tid=14058 uptimeMs=1976962536 msg=[5] resetConversation ok tag='native-terminated'
20260223_192500 I/AiViewModel pid=13054 tid=13606 uptimeMs=1976962539 msg=run[5] done: phase=EVAL mode=EVAL_JSON score=10 FU0.len=98 FU0.sha16=f0709d4b791c070c commit=true err=<none>
20260223_192500 D/LiteRtRepository pid=13054 tid=13606 uptimeMs=1976962560 msg=[6] start model='Gemma3n4B' prompt.len=1519 sha=dc6d09de05a11ea2 gateWaitMs=0
20260223_192500 D/LiteRtRepository pid=13054 tid=14060 uptimeMs=1976962561 msg=[6] init ok initMs=1
20260223_192506 D/LiteRtRepository pid=13054 tid=13054 uptimeMs=1976968748 msg=[6] logicalDone=true
20260223_192506 D/LiteRtRepository pid=13054 tid=13054 uptimeMs=1976968748 msg=[6] native termination safe point -> reset+close
20260223_192506 I/LiteRtRepository pid=13054 tid=13073 uptimeMs=1976968749 msg=[6] finalize reason='native-terminated' elapsedMs=6189 firstTokenMs=3095 chunks=16 out.len=50 capturedAll=true logicalDone=true nativeTerminated=true cancelTag='null' lastDeltaMsAgo=158 lastEventMsAgo=1
20260223_192506 I/AiViewModel pid=13054 tid=14059 uptimeMs=1976968751 msg=run[6] done: phase=FOLLOWUP mode=FOLLOWUP_JSON_OR_TEXT score=null FU0.len=50 FU0.sha16=f1387a2236857232 commit=false err=<none>
20260223_192506 D/LiteRtRepository pid=13054 tid=14145 uptimeMs=1976968755 msg=[6] resetConversation begin tag='native-terminated'
20260223_192506 D/LiteRtRepository pid=13054 tid=14146 uptimeMs=1976968756 msg=[6] resetConversation ok tag='native-terminated'
20260223_192635 D/LiteRtRepository pid=13054 tid=14145 uptimeMs=1977058087 msg=[7] start model='Gemma3n4B' prompt.len=1485 sha=7a1925096dfb3af2 gateWaitMs=1
20260223_192635 D/LiteRtRepository pid=13054 tid=14147 uptimeMs=1977058095 msg=[7] init ok initMs=7
20260223_192653 D/LiteRtRepository pid=13054 tid=13054 uptimeMs=1977076446 msg=[7] logicalDone=true
20260223_192653 D/LiteRtRepository pid=13054 tid=13054 uptimeMs=1977076447 msg=[7] native termination safe point -> reset+close
20260223_192653 I/LiteRtRepository pid=13054 tid=14147 uptimeMs=1977076447 msg=[7] finalize reason='native-terminated' elapsedMs=18360 firstTokenMs=2557 chunks=90 out.len=269 capturedAll=true logicalDone=true nativeTerminated=true cancelTag='null' lastDeltaMsAgo=228 lastEventMsAgo=1
20260223_192653 D/LiteRtRepository pid=13054 tid=14146 uptimeMs=1977076448 msg=[7] resetConversation begin tag='native-terminated'
20260223_192653 D/LiteRtRepository pid=13054 tid=13159 uptimeMs=1977076449 msg=[7] resetConversation ok tag='native-terminated'
20260223_192653 I/AiViewModel pid=13054 tid=14147 uptimeMs=1977076452 msg=run[7] done: phase=EVAL mode=EVAL_JSON score=30 FU0.len=98 FU0.sha16=f0709d4b791c070c commit=true err=<none>
20260223_192653 D/LiteRtRepository pid=13054 tid=14146 uptimeMs=1977076455 msg=[8] start model='Gemma3n4B' prompt.len=1539 sha=ec1f94644a061902 gateWaitMs=0
20260223_192653 D/LiteRtRepository pid=13054 tid=14146 uptimeMs=1977076456 msg=[8] init ok initMs=1
20260223_192659 D/LiteRtRepository pid=13054 tid=13054 uptimeMs=1977082240 msg=[8] logicalDone=true
20260223_192659 D/LiteRtRepository pid=13054 tid=13054 uptimeMs=1977082240 msg=[8] native termination safe point -> reset+close
20260223_192659 I/LiteRtRepository pid=13054 tid=14147 uptimeMs=1977082242 msg=[8] finalize reason='native-terminated' elapsedMs=5787 firstTokenMs=2701 chunks=16 out.len=50 capturedAll=true logicalDone=true nativeTerminated=true cancelTag='null' lastDeltaMsAgo=187 lastEventMsAgo=2
20260223_192659 D/LiteRtRepository pid=13054 tid=13156 uptimeMs=1977082245 msg=[8] resetConversation begin tag='native-terminated'
20260223_192659 D/LiteRtRepository pid=13054 tid=14181 uptimeMs=1977082251 msg=[8] resetConversation ok tag='native-terminated'
20260223_192659 I/AiViewModel pid=13054 tid=13159 uptimeMs=1977082252 msg=run[8] done: phase=FOLLOWUP mode=FOLLOWUP_JSON_OR_TEXT score=null FU0.len=50 FU0.sha16=f1387a2236857232 commit=false err=<none>
20260223_192808 I/AppRingLogStore pid=14228 tid=14228 uptimeMs=1977151178 msg=install: pid=14228 timeUtc=20260223_192808 uptimeMs=1977151178
20260223_192808 D/SurveyApp pid=14228 tid=14228 uptimeMs=1977151180 msg=attachBaseContext: pid=14228 process=com.negi.survey isMain=true sdk=36
20260223_192808 D/SurveyApp pid=14228 tid=14228 uptimeMs=1977151182 msg=onCreate: pid=14228 process=com.negi.survey isMain=true sdk=36
