=== Previous Session Logcat ===
captured_time_utc=20260221_093320
captured_time_local=20260221_013320
marker=2026-02-21 01:12:22.727
preferred_prev_pid=-1
note=best-effort; buffers may be overwritten before next start
sdk=36
device=Google Pixel 9a
appId=com.negi.survey
versionName=0.0.1
versionCode=1

=== Logcat (since marker) ===
--------- beginning of system
02-21 01:12:22.820 21676 21676 D InsetsController: hide(ime())
02-21 01:12:24.017 21676 21676 W NotificationManager: Shedding notify (update) of NotificationKey[user=UserHandle{0}, pkg=com.negi.survey, tag=null, id=7496], rate limit (5.0) exceeded: input 9.579661, output would be 6.7154126
02-21 01:12:25.032 21676 21676 W NotificationManager: Shedding notify (update) of NotificationKey[user=UserHandle{0}, pkg=com.negi.survey, tag=null, id=6730], rate limit (5.0) exceeded: input 164.37105, output would be 6.610632
02-21 01:12:26.042 21676 21676 W NotificationManager: Shedding notify (update) of NotificationKey[user=UserHandle{0}, pkg=com.negi.survey, tag=null, id=5531], rate limit (5.0) exceeded: input 136.48685, output would be 6.927105
02-21 01:12:27.091 21676 21676 W NotificationManager: Shedding notify (update) of NotificationKey[user=UserHandle{0}, pkg=com.negi.survey, tag=null, id=5983], rate limit (5.0) exceeded: input 10.643652, output would be 5.440275
02-21 01:12:28.145 21676 21676 W NotificationManager: Shedding notify (update) of NotificationKey[user=UserHandle{0}, pkg=com.negi.survey, tag=null, id=8412], rate limit (5.0) exceeded: input 70.641754, output would be 6.6268163
02-21 01:12:29.231 21676 21676 W NotificationManager: Shedding notify (update) of NotificationKey[user=UserHandle{0}, pkg=com.negi.survey, tag=null, id=9465], rate limit (5.0) exceeded: input 18.556124, output would be 6.126696
02-21 01:12:30.231 21676 21676 W NotificationManager: Shedding notify (update) of NotificationKey[user=UserHandle{0}, pkg=com.negi.survey, tag=null, id=3226], rate limit (5.0) exceeded: input 164.09583, output would be 6.7256823
02-21 01:12:31.272 21676 21676 W NotificationManager: Shedding notify (update) of NotificationKey[user=UserHandle{0}, pkg=com.negi.survey, tag=null, id=7011], rate limit (5.0) exceeded: input 24.423319, output would be 5.3158245
02-21 01:12:32.488 21676 21676 W NotificationManager: Shedding notify (update) of NotificationKey[user=UserHandle{0}, pkg=com.negi.survey, tag=null, id=3996], rate limit (5.0) exceeded: input 24.227144, output would be 7.0380044
02-21 01:12:33.938 21676 21676 W NotificationManager: Shedding notify (update) of NotificationKey[user=UserHandle{0}, pkg=com.negi.survey, tag=null, id=7011], rate limit (5.0) exceeded: input 10.56401, output would be 5.6966095
--------- beginning of main
02-21 01:28:19.874 21676 21683 I com.negi.survey: Background young concurrent mark compact GC freed 24MB AllocSpace bytes, 0(0B) LOS objects, 84% free, 4597KB/28MB, paused 782us,1.250ms total 110.822ms
02-21 01:29:44.517 21676 21683 I com.negi.survey: Background concurrent mark compact GC freed 24MB AllocSpace bytes, 0(0B) LOS objects, 84% free, 4657KB/28MB, paused 1.764ms,2.214ms total 177.739ms
02-21 01:33:20.450 22615 22615 I libc    : SetHeapTaggingLevel: tag level set to 0
02-21 01:33:20.463 22615 22615 I Zygote  : Process 22615 created for com.negi.survey
02-21 01:33:20.463 22615 22615 I com.negi.survey: Using CollectorTypeCMC GC.
02-21 01:33:20.476 22615 22615 D nativeloader: Load libframework-connectivity-tiramisu-jni.so using APEX ns com_android_tethering for caller /apex/com.android.tethering/javalib/framework-connectivity-t.jar: ok
02-21 01:33:20.511 22615 22615 D ApplicationLoaders: Returning zygote-cached class loader: /system_ext/framework/androidx.window.extensions.jar
02-21 01:33:20.511 22615 22615 D ApplicationLoaders: Returning zygote-cached class loader: /system_ext/framework/androidx.window.sidecar.jar
02-21 01:33:20.528 22615 22615 D nativeloader: Configuring clns-9 for other apk /data/app/~~bh4psSjlCQM8O_WElIha6Q==/com.negi.survey-CaBCz6RzzC4cjIZoILoArw==/base.apk. target_sdk_version=36, uses_libraries=libOpenCL.so:libOpenCL-pixel.so, library_path=/data/app/~~bh4psSjlCQM8O_WElIha6Q==/com.negi.survey-CaBCz6RzzC4cjIZoILoArw==/lib/arm64:/data/app/~~bh4psSjlCQM8O_WElIha6Q==/com.negi.survey-CaBCz6RzzC4cjIZoILoArw==/base.apk!/lib/arm64-v8a, permitted_path=/data:/mnt/expand:/data/user/0/com.negi.survey
02-21 01:33:20.534 22615 22615 V GraphicsEnvironment: Currently set values for:
02-21 01:33:20.534 22615 22615 V GraphicsEnvironment:   angle_gl_driver_selection_pkgs=[com.android.angle, com.google.android.apps.tachyon]
02-21 01:33:20.534 22615 22615 V GraphicsEnvironment:   angle_gl_driver_selection_values=[angle, native]
02-21 01:33:20.534 22615 22615 V GraphicsEnvironment: com.negi.survey is not listed in per-application setting
02-21 01:33:20.534 22615 22615 V GraphicsEnvironment: ANGLE allowlist from config: 
02-21 01:33:20.534 22615 22615 V GraphicsEnvironment: No special selections for ANGLE, returning default driver choice
02-21 01:33:20.534 22615 22615 V GraphicsEnvironment: Neither updatable production driver nor prerelease driver is supported.
02-21 01:33:20.544 22615 22615 D AppRingLogStore: installed: dir=/data/user/0/com.negi.survey/files/diagnostics/applog_ring idx=0
02-21 01:33:20.545 22615 22615 D SurveyApp: attachBaseContext: pid=22615 process=com.negi.survey isMain=true sdk=36
02-21 01:33:20.545 22615 22615 D SurveyApp: Skipping WorkManager init in attachBaseContext; will init in onCreate.
02-21 01:33:20.546 22615 22615 D CrashCapture: install: ensured default handler. where=SurveyApp:attachBaseContext pid=22615 default=com.negi.survey.CrashCapture$CrashHandler@c280a86
02-21 01:33:20.546 22615 22615 D SurveyApp: CrashCapture installed: where=SurveyApp:attachBaseContext
02-21 01:33:20.546 22615 22615 D SurveyApp: onCreate: pid=22615 process=com.negi.survey isMain=true sdk=36
02-21 01:33:20.554 22615 22629 D RuntimeLogStore: openWriter: start -> /data/user/0/com.negi.survey/files/diagnostics/runtime_logs/rtlog_20260221_093320_548_pid22615_seq1.log (bytes=0 format=LEGACY)
02-21 01:33:20.556 22615 22629 D RuntimeLogStore: retention: start files=6 kept=6 totalBytes=42685
02-21 01:33:20.559 22615 22615 D WM-PackageManagerHelper: Skipping component enablement for androidx.work.impl.background.systemjob.SystemJobService
02-21 01:33:20.559 22615 22615 D WM-Schedulers: Created SystemJobScheduler and enabled SystemJobService
02-21 01:33:20.562 22615 22615 D SurveyApp: WorkManager already ready. where=onCreate
02-21 01:33:20.562 22615 22615 D SurveyApp: WorkManager already ready. where=startupRtLogs
02-21 01:33:20.563 22615 22631 D WM-ForceStopRunnable: Is default app process = true
02-21 01:33:20.563 22615 22631 D WM-ForceStopRunnable: Performing cleanup operations.
02-21 01:33:20.589 22615 22631 E ashmem  : Pinning is deprecated since Android Q. Please use trim or other methods.
02-21 01:33:20.603 22615 22631 D WM-SystemJobScheduler: Reconciling jobs
02-21 01:33:20.611 22615 22631 D WM-ForceStopRunnable: Application was force-stopped, rescheduling.
02-21 01:33:20.616 22615 22615 D github_upload: choosePolicy: uniqueName=upload_runtime_logs_startup policy=REPLACE states=[FAILED]
02-21 01:33:20.616 22615 22615 D github_upload: enqueueStartupRuntimeLogsUpload: uniqueName=upload_runtime_logs_startup policy=REPLACE
02-21 01:33:20.617 22615 22615 D SurveyApp: Startup runtime logs: enqueue requested.
02-21 01:33:20.617 22615 22615 D CrashCapture: install: ensured default handler. where=SurveyApp:onCreate(rewrap) pid=22615 default=com.negi.survey.CrashCapture$CrashHandler@c280a86
02-21 01:33:20.617 22615 22615 D SurveyApp: CrashCapture installed: where=SurveyApp:onCreate(rewrap)
02-21 01:33:20.617 22615 22615 D CrashCapture: registerSelfHealing: ActivityLifecycleCallbacks registered. mode=onResumedOnly
02-21 01:33:20.617 22615 22615 D SurveyApp: CrashCapture self-healing registered.
02-21 01:33:20.617 22615 22615 D SurveyApp: WorkManager already ready. where=enqueuePending(immediate)
02-21 01:33:20.617 22615 22615 D SurveyApp: CrashCapture pending uploads requested (immediate).
02-21 01:33:20.621 22615 22636 D CrashCapture: enqueuePendingCrashUploadsIfPossible enter where=SurveyApp:enqueuePending(immediate):bg pid=22615 thread=CrashCapture-Enqueue
02-21 01:33:20.627 22615 22639 I DisplayManager: Choreographer implicitly registered for the refresh rate.
02-21 01:33:20.628 22615 22637 D UploadRescheduleRcvr: No GitHub pending files for action=android.intent.action.BOOT_COMPLETED
02-21 01:33:20.629 22615 22615 D DesktopExperienceFlags: Toggle override initialized to: false
02-21 01:33:20.629 22615 22639 D vulkan  : searching for layers in '/data/app/~~bh4psSjlCQM8O_WElIha6Q==/com.negi.survey-CaBCz6RzzC4cjIZoILoArw==/lib/arm64'
02-21 01:33:20.629 22615 22639 D vulkan  : searching for layers in '/data/app/~~bh4psSjlCQM8O_WElIha6Q==/com.negi.survey-CaBCz6RzzC4cjIZoILoArw==/base.apk!/lib/arm64-v8a'
02-21 01:33:20.632 22615 22615 D CrashCapture: install: ensured default handler. where=install(legacy) pid=22615 default=com.negi.survey.CrashCapture$CrashHandler@c280a86
02-21 01:33:20.633 22615 22644 D CrashCapture: enqueuePendingCrashUploadsIfPossible skipped (already running). where=enqueue(legacy):bg
02-21 01:33:20.639 22615 22615 D CompatChangeReporter: Compat change id reported: 377864165; UID 14738; state: ENABLED
02-21 01:33:20.639 22615 22615 D DesktopModeFlags: Toggle override initialized to: OVERRIDE_UNSET
02-21 01:33:20.645 22615 22615 I ContentCaptureHelper: Setting logging level to OFF
02-21 01:33:20.646 22615 22615 D CrashCapture: install: ensured default handler. where=selfHeal:onActivityResumed pid=22615 default=com.negi.survey.CrashCapture$CrashHandler@c280a86
02-21 01:33:20.646 22615 22635 D WM-SystemJobScheduler: Scheduling work ID a7faf1ad-5bda-481a-b5d7-139a260caae2Job ID 414
02-21 01:33:20.652 22615 22635 D WM-GreedyScheduler: Starting tracking for a7faf1ad-5bda-481a-b5d7-139a260caae2
02-21 01:33:20.655 22615 22637 D github_upload: choosePolicy: uniqueName=upload_runtime_logs_startup policy=KEEP states=[ENQUEUED]
02-21 01:33:20.655 22615 22637 D github_upload: enqueueStartupRuntimeLogsUpload: uniqueName=upload_runtime_logs_startup policy=KEEP
02-21 01:33:20.656 22615 22637 D UploadRescheduleRcvr: Enqueued runtime logs upload for action=android.intent.action.BOOT_COMPLETED reason=receiver_boot_completed
02-21 01:33:20.672 22615 22635 D WM-PackageManagerHelper: androidx.work.impl.background.systemalarm.RescheduleReceiver enabled
02-21 01:33:20.675 22615 22633 D WM-ConstraintTracker: NetworkStateTracker24: initial state = NetworkState(isConnected=true, isValidated=true, isMetered=false, isNotRoaming=true, isBlocked=false)
02-21 01:33:20.675 22615 22633 D WM-NetworkStateTracker: Registering network callback
02-21 01:33:20.678 22615 22633 D WM-GreedyScheduler: Constraints met: Scheduling work ID WorkGenerationalId(workSpecId=a7faf1ad-5bda-481a-b5d7-139a260caae2, generation=0)
02-21 01:33:20.680 22615 22633 D WM-Processor: Processor: processing WorkGenerationalId(workSpecId=a7faf1ad-5bda-481a-b5d7-139a260caae2, generation=0)
02-21 01:33:20.685 22615 22657 D WM-NetworkStateTracker: Network capabilities changed: [ Transports: WIFI Capabilities: NOT_METERED&INTERNET&NOT_RESTRICTED&TRUSTED&NOT_VPN&VALIDATED&NOT_ROAMING&FOREGROUND&NOT_CONGESTED&NOT_SUSPENDED&NOT_VCN_MANAGED&NOT_BANDWIDTH_CONSTRAINED LinkUpBandwidth>=13861Kbps LinkDnBandwidth>=101944Kbps TransportInfo: <SSID: <unknown ssid>, BSSID: 02:00:00:00:00:00, MAC: 02:00:00:00:00:00, IP: /192.168.1.27, Security type: 2, Supplicant state: COMPLETED, Wi-Fi standard: 11ac, RSSI: -39, Link speed: 866Mbps, Tx Link speed: 866Mbps, Max Supported Tx Link speed: 866Mbps, Rx Link speed: 866Mbps, Max Supported Rx Link speed: 866Mbps, Frequency: 5805MHz, Net ID: -1, Metered hint: false, score: 60, isUsable: true, CarrierMerged: false, SubscriptionId: -1, IsPrimary: -1, Trusted: true, Restricted: false, Ephemeral: false, OEM paid: false, OEM private: false, OSU AP: false, FQDN: <none>, Provider friendly name: <none>, Requesting package name: <none><none>MLO Information: , Is TID-To-Link negotiation supported by the AP: false, AP MLD Address: <none>, AP MLO Link Id: <none>, AP MLO Affiliated links: <none>, Vendor Data: <none>> SignalStrength: -39 UnderlyingNetworks: Null]
02-21 01:33:20.686 22615 22657 D WM-NetworkStateTracker: Network blocked status changed: false
02-21 01:33:20.691 22615 22615 D WindowOnBackDispatcher: setTopOnBackInvokedCallback (unwrapped): android.app.Activity$$ExternalSyntheticLambda0@c098a3a
02-21 01:33:20.716 22615 22615 E VibratorInfo: Invalid frequency profile received from HAL. resonantFrequencyHz=NaN, frequenciesHz=null, outputAccelerationsGs=null
