=== Previous Session Logcat ===
captured_time_utc=20260221_055601
captured_time_local=20260220_215601
marker=2026-02-20 21:36:11.450
preferred_prev_pid=-1
note=best-effort; buffers may be overwritten before next start
sdk=36
device=Google Pixel 9a
appId=com.negi.survey
versionName=0.0.1
versionCode=1

=== Logcat (since marker) ===
--------- beginning of main
02-20 21:56:00.964 10515 10515 I libc    : SetHeapTaggingLevel: tag level set to 0
02-20 21:56:00.969 10515 10515 I Zygote  : Process 10515 created for com.negi.survey
02-20 21:56:00.969 10515 10515 I com.negi.survey: Using CollectorTypeCMC GC.
02-20 21:56:00.978 10515 10515 D nativeloader: Load libframework-connectivity-tiramisu-jni.so using APEX ns com_android_tethering for caller /apex/com.android.tethering/javalib/framework-connectivity-t.jar: ok
02-20 21:56:00.998 10515 10515 D ApplicationLoaders: Returning zygote-cached class loader: /system_ext/framework/androidx.window.extensions.jar
02-20 21:56:00.998 10515 10515 D ApplicationLoaders: Returning zygote-cached class loader: /system_ext/framework/androidx.window.sidecar.jar
02-20 21:56:01.016 10515 10515 D nativeloader: Configuring clns-9 for other apk /data/app/~~dTJWqDwlSf4TFV5W64ljvg==/com.negi.survey-nV9udx9BlGeCDfN9CfzmaQ==/base.apk. target_sdk_version=36, uses_libraries=libOpenCL.so:libOpenCL-pixel.so, library_path=/data/app/~~dTJWqDwlSf4TFV5W64ljvg==/com.negi.survey-nV9udx9BlGeCDfN9CfzmaQ==/lib/arm64:/data/app/~~dTJWqDwlSf4TFV5W64ljvg==/com.negi.survey-nV9udx9BlGeCDfN9CfzmaQ==/base.apk!/lib/arm64-v8a, permitted_path=/data:/mnt/expand:/data/user/0/com.negi.survey
02-20 21:56:01.027 10515 10515 V GraphicsEnvironment: Currently set values for:
02-20 21:56:01.027 10515 10515 V GraphicsEnvironment:   angle_gl_driver_selection_pkgs=[com.android.angle, com.google.android.apps.tachyon]
02-20 21:56:01.027 10515 10515 V GraphicsEnvironment:   angle_gl_driver_selection_values=[angle, native]
02-20 21:56:01.027 10515 10515 V GraphicsEnvironment: com.negi.survey is not listed in per-application setting
02-20 21:56:01.027 10515 10515 V GraphicsEnvironment: ANGLE allowlist from config: 
02-20 21:56:01.027 10515 10515 V GraphicsEnvironment: No special selections for ANGLE, returning default driver choice
02-20 21:56:01.027 10515 10515 V GraphicsEnvironment: Neither updatable production driver nor prerelease driver is supported.
02-20 21:56:01.041 10515 10515 D AppRingLogStore: installed: dir=/data/user/0/com.negi.survey/files/diagnostics/applog_ring idx=0
02-20 21:56:01.042 10515 10531 D RuntimeLogStore: openWriter: start -> /data/user/0/com.negi.survey/files/diagnostics/runtime_logs/rtlog_20260221_055601_036_pid10515_seq1.log (bytes=0 format=LEGACY)
02-20 21:56:01.043 10515 10531 D RuntimeLogStore: retention: start files=2 kept=2 totalBytes=147148
02-20 21:56:01.045 10515 10515 D CrashCapture: install: ensured default handler. where=SurveyApp:attachBaseContext pid=10515 default=com.negi.survey.CrashCapture$CrashHandler@b690374
02-20 21:56:01.057 10515 10515 D WM-PackageManagerHelper: Skipping component enablement for androidx.work.impl.background.systemjob.SystemJobService
02-20 21:56:01.057 10515 10515 D WM-Schedulers: Created SystemJobScheduler and enabled SystemJobService
02-20 21:56:01.059 10515 10534 D WM-ForceStopRunnable: Is default app process = true
02-20 21:56:01.060 10515 10534 D WM-ForceStopRunnable: Performing cleanup operations.
02-20 21:56:01.071 10515 10534 E ashmem  : Pinning is deprecated since Android Q. Please use trim or other methods.
02-20 21:56:01.098 10515 10534 D WM-SystemJobScheduler: Reconciling jobs
02-20 21:56:01.109 10515 10534 D WM-ForceStopRunnable: Application was force-stopped, rescheduling.
02-20 21:56:01.122 10515 10515 D github_upload: choosePolicy: uniqueName=upload_runtime_logs_startup policy=REPLACE states=[SUCCEEDED]
02-20 21:56:01.122 10515 10515 D github_upload: enqueueStartupRuntimeLogsUpload: uniqueName=upload_runtime_logs_startup policy=REPLACE
02-20 21:56:01.122 10515 10515 D CrashCapture: install: ensured default handler. where=SurveyApp:onCreate(rewrap) pid=10515 default=com.negi.survey.CrashCapture$CrashHandler@b690374
02-20 21:56:01.122 10515 10515 D CrashCapture: registerSelfHealing: ActivityLifecycleCallbacks registered. mode=onResumedOnly
02-20 21:56:01.125 10515 10556 D CrashCapture: enqueuePendingCrashUploadsIfPossible enter where=SurveyApp:enqueuePending(immediate):bg pid=10515 thread=CrashCapture-Enqueue
--------- beginning of system
02-20 21:56:01.131 10515 10561 I DisplayManager: Choreographer implicitly registered for the refresh rate.
02-20 21:56:01.132 10515 10561 D vulkan  : searching for layers in '/data/app/~~dTJWqDwlSf4TFV5W64ljvg==/com.negi.survey-nV9udx9BlGeCDfN9CfzmaQ==/lib/arm64'
02-20 21:56:01.132 10515 10561 D vulkan  : searching for layers in '/data/app/~~dTJWqDwlSf4TFV5W64ljvg==/com.negi.survey-nV9udx9BlGeCDfN9CfzmaQ==/base.apk!/lib/arm64-v8a'
02-20 21:56:01.135 10515 10515 D DesktopExperienceFlags: Toggle override initialized to: false
02-20 21:56:01.141 10515 10515 D CrashCapture: install: ensured default handler. where=install(legacy) pid=10515 default=com.negi.survey.CrashCapture$CrashHandler@b690374
02-20 21:56:01.142 10515 10559 D UploadRescheduleRcvr: No GitHub pending files for action=android.intent.action.BOOT_COMPLETED
02-20 21:56:01.142 10515 10581 D CrashCapture: enqueuePendingCrashUploadsIfPossible skipped (already running). where=enqueue(legacy):bg
02-20 21:56:01.146 10515 10550 D WM-SystemJobScheduler: Scheduling work ID 58e4c756-0d38-4b0f-a89d-b41027d85b58Job ID 169
02-20 21:56:01.148 10515 10515 D CompatChangeReporter: Compat change id reported: 377864165; UID 14738; state: ENABLED
02-20 21:56:01.148 10515 10515 D DesktopModeFlags: Toggle override initialized to: OVERRIDE_UNSET
02-20 21:56:01.156 10515 10515 I ContentCaptureHelper: Setting logging level to OFF
02-20 21:56:01.162 10515 10515 D CrashCapture: install: ensured default handler. where=selfHeal:onActivityResumed pid=10515 default=com.negi.survey.CrashCapture$CrashHandler@b690374
02-20 21:56:01.165 10515 10550 D WM-GreedyScheduler: Starting tracking for 58e4c756-0d38-4b0f-a89d-b41027d85b58
02-20 21:56:01.171 10515 10559 D github_upload: choosePolicy: uniqueName=upload_runtime_logs_startup policy=KEEP states=[ENQUEUED]
02-20 21:56:01.171 10515 10559 D github_upload: enqueueStartupRuntimeLogsUpload: uniqueName=upload_runtime_logs_startup policy=KEEP
02-20 21:56:01.171 10515 10559 D UploadRescheduleRcvr: Enqueued runtime logs upload for action=android.intent.action.BOOT_COMPLETED reason=receiver_boot_completed
02-20 21:56:01.179 10515 10550 D WM-PackageManagerHelper: androidx.work.impl.background.systemalarm.RescheduleReceiver enabled
02-20 21:56:01.186 10515 10550 D WM-ConstraintTracker: NetworkStateTracker24: initial state = NetworkState(isConnected=true, isValidated=true, isMetered=false, isNotRoaming=true, isBlocked=false)
02-20 21:56:01.186 10515 10550 D WM-NetworkStateTracker: Registering network callback
02-20 21:56:01.192 10515 10515 D WindowOnBackDispatcher: setTopOnBackInvokedCallback (unwrapped): android.app.Activity$$ExternalSyntheticLambda0@b9e1ccf
02-20 21:56:01.199 10515 10550 D WM-GreedyScheduler: Constraints met: Scheduling work ID WorkGenerationalId(workSpecId=58e4c756-0d38-4b0f-a89d-b41027d85b58, generation=0)
02-20 21:56:01.201 10515 10550 D WM-Processor: Processor: processing WorkGenerationalId(workSpecId=58e4c756-0d38-4b0f-a89d-b41027d85b58, generation=0)
02-20 21:56:01.213 10515 10604 D WM-NetworkStateTracker: Network capabilities changed: [ Transports: WIFI Capabilities: NOT_METERED&INTERNET&NOT_RESTRICTED&TRUSTED&NOT_VPN&VALIDATED&NOT_ROAMING&FOREGROUND&NOT_CONGESTED&NOT_SUSPENDED&NOT_VCN_MANAGED&NOT_BANDWIDTH_CONSTRAINED LinkUpBandwidth>=13861Kbps LinkDnBandwidth>=102533Kbps TransportInfo: <SSID: <unknown ssid>, BSSID: 02:00:00:00:00:00, MAC: 02:00:00:00:00:00, IP: /192.168.1.27, Security type: 2, Supplicant state: COMPLETED, Wi-Fi standard: 11ac, RSSI: -30, Link speed: 866Mbps, Tx Link speed: 866Mbps, Max Supported Tx Link speed: 866Mbps, Rx Link speed: 866Mbps, Max Supported Rx Link speed: 866Mbps, Frequency: 5805MHz, Net ID: -1, Metered hint: false, score: 60, isUsable: true, CarrierMerged: false, SubscriptionId: -1, IsPrimary: -1, Trusted: true, Restricted: false, Ephemeral: false, OEM paid: false, OEM private: false, OSU AP: false, FQDN: <none>, Provider friendly name: <none>, Requesting package name: <none><none>MLO Information: , Is TID-To-Link negotiation supported by the AP: false, AP MLD Address: <none>, AP MLO Link Id: <none>, AP MLO Affiliated links: <none>, Vendor Data: <none>> SignalStrength: -30 UnderlyingNetworks: Null]
02-20 21:56:01.213 10515 10604 D WM-NetworkStateTracker: Network blocked status changed: false
