=== Previous Session Logcat ===
captured_time_utc=20260222_024529
captured_time_local=20260221_184529
marker=2026-02-21 18:39:19.890
preferred_prev_pid=-1
note=best-effort; buffers may be overwritten before next start
sdk=36
device=Google Pixel 9a
appId=com.negi.survey
versionName=0.0.1
versionCode=1

=== Logcat (since marker) ===
--------- beginning of system
02-21 18:39:19.970 27696 27696 D InsetsController: hide(ime())
02-21 18:39:20.526 27696 27696 W NotificationManager: Shedding notify (update) of NotificationKey[user=UserHandle{0}, pkg=com.negi.survey, tag=null, id=6196], rate limit (5.0) exceeded: input 7.285173, output would be 5.1052
02-21 18:39:21.548 27696 27696 W NotificationManager: Shedding notify (update) of NotificationKey[user=UserHandle{0}, pkg=com.negi.survey, tag=null, id=4023], rate limit (5.0) exceeded: input 70.8639, output would be 5.0091105
02-21 18:39:22.553 27696 27696 W NotificationManager: Shedding notify (update) of NotificationKey[user=UserHandle{0}, pkg=com.negi.survey, tag=null, id=9823], rate limit (5.0) exceeded: input 81.4956, output would be 5.092353
02-21 18:39:23.555 27696 27696 W NotificationManager: Shedding notify (update) of NotificationKey[user=UserHandle{0}, pkg=com.negi.survey, tag=null, id=9830], rate limit (5.0) exceeded: input 161.84584, output would be 5.1554375
02-21 18:39:24.564 27696 27696 W NotificationManager: Shedding notify (update) of NotificationKey[user=UserHandle{0}, pkg=com.negi.survey, tag=null, id=4775], rate limit (5.0) exceeded: input 74.777466, output would be 5.183741
02-21 18:39:25.708 27696 27696 W NotificationManager: Shedding notify (update) of NotificationKey[user=UserHandle{0}, pkg=com.negi.survey, tag=null, id=4560], rate limit (5.0) exceeded: input 25.973679, output would be 5.9935417
02-21 18:39:50.792 27696 27696 W NotificationManager: Shedding notify (update) of NotificationKey[user=UserHandle{0}, pkg=com.negi.survey, tag=null, id=4303], rate limit (5.0) exceeded: input 8.7384405, output would be 6.0035906
02-21 18:39:52.192 27696 27696 W NotificationManager: Shedding notify (update) of NotificationKey[user=UserHandle{0}, pkg=com.negi.survey, tag=null, id=4145], rate limit (5.0) exceeded: input 11.542793, output would be 6.080886
02-21 18:40:08.228 27696 27696 D InsetsController: show(ime())
02-21 18:40:08.235 27696 27696 D InsetsController: Setting requestedVisibleTypes to 511 (was 503)
02-21 18:40:08.262 27696 27696 D InsetsController: show(ime())
02-21 18:40:14.720 27696 27696 D InsetsController: hide(ime())
02-21 18:40:14.721 27696 27696 D InsetsController: Setting requestedVisibleTypes to 503 (was 511)
02-21 18:40:14.881 27696 27696 D InsetsController: show(ime())
02-21 18:40:14.883 27696 27696 D InsetsController: Setting requestedVisibleTypes to 511 (was 503)
02-21 18:40:14.905 27696 27696 D InsetsController: show(ime())
02-21 18:40:17.084 27696 27696 W NotificationManager: Shedding notify (update) of NotificationKey[user=UserHandle{0}, pkg=com.negi.survey, tag=null, id=6846], rate limit (5.0) exceeded: input 7.534435, output would be 5.272858
02-21 18:40:17.927 27696 27696 D InsetsController: show(ime())
02-21 18:40:17.930 27696 27696 D InsetsController: show(ime())
02-21 18:40:18.611 27696 27696 D InsetsController: hide(ime())
02-21 18:40:18.611 27696 27696 D InsetsController: Setting requestedVisibleTypes to 503 (was 511)
02-21 18:40:18.707 27696 27696 W NotificationManager: Shedding notify (update) of NotificationKey[user=UserHandle{0}, pkg=com.negi.survey, tag=null, id=6846], rate limit (5.0) exceeded: input 11.978193, output would be 5.508273
02-21 18:40:20.415 27696 27696 D InsetsController: show(ime())
02-21 18:40:20.416 27696 27696 D InsetsController: Setting requestedVisibleTypes to 511 (was 503)
02-21 18:40:20.435 27696 27696 D InsetsController: show(ime())
02-21 18:40:22.396 27696 27696 D InsetsController: show(ime())
02-21 18:40:22.399 27696 27696 D InsetsController: show(ime())
02-21 18:40:23.096 27696 27696 D InsetsController: hide(ime())
02-21 18:40:23.096 27696 27696 D InsetsController: Setting requestedVisibleTypes to 503 (was 511)
02-21 18:40:41.944 27696 27696 D InsetsController: show(ime())
02-21 18:40:41.944 27696 27696 D InsetsController: Setting requestedVisibleTypes to 511 (was 503)
02-21 18:40:41.951 27696 27696 D InsetsController: show(ime())
02-21 18:40:44.257 27696 27696 D InsetsController: show(ime())
02-21 18:40:44.260 27696 27696 D InsetsController: show(ime())
02-21 18:40:56.701 27696 27696 D ActivityThread: Package [com.android.chrome] reported as REPLACED, but missing application info. Assuming REMOVED.
02-21 18:40:56.713 27696 27696 D ActivityThread: Package [com.android.chrome] reported as REPLACED, but missing application info. Assuming REMOVED.
02-21 18:41:52.513 27696 27696 D ActivityThread: Package [com.google.android.apps.photos] reported as REPLACED, but missing application info. Assuming REMOVED.
02-21 18:41:52.536 27696 27696 D ActivityThread: Package [com.google.android.apps.photos] reported as REPLACED, but missing application info. Assuming REMOVED.
02-21 18:42:15.046 27696 27696 D ActivityThread: Package [com.google.android.apps.docs.editors.docs] reported as REPLACED, but missing application info. Assuming REMOVED.
02-21 18:42:15.071 27696 27696 D ActivityThread: Package [com.google.android.apps.docs.editors.docs] reported as REPLACED, but missing application info. Assuming REMOVED.
02-21 18:42:24.055 27696 27696 D ActivityThread: Package [com.google.android.apps.weather] reported as REPLACED, but missing application info. Assuming REMOVED.
02-21 18:42:24.058 27696 27696 D ActivityThread: Package [com.google.android.apps.weather] reported as REPLACED, but missing application info. Assuming REMOVED.
02-21 18:43:04.230 27696 27696 D ActivityThread: Package [com.google.android.contacts] reported as REPLACED, but missing application info. Assuming REMOVED.
02-21 18:43:04.249 27696 27696 D ActivityThread: Package [com.google.android.contacts] reported as REPLACED, but missing application info. Assuming REMOVED.
02-21 18:43:05.526 27696 27696 D ActivityThread: Package [com.google.android.apps.subscriptions.red] reported as REPLACED, but missing application info. Assuming REMOVED.
02-21 18:43:05.550 27696 27696 D ActivityThread: Package [com.google.android.apps.subscriptions.red] reported as REPLACED, but missing application info. Assuming REMOVED.
02-21 18:44:06.455 27696 27696 D ActivityThread: Package [com.google.android.apps.wearables.maestro.companion] reported as REPLACED, but missing application info. Assuming REMOVED.
02-21 18:44:06.468 27696 27696 D ActivityThread: Package [com.google.android.apps.wearables.maestro.companion] reported as REPLACED, but missing application info. Assuming REMOVED.
--------- beginning of main
02-21 18:45:28.802 30458 30458 I libc    : SetHeapTaggingLevel: tag level set to 0
02-21 18:45:28.805 30458 30458 I Zygote  : Process 30458 created for com.negi.survey
02-21 18:45:28.806 30458 30458 I com.negi.survey: Using CollectorTypeCMC GC.
02-21 18:45:28.813 30458 30458 D nativeloader: Load libframework-connectivity-tiramisu-jni.so using APEX ns com_android_tethering for caller /apex/com.android.tethering/javalib/framework-connectivity-t.jar: ok
02-21 18:45:28.886 30458 30458 D ApplicationLoaders: Returning zygote-cached class loader: /system_ext/framework/androidx.window.extensions.jar
02-21 18:45:28.886 30458 30458 D ApplicationLoaders: Returning zygote-cached class loader: /system_ext/framework/androidx.window.sidecar.jar
02-21 18:45:28.902 30458 30458 D nativeloader: Configuring clns-9 for other apk /data/app/~~WnlsTFNPQLXacz8FaFHSCg==/com.negi.survey-kpMm0PWSS7mi6nzzAY3PaA==/base.apk. target_sdk_version=36, uses_libraries=libOpenCL.so:libOpenCL-pixel.so, library_path=/data/app/~~WnlsTFNPQLXacz8FaFHSCg==/com.negi.survey-kpMm0PWSS7mi6nzzAY3PaA==/lib/arm64:/data/app/~~WnlsTFNPQLXacz8FaFHSCg==/com.negi.survey-kpMm0PWSS7mi6nzzAY3PaA==/base.apk!/lib/arm64-v8a, permitted_path=/data:/mnt/expand:/data/user/0/com.negi.survey
02-21 18:45:28.908 30458 30458 V GraphicsEnvironment: Currently set values for:
02-21 18:45:28.908 30458 30458 V GraphicsEnvironment:   angle_gl_driver_selection_pkgs=[com.android.angle, com.google.android.apps.tachyon]
02-21 18:45:28.908 30458 30458 V GraphicsEnvironment:   angle_gl_driver_selection_values=[angle, native]
02-21 18:45:28.908 30458 30458 V GraphicsEnvironment: com.negi.survey is not listed in per-application setting
02-21 18:45:28.909 30458 30458 V GraphicsEnvironment: ANGLE allowlist from config: 
02-21 18:45:28.909 30458 30458 V GraphicsEnvironment: No special selections for ANGLE, returning default driver choice
02-21 18:45:28.909 30458 30458 V GraphicsEnvironment: Neither updatable production driver nor prerelease driver is supported.
02-21 18:45:28.922 30458 30458 D AppRingLogStore: installed: dir=/data/user/0/com.negi.survey/files/diagnostics/applog_ring idx=0
02-21 18:45:28.926 30458 30458 D CrashCapture: install: ensured default handler. where=SurveyApp:attachBaseContext pid=30458 default=com.negi.survey.CrashCapture$CrashHandler@c280a86
02-21 18:45:28.927 30458 30471 D RuntimeLogStore: openWriter: start -> /data/user/0/com.negi.survey/files/diagnostics/runtime_logs/rtlog_20260222_024528_920_pid30458_seq1.log (bytes=0 format=LEGACY)
02-21 18:45:28.930 30458 30471 D RuntimeLogStore: retention: start files=2 kept=2 totalBytes=3624
02-21 18:45:28.941 30458 30458 D WM-PackageManagerHelper: Skipping component enablement for androidx.work.impl.background.systemjob.SystemJobService
02-21 18:45:28.941 30458 30458 D WM-Schedulers: Created SystemJobScheduler and enabled SystemJobService
02-21 18:45:28.944 30458 30473 D WM-ForceStopRunnable: Is default app process = true
02-21 18:45:28.944 30458 30473 D WM-ForceStopRunnable: Performing cleanup operations.
02-21 18:45:28.958 30458 30473 E ashmem  : Pinning is deprecated since Android Q. Please use trim or other methods.
02-21 18:45:28.978 30458 30473 D WM-SystemJobScheduler: Reconciling jobs
02-21 18:45:28.995 30458 30473 D WM-ForceStopRunnable: Application was force-stopped, rescheduling.
02-21 18:45:29.002 30458 30458 D github_upload: choosePolicy: uniqueName=upload_runtime_logs_startup policy=REPLACE states=[SUCCEEDED]
02-21 18:45:29.002 30458 30458 D github_upload: enqueueStartupRuntimeLogsUpload: uniqueName=upload_runtime_logs_startup policy=REPLACE
02-21 18:45:29.025 30458 30477 D WM-SystemJobScheduler: Scheduling work ID 35c37b2b-04b4-4a19-95fd-e62fa9df362fJob ID 628
02-21 18:45:29.041 30458 30477 D WM-GreedyScheduler: Starting tracking for 35c37b2b-04b4-4a19-95fd-e62fa9df362f
02-21 18:45:29.042 30458 30458 D github_upload: choosePolicy: uniqueName=upload_ring_logs_startup policy=REPLACE states=[SUCCEEDED]
02-21 18:45:29.042 30458 30458 D github_upload: enqueueStartupRingLogsUpload: uniqueName=upload_ring_logs_startup policy=REPLACE
02-21 18:45:29.043 30458 30458 D CrashCapture: install: ensured default handler. where=SurveyApp:onCreate(rewrap) pid=30458 default=com.negi.survey.CrashCapture$CrashHandler@c280a86
02-21 18:45:29.043 30458 30458 D CrashCapture: registerSelfHealing: ActivityLifecycleCallbacks registered. mode=onResumedOnly
02-21 18:45:29.044 30458 30478 D CrashCapture: enqueuePendingCrashUploadsIfPossible enter where=SurveyApp:enqueuePending(immediate):bg pid=30458 thread=CrashCapture-Enqueue
02-21 18:45:29.052 30458 30483 I DisplayManager: Choreographer implicitly registered for the refresh rate.
02-21 18:45:29.053 30458 30483 D vulkan  : searching for layers in '/data/app/~~WnlsTFNPQLXacz8FaFHSCg==/com.negi.survey-kpMm0PWSS7mi6nzzAY3PaA==/lib/arm64'
02-21 18:45:29.053 30458 30483 D vulkan  : searching for layers in '/data/app/~~WnlsTFNPQLXacz8FaFHSCg==/com.negi.survey-kpMm0PWSS7mi6nzzAY3PaA==/base.apk!/lib/arm64-v8a'
02-21 18:45:29.058 30458 30458 D DesktopExperienceFlags: Toggle override initialized to: false
02-21 18:45:29.060 30458 30481 D UploadRescheduleRcvr: No GitHub pending files for action=android.intent.action.BOOT_COMPLETED
02-21 18:45:29.069 30458 30458 D CompatChangeReporter: Compat change id reported: 377864165; UID 14738; state: ENABLED
02-21 18:45:29.069 30458 30458 D DesktopModeFlags: Toggle override initialized to: OVERRIDE_UNSET
02-21 18:45:29.076 30458 30458 I ContentCaptureHelper: Setting logging level to OFF
02-21 18:45:29.080 30458 30458 D CrashCapture: install: ensured default handler. where=selfHeal:onActivityResumed pid=30458 default=com.negi.survey.CrashCapture$CrashHandler@c280a86
02-21 18:45:29.087 30458 30477 D WM-SystemJobScheduler: Scheduling work ID 526ee6c7-0f12-46bf-bb09-b837d8e1db7aJob ID 629
02-21 18:45:29.091 30458 30477 D WM-GreedyScheduler: Starting tracking for 35c37b2b-04b4-4a19-95fd-e62fa9df362f,526ee6c7-0f12-46bf-bb09-b837d8e1db7a
02-21 18:45:29.096 30458 30481 D github_upload: choosePolicy: uniqueName=upload_runtime_logs_startup policy=KEEP states=[ENQUEUED]
02-21 18:45:29.096 30458 30481 D github_upload: enqueueStartupRuntimeLogsUpload: uniqueName=upload_runtime_logs_startup policy=KEEP
02-21 18:45:29.096 30458 30481 D UploadRescheduleRcvr: Enqueued runtime logs upload for action=android.intent.action.BOOT_COMPLETED reason=receiver_boot_completed
02-21 18:45:29.104 30458 30475 D WM-PackageManagerHelper: androidx.work.impl.background.systemalarm.RescheduleReceiver enabled
02-21 18:45:29.106 30458 30475 D WM-ConstraintTracker: NetworkStateTracker24: initial state = NetworkState(isConnected=true, isValidated=true, isMetered=false, isNotRoaming=true, isBlocked=false)
02-21 18:45:29.106 30458 30475 D WM-NetworkStateTracker: Registering network callback
