=== RuntimeLogStore Header ===
ts=2026-03-09T17:05:50.451Z
fileNameFormat=LEGACY
appId=com.negi.survey
versionName=v1.0.0-20260223-224759
versionCode=21
debug=false
device=samsung SM-S931U1
sdk=36
pid=16560
==============================
2026-03-09T17:05:50.451Z I/RuntimeLogStore [rtlog-io] start: actor launched (fileNameFormat=LEGACY)
2026-03-09T17:05:50.427Z D/SurveyApp [main] attachBaseContext: pid=16560 process=com.negi.survey isMain=true sdk=36
2026-03-09T17:05:50.428Z D/SurveyApp [main] bootTiming: attachBaseContext total=52ms
2026-03-09T17:05:50.428Z D/SurveyApp [main] Skipping WorkManager init in attachBaseContext; will init lazily on first enqueue.
2026-03-09T17:05:50.433Z D/SurveyApp [main] CrashCapture installed: where=SurveyApp:attachBaseContext
2026-03-09T17:05:50.434Z I/RuntimeLogStore [main] start repair: ctx/dir refreshed
2026-03-09T17:05:50.434Z D/SurveyApp [main] bootTiming: RuntimeLogStore.start took=0ms
2026-03-09T17:05:50.434Z D/SurveyApp [main] bootTiming: AppRingLogStore.install took=0ms
2026-03-09T17:05:50.434Z D/SurveyApp [main] onCreate: pid=16560 process=com.negi.survey isMain=true sdk=36
2026-03-09T17:05:50.435Z D/SurveyApp [main] CrashCapture installed: where=SurveyApp:onCreate(rewrap)
2026-03-09T17:05:50.435Z D/SurveyApp [main] CrashCapture self-healing registered.
2026-03-09T17:05:50.435Z W/SurveyApp [main] Startup enqueues deferred: delay=2500ms (to reduce init contention)
2026-03-09T17:05:50.435Z D/SurveyApp [main] bootTiming: onCreate total=1ms
2026-03-09T17:05:50.451Z I/RuntimeLogStore [DefaultDispatcher-worker-1] start repair: ctx/dir refreshed
2026-03-09T17:05:51.804Z I/RuntimeLogStore [DefaultDispatcher-worker-1] start repair: ctx/dir refreshed
