=== RuntimeLogStore Header ===
ts=2026-03-05T00:27:08.327Z
fileNameFormat=LEGACY
appId=com.negi.survey
versionName=v1.0.0-20260223-224759
versionCode=21
debug=false
device=samsung SM-S931U1
sdk=36
pid=402
==============================
2026-03-05T00:27:08.327Z I/RuntimeLogStore [rtlog-io] --- rotated (reason=plain_snapshot:app_start) ---
2026-03-05T00:31:57.798Z D/LiteRtLM [DefaultDispatcher-worker-1] Initializing LiteRT-LM: model='Gemma3n4B', key='Gemma3n4B|/data/user/0/com.negi.survey/files/gemma-3n-E4B-it-int4.litertlm'
2026-03-05T00:31:57.798Z D/LiteRtLM [DefaultDispatcher-worker-1] Capabilities: image=false audio=false
2026-03-05T00:31:57.799Z D/LiteRtLM [DefaultDispatcher-worker-1] Backend=GPU maxNumTokens=4096 (raw=4096) topK=64 topP=0.95 temp=1.0
2026-03-05T00:31:57.799Z D/LiteRtLM [DefaultDispatcher-worker-1] Model path='/data/user/0/com.negi.survey/files/gemma-3n-E4B-it-int4.litertlm' sizeBytes=4919541760
2026-03-05T00:31:57.801Z D/LiteRtLM [DefaultDispatcher-worker-1] Engine cacheDir resolved: key='Gemma3n4B|/data/user/0/com.negi.survey/files/gemma-3n-E4B-it-int4.litertlm' backend=GPU path='/data/user/0/com.negi.survey/no_backup/litertlm_cache/38ee02279954774b94ec113b62b8169a30d6fd48' files=1
2026-03-05T00:32:05.952Z W/LiteRtLM [DefaultDispatcher-worker-1] Engine.initialize completed: key='Gemma3n4B|/data/user/0/com.negi.survey/files/gemma-3n-E4B-it-int4.litertlm' backend=GPU took=8150ms
2026-03-05T00:32:05.962Z D/LiteRtLM [DefaultDispatcher-worker-1] createConversation completed: key='Gemma3n4B|/data/user/0/com.negi.survey/files/gemma-3n-E4B-it-int4.litertlm' took=7ms
2026-03-05T00:32:05.962Z D/LiteRtLM [DefaultDispatcher-worker-1] LiteRT-LM initialization succeeded: model='Gemma3n4B', key='Gemma3n4B|/data/user/0/com.negi.survey/files/gemma-3n-E4B-it-int4.litertlm'
2026-03-05T00:32:05.968Z D/AiTrace [main] Installed (enabled=false ringEnabled=true)
2026-03-05T00:32:05.970Z D/SurveyVM [main] init -> Start, session=0, uuid=fc3c59d4-036d-4808-a8eb-53faec37dbb3, navSize=1, graphSize=9
2026-03-05T00:32:05.971Z D/SurveyVM [main] config.validate -> issues=0
2026-03-05T00:32:05.971Z D/SurveyVM [main] promptSources -> legacy=0, eval=6, follow=6
2026-03-05T00:32:05.971Z D/SurveyVM [main] promptSources.preview -> legacy=[], eval=[Q1, Q2, Q3, Q4, Q5, Q6], follow=[Q1, Q2, Q3, Q4, Q5, Q6]
2026-03-05T00:32:05.971Z D/SurveyVM [main] hasTwoStepPrompt[Q1] -> true (eval=292, fu=246)
2026-03-05T00:32:05.971Z D/SurveyVM [main] hasTwoStepPrompt[Q2] -> true (eval=292, fu=246)
2026-03-05T00:32:05.971Z D/SurveyVM [main] hasTwoStepPrompt[Q3] -> true (eval=292, fu=246)
2026-03-05T00:32:05.971Z D/SurveyVM [main] hasTwoStepPrompt[Q4] -> true (eval=292, fu=246)
2026-03-05T00:32:05.971Z D/SurveyVM [main] hasTwoStepPrompt[Q5] -> true (eval=292, fu=246)
2026-03-05T00:32:05.971Z D/SurveyVM [main] hasTwoStepPrompt[Q6] -> true (eval=292, fu=246)
2026-03-05T00:32:05.971Z D/SurveyVM [main] AI prompt coverage OK (aiCount=6)
2026-03-05T00:32:12.171Z D/SurveyVM [main] setRunFreeText(draft) -> len=1
2026-03-05T00:32:12.435Z D/SurveyVM [main] setRunFreeText(draft) -> len=2
2026-03-05T00:32:12.649Z D/SurveyVM [main] setRunFreeText(draft) -> len=3
2026-03-05T00:32:12.882Z D/SurveyVM [main] setRunFreeText(draft) -> len=4
2026-03-05T00:32:13.349Z D/SurveyVM [main] setRunFreeText(draft) -> len=5
2026-03-05T00:32:13.691Z D/SurveyVM [main] setRunFreeText(draft) -> len=6
2026-03-05T00:32:14.490Z D/SurveyVM [main] setRunFreeText(draft) -> len=7
2026-03-05T00:32:14.779Z D/SurveyVM [main] setRunFreeText(draft) -> len=8
2026-03-05T00:32:16.550Z D/SurveyVM [main] setRunFreeText(draft) -> len=9
2026-03-05T00:32:17.190Z D/SurveyVM [main] setRunFreeText(draft) -> len=10
2026-03-05T00:32:17.565Z D/SurveyVM [main] setRunFreeText(draft) -> len=11
2026-03-05T00:32:17.990Z D/SurveyVM [main] setRunFreeText(draft) -> len=12
2026-03-05T00:32:18.415Z D/SurveyVM [main] setRunFreeText(draft) -> len=13
2026-03-05T00:32:19.048Z D/SurveyVM [main] setRunFreeText(draft) -> len=14
2026-03-05T00:32:23.480Z D/SurveyVM [main] setRunFreeText(draft) -> len=15
2026-03-05T00:32:24.215Z D/SurveyVM [main] setRunFreeText(draft) -> len=16
2026-03-05T00:32:25.279Z D/SurveyVM [main] setRunFreeText(draft) -> len=17
2026-03-05T00:32:26.389Z D/SurveyVM [main] setRunFreeText(draft) -> len=18
2026-03-05T00:32:31.493Z D/SurveyVM [main] setRunFreeText(draft) -> len=19
2026-03-05T00:32:31.887Z D/SurveyVM [main] setRunFreeText(draft) -> len=20
2026-03-05T00:32:32.254Z D/SurveyVM [main] setRunFreeText(draft) -> len=21
2026-03-05T00:32:32.771Z D/SurveyVM [main] setRunFreeText(draft) -> len=22
2026-03-05T00:32:33.054Z D/SurveyVM [main] setRunFreeText(draft) -> len=23
2026-03-05T00:32:33.196Z D/SurveyVM [main] setRunFreeText(draft) -> len=24
2026-03-05T00:32:33.514Z D/SurveyVM [main] setRunFreeText(draft) -> len=25
2026-03-05T00:32:34.712Z D/SurveyVM [main] setRunFreeText(draft) -> len=26
2026-03-05T00:32:35.273Z D/SurveyVM [main] setRunFreeText(draft) -> len=27
2026-03-05T00:32:35.679Z D/SurveyVM [main] setRunFreeText(draft) -> len=28
2026-03-05T00:32:36.076Z D/SurveyVM [main] setRunFreeText(draft) -> len=29
2026-03-05T00:32:36.353Z D/SurveyVM [main] setRunFreeText(draft) -> len=30
2026-03-05T00:32:36.586Z D/SurveyVM [main] setRunFreeText(draft) -> len=31
2026-03-05T00:32:37.028Z D/SurveyVM [main] setRunFreeText(draft) -> len=32
2026-03-05T00:32:37.353Z D/SurveyVM [main] setRunFreeText(draft) -> len=33
2026-03-05T00:32:37.994Z D/SurveyVM [main] setRunFreeText(draft) -> len=34
2026-03-05T00:32:38.419Z D/SurveyVM [main] setRunFreeText(draft) -> len=35
2026-03-05T00:32:38.786Z D/SurveyVM [main] setRunFreeText(draft) -> len=36
2026-03-05T00:32:39.036Z D/SurveyVM [main] setRunFreeText(draft) -> len=37
2026-03-05T00:32:39.427Z D/SurveyVM [main] setRunFreeText(draft) -> len=38
2026-03-05T00:32:39.669Z D/SurveyVM [main] setRunFreeText(draft) -> len=39
2026-03-05T00:32:39.868Z D/SurveyVM [main] setRunFreeText(draft) -> len=40
2026-03-05T00:32:42.277Z D/SurveyVM [main] setRunFreeText(draft) -> len=41
2026-03-05T00:32:44.376Z D/SurveyVM [main] resetAudioRefs -> cleared
2026-03-05T00:32:44.376Z D/SurveyVM [main] resetNavToStart -> key=com.negi.survey.vm.FlowHome@35a614, navSize=1
2026-03-05T00:32:44.376Z D/SurveyVM [main] resetToStart -> Start, session=1, uuid=ac991244-9822-476d-8d0e-f18ebf4c6333, preserveDraft=true, draftLen=41
2026-03-05T00:32:44.376Z D/SurveyVM [main] setRunFreeText(draft) -> len=41
2026-03-05T00:32:44.376Z D/SurveyVM [main] activateRunIfNeeded(advanceToNext:Q1) -> runNoteLen=41, draftCleared=true, uuid=ac991244-9822-476d-8d0e-f18ebf4c6333
2026-03-05T00:32:44.376Z D/SurveyVM [main] push -> Q1, navSize=2, stackSize=2
2026-03-05T00:32:44.386Z D/SurveyVM [main] hasTwoStepPrompt[Q1] -> true (eval=292, fu=246)
2026-03-05T00:32:58.409Z D/SurveyVM [main] hasTwoStepPrompt[Q1] -> true (eval=292, fu=246)
2026-03-05T00:32:58.409Z I/AiScreen [main] Submit begin runId=ai-Q1-206626303-206626303824508 node=Q1 role=MAIN isTwoStep=true sessionId=1 surveyUuid=ac991244-9822-476d-8d0e-f18ebf4c6333 qLen=132 aLen=258 qSha6=59bd94d4be3b aSha6=dc2a125da6b6
2026-03-05T00:32:58.409Z D/SurveyVM [main] getEvalPrompt[Q1] -> len=660
2026-03-05T00:32:58.410Z I/AiScreen [main] Submit end runId=ai-Q1-206626303-206626303824508 node=Q1 elapsed=1ms
2026-03-05T00:32:58.413Z D/LiteRtRepository [DefaultDispatcher-worker-2] [1] request start: model='Gemma3n4B', prompt.len=1809, sha=b441edc41b2ccb9d, gateWaitMs=0
2026-03-05T00:32:58.414Z D/LiteRtRepository [DefaultDispatcher-worker-2] [1] initializeIfNeeded ok (initMs=1)
2026-03-05T00:32:58.415Z D/LiteRtLM [DefaultDispatcher-worker-2] runInference start: key='Gemma3n4B|/data/user/0/com.negi.survey/files/gemma-3n-E4B-it-int4.litertlm' runId=1 hasText=true textLen=1809 images=0 audioClips=0
2026-03-05T00:32:58.415Z D/LiteRtLM [DefaultDispatcher-worker-2] LiteRT-LM sendMessageAsync(text): key='Gemma3n4B|/data/user/0/com.negi.survey/files/gemma-3n-E4B-it-int4.litertlm' runId=1 len=1809
2026-03-05T00:33:04.702Z D/LiteRtRepository [main] [1] logical done=true (waiting native termination safe point)
2026-03-05T00:33:04.702Z D/LiteRtRepository [main] [1] cleanUpListener (native termination safe point)
2026-03-05T00:33:04.703Z D/LiteRtRepository [DefaultDispatcher-worker-6] [1] scheduleResetAfterSafepoint: begin (tag='native-terminated')
2026-03-05T00:33:04.704Z D/LiteRtRepository [DefaultDispatcher-worker-6] [1] resetConversation ok (after safepoint, tag='native-terminated')
2026-03-05T00:33:04.704Z D/LiteRtRepository [DefaultDispatcher-worker-6] [1] scheduleResetAfterSafepoint: end (tag='native-terminated')
2026-03-05T00:33:04.709Z I/AiViewModel [DefaultDispatcher-worker-5] run[1] done: phase=EVAL mode=EVAL_JSON score=85 FU0.len=0 FU0.sha16=none commit=true err=<none>
2026-03-05T00:33:04.712Z I/AiScreen [DefaultDispatcher-worker-5] TWO_STEP shouldRunSecond runId=ai-Q1-206626303-206626303824508 node=Q1 role=MAIN followup_needed=true timedOut=false rawLen=222
2026-03-05T00:33:04.712Z D/SurveyVM [DefaultDispatcher-worker-5] getFollowupPrompt[Q1] -> len=454 evalLen=222
2026-03-05T00:33:04.712Z D/LiteRtRepository [DefaultDispatcher-worker-3] [2] request start: model='Gemma3n4B', prompt.len=1503, sha=ba3d83ca90b28d05, gateWaitMs=0
2026-03-05T00:33:04.713Z D/LiteRtRepository [DefaultDispatcher-worker-5] [2] initializeIfNeeded ok (initMs=1)
2026-03-05T00:33:04.713Z D/LiteRtLM [DefaultDispatcher-worker-3] Cooldown delay: key='Gemma3n4B|/data/user/0/com.negi.survey/files/gemma-3n-E4B-it-int4.litertlm' delay=238ms reason='runInference-start'
2026-03-05T00:33:04.722Z D/AiScreen [main] Step rendered (context=sid=1|nid=Q1 node=Q1 runId=1 phase=EVAL mode=EVAL_JSON showJson=true rawLen=222 followups=0 timedOut=false twoStep=true)
2026-03-05T00:33:04.957Z D/LiteRtLM [DefaultDispatcher-worker-3] resetConversationInternal done: key='Gemma3n4B|/data/user/0/com.negi.survey/files/gemma-3n-E4B-it-int4.litertlm' reason='resetConversation'
2026-03-05T00:33:04.957Z D/LiteRtLM [DefaultDispatcher-worker-3] runInference start: key='Gemma3n4B|/data/user/0/com.negi.survey/files/gemma-3n-E4B-it-int4.litertlm' runId=2 hasText=true textLen=1503 images=0 audioClips=0
2026-03-05T00:33:04.957Z D/LiteRtLM [DefaultDispatcher-worker-3] LiteRT-LM sendMessageAsync(text): key='Gemma3n4B|/data/user/0/com.negi.survey/files/gemma-3n-E4B-it-int4.litertlm' runId=2 len=1503
2026-03-05T00:33:06.824Z D/LiteRtRepository [main] [2] logical done=true (waiting native termination safe point)
