=== RuntimeLogStore Header ===
ts=2026-03-05T00:27:04.566Z
fileNameFormat=LEGACY
appId=com.negi.survey
versionName=v1.0.0-20260223-224759
versionCode=21
debug=false
device=samsung SM-S931U1
sdk=36
pid=402
==============================
2026-03-05T00:27:04.566Z I/RuntimeLogStore [rtlog-io] start: actor launched (fileNameFormat=LEGACY)
2026-03-05T00:27:04.565Z D/SurveyApp [main] attachBaseContext: pid=402 process=com.negi.survey isMain=true sdk=36
2026-03-05T00:27:04.565Z D/SurveyApp [main] bootTiming: attachBaseContext total=7ms
2026-03-05T00:27:04.565Z D/SurveyApp [main] Skipping WorkManager init in attachBaseContext; will init lazily on first enqueue.
2026-03-05T00:27:04.565Z D/SurveyApp [main] CrashCapture installed: where=SurveyApp:attachBaseContext
2026-03-05T00:27:04.565Z I/RuntimeLogStore [main] start repair: ctx/dir refreshed
2026-03-05T00:27:04.565Z D/SurveyApp [main] bootTiming: RuntimeLogStore.start took=0ms
2026-03-05T00:27:04.565Z D/SurveyApp [main] bootTiming: AppRingLogStore.install took=0ms
2026-03-05T00:27:04.565Z D/SurveyApp [main] onCreate: pid=402 process=com.negi.survey isMain=true sdk=36
2026-03-05T00:27:04.565Z D/SurveyApp [main] CrashCapture installed: where=SurveyApp:onCreate(rewrap)
2026-03-05T00:27:04.565Z D/SurveyApp [main] CrashCapture self-healing registered.
2026-03-05T00:27:04.565Z W/SurveyApp [main] Startup enqueues deferred: delay=2500ms (to reduce init contention)
2026-03-05T00:27:04.565Z D/SurveyApp [main] bootTiming: onCreate total=1ms
2026-03-05T00:27:07.065Z W/SurveyApp [main] Deferred startup enqueues begin...
2026-03-05T00:27:07.073Z D/SurveyApp [main] WorkManager already ready. where=startupRtLogs(immediate)
2026-03-05T00:27:07.074Z D/SurveyApp [main] Startup runtime logs target -> owner=ishizuki-tech repo=SurveyExports branch=main base='/diagnostics/runtime_logs'
2026-03-05T00:27:07.091Z D/SurveyApp [main] Startup runtime logs: enqueue requested (immediate).
2026-03-05T00:27:07.091Z D/SurveyApp [main] WorkManager already ready. where=startupRingLogs(immediate)
2026-03-05T00:27:07.091Z D/SurveyApp [main] Startup ring logs target -> owner=ishizuki-tech repo=SurveyExports branch=main base='/diagnostics/applog_ring'
2026-03-05T00:27:07.098Z D/SurveyApp [main] Startup ring logs: enqueue requested (immediate).
2026-03-05T00:27:07.098Z D/SurveyApp [main] WorkManager already ready. where=enqueuePending(immediate)
2026-03-05T00:27:07.098Z D/SurveyApp [main] CrashCapture pending uploads requested (immediate).
2026-03-05T00:27:07.098Z W/SurveyApp [main] Deferred startup enqueues done: took=33ms
2026-03-05T00:27:08.325Z I/RuntimeLogStore [DefaultDispatcher-worker-1] start repair: ctx/dir refreshed
