=== RuntimeLogStore Header ===
ts=2026-02-26T16:04:59.049Z
fileNameFormat=LEGACY
appId=com.negi.survey
versionName=v1.0.0-20260223-224759
versionCode=21
debug=false
device=samsung SM-S931U1
sdk=36
pid=8134
==============================
2026-02-26T16:04:59.049Z I/RuntimeLogStore [rtlog-io] --- rotated (reason=plain_snapshot:app_start) ---
2026-02-26T16:05:05.242Z W/LiteRtLM [DefaultDispatcher-worker-3] Engine.initialize completed: key='Gemma3n4B|/data/user/0/com.negi.survey/files/gemma-3n-E4B-it-int4.litertlm' backend=GPU took=9788ms
2026-02-26T16:05:05.252Z D/LiteRtLM [DefaultDispatcher-worker-3] createConversation completed: key='Gemma3n4B|/data/user/0/com.negi.survey/files/gemma-3n-E4B-it-int4.litertlm' took=9ms
2026-02-26T16:05:05.252Z D/LiteRtLM [DefaultDispatcher-worker-3] LiteRT-LM initialization succeeded: model='Gemma3n4B', key='Gemma3n4B|/data/user/0/com.negi.survey/files/gemma-3n-E4B-it-int4.litertlm'
2026-02-26T16:05:05.283Z D/AiTrace [main] Installed (enabled=false ringEnabled=true)
2026-02-26T16:05:05.285Z D/SurveyVM [main] resetNavToStart -> key=com.negi.survey.vm.FlowHome@f54eaa3, navSize=1
2026-02-26T16:05:05.285Z D/SurveyVM [main] init -> Start, session=0, uuid=4f789613-2ca5-4b8c-a501-27065b953f44, navSize=1, graphSize=9
2026-02-26T16:05:05.286Z D/SurveyVM [main] config.validate -> issues=0
2026-02-26T16:05:05.286Z D/SurveyVM [main] promptSources -> legacy=0, eval=6, follow=6
2026-02-26T16:05:05.287Z D/SurveyVM [main] promptSources.preview -> legacy=[], eval=[Q1, Q2, Q3, Q4, Q5, Q6], follow=[Q1, Q2, Q3, Q4, Q5, Q6]
2026-02-26T16:05:05.287Z D/SurveyVM [main] hasTwoStepPrompt[Q1] -> true (eval=303, fu=240)
2026-02-26T16:05:05.287Z D/SurveyVM [main] hasTwoStepPrompt[Q2] -> true (eval=303, fu=240)
2026-02-26T16:05:05.287Z D/SurveyVM [main] hasTwoStepPrompt[Q3] -> true (eval=303, fu=240)
2026-02-26T16:05:05.287Z D/SurveyVM [main] hasTwoStepPrompt[Q4] -> true (eval=303, fu=240)
2026-02-26T16:05:05.287Z D/SurveyVM [main] hasTwoStepPrompt[Q5] -> true (eval=303, fu=240)
2026-02-26T16:05:05.287Z D/SurveyVM [main] hasTwoStepPrompt[Q6] -> true (eval=303, fu=240)
2026-02-26T16:05:05.287Z D/SurveyVM [main] AI prompt coverage OK (aiCount=6)
2026-03-04T23:17:54.242Z D/SurveyVM [main] setRunFreeText(draft) -> len=3
2026-03-04T23:17:54.867Z D/SurveyVM [main] setRunFreeText(draft) -> len=5
2026-03-04T23:17:54.870Z D/SurveyVM [main] setRunFreeText(draft) -> len=8
2026-03-04T23:17:54.880Z D/SurveyVM [main] setRunFreeText(draft) -> len=9
2026-03-04T23:17:55.512Z D/SurveyVM [main] setRunFreeText(draft) -> len=13
2026-03-04T23:17:56.135Z D/SurveyVM [main] setRunFreeText(draft) -> len=16
2026-03-04T23:17:56.137Z D/SurveyVM [main] setRunFreeText(draft) -> len=22
2026-03-04T23:17:56.816Z D/SurveyVM [main] setRunFreeText(draft) -> len=23
2026-03-04T23:17:56.819Z D/SurveyVM [main] setRunFreeText(draft) -> len=26
2026-03-04T23:17:56.824Z D/SurveyVM [main] setRunFreeText(draft) -> len=30
2026-03-04T23:17:57.449Z D/SurveyVM [main] setRunFreeText(draft) -> len=32
2026-03-04T23:17:57.452Z D/SurveyVM [main] setRunFreeText(draft) -> len=37
2026-03-04T23:17:58.077Z D/SurveyVM [main] setRunFreeText(draft) -> len=39
2026-03-04T23:17:58.089Z D/SurveyVM [main] setRunFreeText(draft) -> len=42
2026-03-04T23:17:58.789Z D/SurveyVM [main] setRunFreeText(draft) -> len=49
2026-03-04T23:17:59.433Z D/SurveyVM [main] setRunFreeText(draft) -> len=57
2026-03-04T23:18:00.046Z D/SurveyVM [main] setRunFreeText(draft) -> len=59
2026-03-04T23:18:00.104Z D/SurveyVM [main] setRunFreeText(draft) -> len=61
2026-03-04T23:18:02.302Z D/SurveyVM [main] setRunFreeText(draft) -> len=49
2026-03-04T23:18:04.585Z D/SurveyVM [main] resetAudioRefs -> cleared
2026-03-04T23:18:04.585Z D/SurveyVM [main] resetNavToStart -> key=com.negi.survey.vm.FlowHome@f54eaa3, navSize=1
2026-03-04T23:18:04.585Z D/SurveyVM [main] resetToStart -> Start, session=1, uuid=5a476eac-1535-4bae-902f-dbc1c171ebf6, preserveDraft=true, draftLen=49
2026-03-04T23:18:04.585Z D/SurveyVM [main] setRunFreeText(draft) -> len=49
2026-03-04T23:18:04.585Z D/SurveyVM [main] activateRunIfNeeded(advanceToNext:Q1) -> runNoteLen=49, draftCleared=true, uuid=5a476eac-1535-4bae-902f-dbc1c171ebf6
2026-03-04T23:18:04.585Z D/SurveyVM [main] push -> Q1, navSize=2, stackSize=2
2026-03-04T23:18:04.602Z D/SurveyVM [main] hasTwoStepPrompt[Q1] -> true (eval=303, fu=240)
2026-03-04T23:31:46.437Z D/SurveyVM [main] hasTwoStepPrompt[Q1] -> true (eval=303, fu=240)
2026-03-04T23:31:46.438Z I/AiScreen [main] Submit begin runId=ai-Q1-202954332-202954332613253 node=Q1 role=MAIN isTwoStep=true sessionId=1 surveyUuid=5a476eac-1535-4bae-902f-dbc1c171ebf6 qLen=175 aLen=27 qSha6=4cec21c47d69 aSha6=6e61a27585c3
2026-03-04T23:31:46.438Z D/SurveyVM [main] getEvalPrompt[Q1] -> len=483
2026-03-04T23:31:46.439Z I/AiScreen [main] Submit end runId=ai-Q1-202954332-202954332613253 node=Q1 elapsed=1ms
2026-03-04T23:31:46.444Z D/LiteRtRepository [DefaultDispatcher-worker-2] [1] request start: model='Gemma3n4B', prompt.len=1627, sha=562b1423ddc516e9, gateWaitMs=2
2026-03-04T23:31:46.447Z D/LiteRtRepository [DefaultDispatcher-worker-2] [1] initializeIfNeeded ok (initMs=3)
2026-03-04T23:31:46.448Z D/LiteRtLM [DefaultDispatcher-worker-2] runInference start: key='Gemma3n4B|/data/user/0/com.negi.survey/files/gemma-3n-E4B-it-int4.litertlm' runId=1 hasText=true textLen=1627 images=0 audioClips=0
2026-03-04T23:31:46.448Z D/LiteRtLM [DefaultDispatcher-worker-2] LiteRT-LM sendMessageAsync(text): key='Gemma3n4B|/data/user/0/com.negi.survey/files/gemma-3n-E4B-it-int4.litertlm' runId=1 len=1627
2026-03-04T23:31:56.536Z D/LiteRtRepository [main] [1] logical done=true (waiting native termination safe point)
2026-03-04T23:31:56.536Z D/LiteRtRepository [main] [1] cleanUpListener (native termination safe point)
2026-03-04T23:31:56.536Z D/LiteRtRepository [DefaultDispatcher-worker-1] [1] scheduleResetAfterSafepoint: begin (tag='native-terminated')
2026-03-04T23:31:56.537Z D/LiteRtRepository [DefaultDispatcher-worker-3] [1] resetConversation ok (after safepoint, tag='native-terminated')
2026-03-04T23:31:56.538Z D/LiteRtRepository [DefaultDispatcher-worker-3] [1] scheduleResetAfterSafepoint: end (tag='native-terminated')
2026-03-04T23:31:56.539Z I/AiViewModel [DefaultDispatcher-worker-2] run[1] done: phase=EVAL mode=EVAL_JSON score=30 FU0.len=0 FU0.sha16=none commit=true err=<none>
2026-03-04T23:31:56.541Z I/AiScreen [DefaultDispatcher-worker-2] TWO_STEP shouldRunSecond runId=ai-Q1-202954332-202954332613253 node=Q1 role=MAIN followup_needed=true timedOut=false rawLen=304
2026-03-04T23:31:56.541Z D/SurveyVM [DefaultDispatcher-worker-2] getFollowupPrompt[Q1] -> len=530 evalLen=304
2026-03-04T23:31:56.541Z D/LiteRtRepository [DefaultDispatcher-worker-5] [2] request start: model='Gemma3n4B', prompt.len=1574, sha=b6b97802e4586147, gateWaitMs=0
2026-03-04T23:31:56.542Z D/LiteRtRepository [DefaultDispatcher-worker-5] [2] initializeIfNeeded ok (initMs=0)
2026-03-04T23:31:56.542Z D/LiteRtLM [DefaultDispatcher-worker-5] Cooldown delay: key='Gemma3n4B|/data/user/0/com.negi.survey/files/gemma-3n-E4B-it-int4.litertlm' delay=244ms reason='runInference-start'
2026-03-04T23:31:56.548Z D/AiScreen [main] Step rendered (context=sid=1|nid=Q1 node=Q1 runId=1 phase=EVAL mode=EVAL_JSON showJson=true rawLen=304 followups=0 timedOut=false twoStep=true)
2026-03-04T23:31:56.792Z D/LiteRtLM [DefaultDispatcher-worker-6] resetConversationInternal done: key='Gemma3n4B|/data/user/0/com.negi.survey/files/gemma-3n-E4B-it-int4.litertlm' reason='resetConversation'
2026-03-04T23:31:56.793Z D/LiteRtLM [DefaultDispatcher-worker-6] runInference start: key='Gemma3n4B|/data/user/0/com.negi.survey/files/gemma-3n-E4B-it-int4.litertlm' runId=2 hasText=true textLen=1574 images=0 audioClips=0
2026-03-04T23:31:56.793Z D/LiteRtLM [DefaultDispatcher-worker-6] LiteRT-LM sendMessageAsync(text): key='Gemma3n4B|/data/user/0/com.negi.survey/files/gemma-3n-E4B-it-int4.litertlm' runId=2 len=1574
2026-03-04T23:32:00.199Z D/LiteRtRepository [main] [2] logical done=true (waiting native termination safe point)
2026-03-04T23:32:00.199Z D/LiteRtRepository [main] [2] cleanUpListener (native termination safe point)
2026-03-04T23:32:00.199Z D/LiteRtRepository [DefaultDispatcher-worker-1] [2] scheduleResetAfterSafepoint: begin (tag='native-terminated')
2026-03-04T23:32:00.200Z D/LiteRtRepository [DefaultDispatcher-worker-9] [2] resetConversation ok (after safepoint, tag='native-terminated')
2026-03-04T23:32:00.200Z D/LiteRtRepository [DefaultDispatcher-worker-9] [2] scheduleResetAfterSafepoint: end (tag='native-terminated')
2026-03-04T23:32:00.200Z I/AiViewModel [DefaultDispatcher-worker-1] run[2] done: phase=FOLLOWUP mode=FOLLOWUP_JSON_OR_TEXT score=null FU0.len=96 FU0.sha16=9be6bb82b25ed15d commit=false err=<none>
2026-03-04T23:32:00.212Z I/AiScreen [main] Follow-up persisted (context=sid=1|nid=Q1 node=Q1 runId=2 phase=FOLLOWUP twoStep=true mode=FOLLOWUP_JSON_OR_TEXT len=96 sha6=9be6bb82b25e displayedAsPlain=true)
2026-03-04T23:32:00.212Z D/AiScreen [main] Step rendered (context=sid=1|nid=Q1 node=Q1 runId=2 phase=FOLLOWUP mode=FOLLOWUP_JSON_OR_TEXT showJson=false rawLen=96 followups=1 timedOut=false twoStep=true)
2026-03-04T23:32:00.451Z D/LiteRtLM [DefaultDispatcher-worker-1] resetConversationInternal done: key='Gemma3n4B|/data/user/0/com.negi.survey/files/gemma-3n-E4B-it-int4.litertlm' reason='resetConversation'
2026-03-04T23:34:09.729Z D/SurveyVM [main] push -> Q2, navSize=3, stackSize=3
2026-03-04T23:34:09.739Z D/SurveyVM [main] hasTwoStepPrompt[Q2] -> true (eval=303, fu=240)
2026-03-04T23:34:20.266Z D/SurveyVM [main] hasTwoStepPrompt[Q2] -> true (eval=303, fu=240)
2026-03-04T23:34:20.267Z I/AiScreen [main] Submit begin runId=ai-Q2-203108161-203108161577673 node=Q2 role=MAIN isTwoStep=true sessionId=1 surveyUuid=5a476eac-1535-4bae-902f-dbc1c171ebf6 qLen=117 aLen=37 qSha6=d1f50afa1fda aSha6=eac8c1ff19a0
2026-03-04T23:34:20.267Z D/SurveyVM [main] getEvalPrompt[Q2] -> len=435
2026-03-04T23:34:20.267Z I/AiScreen [main] Submit end runId=ai-Q2-203108161-203108161577673 node=Q2 elapsed=1ms
2026-03-04T23:34:20.268Z D/LiteRtRepository [DefaultDispatcher-worker-1] [3] request start: model='Gemma3n4B', prompt.len=1579, sha=cae9c35f6e33a875, gateWaitMs=1
2026-03-04T23:34:20.269Z D/LiteRtRepository [DefaultDispatcher-worker-5] [3] initializeIfNeeded ok (initMs=0)
2026-03-04T23:34:20.269Z D/LiteRtLM [DefaultDispatcher-worker-1] runInference start: key='Gemma3n4B|/data/user/0/com.negi.survey/files/gemma-3n-E4B-it-int4.litertlm' runId=3 hasText=true textLen=1579 images=0 audioClips=0
2026-03-04T23:34:20.269Z D/LiteRtLM [DefaultDispatcher-worker-1] LiteRT-LM sendMessageAsync(text): key='Gemma3n4B|/data/user/0/com.negi.survey/files/gemma-3n-E4B-it-int4.litertlm' runId=3 len=1579
2026-03-04T23:34:28.314Z D/LiteRtRepository [main] [3] logical done=true (waiting native termination safe point)
2026-03-04T23:34:28.315Z D/LiteRtRepository [main] [3] cleanUpListener (native termination safe point)
2026-03-04T23:34:28.315Z D/LiteRtRepository [DefaultDispatcher-worker-6] [3] scheduleResetAfterSafepoint: begin (tag='native-terminated')
2026-03-04T23:34:28.315Z D/LiteRtRepository [DefaultDispatcher-worker-7] [3] resetConversation ok (after safepoint, tag='native-terminated')
2026-03-04T23:34:28.316Z D/LiteRtRepository [DefaultDispatcher-worker-7] [3] scheduleResetAfterSafepoint: end (tag='native-terminated')
2026-03-04T23:34:28.317Z I/AiViewModel [DefaultDispatcher-worker-6] run[3] done: phase=EVAL mode=EVAL_JSON score=30 FU0.len=0 FU0.sha16=none commit=true err=<none>
2026-03-04T23:34:28.317Z I/AiScreen [DefaultDispatcher-worker-6] TWO_STEP shouldRunSecond runId=ai-Q2-203108161-203108161577673 node=Q2 role=MAIN followup_needed=true timedOut=false rawLen=275
2026-03-04T23:34:28.317Z D/SurveyVM [DefaultDispatcher-worker-6] getFollowupPrompt[Q2] -> len=501 evalLen=275
2026-03-04T23:34:28.318Z D/LiteRtRepository [DefaultDispatcher-worker-1] [4] request start: model='Gemma3n4B', prompt.len=1545, sha=ed3f3ca34fbebdb3, gateWaitMs=0
2026-03-04T23:34:28.318Z D/LiteRtRepository [DefaultDispatcher-worker-5] [4] initializeIfNeeded ok (initMs=0)
2026-03-04T23:34:28.318Z D/LiteRtLM [DefaultDispatcher-worker-5] Cooldown delay: key='Gemma3n4B|/data/user/0/com.negi.survey/files/gemma-3n-E4B-it-int4.litertlm' delay=245ms reason='runInference-start'
2026-03-04T23:34:28.324Z D/AiScreen [main] Step rendered (context=sid=1|nid=Q2 node=Q2 runId=3 phase=EVAL mode=EVAL_JSON showJson=true rawLen=275 followups=0 timedOut=false twoStep=true)
2026-03-04T23:34:28.567Z D/LiteRtLM [DefaultDispatcher-worker-5] resetConversationInternal done: key='Gemma3n4B|/data/user/0/com.negi.survey/files/gemma-3n-E4B-it-int4.litertlm' reason='resetConversation'
2026-03-04T23:34:28.567Z D/LiteRtLM [DefaultDispatcher-worker-5] runInference start: key='Gemma3n4B|/data/user/0/com.negi.survey/files/gemma-3n-E4B-it-int4.litertlm' runId=4 hasText=true textLen=1545 images=0 audioClips=0
2026-03-04T23:34:28.567Z D/LiteRtLM [DefaultDispatcher-worker-5] LiteRT-LM sendMessageAsync(text): key='Gemma3n4B|/data/user/0/com.negi.survey/files/gemma-3n-E4B-it-int4.litertlm' runId=4 len=1545
2026-03-04T23:34:31.087Z D/LiteRtRepository [main] [4] logical done=true (waiting native termination safe point)
2026-03-04T23:34:31.087Z D/LiteRtRepository [main] [4] cleanUpListener (native termination safe point)
2026-03-04T23:34:31.088Z D/LiteRtRepository [DefaultDispatcher-worker-7] [4] scheduleResetAfterSafepoint: begin (tag='native-terminated')
2026-03-04T23:34:31.090Z I/AiViewModel [DefaultDispatcher-worker-5] run[4] done: phase=FOLLOWUP mode=FOLLOWUP_JSON_OR_TEXT score=null FU0.len=66 FU0.sha16=25eca8aff8f37565 commit=false err=<none>
2026-03-04T23:34:31.091Z D/LiteRtRepository [DefaultDispatcher-worker-7] [4] resetConversation ok (after safepoint, tag='native-terminated')
2026-03-04T23:34:31.091Z D/LiteRtRepository [DefaultDispatcher-worker-7] [4] scheduleResetAfterSafepoint: end (tag='native-terminated')
2026-03-04T23:34:31.101Z I/AiScreen [main] Follow-up persisted (context=sid=1|nid=Q2 node=Q2 runId=4 phase=FOLLOWUP twoStep=true mode=FOLLOWUP_JSON_OR_TEXT len=66 sha6=25eca8aff8f3 displayedAsPlain=true)
2026-03-04T23:34:31.101Z D/AiScreen [main] Step rendered (context=sid=1|nid=Q2 node=Q2 runId=4 phase=FOLLOWUP mode=FOLLOWUP_JSON_OR_TEXT showJson=false rawLen=66 followups=1 timedOut=false twoStep=true)
2026-03-04T23:34:31.343Z D/LiteRtLM [DefaultDispatcher-worker-5] resetConversationInternal done: key='Gemma3n4B|/data/user/0/com.negi.survey/files/gemma-3n-E4B-it-int4.litertlm' reason='resetConversation'
2026-03-04T23:35:12.982Z D/SurveyVM [main] push -> Q3, navSize=4, stackSize=4
2026-03-04T23:35:12.986Z D/SurveyVM [main] hasTwoStepPrompt[Q3] -> true (eval=303, fu=240)
2026-03-04T23:35:27.550Z D/SurveyVM [main] hasTwoStepPrompt[Q3] -> true (eval=303, fu=240)
2026-03-04T23:35:27.551Z I/AiScreen [main] Submit begin runId=ai-Q3-203175445-203175445606918 node=Q3 role=MAIN isTwoStep=true sessionId=1 surveyUuid=5a476eac-1535-4bae-902f-dbc1c171ebf6 qLen=231 aLen=71 qSha6=1a8a3a5acded aSha6=acee63d03455
2026-03-04T23:35:27.551Z D/SurveyVM [main] getEvalPrompt[Q3] -> len=583
2026-03-04T23:35:27.551Z I/AiScreen [main] Submit end runId=ai-Q3-203175445-203175445606918 node=Q3 elapsed=1ms
2026-03-04T23:35:27.552Z D/LiteRtRepository [DefaultDispatcher-worker-1] [5] request start: model='Gemma3n4B', prompt.len=1727, sha=79516af28282256e, gateWaitMs=0
2026-03-04T23:35:27.552Z D/LiteRtRepository [DefaultDispatcher-worker-5] [5] initializeIfNeeded ok (initMs=0)
2026-03-04T23:35:27.553Z D/LiteRtLM [DefaultDispatcher-worker-1] runInference start: key='Gemma3n4B|/data/user/0/com.negi.survey/files/gemma-3n-E4B-it-int4.litertlm' runId=5 hasText=true textLen=1727 images=0 audioClips=0
2026-03-04T23:35:27.553Z D/LiteRtLM [DefaultDispatcher-worker-1] LiteRT-LM sendMessageAsync(text): key='Gemma3n4B|/data/user/0/com.negi.survey/files/gemma-3n-E4B-it-int4.litertlm' runId=5 len=1727
2026-03-04T23:35:37.473Z D/LiteRtRepository [main] [5] logical done=true (waiting native termination safe point)
2026-03-04T23:35:37.473Z D/LiteRtRepository [main] [5] cleanUpListener (native termination safe point)
2026-03-04T23:35:37.473Z D/LiteRtRepository [DefaultDispatcher-worker-7] [5] scheduleResetAfterSafepoint: begin (tag='native-terminated')
2026-03-04T23:35:37.474Z D/LiteRtRepository [DefaultDispatcher-worker-2] [5] resetConversation ok (after safepoint, tag='native-terminated')
2026-03-04T23:35:37.474Z D/LiteRtRepository [DefaultDispatcher-worker-2] [5] scheduleResetAfterSafepoint: end (tag='native-terminated')
2026-03-04T23:35:37.475Z I/AiViewModel [DefaultDispatcher-worker-4] run[5] done: phase=EVAL mode=EVAL_JSON score=65 FU0.len=135 FU0.sha16=cbeaa63efa8b9bdf commit=true err=<none>
2026-03-04T23:35:37.475Z I/AiScreen [DefaultDispatcher-worker-4] TWO_STEP shouldRunSecond runId=ai-Q3-203175445-203175445606918 node=Q3 role=MAIN followup_needed=true timedOut=false rawLen=314
2026-03-04T23:35:37.476Z D/SurveyVM [DefaultDispatcher-worker-4] getFollowupPrompt[Q3] -> len=540 evalLen=314
2026-03-04T23:35:37.476Z D/LiteRtRepository [DefaultDispatcher-worker-5] [6] request start: model='Gemma3n4B', prompt.len=1584, sha=70f470a801ce41da, gateWaitMs=0
2026-03-04T23:35:37.477Z D/LiteRtRepository [DefaultDispatcher-worker-4] [6] initializeIfNeeded ok (initMs=1)
2026-03-04T23:35:37.477Z D/LiteRtLM [DefaultDispatcher-worker-4] Cooldown delay: key='Gemma3n4B|/data/user/0/com.negi.survey/files/gemma-3n-E4B-it-int4.litertlm' delay=246ms reason='runInference-start'
2026-03-04T23:35:37.479Z D/AiScreen [main] Step rendered (context=sid=1|nid=Q3 node=Q3 runId=5 phase=EVAL mode=EVAL_JSON showJson=true rawLen=314 followups=1 timedOut=false twoStep=true)
2026-03-04T23:35:37.727Z D/LiteRtLM [DefaultDispatcher-worker-5] resetConversationInternal done: key='Gemma3n4B|/data/user/0/com.negi.survey/files/gemma-3n-E4B-it-int4.litertlm' reason='resetConversation'
2026-03-04T23:35:37.727Z D/LiteRtLM [DefaultDispatcher-worker-5] runInference start: key='Gemma3n4B|/data/user/0/com.negi.survey/files/gemma-3n-E4B-it-int4.litertlm' runId=6 hasText=true textLen=1584 images=0 audioClips=0
2026-03-04T23:35:37.727Z D/LiteRtLM [DefaultDispatcher-worker-5] LiteRT-LM sendMessageAsync(text): key='Gemma3n4B|/data/user/0/com.negi.survey/files/gemma-3n-E4B-it-int4.litertlm' runId=6 len=1584
2026-03-04T23:35:40.895Z D/LiteRtRepository [main] [6] logical done=true (waiting native termination safe point)
2026-03-04T23:35:40.895Z D/LiteRtRepository [main] [6] cleanUpListener (native termination safe point)
2026-03-04T23:35:40.895Z D/LiteRtRepository [DefaultDispatcher-worker-8] [6] scheduleResetAfterSafepoint: begin (tag='native-terminated')
2026-03-04T23:35:40.896Z D/LiteRtRepository [DefaultDispatcher-worker-6] [6] resetConversation ok (after safepoint, tag='native-terminated')
2026-03-04T23:35:40.896Z D/LiteRtRepository [DefaultDispatcher-worker-6] [6] scheduleResetAfterSafepoint: end (tag='native-terminated')
2026-03-04T23:35:40.896Z I/AiViewModel [DefaultDispatcher-worker-9] run[6] done: phase=FOLLOWUP mode=FOLLOWUP_JSON_OR_TEXT score=null FU0.len=87 FU0.sha16=efee6dc6ff5ef89d commit=false err=<none>
2026-03-04T23:35:40.906Z I/AiScreen [main] Follow-up persisted (context=sid=1|nid=Q3 node=Q3 runId=6 phase=FOLLOWUP twoStep=true mode=FOLLOWUP_JSON_OR_TEXT len=87 sha6=efee6dc6ff5e displayedAsPlain=true)
2026-03-04T23:35:40.906Z D/AiScreen [main] Step rendered (context=sid=1|nid=Q3 node=Q3 runId=6 phase=FOLLOWUP mode=FOLLOWUP_JSON_OR_TEXT showJson=false rawLen=87 followups=1 timedOut=false twoStep=true)
2026-03-04T23:35:41.148Z D/LiteRtLM [DefaultDispatcher-worker-9] resetConversationInternal done: key='Gemma3n4B|/data/user/0/com.negi.survey/files/gemma-3n-E4B-it-int4.litertlm' reason='resetConversation'
2026-03-04T23:36:28.082Z D/SurveyVM [main] push -> Q4, navSize=5, stackSize=5
2026-03-04T23:36:28.090Z D/SurveyVM [main] hasTwoStepPrompt[Q4] -> true (eval=303, fu=240)
2026-03-04T23:36:50.110Z D/SurveyVM [main] hasTwoStepPrompt[Q4] -> true (eval=303, fu=240)
2026-03-04T23:36:50.110Z I/AiScreen [main] Submit begin runId=ai-Q4-203258004-203258004845741 node=Q4 role=MAIN isTwoStep=true sessionId=1 surveyUuid=5a476eac-1535-4bae-902f-dbc1c171ebf6 qLen=249 aLen=49 qSha6=893885566c1a aSha6=c791d8ca6279
2026-03-04T23:36:50.110Z D/SurveyVM [main] getEvalPrompt[Q4] -> len=579
2026-03-04T23:36:50.110Z I/AiScreen [main] Submit end runId=ai-Q4-203258004-203258004845741 node=Q4 elapsed=1ms
2026-03-04T23:36:50.111Z D/LiteRtRepository [DefaultDispatcher-worker-5] [7] request start: model='Gemma3n4B', prompt.len=1723, sha=34df2cb126716f9e, gateWaitMs=0
2026-03-04T23:36:50.112Z D/LiteRtRepository [DefaultDispatcher-worker-4] [7] initializeIfNeeded ok (initMs=0)
2026-03-04T23:36:50.112Z D/LiteRtLM [DefaultDispatcher-worker-5] runInference start: key='Gemma3n4B|/data/user/0/com.negi.survey/files/gemma-3n-E4B-it-int4.litertlm' runId=7 hasText=true textLen=1723 images=0 audioClips=0
2026-03-04T23:36:50.113Z D/LiteRtLM [DefaultDispatcher-worker-5] LiteRT-LM sendMessageAsync(text): key='Gemma3n4B|/data/user/0/com.negi.survey/files/gemma-3n-E4B-it-int4.litertlm' runId=7 len=1723
2026-03-04T23:37:00.641Z D/LiteRtRepository [main] [7] logical done=true (waiting native termination safe point)
2026-03-04T23:37:00.641Z D/LiteRtRepository [main] [7] cleanUpListener (native termination safe point)
2026-03-04T23:37:00.642Z D/LiteRtRepository [DefaultDispatcher-worker-6] [7] scheduleResetAfterSafepoint: begin (tag='native-terminated')
2026-03-04T23:37:00.643Z D/LiteRtRepository [DefaultDispatcher-worker-5] [7] resetConversation ok (after safepoint, tag='native-terminated')
2026-03-04T23:37:00.643Z D/LiteRtRepository [DefaultDispatcher-worker-5] [7] scheduleResetAfterSafepoint: end (tag='native-terminated')
2026-03-04T23:37:00.644Z I/AiViewModel [DefaultDispatcher-worker-6] run[7] done: phase=EVAL mode=EVAL_JSON score=65 FU0.len=0 FU0.sha16=none commit=true err=<none>
2026-03-04T23:37:00.644Z I/AiScreen [DefaultDispatcher-worker-6] TWO_STEP shouldRunSecond runId=ai-Q4-203258004-203258004845741 node=Q4 role=MAIN followup_needed=true timedOut=false rawLen=366
2026-03-04T23:37:00.644Z D/SurveyVM [DefaultDispatcher-worker-6] getFollowupPrompt[Q4] -> len=592 evalLen=366
2026-03-04T23:37:00.645Z D/LiteRtRepository [DefaultDispatcher-worker-6] [8] request start: model='Gemma3n4B', prompt.len=1636, sha=00f3a776a34ce245, gateWaitMs=0
2026-03-04T23:37:00.646Z D/LiteRtRepository [DefaultDispatcher-worker-6] [8] initializeIfNeeded ok (initMs=1)
2026-03-04T23:37:00.646Z D/LiteRtLM [DefaultDispatcher-worker-6] Cooldown delay: key='Gemma3n4B|/data/user/0/com.negi.survey/files/gemma-3n-E4B-it-int4.litertlm' delay=245ms reason='runInference-start'
2026-03-04T23:37:00.646Z D/AiScreen [main] Step rendered (context=sid=1|nid=Q4 node=Q4 runId=7 phase=EVAL mode=EVAL_JSON showJson=true rawLen=366 followups=0 timedOut=false twoStep=true)
2026-03-04T23:37:00.896Z D/LiteRtLM [DefaultDispatcher-worker-4] resetConversationInternal done: key='Gemma3n4B|/data/user/0/com.negi.survey/files/gemma-3n-E4B-it-int4.litertlm' reason='resetConversation'
2026-03-04T23:37:00.896Z D/LiteRtLM [DefaultDispatcher-worker-4] runInference start: key='Gemma3n4B|/data/user/0/com.negi.survey/files/gemma-3n-E4B-it-int4.litertlm' runId=8 hasText=true textLen=1636 images=0 audioClips=0
2026-03-04T23:37:00.896Z D/LiteRtLM [DefaultDispatcher-worker-4] LiteRT-LM sendMessageAsync(text): key='Gemma3n4B|/data/user/0/com.negi.survey/files/gemma-3n-E4B-it-int4.litertlm' runId=8 len=1636
2026-03-04T23:37:04.729Z D/LiteRtRepository [main] [8] logical done=true (waiting native termination safe point)
2026-03-04T23:37:04.729Z D/LiteRtRepository [main] [8] cleanUpListener (native termination safe point)
2026-03-04T23:37:04.730Z D/LiteRtRepository [DefaultDispatcher-worker-6] [8] scheduleResetAfterSafepoint: begin (tag='native-terminated')
2026-03-04T23:37:04.730Z D/LiteRtRepository [DefaultDispatcher-worker-6] [8] resetConversation ok (after safepoint, tag='native-terminated')
2026-03-04T23:37:04.730Z D/LiteRtRepository [DefaultDispatcher-worker-6] [8] scheduleResetAfterSafepoint: end (tag='native-terminated')
2026-03-04T23:37:04.731Z I/AiViewModel [DefaultDispatcher-worker-5] run[8] done: phase=FOLLOWUP mode=FOLLOWUP_JSON_OR_TEXT score=null FU0.len=124 FU0.sha16=7a5ced5e74488587 commit=false err=<none>
2026-03-04T23:37:04.741Z I/AiScreen [main] Follow-up persisted (context=sid=1|nid=Q4 node=Q4 runId=8 phase=FOLLOWUP twoStep=true mode=FOLLOWUP_JSON_OR_TEXT len=124 sha6=7a5ced5e7448 displayedAsPlain=true)
2026-03-04T23:37:04.741Z D/AiScreen [main] Step rendered (context=sid=1|nid=Q4 node=Q4 runId=8 phase=FOLLOWUP mode=FOLLOWUP_JSON_OR_TEXT showJson=false rawLen=124 followups=1 timedOut=false twoStep=true)
2026-03-04T23:37:04.983Z D/LiteRtLM [DefaultDispatcher-worker-5] resetConversationInternal done: key='Gemma3n4B|/data/user/0/com.negi.survey/files/gemma-3n-E4B-it-int4.litertlm' reason='resetConversation'
2026-03-04T23:37:57.299Z D/SurveyVM [main] push -> Q5, navSize=6, stackSize=6
2026-03-04T23:37:57.306Z D/SurveyVM [main] hasTwoStepPrompt[Q5] -> true (eval=303, fu=240)
2026-03-04T23:38:38.030Z D/SurveyVM [main] hasTwoStepPrompt[Q5] -> true (eval=303, fu=240)
2026-03-04T23:38:38.031Z I/AiScreen [main] Submit begin runId=ai-Q5-203365925-203365925668408 node=Q5 role=MAIN isTwoStep=true sessionId=1 surveyUuid=5a476eac-1535-4bae-902f-dbc1c171ebf6 qLen=173 aLen=38 qSha6=080d6c0eab17 aSha6=7ba3cf155fa3
2026-03-04T23:38:38.031Z D/SurveyVM [main] getEvalPrompt[Q5] -> len=492
2026-03-04T23:38:38.031Z I/AiScreen [main] Submit end runId=ai-Q5-203365925-203365925668408 node=Q5 elapsed=1ms
2026-03-04T23:38:38.032Z D/LiteRtRepository [DefaultDispatcher-worker-5] [9] request start: model='Gemma3n4B', prompt.len=1636, sha=29482e6372f6c616, gateWaitMs=0
2026-03-04T23:38:38.032Z D/LiteRtRepository [DefaultDispatcher-worker-2] [9] initializeIfNeeded ok (initMs=1)
2026-03-04T23:38:38.034Z D/LiteRtLM [DefaultDispatcher-worker-4] runInference start: key='Gemma3n4B|/data/user/0/com.negi.survey/files/gemma-3n-E4B-it-int4.litertlm' runId=9 hasText=true textLen=1636 images=0 audioClips=0
2026-03-04T23:38:38.034Z D/LiteRtLM [DefaultDispatcher-worker-4] LiteRT-LM sendMessageAsync(text): key='Gemma3n4B|/data/user/0/com.negi.survey/files/gemma-3n-E4B-it-int4.litertlm' runId=9 len=1636
2026-03-04T23:38:38.308Z W/LiteRtRepository [DefaultDispatcher-worker-4] [9] awaitClose: collector cancelled -> SLM.cancel requested (gateActive=false)
2026-03-04T23:38:38.308Z D/SurveyVM [main] push -> Q6, navSize=7, stackSize=7
2026-03-04T23:38:38.309Z I/AiScreen [DefaultDispatcher-worker-3] TWO_STEP shouldRunSecond runId=ai-Q5-203365925-203365925668408 node=Q5 role=MAIN followup_needed=false timedOut=false rawLen=0
2026-03-04T23:38:38.310Z D/SurveyVM [main] hasTwoStepPrompt[Q6] -> true (eval=303, fu=240)
2026-03-04T23:38:38.310Z W/LiteRtLM [DefaultDispatcher-worker-2] Hard-close watchdog started: key='Gemma3n4B|/data/user/0/com.negi.survey/files/gemma-3n-E4B-it-int4.litertlm' reason='logicalCancel' timeout=15000ms
2026-03-04T23:38:38.319Z D/LiteRtRepository [main] [9] logical done=true (waiting native termination safe point)
2026-03-04T23:38:38.698Z D/LiteRtLM [Thread-553] LiteRT-LM inference cancelled: key='Gemma3n4B|/data/user/0/com.negi.survey/files/gemma-3n-E4B-it-int4.litertlm' runId=9
2026-03-04T23:38:38.716Z D/LiteRtRepository [main] [9] cleanUpListener (native termination safe point)
2026-03-04T23:38:38.716Z D/LiteRtRepository [DefaultDispatcher-worker-4] [9] scheduleResetAfterSafepoint: begin (tag='native-terminated')
2026-03-04T23:38:38.717Z D/LiteRtRepository [DefaultDispatcher-worker-4] [9] resetConversation ok (after safepoint, tag='native-terminated')
2026-03-04T23:38:38.717Z D/LiteRtRepository [DefaultDispatcher-worker-4] [9] scheduleResetAfterSafepoint: end (tag='native-terminated')
2026-03-04T23:38:38.970Z D/LiteRtLM [DefaultDispatcher-worker-2] resetConversationInternal done: key='Gemma3n4B|/data/user/0/com.negi.survey/files/gemma-3n-E4B-it-int4.litertlm' reason='resetConversation'
2026-03-04T23:38:39.060Z D/LiteRtLM [DefaultDispatcher-worker-2] Hard-close watchdog exit: key='Gemma3n4B|/data/user/0/com.negi.survey/files/gemma-3n-E4B-it-int4.litertlm' already terminated
2026-03-04T23:39:13.334Z D/SurveyVM [main] backToPrevious -> Q5 (runActive=true, uiLen=49, runLen=49, draftLen=0)
2026-03-04T23:39:13.337Z D/SurveyVM [main] hasTwoStepPrompt[Q5] -> true (eval=303, fu=240)
2026-03-04T23:39:29.519Z D/SurveyVM [main] hasTwoStepPrompt[Q5] -> true (eval=303, fu=240)
2026-03-04T23:39:29.519Z I/AiScreen [main] Submit begin runId=ai-Q5-203417413-203417413971462 node=Q5 role=MAIN isTwoStep=true sessionId=1 surveyUuid=5a476eac-1535-4bae-902f-dbc1c171ebf6 qLen=173 aLen=41 qSha6=080d6c0eab17 aSha6=b5f2cd02772a
2026-03-04T23:39:29.519Z D/SurveyVM [main] getEvalPrompt[Q5] -> len=495
2026-03-04T23:39:29.519Z I/AiScreen [main] Submit end runId=ai-Q5-203417413-203417413971462 node=Q5 elapsed=1ms
2026-03-04T23:39:29.520Z D/LiteRtRepository [DefaultDispatcher-worker-2] [10] request start: model='Gemma3n4B', prompt.len=1639, sha=4b6634512083c6b6, gateWaitMs=0
2026-03-04T23:39:29.521Z D/LiteRtRepository [DefaultDispatcher-worker-3] [10] initializeIfNeeded ok (initMs=1)
2026-03-04T23:39:29.521Z D/LiteRtLM [DefaultDispatcher-worker-2] runInference start: key='Gemma3n4B|/data/user/0/com.negi.survey/files/gemma-3n-E4B-it-int4.litertlm' runId=10 hasText=true textLen=1639 images=0 audioClips=0
2026-03-04T23:39:29.521Z D/LiteRtLM [DefaultDispatcher-worker-2] LiteRT-LM sendMessageAsync(text): key='Gemma3n4B|/data/user/0/com.negi.survey/files/gemma-3n-E4B-it-int4.litertlm' runId=10 len=1639
2026-03-04T23:39:36.382Z D/LiteRtRepository [main] [10] logical done=true (waiting native termination safe point)
2026-03-04T23:39:36.382Z D/LiteRtRepository [main] [10] cleanUpListener (native termination safe point)
2026-03-04T23:39:36.383Z D/LiteRtRepository [DefaultDispatcher-worker-2] [10] scheduleResetAfterSafepoint: begin (tag='native-terminated')
2026-03-04T23:39:36.383Z D/LiteRtRepository [DefaultDispatcher-worker-4] [10] resetConversation ok (after safepoint, tag='native-terminated')
2026-03-04T23:39:36.384Z D/LiteRtRepository [DefaultDispatcher-worker-4] [10] scheduleResetAfterSafepoint: end (tag='native-terminated')
2026-03-04T23:39:36.384Z I/AiViewModel [DefaultDispatcher-worker-1] run[10] done: phase=EVAL mode=EVAL_JSON score=75 FU0.len=106 FU0.sha16=afc262ea8b7a41b4 commit=true err=<none>
2026-03-04T23:39:36.385Z I/AiScreen [DefaultDispatcher-worker-1] TWO_STEP shouldRunSecond runId=ai-Q5-203417413-203417413971462 node=Q5 role=MAIN followup_needed=true timedOut=false rawLen=237
2026-03-04T23:39:36.385Z D/SurveyVM [DefaultDispatcher-worker-1] getFollowupPrompt[Q5] -> len=463 evalLen=237
2026-03-04T23:39:36.386Z D/LiteRtRepository [DefaultDispatcher-worker-1] [11] request start: model='Gemma3n4B', prompt.len=1507, sha=8883023490c3d14c, gateWaitMs=0
2026-03-04T23:39:36.387Z D/LiteRtRepository [DefaultDispatcher-worker-6] [11] initializeIfNeeded ok (initMs=1)
2026-03-04T23:39:36.387Z D/LiteRtLM [DefaultDispatcher-worker-6] Cooldown delay: key='Gemma3n4B|/data/user/0/com.negi.survey/files/gemma-3n-E4B-it-int4.litertlm' delay=245ms reason='runInference-start'
2026-03-04T23:39:36.388Z D/AiScreen [main] Step rendered (context=sid=1|nid=Q5 node=Q5 runId=10 phase=EVAL mode=EVAL_JSON showJson=true rawLen=237 followups=1 timedOut=false twoStep=true)
2026-03-04T23:39:36.636Z D/LiteRtLM [DefaultDispatcher-worker-1] resetConversationInternal done: key='Gemma3n4B|/data/user/0/com.negi.survey/files/gemma-3n-E4B-it-int4.litertlm' reason='resetConversation'
2026-03-04T23:39:36.636Z D/LiteRtLM [DefaultDispatcher-worker-1] runInference start: key='Gemma3n4B|/data/user/0/com.negi.survey/files/gemma-3n-E4B-it-int4.litertlm' runId=11 hasText=true textLen=1507 images=0 audioClips=0
2026-03-04T23:39:36.637Z D/LiteRtLM [DefaultDispatcher-worker-1] LiteRT-LM sendMessageAsync(text): key='Gemma3n4B|/data/user/0/com.negi.survey/files/gemma-3n-E4B-it-int4.litertlm' runId=11 len=1507
2026-03-04T23:39:38.776Z D/LiteRtRepository [main] [11] logical done=true (waiting native termination safe point)
2026-03-04T23:39:38.776Z D/LiteRtRepository [main] [11] cleanUpListener (native termination safe point)
2026-03-04T23:39:38.777Z D/LiteRtRepository [DefaultDispatcher-worker-2] [11] scheduleResetAfterSafepoint: begin (tag='native-terminated')
2026-03-04T23:39:38.777Z D/LiteRtRepository [DefaultDispatcher-worker-1] [11] resetConversation ok (after safepoint, tag='native-terminated')
2026-03-04T23:39:38.777Z D/LiteRtRepository [DefaultDispatcher-worker-1] [11] scheduleResetAfterSafepoint: end (tag='native-terminated')
2026-03-04T23:39:38.777Z I/AiViewModel [DefaultDispatcher-worker-8] run[11] done: phase=FOLLOWUP mode=FOLLOWUP_JSON_OR_TEXT score=null FU0.len=58 FU0.sha16=5f35d316f1c50f25 commit=false err=<none>
2026-03-04T23:39:38.791Z I/AiScreen [main] Follow-up persisted (context=sid=1|nid=Q5 node=Q5 runId=11 phase=FOLLOWUP twoStep=true mode=FOLLOWUP_JSON_OR_TEXT len=58 sha6=5f35d316f1c5 displayedAsPlain=true)
2026-03-04T23:39:38.791Z D/AiScreen [main] Step rendered (context=sid=1|nid=Q5 node=Q5 runId=11 phase=FOLLOWUP mode=FOLLOWUP_JSON_OR_TEXT showJson=false rawLen=58 followups=1 timedOut=false twoStep=true)
2026-03-04T23:39:39.030Z D/LiteRtLM [DefaultDispatcher-worker-8] resetConversationInternal done: key='Gemma3n4B|/data/user/0/com.negi.survey/files/gemma-3n-E4B-it-int4.litertlm' reason='resetConversation'
2026-03-04T23:39:48.765Z D/SurveyVM [main] push -> Q6, navSize=7, stackSize=7
2026-03-04T23:39:48.767Z D/SurveyVM [main] hasTwoStepPrompt[Q6] -> true (eval=303, fu=240)
2026-03-04T23:39:57.332Z D/SurveyVM [main] hasTwoStepPrompt[Q6] -> true (eval=303, fu=240)
2026-03-04T23:39:57.332Z I/AiScreen [main] Submit begin runId=ai-Q6-203445227-203445227142441 node=Q6 role=MAIN isTwoStep=true sessionId=1 surveyUuid=5a476eac-1535-4bae-902f-dbc1c171ebf6 qLen=218 aLen=36 qSha6=589738ba6ec0 aSha6=d1f6beefd993
2026-03-04T23:39:57.332Z D/SurveyVM [main] getEvalPrompt[Q6] -> len=535
2026-03-04T23:39:57.333Z I/AiScreen [main] Submit end runId=ai-Q6-203445227-203445227142441 node=Q6 elapsed=0ms
2026-03-04T23:39:57.334Z D/LiteRtRepository [DefaultDispatcher-worker-7] [12] request start: model='Gemma3n4B', prompt.len=1679, sha=0e05c6d3d741c888, gateWaitMs=0
2026-03-04T23:39:57.334Z D/LiteRtRepository [DefaultDispatcher-worker-8] [12] initializeIfNeeded ok (initMs=1)
2026-03-04T23:39:57.335Z D/LiteRtLM [DefaultDispatcher-worker-8] runInference start: key='Gemma3n4B|/data/user/0/com.negi.survey/files/gemma-3n-E4B-it-int4.litertlm' runId=12 hasText=true textLen=1679 images=0 audioClips=0
2026-03-04T23:39:57.335Z D/LiteRtLM [DefaultDispatcher-worker-8] LiteRT-LM sendMessageAsync(text): key='Gemma3n4B|/data/user/0/com.negi.survey/files/gemma-3n-E4B-it-int4.litertlm' runId=12 len=1679
2026-03-04T23:40:06.291Z D/LiteRtRepository [main] [12] logical done=true (waiting native termination safe point)
2026-03-04T23:40:06.291Z D/LiteRtRepository [main] [12] cleanUpListener (native termination safe point)
2026-03-04T23:40:06.291Z D/LiteRtRepository [DefaultDispatcher-worker-1] [12] scheduleResetAfterSafepoint: begin (tag='native-terminated')
2026-03-04T23:40:06.292Z D/LiteRtRepository [DefaultDispatcher-worker-6] [12] resetConversation ok (after safepoint, tag='native-terminated')
2026-03-04T23:40:06.292Z D/LiteRtRepository [DefaultDispatcher-worker-6] [12] scheduleResetAfterSafepoint: end (tag='native-terminated')
2026-03-04T23:40:06.292Z I/AiViewModel [DefaultDispatcher-worker-7] run[12] done: phase=EVAL mode=EVAL_JSON score=65 FU0.len=102 FU0.sha16=dc8f1c7e2fbcd58f commit=true err=<none>
2026-03-04T23:40:06.293Z I/AiScreen [DefaultDispatcher-worker-7] TWO_STEP shouldRunSecond runId=ai-Q6-203445227-203445227142441 node=Q6 role=MAIN followup_needed=true timedOut=false rawLen=292
2026-03-04T23:40:06.293Z D/SurveyVM [DefaultDispatcher-worker-7] getFollowupPrompt[Q6] -> len=518 evalLen=292
2026-03-04T23:40:06.293Z D/LiteRtRepository [DefaultDispatcher-worker-6] [13] request start: model='Gemma3n4B', prompt.len=1562, sha=7d2bbf7cc81be7cf, gateWaitMs=0
2026-03-04T23:40:06.294Z D/LiteRtRepository [DefaultDispatcher-worker-7] [13] initializeIfNeeded ok (initMs=1)
2026-03-04T23:40:06.294Z D/LiteRtLM [DefaultDispatcher-worker-7] Cooldown delay: key='Gemma3n4B|/data/user/0/com.negi.survey/files/gemma-3n-E4B-it-int4.litertlm' delay=246ms reason='runInference-start'
2026-03-04T23:40:06.296Z D/AiScreen [main] Step rendered (context=sid=1|nid=Q6 node=Q6 runId=12 phase=EVAL mode=EVAL_JSON showJson=true rawLen=292 followups=1 timedOut=false twoStep=true)
2026-03-04T23:40:06.544Z D/LiteRtLM [DefaultDispatcher-worker-2] resetConversationInternal done: key='Gemma3n4B|/data/user/0/com.negi.survey/files/gemma-3n-E4B-it-int4.litertlm' reason='resetConversation'
2026-03-04T23:40:06.544Z D/LiteRtLM [DefaultDispatcher-worker-2] runInference start: key='Gemma3n4B|/data/user/0/com.negi.survey/files/gemma-3n-E4B-it-int4.litertlm' runId=13 hasText=true textLen=1562 images=0 audioClips=0
2026-03-04T23:40:06.545Z D/LiteRtLM [DefaultDispatcher-worker-2] LiteRT-LM sendMessageAsync(text): key='Gemma3n4B|/data/user/0/com.negi.survey/files/gemma-3n-E4B-it-int4.litertlm' runId=13 len=1562
2026-03-04T23:40:08.842Z D/LiteRtRepository [main] [13] logical done=true (waiting native termination safe point)
2026-03-04T23:40:08.842Z D/LiteRtRepository [main] [13] cleanUpListener (native termination safe point)
2026-03-04T23:40:08.843Z D/LiteRtRepository [DefaultDispatcher-worker-6] [13] scheduleResetAfterSafepoint: begin (tag='native-terminated')
2026-03-04T23:40:08.843Z D/LiteRtRepository [DefaultDispatcher-worker-8] [13] resetConversation ok (after safepoint, tag='native-terminated')
2026-03-04T23:40:08.843Z D/LiteRtRepository [DefaultDispatcher-worker-8] [13] scheduleResetAfterSafepoint: end (tag='native-terminated')
2026-03-04T23:40:08.844Z I/AiViewModel [DefaultDispatcher-worker-1] run[13] done: phase=FOLLOWUP mode=FOLLOWUP_JSON_OR_TEXT score=null FU0.len=54 FU0.sha16=f9d0fe7a63a7cb4d commit=false err=<none>
2026-03-04T23:40:08.858Z I/AiScreen [main] Follow-up persisted (context=sid=1|nid=Q6 node=Q6 runId=13 phase=FOLLOWUP twoStep=true mode=FOLLOWUP_JSON_OR_TEXT len=54 sha6=f9d0fe7a63a7 displayedAsPlain=true)
2026-03-04T23:40:08.858Z D/AiScreen [main] Step rendered (context=sid=1|nid=Q6 node=Q6 runId=13 phase=FOLLOWUP mode=FOLLOWUP_JSON_OR_TEXT showJson=false rawLen=54 followups=1 timedOut=false twoStep=true)
2026-03-04T23:40:09.095Z D/LiteRtLM [DefaultDispatcher-worker-1] resetConversationInternal done: key='Gemma3n4B|/data/user/0/com.negi.survey/files/gemma-3n-E4B-it-int4.litertlm' reason='resetConversation'
2026-03-04T23:40:17.811Z D/SurveyVM [main] push -> Review, navSize=8, stackSize=8
2026-03-04T23:40:17.818Z D/SurveyVM [main] hasTwoStepPrompt[Review] -> false (eval=0, fu=0)
2026-03-04T23:40:21.734Z D/SurveyVM [main] push -> Done, navSize=9, stackSize=9
2026-03-04T23:42:09.839Z D/SurveyVM [main] resetAudioRefs -> cleared
2026-03-04T23:42:09.840Z D/SurveyVM [main] resetNavToStart -> key=com.negi.survey.vm.FlowHome@f54eaa3, navSize=1
2026-03-04T23:42:09.840Z D/SurveyVM [main] resetToStart -> Start, session=2, uuid=a397f6a8-5921-4818-9a29-e10e842d722b, preserveDraft=false, draftLen=0
2026-03-04T23:42:09.865Z I/AiViewModel [main] onCleared: ViewModel is being cleared -> stopCurrentRunInternal()
2026-03-04T23:42:36.088Z D/AiTrace [main] Installed (enabled=false ringEnabled=true)
2026-03-04T23:42:36.089Z D/SurveyVM [main] init -> Start, session=0, uuid=895ccbab-985e-4914-9124-3670643aa1f5, navSize=1, graphSize=9
2026-03-04T23:42:36.091Z D/SurveyVM [main] config.validate -> issues=0
2026-03-04T23:42:36.091Z D/SurveyVM [main] promptSources -> legacy=0, eval=6, follow=6
2026-03-04T23:42:36.091Z D/SurveyVM [main] promptSources.preview -> legacy=[], eval=[Q1, Q2, Q3, Q4, Q5, Q6], follow=[Q1, Q2, Q3, Q4, Q5, Q6]
2026-03-04T23:42:36.091Z D/SurveyVM [main] hasTwoStepPrompt[Q1] -> true (eval=303, fu=240)
2026-03-04T23:42:36.091Z D/SurveyVM [main] hasTwoStepPrompt[Q2] -> true (eval=303, fu=240)
2026-03-04T23:42:36.091Z D/SurveyVM [main] hasTwoStepPrompt[Q3] -> true (eval=303, fu=240)
2026-03-04T23:42:36.091Z D/SurveyVM [main] hasTwoStepPrompt[Q4] -> true (eval=303, fu=240)
2026-03-04T23:42:36.091Z D/SurveyVM [main] hasTwoStepPrompt[Q5] -> true (eval=303, fu=240)
2026-03-04T23:42:36.091Z D/SurveyVM [main] hasTwoStepPrompt[Q6] -> true (eval=303, fu=240)
2026-03-04T23:42:36.091Z D/SurveyVM [main] AI prompt coverage OK (aiCount=6)
2026-03-04T23:42:45.388Z D/SurveyVM [main] setRunFreeText(draft) -> len=2
2026-03-04T23:42:45.993Z D/SurveyVM [main] setRunFreeText(draft) -> len=3
2026-03-04T23:42:45.996Z D/SurveyVM [main] setRunFreeText(draft) -> len=9
2026-03-04T23:42:46.640Z D/SurveyVM [main] setRunFreeText(draft) -> len=11
2026-03-04T23:42:47.290Z D/SurveyVM [main] setRunFreeText(draft) -> len=18
2026-03-04T23:42:48.570Z D/SurveyVM [main] setRunFreeText(draft) -> len=21
2026-03-04T23:42:48.573Z D/SurveyVM [main] setRunFreeText(draft) -> len=27
2026-03-04T23:42:49.196Z D/SurveyVM [main] setRunFreeText(draft) -> len=33
2026-03-04T23:42:49.277Z D/SurveyVM [main] setRunFreeText(draft) -> len=37
2026-03-04T23:42:52.234Z D/SurveyVM [main] resetAudioRefs -> cleared
2026-03-04T23:42:52.234Z D/SurveyVM [main] resetNavToStart -> key=com.negi.survey.vm.FlowHome@f54eaa3, navSize=1
2026-03-04T23:42:52.234Z D/SurveyVM [main] resetToStart -> Start, session=1, uuid=c76f148d-de61-4714-8228-64ec35be0940, preserveDraft=true, draftLen=37
2026-03-04T23:42:52.234Z D/SurveyVM [main] setRunFreeText(draft) -> len=37
2026-03-04T23:42:52.234Z D/SurveyVM [main] activateRunIfNeeded(advanceToNext:Q1) -> runNoteLen=37, draftCleared=true, uuid=c76f148d-de61-4714-8228-64ec35be0940
2026-03-04T23:42:52.235Z D/SurveyVM [main] push -> Q1, navSize=2, stackSize=2
2026-03-04T23:42:52.242Z D/SurveyVM [main] hasTwoStepPrompt[Q1] -> true (eval=303, fu=240)
2026-03-04T23:43:09.465Z D/SurveyVM [main] hasTwoStepPrompt[Q1] -> true (eval=303, fu=240)
2026-03-04T23:43:09.465Z I/AiScreen [main] Submit begin runId=ai-Q1-203637359-203637359831690 node=Q1 role=MAIN isTwoStep=true sessionId=1 surveyUuid=c76f148d-de61-4714-8228-64ec35be0940 qLen=175 aLen=27 qSha6=4cec21c47d69 aSha6=6e61a27585c3
2026-03-04T23:43:09.465Z D/SurveyVM [main] getEvalPrompt[Q1] -> len=483
2026-03-04T23:43:09.465Z I/AiScreen [main] Submit end runId=ai-Q1-203637359-203637359831690 node=Q1 elapsed=1ms
2026-03-04T23:43:09.466Z D/LiteRtRepository [DefaultDispatcher-worker-1] [14] request start: model='Gemma3n4B', prompt.len=1627, sha=562b1423ddc516e9, gateWaitMs=0
2026-03-04T23:43:09.467Z D/LiteRtRepository [DefaultDispatcher-worker-5] [14] initializeIfNeeded ok (initMs=1)
2026-03-04T23:43:09.467Z D/LiteRtLM [DefaultDispatcher-worker-5] runInference start: key='Gemma3n4B|/data/user/0/com.negi.survey/files/gemma-3n-E4B-it-int4.litertlm' runId=14 hasText=true textLen=1627 images=0 audioClips=0
2026-03-04T23:43:09.467Z D/LiteRtLM [DefaultDispatcher-worker-5] LiteRT-LM sendMessageAsync(text): key='Gemma3n4B|/data/user/0/com.negi.survey/files/gemma-3n-E4B-it-int4.litertlm' runId=14 len=1627
2026-03-04T23:43:18.481Z D/LiteRtRepository [main] [14] logical done=true (waiting native termination safe point)
2026-03-04T23:43:18.481Z D/LiteRtRepository [main] [14] cleanUpListener (native termination safe point)
2026-03-04T23:43:18.482Z D/LiteRtRepository [DefaultDispatcher-worker-5] [14] scheduleResetAfterSafepoint: begin (tag='native-terminated')
2026-03-04T23:43:18.484Z I/AiViewModel [DefaultDispatcher-worker-9] run[1] done: phase=EVAL mode=EVAL_JSON score=30 FU0.len=0 FU0.sha16=none commit=true err=<none>
2026-03-04T23:43:18.484Z D/LiteRtRepository [DefaultDispatcher-worker-1] [14] resetConversation ok (after safepoint, tag='native-terminated')
2026-03-04T23:43:18.485Z D/LiteRtRepository [DefaultDispatcher-worker-1] [14] scheduleResetAfterSafepoint: end (tag='native-terminated')
2026-03-04T23:43:18.485Z I/AiScreen [DefaultDispatcher-worker-9] TWO_STEP shouldRunSecond runId=ai-Q1-203637359-203637359831690 node=Q1 role=MAIN followup_needed=true timedOut=false rawLen=304
2026-03-04T23:43:18.485Z D/SurveyVM [DefaultDispatcher-worker-9] getFollowupPrompt[Q1] -> len=530 evalLen=304
2026-03-04T23:43:18.486Z D/LiteRtRepository [DefaultDispatcher-worker-6] [15] request start: model='Gemma3n4B', prompt.len=1574, sha=b6b97802e4586147, gateWaitMs=0
2026-03-04T23:43:18.486Z D/LiteRtRepository [DefaultDispatcher-worker-9] [15] initializeIfNeeded ok (initMs=1)
2026-03-04T23:43:18.486Z D/LiteRtLM [DefaultDispatcher-worker-9] Cooldown delay: key='Gemma3n4B|/data/user/0/com.negi.survey/files/gemma-3n-E4B-it-int4.litertlm' delay=245ms reason='runInference-start'
2026-03-04T23:43:18.494Z D/AiScreen [main] Step rendered (context=sid=1|nid=Q1 node=Q1 runId=1 phase=EVAL mode=EVAL_JSON showJson=true rawLen=304 followups=0 timedOut=false twoStep=true)
2026-03-04T23:43:18.737Z D/LiteRtLM [DefaultDispatcher-worker-6] resetConversationInternal done: key='Gemma3n4B|/data/user/0/com.negi.survey/files/gemma-3n-E4B-it-int4.litertlm' reason='resetConversation'
2026-03-04T23:43:18.737Z D/LiteRtLM [DefaultDispatcher-worker-6] runInference start: key='Gemma3n4B|/data/user/0/com.negi.survey/files/gemma-3n-E4B-it-int4.litertlm' runId=15 hasText=true textLen=1574 images=0 audioClips=0
2026-03-04T23:43:18.738Z D/LiteRtLM [DefaultDispatcher-worker-6] LiteRT-LM sendMessageAsync(text): key='Gemma3n4B|/data/user/0/com.negi.survey/files/gemma-3n-E4B-it-int4.litertlm' runId=15 len=1574
2026-03-04T23:43:22.030Z D/LiteRtRepository [main] [15] logical done=true (waiting native termination safe point)
2026-03-04T23:43:22.030Z D/LiteRtRepository [main] [15] cleanUpListener (native termination safe point)
2026-03-04T23:43:22.030Z D/LiteRtRepository [DefaultDispatcher-worker-5] [15] scheduleResetAfterSafepoint: begin (tag='native-terminated')
2026-03-04T23:43:22.030Z D/LiteRtRepository [DefaultDispatcher-worker-6] [15] resetConversation ok (after safepoint, tag='native-terminated')
2026-03-04T23:43:22.030Z D/LiteRtRepository [DefaultDispatcher-worker-6] [15] scheduleResetAfterSafepoint: end (tag='native-terminated')
2026-03-04T23:43:22.031Z I/AiViewModel [DefaultDispatcher-worker-10] run[2] done: phase=FOLLOWUP mode=FOLLOWUP_JSON_OR_TEXT score=null FU0.len=96 FU0.sha16=9be6bb82b25ed15d commit=false err=<none>
2026-03-04T23:43:22.037Z I/AiScreen [main] Follow-up persisted (context=sid=1|nid=Q1 node=Q1 runId=2 phase=FOLLOWUP twoStep=true mode=FOLLOWUP_JSON_OR_TEXT len=96 sha6=9be6bb82b25e displayedAsPlain=true)
2026-03-04T23:43:22.037Z D/AiScreen [main] Step rendered (context=sid=1|nid=Q1 node=Q1 runId=2 phase=FOLLOWUP mode=FOLLOWUP_JSON_OR_TEXT showJson=false rawLen=96 followups=1 timedOut=false twoStep=true)
2026-03-04T23:43:22.282Z D/LiteRtLM [DefaultDispatcher-worker-10] resetConversationInternal done: key='Gemma3n4B|/data/user/0/com.negi.survey/files/gemma-3n-E4B-it-int4.litertlm' reason='resetConversation'
2026-03-04T23:48:59.284Z D/SurveyVM [main] backToPrevious -> Start (runActive=true, uiLen=37, runLen=37, draftLen=0)
2026-03-04T23:48:59.291Z D/SurveyVM [main] hasTwoStepPrompt[Start] -> false (eval=0, fu=0)
2026-03-05T00:02:02.763Z D/SurveyVM [main] setRunFreeText(run) -> len=36
2026-03-05T00:02:03.166Z D/SurveyVM [main] setRunFreeText(run) -> len=35
2026-03-05T00:02:03.217Z D/SurveyVM [main] setRunFreeText(run) -> len=34
2026-03-05T00:02:03.268Z D/SurveyVM [main] setRunFreeText(run) -> len=33
2026-03-05T00:02:03.320Z D/SurveyVM [main] setRunFreeText(run) -> len=32
2026-03-05T00:02:03.371Z D/SurveyVM [main] setRunFreeText(run) -> len=31
2026-03-05T00:02:03.422Z D/SurveyVM [main] setRunFreeText(run) -> len=30
2026-03-05T00:02:03.473Z D/SurveyVM [main] setRunFreeText(run) -> len=29
2026-03-05T00:02:03.525Z D/SurveyVM [main] setRunFreeText(run) -> len=28
2026-03-05T00:02:03.577Z D/SurveyVM [main] setRunFreeText(run) -> len=27
2026-03-05T00:02:03.635Z D/SurveyVM [main] setRunFreeText(run) -> len=22
2026-03-05T00:02:03.736Z D/SurveyVM [main] setRunFreeText(run) -> len=19
2026-03-05T00:02:03.838Z D/SurveyVM [main] setRunFreeText(run) -> len=12
2026-03-05T00:02:03.941Z D/SurveyVM [main] setRunFreeText(run) -> len=10
2026-03-05T00:02:04.043Z D/SurveyVM [main] setRunFreeText(run) -> len=8
2026-03-05T00:02:05.334Z D/SurveyVM [main] setRunFreeText(run) -> len=9
2026-03-05T00:02:05.583Z D/SurveyVM [main] setRunFreeText(run) -> len=10
2026-03-05T00:02:07.796Z D/SurveyVM [main] setRunFreeText(run) -> len=11
2026-03-05T00:02:09.065Z D/SurveyVM [main] setRunFreeText(run) -> len=12
2026-03-05T00:02:10.355Z D/SurveyVM [main] setRunFreeText(run) -> len=13
2026-03-05T00:02:11.577Z D/SurveyVM [main] setRunFreeText(run) -> len=12
2026-03-05T00:02:11.748Z D/SurveyVM [main] setRunFreeText(run) -> len=11
2026-03-05T00:02:12.537Z D/SurveyVM [main] setRunFreeText(run) -> len=12
2026-03-05T00:02:13.288Z D/SurveyVM [main] setRunFreeText(run) -> len=13
2026-03-05T00:02:14.067Z D/SurveyVM [main] setRunFreeText(run) -> len=14
2026-03-05T00:02:14.826Z D/SurveyVM [main] setRunFreeText(run) -> len=15
2026-03-05T00:02:15.212Z D/SurveyVM [main] setRunFreeText(run) -> len=16
2026-03-05T00:02:15.480Z D/SurveyVM [main] setRunFreeText(run) -> len=17
2026-03-05T00:02:16.092Z D/SurveyVM [main] setRunFreeText(run) -> len=18
2026-03-05T00:02:17.737Z D/SurveyVM [main] setRunFreeText(run) -> len=19
2026-03-05T00:02:19.769Z D/SurveyVM [main] setRunFreeText(run) -> len=20
2026-03-05T00:02:20.534Z D/SurveyVM [main] setRunFreeText(run) -> len=21
2026-03-05T00:02:21.653Z D/SurveyVM [main] setRunFreeText(run) -> len=20
2026-03-05T00:02:21.828Z D/SurveyVM [main] setRunFreeText(run) -> len=19
2026-03-05T00:02:22.760Z D/SurveyVM [main] setRunFreeText(run) -> len=20
2026-03-05T00:02:24.576Z D/SurveyVM [main] setRunFreeText(run) -> len=19
2026-03-05T00:02:25.674Z D/SurveyVM [main] setRunFreeText(run) -> len=20
2026-03-05T00:02:26.775Z D/SurveyVM [main] setRunFreeText(run) -> len=21
2026-03-05T00:02:27.967Z D/SurveyVM [main] setRunFreeText(run) -> len=20
2026-03-05T00:02:28.185Z D/SurveyVM [main] setRunFreeText(run) -> len=19
2026-03-05T00:02:29.302Z D/SurveyVM [main] setRunFreeText(run) -> len=20
2026-03-05T00:02:30.541Z D/SurveyVM [main] setRunFreeText(run) -> len=19
2026-03-05T00:02:37.781Z D/SurveyVM [main] setRunFreeText(run) -> len=20
2026-03-05T00:02:38.917Z D/SurveyVM [main] setRunFreeText(run) -> len=21
2026-03-05T00:02:40.856Z D/SurveyVM [main] resetAudioRefs -> cleared
2026-03-05T00:02:40.856Z D/SurveyVM [main] resetNavToStart -> key=com.negi.survey.vm.FlowHome@f54eaa3, navSize=1
2026-03-05T00:02:40.856Z D/SurveyVM [main] resetToStart -> Start, session=2, uuid=05e08a72-8cf5-4466-9d87-ed23ce76cf1f, preserveDraft=true, draftLen=21
2026-03-05T00:02:40.856Z D/SurveyVM [main] setRunFreeText(draft) -> len=21
2026-03-05T00:02:40.856Z D/SurveyVM [main] activateRunIfNeeded(advanceToNext:Q1) -> runNoteLen=21, draftCleared=true, uuid=05e08a72-8cf5-4466-9d87-ed23ce76cf1f
2026-03-05T00:02:40.856Z D/SurveyVM [main] push -> Q1, navSize=2, stackSize=2
2026-03-05T00:02:40.865Z D/SurveyVM [main] hasTwoStepPrompt[Q1] -> true (eval=303, fu=240)
2026-03-05T00:02:55.991Z D/SurveyVM [main] hasTwoStepPrompt[Q1] -> true (eval=303, fu=240)
2026-03-05T00:02:55.992Z I/AiScreen [main] Submit begin runId=ai-Q1-204823886-204823886592696 node=Q1 role=MAIN isTwoStep=true sessionId=2 surveyUuid=05e08a72-8cf5-4466-9d87-ed23ce76cf1f qLen=175 aLen=27 qSha6=4cec21c47d69 aSha6=6e61a27585c3
2026-03-05T00:02:55.992Z D/SurveyVM [main] getEvalPrompt[Q1] -> len=483
2026-03-05T00:02:55.992Z I/AiScreen [main] Submit end runId=ai-Q1-204823886-204823886592696 node=Q1 elapsed=1ms
2026-03-05T00:02:55.994Z D/LiteRtRepository [DefaultDispatcher-worker-3] [16] request start: model='Gemma3n4B', prompt.len=1627, sha=562b1423ddc516e9, gateWaitMs=0
2026-03-05T00:02:55.994Z D/LiteRtRepository [DefaultDispatcher-worker-8] [16] initializeIfNeeded ok (initMs=0)
2026-03-05T00:02:55.995Z D/LiteRtLM [DefaultDispatcher-worker-8] runInference start: key='Gemma3n4B|/data/user/0/com.negi.survey/files/gemma-3n-E4B-it-int4.litertlm' runId=16 hasText=true textLen=1627 images=0 audioClips=0
2026-03-05T00:02:55.995Z D/LiteRtLM [DefaultDispatcher-worker-8] LiteRT-LM sendMessageAsync(text): key='Gemma3n4B|/data/user/0/com.negi.survey/files/gemma-3n-E4B-it-int4.litertlm' runId=16 len=1627
2026-03-05T00:03:05.007Z D/LiteRtRepository [main] [16] logical done=true (waiting native termination safe point)
2026-03-05T00:03:05.007Z D/LiteRtRepository [main] [16] cleanUpListener (native termination safe point)
2026-03-05T00:03:05.007Z D/LiteRtRepository [DefaultDispatcher-worker-8] [16] scheduleResetAfterSafepoint: begin (tag='native-terminated')
2026-03-05T00:03:05.008Z D/LiteRtRepository [DefaultDispatcher-worker-5] [16] resetConversation ok (after safepoint, tag='native-terminated')
2026-03-05T00:03:05.008Z D/LiteRtRepository [DefaultDispatcher-worker-5] [16] scheduleResetAfterSafepoint: end (tag='native-terminated')
2026-03-05T00:03:05.009Z I/AiViewModel [DefaultDispatcher-worker-6] run[3] done: phase=EVAL mode=EVAL_JSON score=30 FU0.len=0 FU0.sha16=none commit=true err=<none>
2026-03-05T00:03:05.009Z I/AiScreen [DefaultDispatcher-worker-6] TWO_STEP shouldRunSecond runId=ai-Q1-204823886-204823886592696 node=Q1 role=MAIN followup_needed=true timedOut=false rawLen=304
2026-03-05T00:03:05.009Z D/SurveyVM [DefaultDispatcher-worker-6] getFollowupPrompt[Q1] -> len=530 evalLen=304
2026-03-05T00:03:05.011Z D/LiteRtRepository [DefaultDispatcher-worker-4] [17] request start: model='Gemma3n4B', prompt.len=1574, sha=b6b97802e4586147, gateWaitMs=0
2026-03-05T00:03:05.011Z D/LiteRtRepository [DefaultDispatcher-worker-4] [17] initializeIfNeeded ok (initMs=0)
2026-03-05T00:03:05.012Z D/LiteRtLM [DefaultDispatcher-worker-4] Cooldown delay: key='Gemma3n4B|/data/user/0/com.negi.survey/files/gemma-3n-E4B-it-int4.litertlm' delay=244ms reason='runInference-start'
2026-03-05T00:03:05.012Z D/AiScreen [main] Step rendered (context=sid=2|nid=Q1 node=Q1 runId=3 phase=EVAL mode=EVAL_JSON showJson=true rawLen=304 followups=0 timedOut=false twoStep=true)
2026-03-05T00:03:05.261Z D/LiteRtLM [DefaultDispatcher-worker-6] resetConversationInternal done: key='Gemma3n4B|/data/user/0/com.negi.survey/files/gemma-3n-E4B-it-int4.litertlm' reason='resetConversation'
2026-03-05T00:03:05.261Z D/LiteRtLM [DefaultDispatcher-worker-6] runInference start: key='Gemma3n4B|/data/user/0/com.negi.survey/files/gemma-3n-E4B-it-int4.litertlm' runId=17 hasText=true textLen=1574 images=0 audioClips=0
2026-03-05T00:03:05.261Z D/LiteRtLM [DefaultDispatcher-worker-6] LiteRT-LM sendMessageAsync(text): key='Gemma3n4B|/data/user/0/com.negi.survey/files/gemma-3n-E4B-it-int4.litertlm' runId=17 len=1574
2026-03-05T00:03:08.558Z D/LiteRtRepository [main] [17] logical done=true (waiting native termination safe point)
2026-03-05T00:03:08.558Z D/LiteRtRepository [main] [17] cleanUpListener (native termination safe point)
2026-03-05T00:03:08.558Z D/LiteRtRepository [DefaultDispatcher-worker-6] [17] scheduleResetAfterSafepoint: begin (tag='native-terminated')
2026-03-05T00:03:08.559Z D/LiteRtRepository [DefaultDispatcher-worker-5] [17] resetConversation ok (after safepoint, tag='native-terminated')
2026-03-05T00:03:08.559Z D/LiteRtRepository [DefaultDispatcher-worker-5] [17] scheduleResetAfterSafepoint: end (tag='native-terminated')
2026-03-05T00:03:08.559Z I/AiViewModel [DefaultDispatcher-worker-6] run[4] done: phase=FOLLOWUP mode=FOLLOWUP_JSON_OR_TEXT score=null FU0.len=96 FU0.sha16=9be6bb82b25ed15d commit=false err=<none>
2026-03-05T00:03:08.561Z I/AiScreen [main] Follow-up persisted (context=sid=2|nid=Q1 node=Q1 runId=4 phase=FOLLOWUP twoStep=true mode=FOLLOWUP_JSON_OR_TEXT len=96 sha6=9be6bb82b25e displayedAsPlain=true)
2026-03-05T00:03:08.561Z D/AiScreen [main] Step rendered (context=sid=2|nid=Q1 node=Q1 runId=4 phase=FOLLOWUP mode=FOLLOWUP_JSON_OR_TEXT showJson=false rawLen=96 followups=1 timedOut=false twoStep=true)
2026-03-05T00:03:08.810Z D/LiteRtLM [DefaultDispatcher-worker-6] resetConversationInternal done: key='Gemma3n4B|/data/user/0/com.negi.survey/files/gemma-3n-E4B-it-int4.litertlm' reason='resetConversation'
2026-03-05T00:10:05.932Z D/SurveyVM [main] push -> Q2, navSize=3, stackSize=3
2026-03-05T00:10:05.935Z D/SurveyVM [main] hasTwoStepPrompt[Q2] -> true (eval=303, fu=240)
2026-03-05T00:11:17.228Z D/SurveyVM [main] hasTwoStepPrompt[Q2] -> true (eval=303, fu=240)
2026-03-05T00:11:17.228Z I/AiScreen [main] Submit begin runId=ai-Q2-205325122-205325122781255 node=Q2 role=MAIN isTwoStep=true sessionId=2 surveyUuid=05e08a72-8cf5-4466-9d87-ed23ce76cf1f qLen=117 aLen=258 qSha6=d1f50afa1fda aSha6=6eba14023b08
2026-03-05T00:11:17.228Z D/SurveyVM [main] getEvalPrompt[Q2] -> len=656
2026-03-05T00:11:17.228Z I/AiScreen [main] Submit end runId=ai-Q2-205325122-205325122781255 node=Q2 elapsed=1ms
2026-03-05T00:11:17.230Z D/LiteRtRepository [DefaultDispatcher-worker-6] [18] request start: model='Gemma3n4B', prompt.len=1800, sha=c72a4545493fb636, gateWaitMs=0
2026-03-05T00:11:17.230Z D/LiteRtRepository [DefaultDispatcher-worker-5] [18] initializeIfNeeded ok (initMs=0)
2026-03-05T00:11:17.231Z D/LiteRtLM [DefaultDispatcher-worker-6] runInference start: key='Gemma3n4B|/data/user/0/com.negi.survey/files/gemma-3n-E4B-it-int4.litertlm' runId=18 hasText=true textLen=1800 images=0 audioClips=0
2026-03-05T00:11:17.231Z D/LiteRtLM [DefaultDispatcher-worker-6] LiteRT-LM sendMessageAsync(text): key='Gemma3n4B|/data/user/0/com.negi.survey/files/gemma-3n-E4B-it-int4.litertlm' runId=18 len=1800
2026-03-05T00:11:25.399Z D/LiteRtRepository [main] [18] logical done=true (waiting native termination safe point)
2026-03-05T00:11:25.399Z D/LiteRtRepository [main] [18] cleanUpListener (native termination safe point)
2026-03-05T00:11:25.400Z D/LiteRtRepository [DefaultDispatcher-worker-7] [18] scheduleResetAfterSafepoint: begin (tag='native-terminated')
2026-03-05T00:11:25.401Z D/LiteRtRepository [DefaultDispatcher-worker-1] [18] resetConversation ok (after safepoint, tag='native-terminated')
2026-03-05T00:11:25.401Z D/LiteRtRepository [DefaultDispatcher-worker-1] [18] scheduleResetAfterSafepoint: end (tag='native-terminated')
2026-03-05T00:11:25.402Z I/AiViewModel [DefaultDispatcher-worker-6] run[5] done: phase=EVAL mode=EVAL_JSON score=85 FU0.len=0 FU0.sha16=none commit=true err=<none>
2026-03-05T00:11:25.402Z I/AiScreen [DefaultDispatcher-worker-6] TWO_STEP shouldRunSecond runId=ai-Q2-205325122-205325122781255 node=Q2 role=MAIN followup_needed=true timedOut=false rawLen=269
2026-03-05T00:11:25.402Z D/SurveyVM [DefaultDispatcher-worker-6] getFollowupPrompt[Q2] -> len=495 evalLen=269
2026-03-05T00:11:25.403Z D/LiteRtRepository [DefaultDispatcher-worker-6] [19] request start: model='Gemma3n4B', prompt.len=1539, sha=7bddd799dd656434, gateWaitMs=0
2026-03-05T00:11:25.403Z D/LiteRtRepository [DefaultDispatcher-worker-1] [19] initializeIfNeeded ok (initMs=0)
2026-03-05T00:11:25.404Z D/LiteRtLM [DefaultDispatcher-worker-6] Cooldown delay: key='Gemma3n4B|/data/user/0/com.negi.survey/files/gemma-3n-E4B-it-int4.litertlm' delay=246ms reason='runInference-start'
2026-03-05T00:11:25.406Z D/AiScreen [main] Step rendered (context=sid=2|nid=Q2 node=Q2 runId=5 phase=EVAL mode=EVAL_JSON showJson=true rawLen=269 followups=0 timedOut=false twoStep=true)
2026-03-05T00:11:25.653Z D/LiteRtLM [DefaultDispatcher-worker-6] resetConversationInternal done: key='Gemma3n4B|/data/user/0/com.negi.survey/files/gemma-3n-E4B-it-int4.litertlm' reason='resetConversation'
2026-03-05T00:11:25.653Z D/LiteRtLM [DefaultDispatcher-worker-6] runInference start: key='Gemma3n4B|/data/user/0/com.negi.survey/files/gemma-3n-E4B-it-int4.litertlm' runId=19 hasText=true textLen=1539 images=0 audioClips=0
2026-03-05T00:11:25.653Z D/LiteRtLM [DefaultDispatcher-worker-6] LiteRT-LM sendMessageAsync(text): key='Gemma3n4B|/data/user/0/com.negi.survey/files/gemma-3n-E4B-it-int4.litertlm' runId=19 len=1539
2026-03-05T00:11:28.040Z D/LiteRtRepository [main] [19] logical done=true (waiting native termination safe point)
