=== RuntimeLogStore Header ===
ts=2026-02-21T08:24:31.999Z
fileNameFormat=LEGACY
appId=com.negi.survey
versionName=0.0.1
versionCode=1
debug=false
device=Google Pixel 9a
sdk=36
pid=18239
==============================
2026-02-21T08:24:31.999Z I/RuntimeLogStore [rtlog-io] start: actor launched (fileNameFormat=LEGACY)
2026-02-21T08:24:32.000Z D/SurveyApp [main] attachBaseContext: pid=18239 process=com.negi.survey isMain=true sdk=36
2026-02-21T08:24:32.001Z D/SurveyApp [main] Skipping WorkManager init in attachBaseContext; will init in onCreate.
2026-02-21T08:24:32.001Z D/SurveyApp [main] CrashCapture installed: where=SurveyApp:attachBaseContext
2026-02-21T08:24:32.001Z I/RuntimeLogStore [main] start repair: ctx/dir refreshed
2026-02-21T08:24:32.001Z D/SurveyApp [main] onCreate: pid=18239 process=com.negi.survey isMain=true sdk=36
2026-02-21T08:24:32.012Z D/SurveyApp [main] WorkManager already ready. where=onCreate
2026-02-21T08:24:32.013Z D/SurveyApp [main] WorkManager already ready. where=startupRtLogs
2026-02-21T08:24:32.117Z D/SurveyApp [main] Startup runtime logs: enqueue requested.
2026-02-21T08:24:32.117Z D/SurveyApp [main] CrashCapture installed: where=SurveyApp:onCreate(rewrap)
2026-02-21T08:24:32.118Z D/SurveyApp [main] CrashCapture self-healing registered.
2026-02-21T08:24:32.118Z D/SurveyApp [main] WorkManager already ready. where=enqueuePending(immediate)
2026-02-21T08:24:32.118Z D/SurveyApp [main] CrashCapture pending uploads requested (immediate).
2026-02-21T08:24:32.139Z I/RuntimeLogStore [DefaultDispatcher-worker-2] start repair: ctx/dir refreshed
2026-02-21T08:24:33.864Z I/RuntimeLogStore [DefaultDispatcher-worker-21] start repair: ctx/dir refreshed
