=== RuntimeLogStore Header ===
ts=2026-02-21T08:43:38.261Z
fileNameFormat=LEGACY
appId=com.negi.survey
versionName=0.0.1
versionCode=1
debug=false
device=Google Pixel 9a
sdk=36
pid=19652
==============================
2026-02-21T08:43:38.261Z I/RuntimeLogStore [rtlog-io] start: actor launched (fileNameFormat=LEGACY)
2026-02-21T08:43:38.263Z D/SurveyApp [main] attachBaseContext: pid=19652 process=com.negi.survey isMain=true sdk=36
2026-02-21T08:43:38.263Z D/SurveyApp [main] Skipping WorkManager init in attachBaseContext; will init in onCreate.
2026-02-21T08:43:38.264Z D/SurveyApp [main] CrashCapture installed: where=SurveyApp:attachBaseContext
2026-02-21T08:43:38.264Z I/RuntimeLogStore [main] start repair: ctx/dir refreshed
2026-02-21T08:43:38.264Z D/SurveyApp [main] onCreate: pid=19652 process=com.negi.survey isMain=true sdk=36
2026-02-21T08:43:38.275Z D/SurveyApp [main] WorkManager already ready. where=onCreate
2026-02-21T08:43:38.275Z D/SurveyApp [main] WorkManager already ready. where=startupRtLogs
2026-02-21T08:43:38.323Z D/SurveyApp [main] Startup runtime logs: enqueue requested.
2026-02-21T08:43:38.324Z D/SurveyApp [main] CrashCapture installed: where=SurveyApp:onCreate(rewrap)
2026-02-21T08:43:38.324Z D/SurveyApp [main] CrashCapture self-healing registered.
2026-02-21T08:43:38.324Z D/SurveyApp [main] WorkManager already ready. where=enqueuePending(immediate)
2026-02-21T08:43:38.324Z D/SurveyApp [main] CrashCapture pending uploads requested (immediate).
2026-02-21T08:43:38.343Z I/RuntimeLogStore [DefaultDispatcher-worker-2] start repair: ctx/dir refreshed
2026-02-21T08:43:40.324Z I/RuntimeLogStore [DefaultDispatcher-worker-6] start repair: ctx/dir refreshed
