=== RuntimeLogStore Header ===
ts=2026-07-08T20:20:43.190Z
fileNameFormat=LEGACY
appId=com.negi.survey
versionName=v0.0.1-20260318-172107
versionCode=22
debug=false
device=samsung SM-S931U1
sdk=36
pid=20027
==============================
2026-07-08T20:20:43.190Z I/RuntimeLogStore [rtlog-io] start: actor launched (fileNameFormat=LEGACY)
2026-07-08T20:20:43.185Z D/SurveyApp [main] attachBaseContext: pid=20027 process=com.negi.survey isMain=true sdk=36
2026-07-08T20:20:43.186Z D/SurveyApp [main] bootTiming: attachBaseContext total=58ms
2026-07-08T20:20:43.186Z D/SurveyApp [main] Skipping WorkManager init in attachBaseContext; will init lazily on first enqueue.
2026-07-08T20:20:43.189Z D/SurveyApp [main] CrashCapture installed: where=SurveyApp:attachBaseContext
2026-07-08T20:20:43.189Z I/RuntimeLogStore [main] start repair: ctx/dir refreshed
2026-07-08T20:20:43.189Z D/SurveyApp [main] bootTiming: RuntimeLogStore.start took=0ms
2026-07-08T20:20:43.190Z D/SurveyApp [main] bootTiming: AppRingLogStore.install took=0ms
2026-07-08T20:20:43.190Z D/SurveyApp [main] onCreate: pid=20027 process=com.negi.survey isMain=true sdk=36
2026-07-08T20:20:43.195Z D/SurveyApp [main] CrashCapture installed: where=SurveyApp:onCreate(rewrap)
2026-07-08T20:20:43.195Z D/SurveyApp [main] CrashCapture self-healing registered.
2026-07-08T20:20:43.195Z W/SurveyApp [main] Startup enqueues deferred: delay=2500ms (to reduce init contention)
2026-07-08T20:20:43.195Z D/SurveyApp [main] bootTiming: onCreate total=6ms
2026-07-08T20:20:43.203Z I/RuntimeLogStore [DefaultDispatcher-worker-2] start repair: ctx/dir refreshed
2026-07-08T20:20:44.489Z I/RuntimeLogStore [DefaultDispatcher-worker-2] start repair: ctx/dir refreshed
