=== RuntimeLogStore Header ===
ts=2026-02-21T05:56:01.043Z
fileNameFormat=LEGACY
appId=com.negi.survey
versionName=0.0.1
versionCode=1
debug=false
device=Google Pixel 9a
sdk=36
pid=10515
==============================
2026-02-21T05:56:01.043Z I/RuntimeLogStore [rtlog-io] start: actor launched (fileNameFormat=LEGACY)
2026-02-21T05:56:01.041Z D/SurveyApp [main] attachBaseContext: pid=10515 process=com.negi.survey isMain=true sdk=36
2026-02-21T05:56:01.042Z D/SurveyApp [main] Skipping WorkManager init in attachBaseContext; will init in onCreate.
2026-02-21T05:56:01.045Z D/SurveyApp [main] CrashCapture installed: where=SurveyApp:attachBaseContext
2026-02-21T05:56:01.045Z I/RuntimeLogStore [main] start repair: ctx/dir refreshed
2026-02-21T05:56:01.045Z D/SurveyApp [main] onCreate: pid=10515 process=com.negi.survey isMain=true sdk=36
2026-02-21T05:56:01.059Z D/SurveyApp [main] WorkManager already ready. where=onCreate
2026-02-21T05:56:01.059Z D/SurveyApp [main] WorkManager already ready. where=startupRtLogs
2026-02-21T05:56:01.122Z D/SurveyApp [main] Startup runtime logs: enqueue requested.
2026-02-21T05:56:01.122Z D/SurveyApp [main] CrashCapture installed: where=SurveyApp:onCreate(rewrap)
2026-02-21T05:56:01.122Z D/SurveyApp [main] CrashCapture self-healing registered.
2026-02-21T05:56:01.122Z D/SurveyApp [main] WorkManager already ready. where=enqueuePending(immediate)
2026-02-21T05:56:01.123Z D/SurveyApp [main] CrashCapture pending uploads requested (immediate).
2026-02-21T05:56:01.142Z I/RuntimeLogStore [DefaultDispatcher-worker-2] start repair: ctx/dir refreshed
2026-02-21T05:56:02.567Z I/RuntimeLogStore [DefaultDispatcher-worker-21] start repair: ctx/dir refreshed
