=== RuntimeLogStore Header ===
ts=2026-02-21T06:04:11.657Z
fileNameFormat=LEGACY
appId=com.negi.survey
versionName=0.0.1
versionCode=1
debug=false
device=Google Pixel 9a
sdk=36
pid=11457
==============================
2026-02-21T06:04:11.658Z I/RuntimeLogStore [rtlog-io] start: actor launched (fileNameFormat=LEGACY)
2026-02-21T06:04:11.654Z D/SurveyApp [main] attachBaseContext: pid=11457 process=com.negi.survey isMain=true sdk=36
2026-02-21T06:04:11.655Z D/SurveyApp [main] Skipping WorkManager init in attachBaseContext; will init in onCreate.
2026-02-21T06:04:11.655Z D/SurveyApp [main] CrashCapture installed: where=SurveyApp:attachBaseContext
2026-02-21T06:04:11.655Z I/RuntimeLogStore [main] start repair: ctx/dir refreshed
2026-02-21T06:04:11.655Z D/SurveyApp [main] onCreate: pid=11457 process=com.negi.survey isMain=true sdk=36
2026-02-21T06:04:11.669Z D/SurveyApp [main] WorkManager already ready. where=onCreate
2026-02-21T06:04:11.669Z D/SurveyApp [main] WorkManager already ready. where=startupRtLogs
2026-02-21T06:04:11.725Z D/SurveyApp [main] Startup runtime logs: enqueue requested.
2026-02-21T06:04:11.726Z D/SurveyApp [main] CrashCapture installed: where=SurveyApp:onCreate(rewrap)
2026-02-21T06:04:11.726Z D/SurveyApp [main] CrashCapture self-healing registered.
2026-02-21T06:04:11.726Z D/SurveyApp [main] WorkManager already ready. where=enqueuePending(immediate)
2026-02-21T06:04:11.726Z D/SurveyApp [main] CrashCapture pending uploads requested (immediate).
2026-02-21T06:04:11.740Z I/RuntimeLogStore [DefaultDispatcher-worker-1] start repair: ctx/dir refreshed
2026-02-21T06:04:13.087Z I/RuntimeLogStore [DefaultDispatcher-worker-22] start repair: ctx/dir refreshed
