20260224_002355 I/AppRingLogStore pid=20342 tid=20342 uptimeMs=433244888 msg=install: pid=20342 timeUtc=20260224_002355 uptimeMs=433244888
20260224_002355 D/SurveyApp pid=20342 tid=20342 uptimeMs=433244888 msg=attachBaseContext: pid=20342 process=com.negi.survey isMain=true sdk=36
20260224_002355 D/SurveyApp pid=20342 tid=20342 uptimeMs=433244889 msg=onCreate: pid=20342 process=com.negi.survey isMain=true sdk=36
20260224_002719 D/AiTrace pid=20342 tid=20342 uptimeMs=433448636 msg=Installed (enabled=false ringEnabled=true)
20260224_003025 D/LiteRtRepository pid=20342 tid=20385 uptimeMs=433635467 msg=[1] start model='Gemma3n4B' prompt.len=1914 sha=58e8a01ff0e56d77 gateWaitMs=0
20260224_003025 D/LiteRtRepository pid=20342 tid=20385 uptimeMs=433635469 msg=[1] init ok initMs=2
20260224_003035 D/LiteRtRepository pid=20342 tid=20342 uptimeMs=433645013 msg=[1] logicalDone=true
20260224_003035 D/LiteRtRepository pid=20342 tid=20342 uptimeMs=433645014 msg=[1] native termination safe point -> reset+close
20260224_003035 D/LiteRtRepository pid=20342 tid=20384 uptimeMs=433645015 msg=[1] resetConversation begin tag='native-terminated'
20260224_003035 I/LiteRtRepository pid=20342 tid=20385 uptimeMs=433645015 msg=[1] finalize reason='native-terminated' elapsedMs=9549 firstTokenMs=2173 chunks=96 out.len=303 capturedAll=true logicalDone=true nativeTerminated=true cancelTag='null' lastDeltaMsAgo=76 lastEventMsAgo=2
20260224_003035 D/LiteRtRepository pid=20342 tid=22389 uptimeMs=433645018 msg=[1] resetConversation ok tag='native-terminated'
20260224_003035 I/AiViewModel pid=20342 tid=20386 uptimeMs=433645023 msg=run[1] done: phase=EVAL mode=EVAL_JSON score=65 FU0.len=0 FU0.sha16=none commit=true err=<none>
20260224_003035 D/LiteRtRepository pid=20342 tid=20384 uptimeMs=433645025 msg=[2] start model='Gemma3n4B' prompt.len=1573 sha=3b64c1b926c9a581 gateWaitMs=0
20260224_003035 D/LiteRtRepository pid=20342 tid=20386 uptimeMs=433645026 msg=[2] init ok initMs=1
20260224_003038 D/LiteRtRepository pid=20342 tid=20342 uptimeMs=433648193 msg=[2] logicalDone=true
20260224_003038 D/LiteRtRepository pid=20342 tid=20342 uptimeMs=433648193 msg=[2] native termination safe point -> reset+close
20260224_003038 I/LiteRtRepository pid=20342 tid=22387 uptimeMs=433648193 msg=[2] finalize reason='native-terminated' elapsedMs=3168 firstTokenMs=1199 chunks=26 out.len=85 capturedAll=true logicalDone=true nativeTerminated=true cancelTag='null' lastDeltaMsAgo=78 lastEventMsAgo=0
20260224_003038 D/LiteRtRepository pid=20342 tid=22389 uptimeMs=433648193 msg=[2] resetConversation begin tag='native-terminated'
20260224_003038 D/LiteRtRepository pid=20342 tid=20385 uptimeMs=433648194 msg=[2] resetConversation ok tag='native-terminated'
20260224_003038 I/AiViewModel pid=20342 tid=20386 uptimeMs=433648195 msg=run[2] done: phase=FOLLOWUP mode=FOLLOWUP_JSON_OR_TEXT score=null FU0.len=85 FU0.sha16=2096331746603b55 commit=false err=<none>
20260224_003128 D/LiteRtRepository pid=20342 tid=20552 uptimeMs=433697915 msg=[3] start model='Gemma3n4B' prompt.len=1816 sha=14aa4955f5c8d683 gateWaitMs=0
20260224_003128 D/LiteRtRepository pid=20342 tid=20386 uptimeMs=433697915 msg=[3] init ok initMs=0
20260224_003136 D/LiteRtRepository pid=20342 tid=20342 uptimeMs=433705812 msg=[3] logicalDone=true
20260224_003136 D/LiteRtRepository pid=20342 tid=20342 uptimeMs=433705813 msg=[3] native termination safe point -> reset+close
20260224_003136 D/LiteRtRepository pid=20342 tid=20552 uptimeMs=433705813 msg=[3] resetConversation begin tag='native-terminated'
20260224_003136 I/LiteRtRepository pid=20342 tid=22385 uptimeMs=433705813 msg=[3] finalize reason='native-terminated' elapsedMs=7898 firstTokenMs=1287 chunks=86 out.len=273 capturedAll=true logicalDone=true nativeTerminated=true cancelTag='null' lastDeltaMsAgo=79 lastEventMsAgo=0
20260224_003136 D/LiteRtRepository pid=20342 tid=22388 uptimeMs=433705814 msg=[3] resetConversation ok tag='native-terminated'
20260224_003136 I/AiViewModel pid=20342 tid=22385 uptimeMs=433705815 msg=run[3] done: phase=EVAL mode=EVAL_JSON score=75 FU0.len=98 FU0.sha16=c1215f4b11a3ba93 commit=true err=<none>
20260224_003136 D/LiteRtRepository pid=20342 tid=22385 uptimeMs=433705817 msg=[4] start model='Gemma3n4B' prompt.len=1543 sha=7543d8817e5a726b gateWaitMs=0
20260224_003136 D/LiteRtRepository pid=20342 tid=20385 uptimeMs=433705818 msg=[4] init ok initMs=1
20260224_003138 D/LiteRtRepository pid=20342 tid=20342 uptimeMs=433708012 msg=[4] logicalDone=true
20260224_003138 D/LiteRtRepository pid=20342 tid=20342 uptimeMs=433708012 msg=[4] native termination safe point -> reset+close
20260224_003138 I/LiteRtRepository pid=20342 tid=20384 uptimeMs=433708013 msg=[4] finalize reason='native-terminated' elapsedMs=2195 firstTokenMs=1081 chunks=15 out.len=50 capturedAll=true logicalDone=true nativeTerminated=true cancelTag='null' lastDeltaMsAgo=75 lastEventMsAgo=0
20260224_003138 D/LiteRtRepository pid=20342 tid=20552 uptimeMs=433708013 msg=[4] resetConversation begin tag='native-terminated'
20260224_003138 D/LiteRtRepository pid=20342 tid=22385 uptimeMs=433708014 msg=[4] resetConversation ok tag='native-terminated'
20260224_003138 I/AiViewModel pid=20342 tid=20385 uptimeMs=433708014 msg=run[4] done: phase=FOLLOWUP mode=FOLLOWUP_JSON_OR_TEXT score=null FU0.len=50 FU0.sha16=c9b932aef463abaf commit=false err=<none>
20260224_003232 D/LiteRtRepository pid=20342 tid=20552 uptimeMs=433761949 msg=[5] start model='Gemma3n4B' prompt.len=2030 sha=891649dfc2668766 gateWaitMs=0
20260224_003232 D/LiteRtRepository pid=20342 tid=20384 uptimeMs=433761950 msg=[5] init ok initMs=1
20260224_003241 D/LiteRtRepository pid=20342 tid=20342 uptimeMs=433771138 msg=[5] logicalDone=true
20260224_003241 D/LiteRtRepository pid=20342 tid=20342 uptimeMs=433771138 msg=[5] native termination safe point -> reset+close
20260224_003241 D/LiteRtRepository pid=20342 tid=22384 uptimeMs=433771139 msg=[5] resetConversation begin tag='native-terminated'
20260224_003241 I/LiteRtRepository pid=20342 tid=22384 uptimeMs=433771140 msg=[5] finalize reason='native-terminated' elapsedMs=9190 firstTokenMs=1373 chunks=102 out.len=312 capturedAll=true logicalDone=true nativeTerminated=true cancelTag='null' lastDeltaMsAgo=77 lastEventMsAgo=1
20260224_003241 D/LiteRtRepository pid=20342 tid=22385 uptimeMs=433771142 msg=[5] resetConversation ok tag='native-terminated'
20260224_003241 I/AiViewModel pid=20342 tid=20386 uptimeMs=433771143 msg=run[5] done: phase=EVAL mode=EVAL_JSON score=65 FU0.len=152 FU0.sha16=eb234d1f9a811b73 commit=true err=<none>
20260224_003241 D/LiteRtRepository pid=20342 tid=20384 uptimeMs=433771144 msg=[6] start model='Gemma3n4B' prompt.len=1582 sha=fb7c694892d5b2d0 gateWaitMs=0
20260224_003241 D/LiteRtRepository pid=20342 tid=20386 uptimeMs=433771144 msg=[6] init ok initMs=0
20260224_003245 D/LiteRtRepository pid=20342 tid=20342 uptimeMs=433774657 msg=[6] logicalDone=true
20260224_003245 D/LiteRtRepository pid=20342 tid=20342 uptimeMs=433774657 msg=[6] native termination safe point -> reset+close
20260224_003245 D/LiteRtRepository pid=20342 tid=20386 uptimeMs=433774657 msg=[6] resetConversation begin tag='native-terminated'
20260224_003245 I/LiteRtRepository pid=20342 tid=22384 uptimeMs=433774658 msg=[6] finalize reason='native-terminated' elapsedMs=3514 firstTokenMs=1084 chunks=32 out.len=104 capturedAll=true logicalDone=true nativeTerminated=true cancelTag='null' lastDeltaMsAgo=78 lastEventMsAgo=1
20260224_003245 D/LiteRtRepository pid=20342 tid=23156 uptimeMs=433774659 msg=[6] resetConversation ok tag='native-terminated'
20260224_003245 I/AiViewModel pid=20342 tid=22384 uptimeMs=433774661 msg=run[6] done: phase=FOLLOWUP mode=FOLLOWUP_JSON_OR_TEXT score=null FU0.len=104 FU0.sha16=f14500f54f28974f commit=false err=<none>
20260224_003346 D/LiteRtRepository pid=20342 tid=20384 uptimeMs=433836197 msg=[7] start model='Gemma3n4B' prompt.len=2078 sha=a60563821aa31a22 gateWaitMs=0
20260224_003346 D/LiteRtRepository pid=20342 tid=22385 uptimeMs=433836197 msg=[7] init ok initMs=0
20260224_003355 D/LiteRtRepository pid=20342 tid=20342 uptimeMs=433845397 msg=[7] logicalDone=true
20260224_003355 D/LiteRtRepository pid=20342 tid=20342 uptimeMs=433845397 msg=[7] native termination safe point -> reset+close
20260224_003355 D/LiteRtRepository pid=20342 tid=20552 uptimeMs=433845398 msg=[7] resetConversation begin tag='native-terminated'
20260224_003355 I/LiteRtRepository pid=20342 tid=22385 uptimeMs=433845398 msg=[7] finalize reason='native-terminated' elapsedMs=9202 firstTokenMs=1344 chunks=101 out.len=315 capturedAll=true logicalDone=true nativeTerminated=true cancelTag='null' lastDeltaMsAgo=81 lastEventMsAgo=1
20260224_003355 D/LiteRtRepository pid=20342 tid=22384 uptimeMs=433845399 msg=[7] resetConversation ok tag='native-terminated'
20260224_003355 I/AiViewModel pid=20342 tid=20386 uptimeMs=433845400 msg=run[7] done: phase=EVAL mode=EVAL_JSON score=75 FU0.len=0 FU0.sha16=none commit=true err=<none>
20260224_003355 D/LiteRtRepository pid=20342 tid=23156 uptimeMs=433845403 msg=[8] start model='Gemma3n4B' prompt.len=1585 sha=25167c7f73b1bbfb gateWaitMs=0
20260224_003355 D/LiteRtRepository pid=20342 tid=20385 uptimeMs=433845404 msg=[8] init ok initMs=1
20260224_003359 D/LiteRtRepository pid=20342 tid=20342 uptimeMs=433849140 msg=[8] logicalDone=true
20260224_003359 D/LiteRtRepository pid=20342 tid=20342 uptimeMs=433849140 msg=[8] native termination safe point -> reset+close
20260224_003359 D/LiteRtRepository pid=20342 tid=22388 uptimeMs=433849141 msg=[8] resetConversation begin tag='native-terminated'
20260224_003359 I/LiteRtRepository pid=20342 tid=20386 uptimeMs=433849141 msg=[8] finalize reason='native-terminated' elapsedMs=3739 firstTokenMs=1080 chunks=34 out.len=116 capturedAll=true logicalDone=true nativeTerminated=true cancelTag='null' lastDeltaMsAgo=77 lastEventMsAgo=1
20260224_003359 D/LiteRtRepository pid=20342 tid=20552 uptimeMs=433849142 msg=[8] resetConversation ok tag='native-terminated'
20260224_003359 I/AiViewModel pid=20342 tid=22384 uptimeMs=433849143 msg=run[8] done: phase=FOLLOWUP mode=FOLLOWUP_JSON_OR_TEXT score=null FU0.len=116 FU0.sha16=ae61df0aaccb3c42 commit=false err=<none>
20260224_003438 D/LiteRtRepository pid=20342 tid=20552 uptimeMs=433888387 msg=[9] start model='Gemma3n4B' prompt.len=1899 sha=7bde4204f0afc42b gateWaitMs=0
20260224_003438 D/LiteRtRepository pid=20342 tid=20552 uptimeMs=433888388 msg=[9] init ok initMs=0
20260224_003448 D/LiteRtRepository pid=20342 tid=20342 uptimeMs=433898111 msg=[9] logicalDone=true
20260224_003448 D/LiteRtRepository pid=20342 tid=20342 uptimeMs=433898111 msg=[9] native termination safe point -> reset+close
20260224_003448 D/LiteRtRepository pid=20342 tid=22385 uptimeMs=433898111 msg=[9] resetConversation begin tag='native-terminated'
20260224_003448 I/LiteRtRepository pid=20342 tid=22384 uptimeMs=433898112 msg=[9] finalize reason='native-terminated' elapsedMs=9725 firstTokenMs=1275 chunks=111 out.len=355 capturedAll=true logicalDone=true nativeTerminated=true cancelTag='null' lastDeltaMsAgo=77 lastEventMsAgo=1
20260224_003448 D/LiteRtRepository pid=20342 tid=23156 uptimeMs=433898113 msg=[9] resetConversation ok tag='native-terminated'
20260224_003448 I/AiViewModel pid=20342 tid=23156 uptimeMs=433898115 msg=run[9] done: phase=EVAL mode=EVAL_JSON score=65 FU0.len=130 FU0.sha16=ce34a66f7c03def1 commit=true err=<none>
20260224_003448 D/LiteRtRepository pid=20342 tid=22385 uptimeMs=433898116 msg=[10] start model='Gemma3n4B' prompt.len=1625 sha=d4139e10e05f0608 gateWaitMs=0
20260224_003448 D/LiteRtRepository pid=20342 tid=20552 uptimeMs=433898117 msg=[10] init ok initMs=1
20260224_003451 D/LiteRtRepository pid=20342 tid=20342 uptimeMs=433901148 msg=[10] logicalDone=true
20260224_003451 D/LiteRtRepository pid=20342 tid=20342 uptimeMs=433901148 msg=[10] native termination safe point -> reset+close
20260224_003451 I/LiteRtRepository pid=20342 tid=23754 uptimeMs=433901149 msg=[10] finalize reason='native-terminated' elapsedMs=3033 firstTokenMs=1075 chunks=26 out.len=82 capturedAll=true logicalDone=true nativeTerminated=true cancelTag='null' lastDeltaMsAgo=75 lastEventMsAgo=1
20260224_003451 D/LiteRtRepository pid=20342 tid=20552 uptimeMs=433901149 msg=[10] resetConversation begin tag='native-terminated'
20260224_003451 D/LiteRtRepository pid=20342 tid=20552 uptimeMs=433901149 msg=[10] resetConversation ok tag='native-terminated'
20260224_003451 I/AiViewModel pid=20342 tid=23753 uptimeMs=433901150 msg=run[10] done: phase=FOLLOWUP mode=FOLLOWUP_JSON_OR_TEXT score=null FU0.len=82 FU0.sha16=ce9200cbe6e25dbc commit=false err=<none>
20260224_003535 D/LiteRtRepository pid=20342 tid=23753 uptimeMs=433944636 msg=[11] start model='Gemma3n4B' prompt.len=1993 sha=531335979b5525b7 gateWaitMs=0
20260224_003535 D/LiteRtRepository pid=20342 tid=23754 uptimeMs=433944638 msg=[11] init ok initMs=1
20260224_003542 D/LiteRtRepository pid=20342 tid=20342 uptimeMs=433951849 msg=[11] logicalDone=true
20260224_003542 D/LiteRtRepository pid=20342 tid=20342 uptimeMs=433951849 msg=[11] native termination safe point -> reset+close
20260224_003542 D/LiteRtRepository pid=20342 tid=23753 uptimeMs=433951850 msg=[11] resetConversation begin tag='native-terminated'
20260224_003542 I/LiteRtRepository pid=20342 tid=22385 uptimeMs=433951851 msg=[11] finalize reason='native-terminated' elapsedMs=7214 firstTokenMs=1261 chunks=78 out.len=251 capturedAll=true logicalDone=true nativeTerminated=true cancelTag='null' lastDeltaMsAgo=79 lastEventMsAgo=1
20260224_003542 D/LiteRtRepository pid=20342 tid=22388 uptimeMs=433951852 msg=[11] resetConversation ok tag='native-terminated'
20260224_003542 I/AiViewModel pid=20342 tid=23753 uptimeMs=433951853 msg=run[11] done: phase=EVAL mode=EVAL_JSON score=85 FU0.len=0 FU0.sha16=none commit=true err=<none>
20260224_003542 D/LiteRtRepository pid=20342 tid=22385 uptimeMs=433951854 msg=[12] start model='Gemma3n4B' prompt.len=1521 sha=6b83e19f395348a2 gateWaitMs=0
20260224_003542 D/LiteRtRepository pid=20342 tid=23753 uptimeMs=433951854 msg=[12] init ok initMs=0
20260224_003544 D/LiteRtRepository pid=20342 tid=20342 uptimeMs=433954145 msg=[12] logicalDone=true
20260224_003544 D/LiteRtRepository pid=20342 tid=20342 uptimeMs=433954145 msg=[12] native termination safe point -> reset+close
20260224_003544 D/LiteRtRepository pid=20342 tid=23754 uptimeMs=433954145 msg=[12] resetConversation begin tag='native-terminated'
20260224_003544 I/LiteRtRepository pid=20342 tid=23754 uptimeMs=433954145 msg=[12] finalize reason='native-terminated' elapsedMs=2291 firstTokenMs=1080 chunks=16 out.len=57 capturedAll=true logicalDone=true nativeTerminated=true cancelTag='null' lastDeltaMsAgo=73 lastEventMsAgo=0
20260224_003544 D/LiteRtRepository pid=20342 tid=23156 uptimeMs=433954146 msg=[12] resetConversation ok tag='native-terminated'
20260224_003544 I/AiViewModel pid=20342 tid=20386 uptimeMs=433954147 msg=run[12] done: phase=FOLLOWUP mode=FOLLOWUP_JSON_OR_TEXT score=null FU0.len=57 FU0.sha16=5c975b528629d433 commit=false err=<none>
20260224_004543 I/AiViewModel pid=20342 tid=20342 uptimeMs=434553123 msg=onCleared: ViewModel is being cleared -> stopCurrentRunInternal()
20260224_004604 D/AiTrace pid=20342 tid=20342 uptimeMs=434573953 msg=Installed (enabled=false ringEnabled=true)
20260224_004847 D/LiteRtRepository pid=20342 tid=22384 uptimeMs=434737460 msg=[13] start model='Gemma3n4B' prompt.len=1899 sha=6eb026f52f6aa100 gateWaitMs=1
20260224_004847 D/LiteRtRepository pid=20342 tid=22384 uptimeMs=434737462 msg=[13] init ok initMs=2
20260224_004857 D/LiteRtRepository pid=20342 tid=20342 uptimeMs=434747501 msg=[13] logicalDone=true
20260224_004857 D/LiteRtRepository pid=20342 tid=20342 uptimeMs=434747503 msg=[13] native termination safe point -> reset+close
20260224_004857 I/LiteRtRepository pid=20342 tid=23754 uptimeMs=434747504 msg=[13] finalize reason='native-terminated' elapsedMs=10045 firstTokenMs=2374 chunks=92 out.len=273 capturedAll=true logicalDone=true nativeTerminated=true cancelTag='null' lastDeltaMsAgo=89 lastEventMsAgo=1
20260224_004857 D/LiteRtRepository pid=20342 tid=20386 uptimeMs=434747504 msg=[13] resetConversation begin tag='native-terminated'
20260224_004857 D/LiteRtRepository pid=20342 tid=20386 uptimeMs=434747506 msg=[13] resetConversation ok tag='native-terminated'
20260224_004857 I/AiViewModel pid=20342 tid=20552 uptimeMs=434747511 msg=run[1] done: phase=EVAL mode=EVAL_JSON score=85 FU0.len=123 FU0.sha16=aa530d2ca692a4e3 commit=true err=<none>
20260224_004857 D/LiteRtRepository pid=20342 tid=20385 uptimeMs=434747514 msg=[14] start model='Gemma3n4B' prompt.len=1543 sha=efa4007d964f47e3 gateWaitMs=0
20260224_004857 D/LiteRtRepository pid=20342 tid=20552 uptimeMs=434747514 msg=[14] init ok initMs=0
20260224_004901 D/LiteRtRepository pid=20342 tid=20342 uptimeMs=434750827 msg=[14] logicalDone=true
20260224_004901 D/LiteRtRepository pid=20342 tid=20342 uptimeMs=434750827 msg=[14] native termination safe point -> reset+close
20260224_004901 D/LiteRtRepository pid=20342 tid=20552 uptimeMs=434750827 msg=[14] resetConversation begin tag='native-terminated'
20260224_004901 I/LiteRtRepository pid=20342 tid=20386 uptimeMs=434750828 msg=[14] finalize reason='native-terminated' elapsedMs=3315 firstTokenMs=1274 chunks=25 out.len=75 capturedAll=true logicalDone=true nativeTerminated=true cancelTag='null' lastDeltaMsAgo=84 lastEventMsAgo=1
20260224_004901 D/LiteRtRepository pid=20342 tid=22384 uptimeMs=434750830 msg=[14] resetConversation ok tag='native-terminated'
20260224_004901 I/AiViewModel pid=20342 tid=27620 uptimeMs=434750831 msg=run[2] done: phase=FOLLOWUP mode=FOLLOWUP_JSON_OR_TEXT score=null FU0.len=75 FU0.sha16=0e87c22386889998 commit=false err=<none>
20260224_004911 D/LiteRtRepository pid=20342 tid=27620 uptimeMs=434761433 msg=[15] start model='Gemma3n4B' prompt.len=1800 sha=c72a4545493fb636 gateWaitMs=0
20260224_004911 D/LiteRtRepository pid=20342 tid=27620 uptimeMs=434761433 msg=[15] init ok initMs=0
20260224_004920 D/LiteRtRepository pid=20342 tid=20342 uptimeMs=434770240 msg=[15] logicalDone=true
20260224_004920 D/LiteRtRepository pid=20342 tid=20342 uptimeMs=434770242 msg=[15] native termination safe point -> reset+close
20260224_004920 I/LiteRtRepository pid=20342 tid=27620 uptimeMs=434770242 msg=[15] finalize reason='native-terminated' elapsedMs=8810 firstTokenMs=1941 chunks=83 out.len=269 capturedAll=true logicalDone=true nativeTerminated=true cancelTag='null' lastDeltaMsAgo=87 lastEventMsAgo=0
20260224_004920 D/LiteRtRepository pid=20342 tid=20386 uptimeMs=434770243 msg=[15] resetConversation begin tag='native-terminated'
20260224_004920 D/LiteRtRepository pid=20342 tid=20385 uptimeMs=434770245 msg=[15] resetConversation ok tag='native-terminated'
20260224_004920 I/AiViewModel pid=20342 tid=20552 uptimeMs=434770246 msg=run[3] done: phase=EVAL mode=EVAL_JSON score=85 FU0.len=0 FU0.sha16=none commit=true err=<none>
20260224_004920 D/LiteRtRepository pid=20342 tid=27620 uptimeMs=434770249 msg=[16] start model='Gemma3n4B' prompt.len=1539 sha=7bddd799dd656434 gateWaitMs=0
20260224_004920 D/LiteRtRepository pid=20342 tid=20386 uptimeMs=434770249 msg=[16] init ok initMs=0
20260224_004923 D/LiteRtRepository pid=20342 tid=20342 uptimeMs=434773211 msg=[16] logicalDone=true
20260224_004923 D/LiteRtRepository pid=20342 tid=20342 uptimeMs=434773211 msg=[16] native termination safe point -> reset+close
20260224_004923 D/LiteRtRepository pid=20342 tid=20385 uptimeMs=434773211 msg=[16] resetConversation begin tag='native-terminated'
20260224_004923 I/LiteRtRepository pid=20342 tid=20385 uptimeMs=434773211 msg=[16] finalize reason='native-terminated' elapsedMs=2963 firstTokenMs=1415 chunks=19 out.len=63 capturedAll=true logicalDone=true nativeTerminated=true cancelTag='null' lastDeltaMsAgo=81 lastEventMsAgo=0
20260224_004923 D/LiteRtRepository pid=20342 tid=27620 uptimeMs=434773213 msg=[16] resetConversation ok tag='native-terminated'
20260224_004923 I/AiViewModel pid=20342 tid=20552 uptimeMs=434773215 msg=run[4] done: phase=FOLLOWUP mode=FOLLOWUP_JSON_OR_TEXT score=null FU0.len=63 FU0.sha16=184a34f55ac38897 commit=false err=<none>
20260224_004935 D/LiteRtRepository pid=20342 tid=20552 uptimeMs=434785303 msg=[17] start model='Gemma3n4B' prompt.len=2015 sha=058dba9fa419901c gateWaitMs=0
20260224_004935 D/LiteRtRepository pid=20342 tid=22388 uptimeMs=434785303 msg=[17] init ok initMs=0
20260224_004945 D/LiteRtRepository pid=20342 tid=20342 uptimeMs=434795474 msg=[17] logicalDone=true
20260224_004945 D/LiteRtRepository pid=20342 tid=20342 uptimeMs=434795478 msg=[17] native termination safe point -> reset+close
20260224_004945 I/LiteRtRepository pid=20342 tid=20552 uptimeMs=434795479 msg=[17] finalize reason='native-terminated' elapsedMs=10176 firstTokenMs=2319 chunks=90 out.len=268 capturedAll=true logicalDone=true nativeTerminated=true cancelTag='null' lastDeltaMsAgo=99 lastEventMsAgo=0
20260224_004945 D/LiteRtRepository pid=20342 tid=22388 uptimeMs=434795479 msg=[17] resetConversation begin tag='native-terminated'
20260224_004945 D/LiteRtRepository pid=20342 tid=20552 uptimeMs=434795480 msg=[17] resetConversation ok tag='native-terminated'
20260224_004945 I/AiViewModel pid=20342 tid=20386 uptimeMs=434795481 msg=run[5] done: phase=EVAL mode=EVAL_JSON score=85 FU0.len=0 FU0.sha16=none commit=true err=<none>
20260224_004945 D/LiteRtRepository pid=20342 tid=22384 uptimeMs=434795489 msg=[18] start model='Gemma3n4B' prompt.len=1538 sha=2e247896af55b668 gateWaitMs=0
20260224_004945 D/LiteRtRepository pid=20342 tid=22388 uptimeMs=434795491 msg=[18] init ok initMs=2
20260224_004949 D/LiteRtRepository pid=20342 tid=20342 uptimeMs=434799395 msg=[18] logicalDone=true
20260224_004949 D/LiteRtRepository pid=20342 tid=20342 uptimeMs=434799397 msg=[18] native termination safe point -> reset+close
20260224_004949 I/LiteRtRepository pid=20342 tid=22388 uptimeMs=434799398 msg=[18] finalize reason='native-terminated' elapsedMs=3914 firstTokenMs=1677 chunks=26 out.len=74 capturedAll=true logicalDone=true nativeTerminated=true cancelTag='null' lastDeltaMsAgo=90 lastEventMsAgo=1
20260224_004949 D/LiteRtRepository pid=20342 tid=22384 uptimeMs=434799398 msg=[18] resetConversation begin tag='native-terminated'
20260224_004949 D/LiteRtRepository pid=20342 tid=22388 uptimeMs=434799400 msg=[18] resetConversation ok tag='native-terminated'
20260224_004949 I/AiViewModel pid=20342 tid=20386 uptimeMs=434799403 msg=run[6] done: phase=FOLLOWUP mode=FOLLOWUP_JSON_OR_TEXT score=null FU0.len=74 FU0.sha16=fdef99d9b9523c24 commit=false err=<none>
20260224_005002 D/LiteRtRepository pid=20342 tid=22385 uptimeMs=434811881 msg=[19] start model='Gemma3n4B' prompt.len=2078 sha=2b16c73f8041a06b gateWaitMs=1
20260224_005002 D/LiteRtRepository pid=20342 tid=22388 uptimeMs=434811882 msg=[19] init ok initMs=1
20260224_005013 D/LiteRtRepository pid=20342 tid=20342 uptimeMs=434823217 msg=[19] logicalDone=true
20260224_005013 D/LiteRtRepository pid=20342 tid=20342 uptimeMs=434823220 msg=[19] native termination safe point -> reset+close
20260224_005013 D/LiteRtRepository pid=20342 tid=22385 uptimeMs=434823220 msg=[19] resetConversation begin tag='native-terminated'
20260224_005013 I/LiteRtRepository pid=20342 tid=22388 uptimeMs=434823220 msg=[19] finalize reason='native-terminated' elapsedMs=11339 firstTokenMs=2208 chunks=105 out.len=337 capturedAll=true logicalDone=true nativeTerminated=true cancelTag='null' lastDeltaMsAgo=97 lastEventMsAgo=0
20260224_005013 D/LiteRtRepository pid=20342 tid=23754 uptimeMs=434823222 msg=[19] resetConversation ok tag='native-terminated'
20260224_005013 I/AiViewModel pid=20342 tid=22385 uptimeMs=434823223 msg=run[7] done: phase=EVAL mode=EVAL_JSON score=75 FU0.len=0 FU0.sha16=none commit=true err=<none>
20260224_005013 D/LiteRtRepository pid=20342 tid=22388 uptimeMs=434823231 msg=[20] start model='Gemma3n4B' prompt.len=1607 sha=692c1d6718f58176 gateWaitMs=0
20260224_005013 D/LiteRtRepository pid=20342 tid=23754 uptimeMs=434823231 msg=[20] init ok initMs=0
20260224_005018 D/LiteRtRepository pid=20342 tid=20342 uptimeMs=434827819 msg=[20] logicalDone=true
20260224_005018 D/LiteRtRepository pid=20342 tid=20342 uptimeMs=434827819 msg=[20] native termination safe point -> reset+close
20260224_005018 D/LiteRtRepository pid=20342 tid=23754 uptimeMs=434827819 msg=[20] resetConversation begin tag='native-terminated'
20260224_005018 I/LiteRtRepository pid=20342 tid=23754 uptimeMs=434827819 msg=[20] finalize reason='native-terminated' elapsedMs=4593 firstTokenMs=1570 chunks=35 out.len=124 capturedAll=true logicalDone=true nativeTerminated=true cancelTag='null' lastDeltaMsAgo=87 lastEventMsAgo=0
20260224_005018 D/LiteRtRepository pid=20342 tid=20386 uptimeMs=434827820 msg=[20] resetConversation ok tag='native-terminated'
20260224_005018 I/AiViewModel pid=20342 tid=23754 uptimeMs=434827824 msg=run[8] done: phase=FOLLOWUP mode=FOLLOWUP_JSON_OR_TEXT score=null FU0.len=124 FU0.sha16=67032cab07c3c417 commit=false err=<none>
20260224_005031 D/LiteRtRepository pid=20342 tid=23754 uptimeMs=434840977 msg=[21] start model='Gemma3n4B' prompt.len=1896 sha=fad34878735f2040 gateWaitMs=0
20260224_005031 D/LiteRtRepository pid=20342 tid=22384 uptimeMs=434840978 msg=[21] init ok initMs=1
20260224_005039 D/LiteRtRepository pid=20342 tid=20342 uptimeMs=434848997 msg=[21] logicalDone=true
20260224_005039 D/LiteRtRepository pid=20342 tid=20342 uptimeMs=434849000 msg=[21] native termination safe point -> reset+close
20260224_005039 I/LiteRtRepository pid=20342 tid=28089 uptimeMs=434849001 msg=[21] finalize reason='native-terminated' elapsedMs=8023 firstTokenMs=1900 chunks=73 out.len=228 capturedAll=true logicalDone=true nativeTerminated=true cancelTag='null' lastDeltaMsAgo=90 lastEventMsAgo=0
20260224_005039 D/LiteRtRepository pid=20342 tid=22384 uptimeMs=434849001 msg=[21] resetConversation begin tag='native-terminated'
20260224_005039 D/LiteRtRepository pid=20342 tid=23754 uptimeMs=434849003 msg=[21] resetConversation ok tag='native-terminated'
20260224_005039 I/AiViewModel pid=20342 tid=27620 uptimeMs=434849007 msg=run[9] done: phase=EVAL mode=EVAL_JSON score=85 FU0.len=84 FU0.sha16=fee9872cf3278562 commit=true err=<none>
20260224_005039 D/LiteRtRepository pid=20342 tid=28089 uptimeMs=434849010 msg=[22] start model='Gemma3n4B' prompt.len=1498 sha=87dcde63eacf8f79 gateWaitMs=0
20260224_005039 D/LiteRtRepository pid=20342 tid=28089 uptimeMs=434849010 msg=[22] init ok initMs=0
20260224_005041 D/LiteRtRepository pid=20342 tid=20342 uptimeMs=434851172 msg=[22] logicalDone=true
20260224_005041 D/LiteRtRepository pid=20342 tid=20342 uptimeMs=434851172 msg=[22] native termination safe point -> reset+close
20260224_005041 I/LiteRtRepository pid=20342 tid=27620 uptimeMs=434851173 msg=[22] finalize reason='native-terminated' elapsedMs=2164 firstTokenMs=1320 chunks=10 out.len=36 capturedAll=true logicalDone=true nativeTerminated=true cancelTag='null' lastDeltaMsAgo=85 lastEventMsAgo=1
20260224_005041 D/LiteRtRepository pid=20342 tid=28089 uptimeMs=434851173 msg=[22] resetConversation begin tag='native-terminated'
20260224_005041 D/LiteRtRepository pid=20342 tid=28088 uptimeMs=434851173 msg=[22] resetConversation ok tag='native-terminated'
20260224_005041 I/AiViewModel pid=20342 tid=28090 uptimeMs=434851174 msg=run[10] done: phase=FOLLOWUP mode=FOLLOWUP_JSON_OR_TEXT score=null FU0.len=36 FU0.sha16=21a532605d8fb6a2 commit=false err=<none>
20260224_005053 D/LiteRtRepository pid=20342 tid=20386 uptimeMs=434862703 msg=[23] start model='Gemma3n4B' prompt.len=1993 sha=edaca44810860d8c gateWaitMs=0
20260224_005053 D/LiteRtRepository pid=20342 tid=28089 uptimeMs=434862703 msg=[23] init ok initMs=0
20260224_005102 D/LiteRtRepository pid=20342 tid=20342 uptimeMs=434871954 msg=[23] logicalDone=true
20260224_005102 D/LiteRtRepository pid=20342 tid=20342 uptimeMs=434871955 msg=[23] native termination safe point -> reset+close
20260224_005102 D/LiteRtRepository pid=20342 tid=27620 uptimeMs=434871955 msg=[23] resetConversation begin tag='native-terminated'
20260224_005102 I/LiteRtRepository pid=20342 tid=28090 uptimeMs=434871956 msg=[23] finalize reason='native-terminated' elapsedMs=9253 firstTokenMs=2171 chunks=79 out.len=260 capturedAll=true logicalDone=true nativeTerminated=true cancelTag='null' lastDeltaMsAgo=100 lastEventMsAgo=0
20260224_005102 D/LiteRtRepository pid=20342 tid=20385 uptimeMs=434871956 msg=[23] resetConversation ok tag='native-terminated'
20260224_005102 I/AiViewModel pid=20342 tid=28090 uptimeMs=434871957 msg=run[11] done: phase=EVAL mode=EVAL_JSON score=90 FU0.len=0 FU0.sha16=none commit=true err=<none>
20260224_005102 D/LiteRtRepository pid=20342 tid=20385 uptimeMs=434871960 msg=[24] start model='Gemma3n4B' prompt.len=1530 sha=4fb440ba14ab20e2 gateWaitMs=0
20260224_005102 D/LiteRtRepository pid=20342 tid=28088 uptimeMs=434871961 msg=[24] init ok initMs=1
20260224_005105 D/LiteRtRepository pid=20342 tid=20342 uptimeMs=434875052 msg=[24] logicalDone=true
20260224_005105 D/LiteRtRepository pid=20342 tid=20342 uptimeMs=434875052 msg=[24] native termination safe point -> reset+close
20260224_005105 D/LiteRtRepository pid=20342 tid=27620 uptimeMs=434875052 msg=[24] resetConversation begin tag='native-terminated'
20260224_005105 I/LiteRtRepository pid=20342 tid=23754 uptimeMs=434875052 msg=[24] finalize reason='native-terminated' elapsedMs=3093 firstTokenMs=1728 chunks=16 out.len=56 capturedAll=true logicalDone=true nativeTerminated=true cancelTag='null' lastDeltaMsAgo=84 lastEventMsAgo=0
20260224_005105 D/LiteRtRepository pid=20342 tid=20385 uptimeMs=434875052 msg=[24] resetConversation ok tag='native-terminated'
20260224_005105 I/AiViewModel pid=20342 tid=27620 uptimeMs=434875055 msg=run[12] done: phase=FOLLOWUP mode=FOLLOWUP_JSON_OR_TEXT score=null FU0.len=56 FU0.sha16=acc1389c2e5bf2c9 commit=false err=<none>
20260224_005215 I/AiViewModel pid=20342 tid=20342 uptimeMs=434945118 msg=onCleared: ViewModel is being cleared -> stopCurrentRunInternal()
20260224_010010 D/AiTrace pid=20342 tid=20342 uptimeMs=435419843 msg=Installed (enabled=false ringEnabled=true)
20260224_010125 D/LiteRtRepository pid=20342 tid=27620 uptimeMs=435495238 msg=[25] start model='Gemma3n4B' prompt.len=1720 sha=c2fb010493958859 gateWaitMs=0
20260224_010125 D/LiteRtRepository pid=20342 tid=22384 uptimeMs=435495240 msg=[25] init ok initMs=2
20260224_010135 D/LiteRtRepository pid=20342 tid=20342 uptimeMs=435505042 msg=[25] logicalDone=true
20260224_010135 D/LiteRtRepository pid=20342 tid=20342 uptimeMs=435505045 msg=[25] native termination safe point -> reset+close
20260224_010135 D/LiteRtRepository pid=20342 tid=22384 uptimeMs=435505046 msg=[25] resetConversation begin tag='native-terminated'
20260224_010135 D/LiteRtRepository pid=20342 tid=22385 uptimeMs=435505047 msg=[25] resetConversation ok tag='native-terminated'
20260224_010135 I/LiteRtRepository pid=20342 tid=22384 uptimeMs=435505047 msg=[25] finalize reason='native-terminated' elapsedMs=9808 firstTokenMs=2020 chunks=94 out.len=284 capturedAll=true logicalDone=true nativeTerminated=true cancelTag='null' lastDeltaMsAgo=90 lastEventMsAgo=1
20260224_010135 I/AiViewModel pid=20342 tid=22388 uptimeMs=435505051 msg=run[1] done: phase=EVAL mode=EVAL_JSON score=75 FU0.len=0 FU0.sha16=none commit=true err=<none>
20260224_010135 D/LiteRtRepository pid=20342 tid=23754 uptimeMs=435505056 msg=[26] start model='Gemma3n4B' prompt.len=1554 sha=71592ca55b3a0df4 gateWaitMs=0
20260224_010135 D/LiteRtRepository pid=20342 tid=23754 uptimeMs=435505056 msg=[26] init ok initMs=0
20260224_010138 D/LiteRtRepository pid=20342 tid=20342 uptimeMs=435508265 msg=[26] logicalDone=true
20260224_010138 D/LiteRtRepository pid=20342 tid=20342 uptimeMs=435508266 msg=[26] native termination safe point -> reset+close
20260224_010138 D/LiteRtRepository pid=20342 tid=22384 uptimeMs=435508266 msg=[26] resetConversation begin tag='native-terminated'
20260224_010138 I/LiteRtRepository pid=20342 tid=22385 uptimeMs=435508266 msg=[26] finalize reason='native-terminated' elapsedMs=3211 firstTokenMs=1270 chunks=24 out.len=76 capturedAll=true logicalDone=true nativeTerminated=true cancelTag='null' lastDeltaMsAgo=83 lastEventMsAgo=0
20260224_010138 D/LiteRtRepository pid=20342 tid=23754 uptimeMs=435508266 msg=[26] resetConversation ok tag='native-terminated'
20260224_010138 I/AiViewModel pid=20342 tid=31734 uptimeMs=435508268 msg=run[2] done: phase=FOLLOWUP mode=FOLLOWUP_JSON_OR_TEXT score=null FU0.len=76 FU0.sha16=ca84b664be0c0811 commit=false err=<none>
20260224_010210 D/LiteRtRepository pid=20342 tid=28088 uptimeMs=435539773 msg=[27] start model='Gemma3n4B' prompt.len=1704 sha=b0127ae955862ca7 gateWaitMs=0
20260224_010210 D/LiteRtRepository pid=20342 tid=31734 uptimeMs=435539774 msg=[27] init ok initMs=1
20260224_010221 D/LiteRtRepository pid=20342 tid=20342 uptimeMs=435550841 msg=[27] logicalDone=true
20260224_010221 D/LiteRtRepository pid=20342 tid=20342 uptimeMs=435550843 msg=[27] native termination safe point -> reset+close
20260224_010221 I/LiteRtRepository pid=20342 tid=28088 uptimeMs=435550843 msg=[27] finalize reason='native-terminated' elapsedMs=11071 firstTokenMs=2047 chunks=106 out.len=334 capturedAll=true logicalDone=true nativeTerminated=true cancelTag='null' lastDeltaMsAgo=85 lastEventMsAgo=0
20260224_010221 D/LiteRtRepository pid=20342 tid=20386 uptimeMs=435550843 msg=[27] resetConversation begin tag='native-terminated'
20260224_010221 D/LiteRtRepository pid=20342 tid=31734 uptimeMs=435550845 msg=[27] resetConversation ok tag='native-terminated'
20260224_010221 I/AiViewModel pid=20342 tid=28088 uptimeMs=435550846 msg=run[3] done: phase=EVAL mode=EVAL_JSON score=75 FU0.len=0 FU0.sha16=none commit=true err=<none>
20260224_010221 D/LiteRtRepository pid=20342 tid=20386 uptimeMs=435550851 msg=[28] start model='Gemma3n4B' prompt.len=1604 sha=8cfa70beabc14b03 gateWaitMs=0
20260224_010221 D/LiteRtRepository pid=20342 tid=28088 uptimeMs=435550851 msg=[28] init ok initMs=0
20260224_010225 D/LiteRtRepository pid=20342 tid=20342 uptimeMs=435554987 msg=[28] logicalDone=true
20260224_010225 D/LiteRtRepository pid=20342 tid=20342 uptimeMs=435554988 msg=[28] native termination safe point -> reset+close
20260224_010225 I/LiteRtRepository pid=20342 tid=31734 uptimeMs=435554989 msg=[28] finalize reason='native-terminated' elapsedMs=4139 firstTokenMs=1732 chunks=30 out.len=91 capturedAll=true logicalDone=true nativeTerminated=true cancelTag='null' lastDeltaMsAgo=90 lastEventMsAgo=0
20260224_010225 D/LiteRtRepository pid=20342 tid=27620 uptimeMs=435554989 msg=[28] resetConversation begin tag='native-terminated'
20260224_010225 D/LiteRtRepository pid=20342 tid=20386 uptimeMs=435554991 msg=[28] resetConversation ok tag='native-terminated'
20260224_010225 I/AiViewModel pid=20342 tid=31734 uptimeMs=435554992 msg=run[4] done: phase=FOLLOWUP mode=FOLLOWUP_JSON_OR_TEXT score=null FU0.len=91 FU0.sha16=9c73adc793350ffe commit=false err=<none>
20260224_010235 D/LiteRtRepository pid=20342 tid=27620 uptimeMs=435565103 msg=[29] start model='Gemma3n4B' prompt.len=1798 sha=93731de8dcf5455e gateWaitMs=0
20260224_010235 D/LiteRtRepository pid=20342 tid=31734 uptimeMs=435565103 msg=[29] init ok initMs=0
20260224_010245 D/LiteRtRepository pid=20342 tid=20342 uptimeMs=435575136 msg=[29] logicalDone=true
20260224_010245 D/LiteRtRepository pid=20342 tid=20342 uptimeMs=435575138 msg=[29] native termination safe point -> reset+close
20260224_010245 D/LiteRtRepository pid=20342 tid=22388 uptimeMs=435575139 msg=[29] resetConversation begin tag='native-terminated'
20260224_010245 I/LiteRtRepository pid=20342 tid=22388 uptimeMs=435575139 msg=[29] finalize reason='native-terminated' elapsedMs=10037 firstTokenMs=2042 chunks=93 out.len=291 capturedAll=true logicalDone=true nativeTerminated=true cancelTag='null' lastDeltaMsAgo=104 lastEventMsAgo=1
20260224_010245 D/LiteRtRepository pid=20342 tid=27620 uptimeMs=435575140 msg=[29] resetConversation ok tag='native-terminated'
20260224_010245 I/AiViewModel pid=20342 tid=31733 uptimeMs=435575144 msg=run[5] done: phase=EVAL mode=EVAL_JSON score=75 FU0.len=0 FU0.sha16=none commit=true err=<none>
20260224_010245 D/LiteRtRepository pid=20342 tid=20386 uptimeMs=435575154 msg=[30] start model='Gemma3n4B' prompt.len=1561 sha=eb3194fe7ad65316 gateWaitMs=0
20260224_010245 D/LiteRtRepository pid=20342 tid=31733 uptimeMs=435575155 msg=[30] init ok initMs=1
20260224_010249 D/LiteRtRepository pid=20342 tid=20342 uptimeMs=435579023 msg=[30] logicalDone=true
20260224_010249 D/LiteRtRepository pid=20342 tid=20342 uptimeMs=435579025 msg=[30] native termination safe point -> reset+close
20260224_010249 I/LiteRtRepository pid=20342 tid=31733 uptimeMs=435579025 msg=[30] finalize reason='native-terminated' elapsedMs=3879 firstTokenMs=1700 chunks=25 out.len=81 capturedAll=true logicalDone=true nativeTerminated=true cancelTag='null' lastDeltaMsAgo=89 lastEventMsAgo=1
20260224_010249 D/LiteRtRepository pid=20342 tid=31734 uptimeMs=435579025 msg=[30] resetConversation begin tag='native-terminated'
20260224_010249 D/LiteRtRepository pid=20342 tid=23754 uptimeMs=435579026 msg=[30] resetConversation ok tag='native-terminated'
20260224_010249 I/AiViewModel pid=20342 tid=31732 uptimeMs=435579028 msg=run[6] done: phase=FOLLOWUP mode=FOLLOWUP_JSON_OR_TEXT score=null FU0.len=81 FU0.sha16=12876a6c4e95a3cc commit=false err=<none>
20260224_010303 D/LiteRtRepository pid=20342 tid=31732 uptimeMs=435593497 msg=[31] start model='Gemma3n4B' prompt.len=1791 sha=6ed8ba0434cb157b gateWaitMs=0
20260224_010303 D/LiteRtRepository pid=20342 tid=31733 uptimeMs=435593497 msg=[31] init ok initMs=0
20260224_010313 D/LiteRtRepository pid=20342 tid=20342 uptimeMs=435603201 msg=[31] logicalDone=true
20260224_010313 D/LiteRtRepository pid=20342 tid=20342 uptimeMs=435603205 msg=[31] native termination safe point -> reset+close
20260224_010313 D/LiteRtRepository pid=20342 tid=31732 uptimeMs=435603206 msg=[31] resetConversation begin tag='native-terminated'
20260224_010313 I/LiteRtRepository pid=20342 tid=31734 uptimeMs=435603206 msg=[31] finalize reason='native-terminated' elapsedMs=9710 firstTokenMs=2110 chunks=89 out.len=272 capturedAll=true logicalDone=true nativeTerminated=true cancelTag='null' lastDeltaMsAgo=94 lastEventMsAgo=1
20260224_010313 D/LiteRtRepository pid=20342 tid=28088 uptimeMs=435603208 msg=[31] resetConversation ok tag='native-terminated'
20260224_010313 I/AiViewModel pid=20342 tid=20386 uptimeMs=435603212 msg=run[7] done: phase=EVAL mode=EVAL_JSON score=75 FU0.len=0 FU0.sha16=none commit=true err=<none>
20260224_010313 D/LiteRtRepository pid=20342 tid=31732 uptimeMs=435603222 msg=[32] start model='Gemma3n4B' prompt.len=1542 sha=90154f2af4cfc49a gateWaitMs=0
20260224_010313 D/LiteRtRepository pid=20342 tid=28088 uptimeMs=435603223 msg=[32] init ok initMs=1
20260224_010317 D/LiteRtRepository pid=20342 tid=20342 uptimeMs=435606845 msg=[32] logicalDone=true
20260224_010317 D/LiteRtRepository pid=20342 tid=20342 uptimeMs=435606845 msg=[32] native termination safe point -> reset+close
20260224_010317 D/LiteRtRepository pid=20342 tid=31732 uptimeMs=435606845 msg=[32] resetConversation begin tag='native-terminated'
20260224_010317 I/LiteRtRepository pid=20342 tid=20386 uptimeMs=435606845 msg=[32] finalize reason='native-terminated' elapsedMs=3630 firstTokenMs=1358 chunks=26 out.len=89 capturedAll=true logicalDone=true nativeTerminated=true cancelTag='null' lastDeltaMsAgo=84 lastEventMsAgo=0
20260224_010317 D/LiteRtRepository pid=20342 tid=31734 uptimeMs=435606846 msg=[32] resetConversation ok tag='native-terminated'
20260224_010317 I/AiViewModel pid=20342 tid=31732 uptimeMs=435606849 msg=run[8] done: phase=FOLLOWUP mode=FOLLOWUP_JSON_OR_TEXT score=null FU0.len=89 FU0.sha16=dcc3325efcdd9576 commit=false err=<none>
20260224_010326 D/LiteRtRepository pid=20342 tid=20386 uptimeMs=435616173 msg=[33] start model='Gemma3n4B' prompt.len=1732 sha=a7cdc1f4c4978972 gateWaitMs=1
20260224_010326 D/LiteRtRepository pid=20342 tid=20386 uptimeMs=435616174 msg=[33] init ok initMs=1
20260224_010335 D/LiteRtRepository pid=20342 tid=20342 uptimeMs=435624589 msg=[33] logicalDone=true
20260224_010335 D/LiteRtRepository pid=20342 tid=20342 uptimeMs=435624593 msg=[33] native termination safe point -> reset+close
20260224_010335 I/LiteRtRepository pid=20342 tid=31732 uptimeMs=435624593 msg=[33] finalize reason='native-terminated' elapsedMs=8420 firstTokenMs=2138 chunks=73 out.len=229 capturedAll=true logicalDone=true nativeTerminated=true cancelTag='null' lastDeltaMsAgo=92 lastEventMsAgo=0
20260224_010335 D/LiteRtRepository pid=20342 tid=31733 uptimeMs=435624594 msg=[33] resetConversation begin tag='native-terminated'
20260224_010335 D/LiteRtRepository pid=20342 tid=32303 uptimeMs=435624597 msg=[33] resetConversation ok tag='native-terminated'
20260224_010335 I/AiViewModel pid=20342 tid=31733 uptimeMs=435624603 msg=run[9] done: phase=EVAL mode=EVAL_JSON score=75 FU0.len=98 FU0.sha16=ddf3dabe214e7e98 commit=true err=<none>
20260224_010335 D/LiteRtRepository pid=20342 tid=27620 uptimeMs=435624608 msg=[34] start model='Gemma3n4B' prompt.len=1499 sha=d7f928cd2f8a56a2 gateWaitMs=0
20260224_010335 D/LiteRtRepository pid=20342 tid=31733 uptimeMs=435624608 msg=[34] init ok initMs=0
20260224_010337 D/LiteRtRepository pid=20342 tid=20342 uptimeMs=435627311 msg=[34] logicalDone=true
20260224_010337 D/LiteRtRepository pid=20342 tid=20342 uptimeMs=435627312 msg=[34] native termination safe point -> reset+close
20260224_010337 I/LiteRtRepository pid=20342 tid=23754 uptimeMs=435627313 msg=[34] finalize reason='native-terminated' elapsedMs=2706 firstTokenMs=1399 chunks=15 out.len=50 capturedAll=true logicalDone=true nativeTerminated=true cancelTag='null' lastDeltaMsAgo=98 lastEventMsAgo=1
20260224_010337 D/LiteRtRepository pid=20342 tid=31733 uptimeMs=435627313 msg=[34] resetConversation begin tag='native-terminated'
20260224_010337 D/LiteRtRepository pid=20342 tid=28088 uptimeMs=435627315 msg=[34] resetConversation ok tag='native-terminated'
20260224_010337 I/AiViewModel pid=20342 tid=23754 uptimeMs=435627316 msg=run[10] done: phase=FOLLOWUP mode=FOLLOWUP_JSON_OR_TEXT score=null FU0.len=50 FU0.sha16=ce329ea26ddd25cb commit=false err=<none>
20260224_010345 D/LiteRtRepository pid=20342 tid=23754 uptimeMs=435635221 msg=[35] start model='Gemma3n4B' prompt.len=1770 sha=815b38859eb811f8 gateWaitMs=0
20260224_010345 D/LiteRtRepository pid=20342 tid=31733 uptimeMs=435635222 msg=[35] init ok initMs=0
20260224_010355 D/LiteRtRepository pid=20342 tid=20342 uptimeMs=435644968 msg=[35] logicalDone=true
20260224_010355 D/LiteRtRepository pid=20342 tid=20342 uptimeMs=435644969 msg=[35] native termination safe point -> reset+close
20260224_010355 D/LiteRtRepository pid=20342 tid=23754 uptimeMs=435644969 msg=[35] resetConversation begin tag='native-terminated'
20260224_010355 I/LiteRtRepository pid=20342 tid=28088 uptimeMs=435644969 msg=[35] finalize reason='native-terminated' elapsedMs=9749 firstTokenMs=2227 chunks=85 out.len=271 capturedAll=true logicalDone=true nativeTerminated=true cancelTag='null' lastDeltaMsAgo=102 lastEventMsAgo=0
20260224_010355 D/LiteRtRepository pid=20342 tid=27620 uptimeMs=435644972 msg=[35] resetConversation ok tag='native-terminated'
20260224_010355 I/AiViewModel pid=20342 tid=28088 uptimeMs=435644978 msg=run[11] done: phase=EVAL mode=EVAL_JSON score=75 FU0.len=102 FU0.sha16=b3c81cd6a3d683b5 commit=true err=<none>
20260224_010355 D/LiteRtRepository pid=20342 tid=23754 uptimeMs=435644986 msg=[36] start model='Gemma3n4B' prompt.len=1541 sha=8b9e32482261945f gateWaitMs=1
20260224_010355 D/LiteRtRepository pid=20342 tid=23754 uptimeMs=435644987 msg=[36] init ok initMs=1
20260224_010358 D/LiteRtRepository pid=20342 tid=20342 uptimeMs=435648089 msg=[36] logicalDone=true
20260224_010358 D/LiteRtRepository pid=20342 tid=20342 uptimeMs=435648090 msg=[36] native termination safe point -> reset+close
20260224_010358 I/LiteRtRepository pid=20342 tid=27620 uptimeMs=435648091 msg=[36] finalize reason='native-terminated' elapsedMs=3105 firstTokenMs=1810 chunks=15 out.len=54 capturedAll=true logicalDone=true nativeTerminated=true cancelTag='null' lastDeltaMsAgo=90 lastEventMsAgo=1
20260224_010358 D/LiteRtRepository pid=20342 tid=28088 uptimeMs=435648091 msg=[36] resetConversation begin tag='native-terminated'
20260224_010358 D/LiteRtRepository pid=20342 tid=27620 uptimeMs=435648093 msg=[36] resetConversation ok tag='native-terminated'
20260224_010358 I/AiViewModel pid=20342 tid=32303 uptimeMs=435648097 msg=run[12] done: phase=FOLLOWUP mode=FOLLOWUP_JSON_OR_TEXT score=null FU0.len=54 FU0.sha16=1fe0d529216a67ac commit=false err=<none>
20260224_011254 I/AiViewModel pid=20342 tid=20342 uptimeMs=436184393 msg=onCleared: ViewModel is being cleared -> stopCurrentRunInternal()
20260225_171356 D/AiTrace pid=20342 tid=20342 uptimeMs=580245893 msg=Installed (enabled=false ringEnabled=true)
20260225_171543 D/LiteRtRepository pid=20342 tid=32303 uptimeMs=580353390 msg=[37] start model='Gemma3n4B' prompt.len=1720 sha=c2fb010493958859 gateWaitMs=0
20260225_171543 D/LiteRtRepository pid=20342 tid=28088 uptimeMs=580353391 msg=[37] init ok initMs=1
20260225_171553 D/LiteRtRepository pid=20342 tid=20342 uptimeMs=580363232 msg=[37] logicalDone=true
20260225_171553 D/LiteRtRepository pid=20342 tid=20342 uptimeMs=580363235 msg=[37] native termination safe point -> reset+close
20260225_171553 D/LiteRtRepository pid=20342 tid=31733 uptimeMs=580363235 msg=[37] resetConversation begin tag='native-terminated'
20260225_171553 I/LiteRtRepository pid=20342 tid=32303 uptimeMs=580363236 msg=[37] finalize reason='native-terminated' elapsedMs=9846 firstTokenMs=2106 chunks=94 out.len=284 capturedAll=true logicalDone=true nativeTerminated=true cancelTag='null' lastDeltaMsAgo=89 lastEventMsAgo=0
20260225_171553 D/LiteRtRepository pid=20342 tid=32303 uptimeMs=580363236 msg=[37] resetConversation ok tag='native-terminated'
20260225_171553 I/AiViewModel pid=20342 tid=23754 uptimeMs=580363239 msg=run[1] done: phase=EVAL mode=EVAL_JSON score=75 FU0.len=0 FU0.sha16=none commit=true err=<none>
20260225_171553 D/LiteRtRepository pid=20342 tid=31733 uptimeMs=580363246 msg=[38] start model='Gemma3n4B' prompt.len=1554 sha=71592ca55b3a0df4 gateWaitMs=0
20260225_171553 D/LiteRtRepository pid=20342 tid=23754 uptimeMs=580363246 msg=[38] init ok initMs=0
20260225_171556 D/LiteRtRepository pid=20342 tid=20342 uptimeMs=580366448 msg=[38] logicalDone=true
20260225_171556 D/LiteRtRepository pid=20342 tid=20342 uptimeMs=580366448 msg=[38] native termination safe point -> reset+close
20260225_171556 D/LiteRtRepository pid=20342 tid=31733 uptimeMs=580366449 msg=[38] resetConversation begin tag='native-terminated'
20260225_171556 I/LiteRtRepository pid=20342 tid=20386 uptimeMs=580366449 msg=[38] finalize reason='native-terminated' elapsedMs=3206 firstTokenMs=1269 chunks=24 out.len=76 capturedAll=true logicalDone=true nativeTerminated=true cancelTag='null' lastDeltaMsAgo=80 lastEventMsAgo=1
20260225_171556 D/LiteRtRepository pid=20342 tid=28401 uptimeMs=580366450 msg=[38] resetConversation ok tag='native-terminated'
20260225_171556 I/AiViewModel pid=20342 tid=32302 uptimeMs=580366452 msg=run[2] done: phase=FOLLOWUP mode=FOLLOWUP_JSON_OR_TEXT score=null FU0.len=76 FU0.sha16=ca84b664be0c0811 commit=false err=<none>
20260225_171911 D/LiteRtRepository pid=20342 tid=32303 uptimeMs=580560794 msg=[39] start model='Gemma3n4B' prompt.len=1571 sha=0875da3f6d3f5b30 gateWaitMs=0
20260225_171911 D/LiteRtRepository pid=20342 tid=32303 uptimeMs=580560795 msg=[39] init ok initMs=1
20260225_171918 D/LiteRtRepository pid=20342 tid=20342 uptimeMs=580568063 msg=[39] logicalDone=true
20260225_171918 D/LiteRtRepository pid=20342 tid=20342 uptimeMs=580568065 msg=[39] native termination safe point -> reset+close
20260225_171918 I/LiteRtRepository pid=20342 tid=32303 uptimeMs=580568066 msg=[39] finalize reason='native-terminated' elapsedMs=7273 firstTokenMs=1426 chunks=72 out.len=218 capturedAll=true logicalDone=true nativeTerminated=true cancelTag='null' lastDeltaMsAgo=84 lastEventMsAgo=1
20260225_171918 D/LiteRtRepository pid=20342 tid=28404 uptimeMs=580568067 msg=[39] resetConversation begin tag='native-terminated'
20260225_171918 D/LiteRtRepository pid=20342 tid=28402 uptimeMs=580568070 msg=[39] resetConversation ok tag='native-terminated'
20260225_171918 I/AiViewModel pid=20342 tid=32302 uptimeMs=580568071 msg=run[3] done: phase=EVAL mode=EVAL_JSON score=70 FU0.len=0 FU0.sha16=none commit=true err=<none>
20260225_171918 D/LiteRtRepository pid=20342 tid=28404 uptimeMs=580568083 msg=[40] start model='Gemma3n4B' prompt.len=1488 sha=91bcbee84526ffd5 gateWaitMs=0
20260225_171918 D/LiteRtRepository pid=20342 tid=32302 uptimeMs=580568084 msg=[40] init ok initMs=1
20260225_171920 D/LiteRtRepository pid=20342 tid=20342 uptimeMs=580570495 msg=[40] logicalDone=true
20260225_171920 D/LiteRtRepository pid=20342 tid=20342 uptimeMs=580570495 msg=[40] native termination safe point -> reset+close
20260225_171920 I/LiteRtRepository pid=20342 tid=31733 uptimeMs=580570495 msg=[40] finalize reason='native-terminated' elapsedMs=2421 firstTokenMs=1218 chunks=15 out.len=53 capturedAll=true logicalDone=true nativeTerminated=true cancelTag='null' lastDeltaMsAgo=78 lastEventMsAgo=0
20260225_171920 D/LiteRtRepository pid=20342 tid=28404 uptimeMs=580570495 msg=[40] resetConversation begin tag='native-terminated'
20260225_171920 D/LiteRtRepository pid=20342 tid=31733 uptimeMs=580570496 msg=[40] resetConversation ok tag='native-terminated'
20260225_171920 I/AiViewModel pid=20342 tid=28404 uptimeMs=580570500 msg=run[4] done: phase=FOLLOWUP mode=FOLLOWUP_JSON_OR_TEXT score=null FU0.len=53 FU0.sha16=a00063aeb0447930 commit=false err=<none>
20260225_172109 D/LiteRtRepository pid=20342 tid=29009 uptimeMs=580679016 msg=[41] start model='Gemma3n4B' prompt.len=1693 sha=7061ffb0707c47c1 gateWaitMs=0
20260225_172109 D/LiteRtRepository pid=20342 tid=28404 uptimeMs=580679017 msg=[41] init ok initMs=1
20260225_172119 D/LiteRtRepository pid=20342 tid=20342 uptimeMs=580688985 msg=[41] logicalDone=true
20260225_172119 D/LiteRtRepository pid=20342 tid=20342 uptimeMs=580688987 msg=[41] native termination safe point -> reset+close
20260225_172119 I/LiteRtRepository pid=20342 tid=32302 uptimeMs=580688988 msg=[41] finalize reason='native-terminated' elapsedMs=9973 firstTokenMs=1957 chunks=98 out.len=295 capturedAll=true logicalDone=true nativeTerminated=true cancelTag='null' lastDeltaMsAgo=85 lastEventMsAgo=1
20260225_172119 D/LiteRtRepository pid=20342 tid=28404 uptimeMs=580688990 msg=[41] resetConversation begin tag='native-terminated'
20260225_172119 D/LiteRtRepository pid=20342 tid=28403 uptimeMs=580688990 msg=[41] resetConversation ok tag='native-terminated'
20260225_172119 I/AiViewModel pid=20342 tid=32302 uptimeMs=580688993 msg=run[5] done: phase=EVAL mode=EVAL_JSON score=1 FU0.len=122 FU0.sha16=9578ad674d4e339c commit=true err=<none>
20260225_172119 D/LiteRtRepository pid=20342 tid=31733 uptimeMs=580688995 msg=[42] start model='Gemma3n4B' prompt.len=1565 sha=ae12772662842905 gateWaitMs=0
20260225_172119 D/LiteRtRepository pid=20342 tid=29009 uptimeMs=580688995 msg=[42] init ok initMs=0
20260225_172122 D/LiteRtRepository pid=20342 tid=20342 uptimeMs=580692132 msg=[42] logicalDone=true
20260225_172122 D/LiteRtRepository pid=20342 tid=20342 uptimeMs=580692132 msg=[42] native termination safe point -> reset+close
20260225_172122 D/LiteRtRepository pid=20342 tid=31733 uptimeMs=580692132 msg=[42] resetConversation begin tag='native-terminated'
20260225_172122 I/LiteRtRepository pid=20342 tid=28404 uptimeMs=580692132 msg=[42] finalize reason='native-terminated' elapsedMs=3137 firstTokenMs=1212 chunks=24 out.len=74 capturedAll=true logicalDone=true nativeTerminated=true cancelTag='null' lastDeltaMsAgo=80 lastEventMsAgo=0
20260225_172122 D/LiteRtRepository pid=20342 tid=32303 uptimeMs=580692133 msg=[42] resetConversation ok tag='native-terminated'
20260225_172122 I/AiViewModel pid=20342 tid=28404 uptimeMs=580692133 msg=run[6] done: phase=FOLLOWUP mode=FOLLOWUP_JSON_OR_TEXT score=null FU0.len=74 FU0.sha16=b990e287fad4e7bb commit=false err=<none>
20260225_172216 D/LiteRtRepository pid=20342 tid=28404 uptimeMs=580745870 msg=[43] start model='Gemma3n4B' prompt.len=1791 sha=6ed8ba0434cb157b gateWaitMs=0
20260225_172216 D/LiteRtRepository pid=20342 tid=32303 uptimeMs=580745870 msg=[43] init ok initMs=0
20260225_172225 D/LiteRtRepository pid=20342 tid=20342 uptimeMs=580755356 msg=[43] logicalDone=true
20260225_172225 D/LiteRtRepository pid=20342 tid=20342 uptimeMs=580755359 msg=[43] native termination safe point -> reset+close
20260225_172225 I/LiteRtRepository pid=20342 tid=32302 uptimeMs=580755360 msg=[43] finalize reason='native-terminated' elapsedMs=9491 firstTokenMs=2036 chunks=89 out.len=272 capturedAll=true logicalDone=true nativeTerminated=true cancelTag='null' lastDeltaMsAgo=89 lastEventMsAgo=1
20260225_172225 D/LiteRtRepository pid=20342 tid=32303 uptimeMs=580755361 msg=[43] resetConversation begin tag='native-terminated'
20260225_172225 D/LiteRtRepository pid=20342 tid=32303 uptimeMs=580755365 msg=[43] resetConversation ok tag='native-terminated'
20260225_172225 I/AiViewModel pid=20342 tid=32302 uptimeMs=580755367 msg=run[7] done: phase=EVAL mode=EVAL_JSON score=75 FU0.len=0 FU0.sha16=none commit=true err=<none>
20260225_172225 D/LiteRtRepository pid=20342 tid=28404 uptimeMs=580755381 msg=[44] start model='Gemma3n4B' prompt.len=1542 sha=90154f2af4cfc49a gateWaitMs=0
20260225_172225 D/LiteRtRepository pid=20342 tid=32302 uptimeMs=580755381 msg=[44] init ok initMs=0
20260225_172229 D/LiteRtRepository pid=20342 tid=20342 uptimeMs=580758858 msg=[44] logicalDone=true
20260225_172229 D/LiteRtRepository pid=20342 tid=20342 uptimeMs=580758858 msg=[44] native termination safe point -> reset+close
20260225_172229 D/LiteRtRepository pid=20342 tid=32303 uptimeMs=580758858 msg=[44] resetConversation begin tag='native-terminated'
20260225_172229 I/LiteRtRepository pid=20342 tid=28402 uptimeMs=580758858 msg=[44] finalize reason='native-terminated' elapsedMs=3480 firstTokenMs=1288 chunks=26 out.len=89 capturedAll=true logicalDone=true nativeTerminated=true cancelTag='null' lastDeltaMsAgo=79 lastEventMsAgo=0
20260225_172229 D/LiteRtRepository pid=20342 tid=29009 uptimeMs=580758859 msg=[44] resetConversation ok tag='native-terminated'
20260225_172229 I/AiViewModel pid=20342 tid=28403 uptimeMs=580758860 msg=run[8] done: phase=FOLLOWUP mode=FOLLOWUP_JSON_OR_TEXT score=null FU0.len=89 FU0.sha16=dcc3325efcdd9576 commit=false err=<none>
20260225_172340 D/LiteRtRepository pid=20342 tid=28404 uptimeMs=580829900 msg=[45] start model='Gemma3n4B' prompt.len=1622 sha=508d9c7c891a08da gateWaitMs=0
20260225_172340 D/LiteRtRepository pid=20342 tid=28404 uptimeMs=580829901 msg=[45] init ok initMs=1
20260225_172520 W/LiteRtRepository pid=20342 tid=28403 uptimeMs=580930213 msg=[45] awaitClose: collector cancelled -> SLM.cancel requested (gateActive=false)
20260225_172520 D/LiteRtRepository pid=20342 tid=20342 uptimeMs=580930231 msg=[45] logicalDone=true
20260225_172520 D/LiteRtRepository pid=20342 tid=20342 uptimeMs=580930296 msg=[45] native termination safe point -> reset+close
20260225_172520 I/LiteRtRepository pid=20342 tid=28404 uptimeMs=580930297 msg=[45] finalize reason='native-terminated' elapsedMs=100398 firstTokenMs=1528 chunks=1115 out.len=3350 capturedAll=true logicalDone=true nativeTerminated=true cancelTag='collector-cancelled' lastDeltaMsAgo=109 lastEventMsAgo=1
20260225_172520 D/LiteRtRepository pid=20342 tid=32303 uptimeMs=580930298 msg=[45] resetConversation begin tag='native-terminated'
20260225_172520 D/LiteRtRepository pid=20342 tid=29009 uptimeMs=580930299 msg=[45] resetConversation ok tag='native-terminated'
20260225_172527 D/LiteRtRepository pid=20342 tid=28404 uptimeMs=580937148 msg=[46] start model='Gemma3n4B' prompt.len=1670 sha=bbd755b6d7193a4f gateWaitMs=0
20260225_172527 D/LiteRtRepository pid=20342 tid=28402 uptimeMs=580937149 msg=[46] init ok initMs=1
20260225_172538 D/LiteRtRepository pid=20342 tid=20342 uptimeMs=580947701 msg=[46] logicalDone=true
20260225_172538 D/LiteRtRepository pid=20342 tid=20342 uptimeMs=580947704 msg=[46] native termination safe point -> reset+close
20260225_172538 D/LiteRtRepository pid=20342 tid=29009 uptimeMs=580947705 msg=[46] resetConversation begin tag='native-terminated'
20260225_172538 I/LiteRtRepository pid=20342 tid=28402 uptimeMs=580947706 msg=[46] finalize reason='native-terminated' elapsedMs=10558 firstTokenMs=1939 chunks=89 out.len=295 capturedAll=true logicalDone=true nativeTerminated=true cancelTag='null' lastDeltaMsAgo=105 lastEventMsAgo=2
20260225_172538 D/LiteRtRepository pid=20342 tid=29009 uptimeMs=580947709 msg=[46] resetConversation ok tag='native-terminated'
20260225_172538 I/AiViewModel pid=20342 tid=32303 uptimeMs=580947724 msg=run[10] done: phase=EVAL mode=EVAL_JSON score=1 FU0.len=136 FU0.sha16=27c69b53a8c82891 commit=true err=<none>
20260225_172538 D/LiteRtRepository pid=20342 tid=28404 uptimeMs=580947728 msg=[47] start model='Gemma3n4B' prompt.len=1565 sha=ebc03ac26b462758 gateWaitMs=0
20260225_172538 D/LiteRtRepository pid=20342 tid=32303 uptimeMs=580947728 msg=[47] init ok initMs=0
20260225_172541 D/LiteRtRepository pid=20342 tid=20342 uptimeMs=580951496 msg=[47] logicalDone=true
20260225_172541 D/LiteRtRepository pid=20342 tid=20342 uptimeMs=580951496 msg=[47] native termination safe point -> reset+close
20260225_172541 I/LiteRtRepository pid=20342 tid=29009 uptimeMs=580951496 msg=[47] finalize reason='native-terminated' elapsedMs=3769 firstTokenMs=1485 chunks=24 out.len=88 capturedAll=true logicalDone=true nativeTerminated=true cancelTag='null' lastDeltaMsAgo=95 lastEventMsAgo=0
20260225_172541 D/LiteRtRepository pid=20342 tid=28404 uptimeMs=580951496 msg=[47] resetConversation begin tag='native-terminated'
20260225_172541 D/LiteRtRepository pid=20342 tid=29009 uptimeMs=580951497 msg=[47] resetConversation ok tag='native-terminated'
20260225_172541 I/AiViewModel pid=20342 tid=32303 uptimeMs=580951498 msg=run[11] done: phase=FOLLOWUP mode=FOLLOWUP_JSON_OR_TEXT score=null FU0.len=88 FU0.sha16=193a2fede70753e9 commit=false err=<none>
20260225_172921 I/AiViewModel pid=20342 tid=20342 uptimeMs=581171223 msg=onCleared: ViewModel is being cleared -> stopCurrentRunInternal()
20260226_004520 D/AiTrace pid=20342 tid=20342 uptimeMs=607329586 msg=Installed (enabled=false ringEnabled=true)
20260226_160455 I/AppRingLogStore pid=8134 tid=8134 uptimeMs=662504853 msg=install: pid=8134 timeUtc=20260226_160455 uptimeMs=662504853
20260226_160455 D/SurveyApp pid=8134 tid=8134 uptimeMs=662504853 msg=attachBaseContext: pid=8134 process=com.negi.survey isMain=true sdk=36
20260226_160455 D/SurveyApp pid=8134 tid=8134 uptimeMs=662504854 msg=onCreate: pid=8134 process=com.negi.survey isMain=true sdk=36
20260226_160505 D/AiTrace pid=8134 tid=8134 uptimeMs=662514848 msg=Installed (enabled=false ringEnabled=true)
20260304_233146 D/LiteRtRepository pid=8134 tid=8222 uptimeMs=1207717078 msg=[1] start model='Gemma3n4B' prompt.len=1627 sha=562b1423ddc516e9 gateWaitMs=2
20260304_233146 D/LiteRtRepository pid=8134 tid=8222 uptimeMs=1207717081 msg=[1] init ok initMs=3
20260304_233156 D/LiteRtRepository pid=8134 tid=8134 uptimeMs=1207727170 msg=[1] logicalDone=true
20260304_233156 D/LiteRtRepository pid=8134 tid=8134 uptimeMs=1207727170 msg=[1] native termination safe point -> reset+close
20260304_233156 D/LiteRtRepository pid=8134 tid=8221 uptimeMs=1207727170 msg=[1] resetConversation begin tag='native-terminated'
20260304_233156 I/LiteRtRepository pid=8134 tid=8222 uptimeMs=1207727170 msg=[1] finalize reason='native-terminated' elapsedMs=10092 firstTokenMs=2002 chunks=100 out.len=304 capturedAll=true logicalDone=true nativeTerminated=true cancelTag='null' lastDeltaMsAgo=80 lastEventMsAgo=0
20260304_233156 D/LiteRtRepository pid=8134 tid=8223 uptimeMs=1207727171 msg=[1] resetConversation ok tag='native-terminated'
20260304_233156 I/AiViewModel pid=8134 tid=8222 uptimeMs=1207727173 msg=run[1] done: phase=EVAL mode=EVAL_JSON score=30 FU0.len=0 FU0.sha16=none commit=true err=<none>
20260304_233156 D/LiteRtRepository pid=8134 tid=8297 uptimeMs=1207727175 msg=[2] start model='Gemma3n4B' prompt.len=1574 sha=b6b97802e4586147 gateWaitMs=0
20260304_233156 D/LiteRtRepository pid=8134 tid=8297 uptimeMs=1207727175 msg=[2] init ok initMs=0
20260304_233200 D/LiteRtRepository pid=8134 tid=8134 uptimeMs=1207730833 msg=[2] logicalDone=true
20260304_233200 D/LiteRtRepository pid=8134 tid=8134 uptimeMs=1207730833 msg=[2] native termination safe point -> reset+close
20260304_233200 I/LiteRtRepository pid=8134 tid=8222 uptimeMs=1207730833 msg=[2] finalize reason='native-terminated' elapsedMs=3658 firstTokenMs=1213 chunks=31 out.len=96 capturedAll=true logicalDone=true nativeTerminated=true cancelTag='null' lastDeltaMsAgo=79 lastEventMsAgo=0
20260304_233200 D/LiteRtRepository pid=8134 tid=8221 uptimeMs=1207730833 msg=[2] resetConversation begin tag='native-terminated'
20260304_233200 D/LiteRtRepository pid=8134 tid=26119 uptimeMs=1207730834 msg=[2] resetConversation ok tag='native-terminated'
20260304_233200 I/AiViewModel pid=8134 tid=8221 uptimeMs=1207730834 msg=run[2] done: phase=FOLLOWUP mode=FOLLOWUP_JSON_OR_TEXT score=null FU0.len=96 FU0.sha16=9be6bb82b25ed15d commit=false err=<none>
20260304_233420 D/LiteRtRepository pid=8134 tid=8221 uptimeMs=1207870902 msg=[3] start model='Gemma3n4B' prompt.len=1579 sha=cae9c35f6e33a875 gateWaitMs=1
20260304_233420 D/LiteRtRepository pid=8134 tid=8297 uptimeMs=1207870902 msg=[3] init ok initMs=0
20260304_233428 D/LiteRtRepository pid=8134 tid=8134 uptimeMs=1207878948 msg=[3] logicalDone=true
20260304_233428 D/LiteRtRepository pid=8134 tid=8134 uptimeMs=1207878948 msg=[3] native termination safe point -> reset+close
20260304_233428 D/LiteRtRepository pid=8134 tid=8296 uptimeMs=1207878949 msg=[3] resetConversation begin tag='native-terminated'
20260304_233428 I/LiteRtRepository pid=8134 tid=8297 uptimeMs=1207878949 msg=[3] finalize reason='native-terminated' elapsedMs=8047 firstTokenMs=914 chunks=88 out.len=275 capturedAll=true logicalDone=true nativeTerminated=true cancelTag='null' lastDeltaMsAgo=82 lastEventMsAgo=1
20260304_233428 D/LiteRtRepository pid=8134 tid=8298 uptimeMs=1207878949 msg=[3] resetConversation ok tag='native-terminated'
20260304_233428 I/AiViewModel pid=8134 tid=8296 uptimeMs=1207878950 msg=run[3] done: phase=EVAL mode=EVAL_JSON score=30 FU0.len=0 FU0.sha16=none commit=true err=<none>
20260304_233428 D/LiteRtRepository pid=8134 tid=8221 uptimeMs=1207878952 msg=[4] start model='Gemma3n4B' prompt.len=1545 sha=ed3f3ca34fbebdb3 gateWaitMs=0
20260304_233428 D/LiteRtRepository pid=8134 tid=8297 uptimeMs=1207878952 msg=[4] init ok initMs=0
20260304_233431 D/LiteRtRepository pid=8134 tid=8134 uptimeMs=1207881721 msg=[4] logicalDone=true
20260304_233431 D/LiteRtRepository pid=8134 tid=8134 uptimeMs=1207881721 msg=[4] native termination safe point -> reset+close
20260304_233431 I/LiteRtRepository pid=8134 tid=26118 uptimeMs=1207881722 msg=[4] finalize reason='native-terminated' elapsedMs=2771 firstTokenMs=1115 chunks=21 out.len=66 capturedAll=true logicalDone=true nativeTerminated=true cancelTag='null' lastDeltaMsAgo=80 lastEventMsAgo=1
20260304_233431 D/LiteRtRepository pid=8134 tid=8298 uptimeMs=1207881722 msg=[4] resetConversation begin tag='native-terminated'
20260304_233431 I/AiViewModel pid=8134 tid=8297 uptimeMs=1207881724 msg=run[4] done: phase=FOLLOWUP mode=FOLLOWUP_JSON_OR_TEXT score=null FU0.len=66 FU0.sha16=25eca8aff8f37565 commit=false err=<none>
20260304_233431 D/LiteRtRepository pid=8134 tid=8298 uptimeMs=1207881725 msg=[4] resetConversation ok tag='native-terminated'
20260304_233527 D/LiteRtRepository pid=8134 tid=8221 uptimeMs=1207938186 msg=[5] start model='Gemma3n4B' prompt.len=1727 sha=79516af28282256e gateWaitMs=0
20260304_233527 D/LiteRtRepository pid=8134 tid=8297 uptimeMs=1207938186 msg=[5] init ok initMs=0
20260304_233537 D/LiteRtRepository pid=8134 tid=8134 uptimeMs=1207948107 msg=[5] logicalDone=true
20260304_233537 D/LiteRtRepository pid=8134 tid=8134 uptimeMs=1207948107 msg=[5] native termination safe point -> reset+close
20260304_233537 I/LiteRtRepository pid=8134 tid=8221 uptimeMs=1207948107 msg=[5] finalize reason='native-terminated' elapsedMs=9922 firstTokenMs=1361 chunks=106 out.len=314 capturedAll=true logicalDone=true nativeTerminated=true cancelTag='null' lastDeltaMsAgo=81 lastEventMsAgo=0
20260304_233537 D/LiteRtRepository pid=8134 tid=8298 uptimeMs=1207948107 msg=[5] resetConversation begin tag='native-terminated'
20260304_233537 D/LiteRtRepository pid=8134 tid=26238 uptimeMs=1207948108 msg=[5] resetConversation ok tag='native-terminated'
20260304_233537 I/AiViewModel pid=8134 tid=26237 uptimeMs=1207948109 msg=run[5] done: phase=EVAL mode=EVAL_JSON score=65 FU0.len=135 FU0.sha16=cbeaa63efa8b9bdf commit=true err=<none>
20260304_233537 D/LiteRtRepository pid=8134 tid=8297 uptimeMs=1207948110 msg=[6] start model='Gemma3n4B' prompt.len=1584 sha=70f470a801ce41da gateWaitMs=0
20260304_233537 D/LiteRtRepository pid=8134 tid=26237 uptimeMs=1207948111 msg=[6] init ok initMs=1
20260304_233540 D/LiteRtRepository pid=8134 tid=8134 uptimeMs=1207951528 msg=[6] logicalDone=true
20260304_233540 D/LiteRtRepository pid=8134 tid=8134 uptimeMs=1207951528 msg=[6] native termination safe point -> reset+close
20260304_233540 D/LiteRtRepository pid=8134 tid=26118 uptimeMs=1207951529 msg=[6] resetConversation begin tag='native-terminated'
20260304_233540 I/LiteRtRepository pid=8134 tid=26118 uptimeMs=1207951529 msg=[6] finalize reason='native-terminated' elapsedMs=3419 firstTokenMs=1114 chunks=29 out.len=87 capturedAll=true logicalDone=true nativeTerminated=true cancelTag='null' lastDeltaMsAgo=82 lastEventMsAgo=1
20260304_233540 D/LiteRtRepository pid=8134 tid=8296 uptimeMs=1207951530 msg=[6] resetConversation ok tag='native-terminated'
20260304_233540 I/AiViewModel pid=8134 tid=26349 uptimeMs=1207951530 msg=run[6] done: phase=FOLLOWUP mode=FOLLOWUP_JSON_OR_TEXT score=null FU0.len=87 FU0.sha16=efee6dc6ff5ef89d commit=false err=<none>
20260304_233650 D/LiteRtRepository pid=8134 tid=8297 uptimeMs=1208020745 msg=[7] start model='Gemma3n4B' prompt.len=1723 sha=34df2cb126716f9e gateWaitMs=0
20260304_233650 D/LiteRtRepository pid=8134 tid=26349 uptimeMs=1208020746 msg=[7] init ok initMs=0
20260304_233700 D/LiteRtRepository pid=8134 tid=8134 uptimeMs=1208031275 msg=[7] logicalDone=true
20260304_233700 D/LiteRtRepository pid=8134 tid=8134 uptimeMs=1208031275 msg=[7] native termination safe point -> reset+close
20260304_233700 D/LiteRtRepository pid=8134 tid=8296 uptimeMs=1208031276 msg=[7] resetConversation begin tag='native-terminated'
20260304_233700 I/LiteRtRepository pid=8134 tid=8297 uptimeMs=1208031276 msg=[7] finalize reason='native-terminated' elapsedMs=10531 firstTokenMs=1359 chunks=113 out.len=366 capturedAll=true logicalDone=true nativeTerminated=true cancelTag='null' lastDeltaMsAgo=83 lastEventMsAgo=1
20260304_233700 D/LiteRtRepository pid=8134 tid=8297 uptimeMs=1208031277 msg=[7] resetConversation ok tag='native-terminated'
20260304_233700 I/AiViewModel pid=8134 tid=8296 uptimeMs=1208031278 msg=run[7] done: phase=EVAL mode=EVAL_JSON score=65 FU0.len=0 FU0.sha16=none commit=true err=<none>
20260304_233700 D/LiteRtRepository pid=8134 tid=8296 uptimeMs=1208031279 msg=[8] start model='Gemma3n4B' prompt.len=1636 sha=00f3a776a34ce245 gateWaitMs=0
20260304_233700 D/LiteRtRepository pid=8134 tid=8296 uptimeMs=1208031280 msg=[8] init ok initMs=1
20260304_233704 D/LiteRtRepository pid=8134 tid=8134 uptimeMs=1208035363 msg=[8] logicalDone=true
20260304_233704 D/LiteRtRepository pid=8134 tid=8134 uptimeMs=1208035363 msg=[8] native termination safe point -> reset+close
20260304_233704 D/LiteRtRepository pid=8134 tid=8296 uptimeMs=1208035363 msg=[8] resetConversation begin tag='native-terminated'
20260304_233704 D/LiteRtRepository pid=8134 tid=8296 uptimeMs=1208035364 msg=[8] resetConversation ok tag='native-terminated'
20260304_233704 I/LiteRtRepository pid=8134 tid=26349 uptimeMs=1208035364 msg=[8] finalize reason='native-terminated' elapsedMs=4085 firstTokenMs=1120 chunks=37 out.len=124 capturedAll=true logicalDone=true nativeTerminated=true cancelTag='null' lastDeltaMsAgo=81 lastEventMsAgo=1
20260304_233704 I/AiViewModel pid=8134 tid=8297 uptimeMs=1208035365 msg=run[8] done: phase=FOLLOWUP mode=FOLLOWUP_JSON_OR_TEXT score=null FU0.len=124 FU0.sha16=7a5ced5e74488587 commit=false err=<none>
20260304_233838 D/LiteRtRepository pid=8134 tid=8297 uptimeMs=1208128665 msg=[9] start model='Gemma3n4B' prompt.len=1636 sha=29482e6372f6c616 gateWaitMs=0
20260304_233838 D/LiteRtRepository pid=8134 tid=26238 uptimeMs=1208128667 msg=[9] init ok initMs=1
20260304_233838 W/LiteRtRepository pid=8134 tid=26349 uptimeMs=1208128942 msg=[9] awaitClose: collector cancelled -> SLM.cancel requested (gateActive=false)
20260304_233838 D/LiteRtRepository pid=8134 tid=8134 uptimeMs=1208128953 msg=[9] logicalDone=true
20260304_233838 D/LiteRtRepository pid=8134 tid=8134 uptimeMs=1208129350 msg=[9] native termination safe point -> reset+close
20260304_233838 D/LiteRtRepository pid=8134 tid=26349 uptimeMs=1208129350 msg=[9] resetConversation begin tag='native-terminated'
20260304_233838 I/LiteRtRepository pid=8134 tid=26349 uptimeMs=1208129350 msg=[9] finalize reason='native-terminated' elapsedMs=685 firstTokenMs=-1 chunks=0 out.len=0 capturedAll=true logicalDone=true nativeTerminated=true cancelTag='collector-cancelled' lastDeltaMsAgo=685 lastEventMsAgo=0
20260304_233838 D/LiteRtRepository pid=8134 tid=26349 uptimeMs=1208129351 msg=[9] resetConversation ok tag='native-terminated'
20260304_233929 D/LiteRtRepository pid=8134 tid=26238 uptimeMs=1208180154 msg=[10] start model='Gemma3n4B' prompt.len=1639 sha=4b6634512083c6b6 gateWaitMs=0
20260304_233929 D/LiteRtRepository pid=8134 tid=26457 uptimeMs=1208180155 msg=[10] init ok initMs=1
20260304_233936 D/LiteRtRepository pid=8134 tid=8134 uptimeMs=1208187016 msg=[10] logicalDone=true
20260304_233936 D/LiteRtRepository pid=8134 tid=8134 uptimeMs=1208187016 msg=[10] native termination safe point -> reset+close
20260304_233936 D/LiteRtRepository pid=8134 tid=26238 uptimeMs=1208187016 msg=[10] resetConversation begin tag='native-terminated'
20260304_233936 I/LiteRtRepository pid=8134 tid=8297 uptimeMs=1208187017 msg=[10] finalize reason='native-terminated' elapsedMs=6863 firstTokenMs=889 chunks=74 out.len=237 capturedAll=true logicalDone=true nativeTerminated=true cancelTag='null' lastDeltaMsAgo=82 lastEventMsAgo=1
20260304_233936 D/LiteRtRepository pid=8134 tid=26349 uptimeMs=1208187017 msg=[10] resetConversation ok tag='native-terminated'
20260304_233936 I/AiViewModel pid=8134 tid=8221 uptimeMs=1208187018 msg=run[10] done: phase=EVAL mode=EVAL_JSON score=75 FU0.len=106 FU0.sha16=afc262ea8b7a41b4 commit=true err=<none>
20260304_233936 D/LiteRtRepository pid=8134 tid=8221 uptimeMs=1208187020 msg=[11] start model='Gemma3n4B' prompt.len=1507 sha=8883023490c3d14c gateWaitMs=0
20260304_233936 D/LiteRtRepository pid=8134 tid=8296 uptimeMs=1208187021 msg=[11] init ok initMs=1
20260304_233938 D/LiteRtRepository pid=8134 tid=8134 uptimeMs=1208189410 msg=[11] logicalDone=true
20260304_233938 D/LiteRtRepository pid=8134 tid=8134 uptimeMs=1208189410 msg=[11] native termination safe point -> reset+close
20260304_233938 I/LiteRtRepository pid=8134 tid=8296 uptimeMs=1208189410 msg=[11] finalize reason='native-terminated' elapsedMs=2391 firstTokenMs=1110 chunks=16 out.len=58 capturedAll=true logicalDone=true nativeTerminated=true cancelTag='null' lastDeltaMsAgo=81 lastEventMsAgo=0
20260304_233938 D/LiteRtRepository pid=8134 tid=26238 uptimeMs=1208189411 msg=[11] resetConversation begin tag='native-terminated'
20260304_233938 D/LiteRtRepository pid=8134 tid=8221 uptimeMs=1208189411 msg=[11] resetConversation ok tag='native-terminated'
20260304_233938 I/AiViewModel pid=8134 tid=26118 uptimeMs=1208189411 msg=run[11] done: phase=FOLLOWUP mode=FOLLOWUP_JSON_OR_TEXT score=null FU0.len=58 FU0.sha16=5f35d316f1c50f25 commit=false err=<none>
20260304_233957 D/LiteRtRepository pid=8134 tid=8298 uptimeMs=1208207967 msg=[12] start model='Gemma3n4B' prompt.len=1679 sha=0e05c6d3d741c888 gateWaitMs=0
20260304_233957 D/LiteRtRepository pid=8134 tid=26118 uptimeMs=1208207968 msg=[12] init ok initMs=1
20260304_234006 D/LiteRtRepository pid=8134 tid=8134 uptimeMs=1208216924 msg=[12] logicalDone=true
20260304_234006 D/LiteRtRepository pid=8134 tid=8134 uptimeMs=1208216924 msg=[12] native termination safe point -> reset+close
20260304_234006 D/LiteRtRepository pid=8134 tid=8221 uptimeMs=1208216925 msg=[12] resetConversation begin tag='native-terminated'
20260304_234006 I/LiteRtRepository pid=8134 tid=26349 uptimeMs=1208216925 msg=[12] finalize reason='native-terminated' elapsedMs=8958 firstTokenMs=1303 chunks=94 out.len=292 capturedAll=true logicalDone=true nativeTerminated=true cancelTag='null' lastDeltaMsAgo=82 lastEventMsAgo=1
20260304_234006 D/LiteRtRepository pid=8134 tid=8296 uptimeMs=1208216926 msg=[12] resetConversation ok tag='native-terminated'
20260304_234006 I/AiViewModel pid=8134 tid=8298 uptimeMs=1208216926 msg=run[12] done: phase=EVAL mode=EVAL_JSON score=65 FU0.len=102 FU0.sha16=dc8f1c7e2fbcd58f commit=true err=<none>
20260304_234006 D/LiteRtRepository pid=8134 tid=8296 uptimeMs=1208216927 msg=[13] start model='Gemma3n4B' prompt.len=1562 sha=7d2bbf7cc81be7cf gateWaitMs=0
20260304_234006 D/LiteRtRepository pid=8134 tid=8298 uptimeMs=1208216928 msg=[13] init ok initMs=1
20260304_234008 D/LiteRtRepository pid=8134 tid=8134 uptimeMs=1208219476 msg=[13] logicalDone=true
20260304_234008 D/LiteRtRepository pid=8134 tid=8134 uptimeMs=1208219476 msg=[13] native termination safe point -> reset+close
20260304_234008 D/LiteRtRepository pid=8134 tid=8296 uptimeMs=1208219476 msg=[13] resetConversation begin tag='native-terminated'
20260304_234008 I/LiteRtRepository pid=8134 tid=8297 uptimeMs=1208219476 msg=[13] finalize reason='native-terminated' elapsedMs=2549 firstTokenMs=1115 chunks=18 out.len=54 capturedAll=true logicalDone=true nativeTerminated=true cancelTag='null' lastDeltaMsAgo=79 lastEventMsAgo=0
20260304_234008 D/LiteRtRepository pid=8134 tid=26118 uptimeMs=1208219477 msg=[13] resetConversation ok tag='native-terminated'
20260304_234008 I/AiViewModel pid=8134 tid=8221 uptimeMs=1208219478 msg=run[13] done: phase=FOLLOWUP mode=FOLLOWUP_JSON_OR_TEXT score=null FU0.len=54 FU0.sha16=f9d0fe7a63a7cb4d commit=false err=<none>
20260304_234209 I/AiViewModel pid=8134 tid=8134 uptimeMs=1208340499 msg=onCleared: ViewModel is being cleared -> stopCurrentRunInternal()
20260304_234236 D/AiTrace pid=8134 tid=8134 uptimeMs=1208366722 msg=Installed (enabled=false ringEnabled=true)
20260304_234309 D/LiteRtRepository pid=8134 tid=8221 uptimeMs=1208400100 msg=[14] start model='Gemma3n4B' prompt.len=1627 sha=562b1423ddc516e9 gateWaitMs=0
20260304_234309 D/LiteRtRepository pid=8134 tid=8297 uptimeMs=1208400101 msg=[14] init ok initMs=1
20260304_234318 D/LiteRtRepository pid=8134 tid=8134 uptimeMs=1208409115 msg=[14] logicalDone=true
20260304_234318 D/LiteRtRepository pid=8134 tid=8134 uptimeMs=1208409115 msg=[14] native termination safe point -> reset+close
20260304_234318 I/LiteRtRepository pid=8134 tid=26118 uptimeMs=1208409116 msg=[14] finalize reason='native-terminated' elapsedMs=9016 firstTokenMs=964 chunks=100 out.len=304 capturedAll=true logicalDone=true nativeTerminated=true cancelTag='null' lastDeltaMsAgo=80 lastEventMsAgo=1
20260304_234318 D/LiteRtRepository pid=8134 tid=8297 uptimeMs=1208409117 msg=[14] resetConversation begin tag='native-terminated'
20260304_234318 D/LiteRtRepository pid=8134 tid=8221 uptimeMs=1208409118 msg=[14] resetConversation ok tag='native-terminated'
20260304_234318 I/AiViewModel pid=8134 tid=27167 uptimeMs=1208409118 msg=run[1] done: phase=EVAL mode=EVAL_JSON score=30 FU0.len=0 FU0.sha16=none commit=true err=<none>
20260304_234318 D/LiteRtRepository pid=8134 tid=8296 uptimeMs=1208409119 msg=[15] start model='Gemma3n4B' prompt.len=1574 sha=b6b97802e4586147 gateWaitMs=0
20260304_234318 D/LiteRtRepository pid=8134 tid=27167 uptimeMs=1208409120 msg=[15] init ok initMs=1
20260304_234322 D/LiteRtRepository pid=8134 tid=8134 uptimeMs=1208412663 msg=[15] logicalDone=true
20260304_234322 D/LiteRtRepository pid=8134 tid=8134 uptimeMs=1208412664 msg=[15] native termination safe point -> reset+close
20260304_234322 D/LiteRtRepository pid=8134 tid=8297 uptimeMs=1208412664 msg=[15] resetConversation begin tag='native-terminated'
20260304_234322 I/LiteRtRepository pid=8134 tid=27168 uptimeMs=1208412664 msg=[15] finalize reason='native-terminated' elapsedMs=3545 firstTokenMs=1105 chunks=31 out.len=96 capturedAll=true logicalDone=true nativeTerminated=true cancelTag='null' lastDeltaMsAgo=79 lastEventMsAgo=0
20260304_234322 D/LiteRtRepository pid=8134 tid=8296 uptimeMs=1208412664 msg=[15] resetConversation ok tag='native-terminated'
20260304_234322 I/AiViewModel pid=8134 tid=27168 uptimeMs=1208412665 msg=run[2] done: phase=FOLLOWUP mode=FOLLOWUP_JSON_OR_TEXT score=null FU0.len=96 FU0.sha16=9be6bb82b25ed15d commit=false err=<none>
20260305_000255 D/LiteRtRepository pid=8134 tid=27168 uptimeMs=1209586628 msg=[16] start model='Gemma3n4B' prompt.len=1627 sha=562b1423ddc516e9 gateWaitMs=0
20260305_000255 D/LiteRtRepository pid=8134 tid=26118 uptimeMs=1209586628 msg=[16] init ok initMs=0
20260305_000305 D/LiteRtRepository pid=8134 tid=8134 uptimeMs=1209595641 msg=[16] logicalDone=true
20260305_000305 D/LiteRtRepository pid=8134 tid=8134 uptimeMs=1209595641 msg=[16] native termination safe point -> reset+close
20260305_000305 I/LiteRtRepository pid=8134 tid=27168 uptimeMs=1209595641 msg=[16] finalize reason='native-terminated' elapsedMs=9014 firstTokenMs=965 chunks=100 out.len=304 capturedAll=true logicalDone=true nativeTerminated=true cancelTag='null' lastDeltaMsAgo=82 lastEventMsAgo=0
20260305_000305 D/LiteRtRepository pid=8134 tid=26118 uptimeMs=1209595641 msg=[16] resetConversation begin tag='native-terminated'
20260305_000305 D/LiteRtRepository pid=8134 tid=27167 uptimeMs=1209595642 msg=[16] resetConversation ok tag='native-terminated'
20260305_000305 I/AiViewModel pid=8134 tid=8296 uptimeMs=1209595643 msg=run[3] done: phase=EVAL mode=EVAL_JSON score=30 FU0.len=0 FU0.sha16=none commit=true err=<none>
20260305_000305 D/LiteRtRepository pid=8134 tid=26751 uptimeMs=1209595645 msg=[17] start model='Gemma3n4B' prompt.len=1574 sha=b6b97802e4586147 gateWaitMs=0
20260305_000305 D/LiteRtRepository pid=8134 tid=26751 uptimeMs=1209595645 msg=[17] init ok initMs=0
20260305_000308 D/LiteRtRepository pid=8134 tid=8134 uptimeMs=1209599191 msg=[17] logicalDone=true
20260305_000308 D/LiteRtRepository pid=8134 tid=8134 uptimeMs=1209599192 msg=[17] native termination safe point -> reset+close
20260305_000308 D/LiteRtRepository pid=8134 tid=8296 uptimeMs=1209599192 msg=[17] resetConversation begin tag='native-terminated'
20260305_000308 I/LiteRtRepository pid=8134 tid=8221 uptimeMs=1209599192 msg=[17] finalize reason='native-terminated' elapsedMs=3548 firstTokenMs=1106 chunks=31 out.len=96 capturedAll=true logicalDone=true nativeTerminated=true cancelTag='null' lastDeltaMsAgo=79 lastEventMsAgo=0
20260305_000308 D/LiteRtRepository pid=8134 tid=27167 uptimeMs=1209599192 msg=[17] resetConversation ok tag='native-terminated'
20260305_000308 I/AiViewModel pid=8134 tid=8296 uptimeMs=1209599193 msg=run[4] done: phase=FOLLOWUP mode=FOLLOWUP_JSON_OR_TEXT score=null FU0.len=96 FU0.sha16=9be6bb82b25ed15d commit=false err=<none>
20260305_001117 D/LiteRtRepository pid=8134 tid=8296 uptimeMs=1210087864 msg=[18] start model='Gemma3n4B' prompt.len=1800 sha=c72a4545493fb636 gateWaitMs=0
20260305_001117 D/LiteRtRepository pid=8134 tid=27167 uptimeMs=1210087864 msg=[18] init ok initMs=0
20260305_001125 D/LiteRtRepository pid=8134 tid=8134 uptimeMs=1210096033 msg=[18] logicalDone=true
20260305_001125 D/LiteRtRepository pid=8134 tid=8134 uptimeMs=1210096033 msg=[18] native termination safe point -> reset+close
20260305_001125 D/LiteRtRepository pid=8134 tid=8298 uptimeMs=1210096034 msg=[18] resetConversation begin tag='native-terminated'
20260305_001125 I/LiteRtRepository pid=8134 tid=27167 uptimeMs=1210096034 msg=[18] finalize reason='native-terminated' elapsedMs=8171 firstTokenMs=1408 chunks=83 out.len=269 capturedAll=true logicalDone=true nativeTerminated=true cancelTag='null' lastDeltaMsAgo=82 lastEventMsAgo=1
20260305_001125 D/LiteRtRepository pid=8134 tid=8221 uptimeMs=1210096035 msg=[18] resetConversation ok tag='native-terminated'
20260305_001125 I/AiViewModel pid=8134 tid=8296 uptimeMs=1210096035 msg=run[5] done: phase=EVAL mode=EVAL_JSON score=85 FU0.len=0 FU0.sha16=none commit=true err=<none>
20260305_001125 D/LiteRtRepository pid=8134 tid=8296 uptimeMs=1210096037 msg=[19] start model='Gemma3n4B' prompt.len=1539 sha=7bddd799dd656434 gateWaitMs=0
20260305_001125 D/LiteRtRepository pid=8134 tid=8221 uptimeMs=1210096037 msg=[19] init ok initMs=0
20260305_001128 D/LiteRtRepository pid=8134 tid=8134 uptimeMs=1210098673 msg=[19] logicalDone=true
20260305_001128 D/LiteRtRepository pid=8134 tid=8134 uptimeMs=1210098674 msg=[19] native termination safe point -> reset+close
20260305_001128 I/LiteRtRepository pid=8134 tid=32411 uptimeMs=1210098674 msg=[19] finalize reason='native-terminated' elapsedMs=2638 firstTokenMs=1109 chunks=19 out.len=63 capturedAll=true logicalDone=true nativeTerminated=true cancelTag='null' lastDeltaMsAgo=81 lastEventMsAgo=0
20260305_001128 D/LiteRtRepository pid=8134 tid=27168 uptimeMs=1210098674 msg=[19] resetConversation begin tag='native-terminated'
20260305_001128 D/LiteRtRepository pid=8134 tid=27167 uptimeMs=1210098675 msg=[19] resetConversation ok tag='native-terminated'
20260305_001128 I/AiViewModel pid=8134 tid=26118 uptimeMs=1210098675 msg=run[6] done: phase=FOLLOWUP mode=FOLLOWUP_JSON_OR_TEXT score=null FU0.len=63 FU0.sha16=184a34f55ac38897 commit=false err=<none>
20260305_002704 I/AppRingLogStore pid=402 tid=402 uptimeMs=1211035198 msg=install: pid=402 timeUtc=20260305_002704 uptimeMs=1211035198
20260305_002704 D/SurveyApp pid=402 tid=402 uptimeMs=1211035198 msg=attachBaseContext: pid=402 process=com.negi.survey isMain=true sdk=36
20260305_002704 D/SurveyApp pid=402 tid=402 uptimeMs=1211035199 msg=onCreate: pid=402 process=com.negi.survey isMain=true sdk=36
20260305_003205 D/AiTrace pid=402 tid=402 uptimeMs=1211336602 msg=Installed (enabled=false ringEnabled=true)
20260305_003258 D/LiteRtRepository pid=402 tid=444 uptimeMs=1211389047 msg=[1] start model='Gemma3n4B' prompt.len=1809 sha=b441edc41b2ccb9d gateWaitMs=0
20260305_003258 D/LiteRtRepository pid=402 tid=444 uptimeMs=1211389048 msg=[1] init ok initMs=1
20260305_003304 D/LiteRtRepository pid=402 tid=402 uptimeMs=1211395336 msg=[1] logicalDone=true
20260305_003304 D/LiteRtRepository pid=402 tid=402 uptimeMs=1211395336 msg=[1] native termination safe point -> reset+close
20260305_003304 I/LiteRtRepository pid=402 tid=445 uptimeMs=1211395337 msg=[1] finalize reason='native-terminated' elapsedMs=6290 firstTokenMs=1562 chunks=58 out.len=222 capturedAll=true logicalDone=true nativeTerminated=true cancelTag='null' lastDeltaMsAgo=83 lastEventMsAgo=1
20260305_003304 D/LiteRtRepository pid=402 tid=508 uptimeMs=1211395337 msg=[1] resetConversation begin tag='native-terminated'
20260305_003304 D/LiteRtRepository pid=402 tid=508 uptimeMs=1211395338 msg=[1] resetConversation ok tag='native-terminated'
20260305_003304 I/AiViewModel pid=402 tid=509 uptimeMs=1211395342 msg=run[1] done: phase=EVAL mode=EVAL_JSON score=85 FU0.len=0 FU0.sha16=none commit=true err=<none>
20260305_003304 D/LiteRtRepository pid=402 tid=445 uptimeMs=1211395346 msg=[2] start model='Gemma3n4B' prompt.len=1503 sha=ba3d83ca90b28d05 gateWaitMs=0
20260305_003304 D/LiteRtRepository pid=402 tid=509 uptimeMs=1211395347 msg=[2] init ok initMs=1
20260305_003306 D/LiteRtRepository pid=402 tid=402 uptimeMs=1211397457 msg=[2] logicalDone=true
20260305_003306 D/LiteRtRepository pid=402 tid=402 uptimeMs=1211397457 msg=[2] native termination safe point -> reset+close
20260305_003306 I/LiteRtRepository pid=402 tid=509 uptimeMs=1211397458 msg=[2] finalize reason='native-terminated' elapsedMs=2112 firstTokenMs=1149 chunks=12 out.len=58 capturedAll=true logicalDone=true nativeTerminated=true cancelTag='null' lastDeltaMsAgo=81 lastEventMsAgo=1
20260305_003306 D/LiteRtRepository pid=402 tid=444 uptimeMs=1211397459 msg=[2] resetConversation begin tag='native-terminated'
20260305_003306 I/AiViewModel pid=402 tid=1851 uptimeMs=1211397459 msg=run[2] done: phase=FOLLOWUP mode=FOLLOWUP_JSON_OR_TEXT score=null FU0.len=58 FU0.sha16=dab987583ea756e3 commit=false err=<none>
20260305_003306 D/LiteRtRepository pid=402 tid=1851 uptimeMs=1211397459 msg=[2] resetConversation ok tag='native-terminated'
20260309_170550 I/AppRingLogStore pid=16560 tid=16560 uptimeMs=75696 msg=install: pid=16560 timeUtc=20260309_170550 uptimeMs=75696
20260309_170550 D/SurveyApp pid=16560 tid=16560 uptimeMs=75697 msg=attachBaseContext: pid=16560 process=com.negi.survey isMain=true sdk=36
20260309_170550 D/SurveyApp pid=16560 tid=16560 uptimeMs=75703 msg=onCreate: pid=16560 process=com.negi.survey isMain=true sdk=36
