=== RuntimeLogStore Header ===
ts=2026-02-21T05:36:11.141Z
fileNameFormat=LEGACY
appId=com.negi.survey
versionName=0.0.1
versionCode=1
debug=false
device=Google Pixel 9a
sdk=36
pid=8751
==============================
2026-02-21T05:36:11.141Z I/RuntimeLogStore [rtlog-io] start: actor launched (fileNameFormat=LEGACY)
2026-02-21T05:36:11.146Z D/SurveyApp [main] attachBaseContext: pid=8751 process=com.negi.survey isMain=true sdk=36
2026-02-21T05:36:11.147Z D/SurveyApp [main] Skipping WorkManager init in attachBaseContext; will init in onCreate.
2026-02-21T05:36:11.147Z D/SurveyApp [main] CrashCapture installed: where=SurveyApp:attachBaseContext
2026-02-21T05:36:11.147Z I/RuntimeLogStore [main] start repair: ctx/dir refreshed
2026-02-21T05:36:11.147Z D/SurveyApp [main] onCreate: pid=8751 process=com.negi.survey isMain=true sdk=36
2026-02-21T05:36:11.161Z D/SurveyApp [main] WorkManager already ready. where=onCreate
2026-02-21T05:36:11.162Z D/SurveyApp [main] WorkManager already ready. where=startupRtLogs
2026-02-21T05:36:11.226Z D/SurveyApp [main] Startup runtime logs: enqueue requested.
2026-02-21T05:36:11.227Z D/SurveyApp [main] CrashCapture installed: where=SurveyApp:onCreate(rewrap)
2026-02-21T05:36:11.227Z D/SurveyApp [main] CrashCapture self-healing registered.
2026-02-21T05:36:11.227Z D/SurveyApp [main] WorkManager already ready. where=enqueuePending(immediate)
2026-02-21T05:36:11.227Z D/SurveyApp [main] CrashCapture pending uploads requested (immediate).
2026-02-21T05:36:13.255Z I/RuntimeLogStore [DefaultDispatcher-worker-3] start repair: ctx/dir refreshed
