=== RuntimeLogStore Header ===
ts=2026-07-06T13:10:13.620Z
fileNameFormat=LEGACY
appId=com.negi.survey
versionName=v0.0.1-20260318-172107
versionCode=22
debug=false
device=samsung SM-S931U1
sdk=36
pid=15434
==============================
2026-07-06T13:10:13.620Z I/RuntimeLogStore [rtlog-io] start: actor launched (fileNameFormat=LEGACY)
2026-07-06T13:10:13.620Z D/SurveyApp [main] attachBaseContext: pid=15434 process=com.negi.survey isMain=true sdk=36
2026-07-06T13:10:13.622Z D/SurveyApp [main] bootTiming: attachBaseContext total=41ms
2026-07-06T13:10:13.622Z D/SurveyApp [main] Skipping WorkManager init in attachBaseContext; will init lazily on first enqueue.
2026-07-06T13:10:13.622Z D/SurveyApp [main] CrashCapture installed: where=SurveyApp:attachBaseContext
2026-07-06T13:10:13.622Z I/RuntimeLogStore [main] start repair: ctx/dir refreshed
2026-07-06T13:10:13.622Z D/SurveyApp [main] bootTiming: RuntimeLogStore.start took=0ms
2026-07-06T13:10:13.622Z D/SurveyApp [main] bootTiming: AppRingLogStore.install took=0ms
2026-07-06T13:10:13.622Z D/SurveyApp [main] onCreate: pid=15434 process=com.negi.survey isMain=true sdk=36
2026-07-06T13:10:13.623Z D/SurveyApp [main] CrashCapture installed: where=SurveyApp:onCreate(rewrap)
2026-07-06T13:10:13.623Z D/SurveyApp [main] CrashCapture self-healing registered.
2026-07-06T13:10:13.623Z W/SurveyApp [main] Startup enqueues deferred: delay=2500ms (to reduce init contention)
2026-07-06T13:10:13.623Z D/SurveyApp [main] bootTiming: onCreate total=0ms
2026-07-06T13:10:13.661Z I/RuntimeLogStore [DefaultDispatcher-worker-1] start repair: ctx/dir refreshed
2026-07-06T13:10:15.022Z I/RuntimeLogStore [DefaultDispatcher-worker-1] start repair: ctx/dir refreshed
