=== RuntimeLogStore Header ===
ts=2026-02-21T03:31:57.227Z
fileNameFormat=LEGACY
appId=com.negi.survey
versionName=0.0.1
versionCode=1
debug=false
device=Google Pixel 9a
sdk=36
pid=31414
==============================
2026-02-21T03:31:57.227Z I/RuntimeLogStore [rtlog-io] --- rotated (reason=plain_snapshot:app_start) ---
2026-02-21T03:32:02.357Z D/LiteRtLM [DefaultDispatcher-worker-9] Initializing LiteRT-LM: model='Gemma3n4B', key='Gemma3n4B|/data/user/0/com.negi.survey/files/gemma-3n-E4B-it-int4.litertlm'
2026-02-21T03:32:02.357Z D/LiteRtLM [DefaultDispatcher-worker-9] Capabilities: image=false audio=false
2026-02-21T03:32:02.358Z D/LiteRtLM [DefaultDispatcher-worker-9] Backend=GPU maxNumTokens=4096 (raw=4096) topK=64 topP=0.95 temp=1.0
2026-02-21T03:32:25.596Z D/LiteRtLM [DefaultDispatcher-worker-9] LiteRT-LM initialization succeeded: model='Gemma3n4B', key='Gemma3n4B|/data/user/0/com.negi.survey/files/gemma-3n-E4B-it-int4.litertlm'
2026-02-21T03:32:25.643Z D/AiTrace [main] Installed (enabled=false)
2026-02-21T03:32:25.648Z D/SurveyVM [main] init -> Start, session=0, uuid=b1b2b20b-8574-43cf-9581-4a84c92e1656, navSize=1, graphSize=9
2026-02-21T03:32:25.674Z D/SurveyVM [main] config.validate -> issues=0
2026-02-21T03:32:25.675Z D/SurveyVM [main] promptSources -> legacy=6, eval=0, follow=0
2026-02-21T03:32:25.676Z D/SurveyVM [main] promptSources.preview -> legacy=[Q1, Q2, Q3, Q4, Q5, Q6], eval=[], follow=[]
2026-02-21T03:32:25.677Z D/SurveyVM [main] hasTwoStepPrompt[Q1] -> false (eval=0, fu=0)
2026-02-21T03:32:25.677Z D/SurveyVM [main] hasTwoStepPrompt[Q2] -> false (eval=0, fu=0)
2026-02-21T03:32:25.677Z D/SurveyVM [main] hasTwoStepPrompt[Q3] -> false (eval=0, fu=0)
2026-02-21T03:32:25.677Z D/SurveyVM [main] hasTwoStepPrompt[Q4] -> false (eval=0, fu=0)
2026-02-21T03:32:25.677Z D/SurveyVM [main] hasTwoStepPrompt[Q5] -> false (eval=0, fu=0)
2026-02-21T03:32:25.677Z D/SurveyVM [main] hasTwoStepPrompt[Q6] -> false (eval=0, fu=0)
2026-02-21T03:32:25.677Z D/SurveyVM [main] AI prompt coverage OK (aiCount=6)
2026-02-21T03:32:30.952Z D/SurveyVM [main] resetAudioRefs -> cleared
