=== RuntimeLogStore Header ===
ts=2026-03-24T13:25:17.918Z
fileNameFormat=LEGACY
appId=com.negi.survey
versionName=v0.0.1-20260318-172107
versionCode=22
debug=false
device=samsung SM-S931U1
sdk=36
pid=30128
==============================
2026-03-24T13:25:17.918Z I/RuntimeLogStore [rtlog-io] start: actor launched (fileNameFormat=LEGACY)
2026-03-24T13:25:17.917Z D/SurveyApp [main] attachBaseContext: pid=30128 process=com.negi.survey isMain=true sdk=36
2026-03-24T13:25:17.917Z D/SurveyApp [main] bootTiming: attachBaseContext total=3ms
2026-03-24T13:25:17.917Z D/SurveyApp [main] Skipping WorkManager init in attachBaseContext; will init lazily on first enqueue.
2026-03-24T13:25:17.917Z D/SurveyApp [main] CrashCapture installed: where=SurveyApp:attachBaseContext
2026-03-24T13:25:17.917Z I/RuntimeLogStore [main] start repair: ctx/dir refreshed
2026-03-24T13:25:17.917Z D/SurveyApp [main] bootTiming: RuntimeLogStore.start took=0ms
2026-03-24T13:25:17.917Z D/SurveyApp [main] bootTiming: AppRingLogStore.install took=0ms
2026-03-24T13:25:17.917Z D/SurveyApp [main] onCreate: pid=30128 process=com.negi.survey isMain=true sdk=36
2026-03-24T13:25:17.917Z D/SurveyApp [main] CrashCapture installed: where=SurveyApp:onCreate(rewrap)
2026-03-24T13:25:17.917Z D/SurveyApp [main] CrashCapture self-healing registered.
2026-03-24T13:25:17.917Z W/SurveyApp [main] Startup enqueues deferred: delay=2500ms (to reduce init contention)
2026-03-24T13:25:17.917Z D/SurveyApp [main] bootTiming: onCreate total=0ms
2026-03-24T13:25:20.418Z W/SurveyApp [main] Deferred startup enqueues begin...
2026-03-24T13:25:20.425Z D/SurveyApp [main] WorkManager already ready. where=startupRtLogs(immediate)
2026-03-24T13:25:20.426Z D/SurveyApp [main] Startup runtime logs target -> owner=ishizuki-tech repo=SurveyExports branch=main base='/diagnostics/runtime_logs'
2026-03-24T13:25:20.446Z D/SurveyApp [main] Startup runtime logs: enqueue requested (immediate).
2026-03-24T13:25:20.447Z D/SurveyApp [main] WorkManager already ready. where=startupRingLogs(immediate)
2026-03-24T13:25:20.447Z D/SurveyApp [main] Startup ring logs target -> owner=ishizuki-tech repo=SurveyExports branch=main base='/diagnostics/applog_ring'
2026-03-24T13:25:20.454Z D/SurveyApp [main] Startup ring logs: enqueue requested (immediate).
2026-03-24T13:25:20.455Z D/SurveyApp [main] WorkManager already ready. where=enqueuePending(immediate)
2026-03-24T13:25:20.455Z D/SurveyApp [main] CrashCapture pending uploads requested (immediate).
2026-03-24T13:25:20.455Z W/SurveyApp [main] Deferred startup enqueues done: took=36ms
2026-03-24T13:25:21.685Z I/RuntimeLogStore [DefaultDispatcher-worker-2] start repair: ctx/dir refreshed
