=== RuntimeLogStore Header ===
ts=2026-02-28T23:26:57.041Z
fileNameFormat=LEGACY
appId=com.negi.survey
versionName=0.0.1
versionCode=1
debug=false
device=Google Pixel 9a
sdk=36
pid=21368
==============================
2026-02-28T23:26:57.042Z I/RuntimeLogStore [rtlog-io] start: actor launched (fileNameFormat=LEGACY)
2026-02-28T23:26:57.038Z D/SurveyApp [main] attachBaseContext: pid=21368 process=com.negi.survey isMain=true sdk=36
2026-02-28T23:26:57.039Z D/SurveyApp [main] bootTiming: attachBaseContext total=53ms
2026-02-28T23:26:57.039Z D/SurveyApp [main] Skipping WorkManager init in attachBaseContext; will init lazily on first enqueue.
2026-02-28T23:26:57.039Z D/SurveyApp [main] CrashCapture installed: where=SurveyApp:attachBaseContext
2026-02-28T23:26:57.040Z I/RuntimeLogStore [main] start repair: ctx/dir refreshed
2026-02-28T23:26:57.040Z D/SurveyApp [main] bootTiming: RuntimeLogStore.start took=0ms
2026-02-28T23:26:57.040Z D/SurveyApp [main] bootTiming: AppRingLogStore.install took=0ms
2026-02-28T23:26:57.040Z D/SurveyApp [main] onCreate: pid=21368 process=com.negi.survey isMain=true sdk=36
2026-02-28T23:26:57.040Z D/SurveyApp [main] CrashCapture installed: where=SurveyApp:onCreate(rewrap)
2026-02-28T23:26:57.040Z D/SurveyApp [main] CrashCapture self-healing registered.
2026-02-28T23:26:57.040Z W/SurveyApp [main] Startup enqueues deferred: delay=2500ms (to reduce init contention)
2026-02-28T23:26:57.040Z D/SurveyApp [main] bootTiming: onCreate total=0ms
2026-02-28T23:26:59.540Z W/SurveyApp [main] Deferred startup enqueues begin...
2026-02-28T23:26:59.553Z D/SurveyApp [main] WorkManager already ready. where=startupRtLogs(immediate)
2026-02-28T23:26:59.561Z D/SurveyApp [main] Startup runtime logs target -> owner=ishizuki-tech repo=SurveyExports branch=main base='/diagnostics/runtime_logs'
2026-02-28T23:26:59.669Z D/SurveyApp [main] Startup runtime logs: enqueue requested (immediate).
2026-02-28T23:26:59.669Z D/SurveyApp [main] WorkManager already ready. where=startupRingLogs(immediate)
2026-02-28T23:26:59.670Z D/SurveyApp [main] Startup ring logs target -> owner=ishizuki-tech repo=SurveyExports branch=main base='/diagnostics/applog_ring'
2026-02-28T23:26:59.679Z D/SurveyApp [main] Startup ring logs: enqueue requested (immediate).
2026-02-28T23:26:59.679Z D/SurveyApp [main] WorkManager already ready. where=enqueuePending(immediate)
2026-02-28T23:26:59.679Z D/SurveyApp [main] CrashCapture pending uploads requested (immediate).
2026-02-28T23:26:59.679Z W/SurveyApp [main] Deferred startup enqueues done: took=139ms
