=== RuntimeLogStore Header ===
ts=2026-03-01T01:03:20.103Z
fileNameFormat=LEGACY
appId=com.negi.survey
versionName=0.0.1
versionCode=1
debug=false
device=Google Pixel 9a
sdk=36
pid=25225
==============================
2026-03-01T01:03:20.103Z I/RuntimeLogStore [rtlog-io] start: actor launched (fileNameFormat=LEGACY)
2026-03-01T01:03:20.099Z D/SurveyApp [main] attachBaseContext: pid=25225 process=com.negi.survey isMain=true sdk=36
2026-03-01T01:03:20.102Z D/SurveyApp [main] bootTiming: attachBaseContext total=158ms
2026-03-01T01:03:20.102Z D/SurveyApp [main] Skipping WorkManager init in attachBaseContext; will init lazily on first enqueue.
2026-03-01T01:03:20.103Z D/SurveyApp [main] CrashCapture installed: where=SurveyApp:attachBaseContext
2026-03-01T01:03:20.103Z I/RuntimeLogStore [main] start repair: ctx/dir refreshed
2026-03-01T01:03:20.103Z D/SurveyApp [main] bootTiming: RuntimeLogStore.start took=0ms
2026-03-01T01:03:20.103Z D/SurveyApp [main] bootTiming: AppRingLogStore.install took=0ms
2026-03-01T01:03:20.103Z D/SurveyApp [main] onCreate: pid=25225 process=com.negi.survey isMain=true sdk=36
2026-03-01T01:03:20.105Z D/SurveyApp [main] CrashCapture installed: where=SurveyApp:onCreate(rewrap)
2026-03-01T01:03:20.105Z D/SurveyApp [main] CrashCapture self-healing registered.
2026-03-01T01:03:20.105Z W/SurveyApp [main] Startup enqueues deferred: delay=2500ms (to reduce init contention)
2026-03-01T01:03:20.105Z D/SurveyApp [main] bootTiming: onCreate total=2ms
2026-03-01T01:03:22.516Z I/RuntimeLogStore [DefaultDispatcher-worker-3] start repair: ctx/dir refreshed
