=== RuntimeLogStore Header ===
ts=2026-02-28T23:22:34.199Z
fileNameFormat=LEGACY
appId=com.negi.survey
versionName=0.0.1
versionCode=1
debug=false
device=Google Pixel 9a
sdk=36
pid=19855
==============================
2026-02-28T23:22:34.200Z I/RuntimeLogStore [rtlog-io] start: actor launched (fileNameFormat=LEGACY)
2026-02-28T23:22:34.176Z D/SurveyApp [main] attachBaseContext: pid=19855 process=com.negi.survey isMain=true sdk=36
2026-02-28T23:22:34.176Z D/SurveyApp [main] bootTiming: attachBaseContext total=24ms
2026-02-28T23:22:34.176Z D/SurveyApp [main] Skipping WorkManager init in attachBaseContext; will init lazily on first enqueue.
2026-02-28T23:22:34.176Z D/SurveyApp [main] CrashCapture installed: where=SurveyApp:attachBaseContext
2026-02-28T23:22:34.177Z I/RuntimeLogStore [main] start repair: ctx/dir refreshed
2026-02-28T23:22:34.177Z D/SurveyApp [main] bootTiming: RuntimeLogStore.start took=0ms
2026-02-28T23:22:34.177Z D/SurveyApp [main] bootTiming: AppRingLogStore.install took=0ms
2026-02-28T23:22:34.177Z D/SurveyApp [main] onCreate: pid=19855 process=com.negi.survey isMain=true sdk=36
2026-02-28T23:22:34.177Z D/SurveyApp [main] CrashCapture installed: where=SurveyApp:onCreate(rewrap)
2026-02-28T23:22:34.177Z D/SurveyApp [main] CrashCapture self-healing registered.
2026-02-28T23:22:34.177Z W/SurveyApp [main] Startup enqueues deferred: delay=2500ms (to reduce init contention)
2026-02-28T23:22:34.177Z D/SurveyApp [main] bootTiming: onCreate total=0ms
2026-02-28T23:22:34.539Z D/LiteRtLM [DefaultDispatcher-worker-3] Initializing LiteRT-LM: model='Gemma3n4B', key='Gemma3n4B|/data/user/0/com.negi.survey/files/gemma-3n-E4B-it-int4.litertlm'
2026-02-28T23:22:34.540Z D/LiteRtLM [DefaultDispatcher-worker-3] Capabilities: image=false audio=false
2026-02-28T23:22:34.540Z D/LiteRtLM [DefaultDispatcher-worker-3] Backend=GPU maxNumTokens=4096 (raw=4096) topK=64 topP=0.95 temp=1.0
2026-02-28T23:22:34.540Z D/LiteRtLM [DefaultDispatcher-worker-3] Model path='/data/user/0/com.negi.survey/files/gemma-3n-E4B-it-int4.litertlm' sizeBytes=4919541760
2026-02-28T23:22:34.546Z D/LiteRtLM [DefaultDispatcher-worker-3] Engine cacheDir resolved: key='Gemma3n4B|/data/user/0/com.negi.survey/files/gemma-3n-E4B-it-int4.litertlm' backend=GPU path='/data/user/0/com.negi.survey/no_backup/litertlm_cache/38ee02279954774b94ec113b62b8169a30d6fd48' files=3
2026-02-28T23:22:36.677Z W/SurveyApp [main] Deferred startup enqueues begin...
2026-02-28T23:22:36.691Z D/SurveyApp [main] WorkManager already ready. where=startupRtLogs(immediate)
2026-02-28T23:22:36.694Z D/SurveyApp [main] Startup runtime logs target -> owner=ishizuki-tech repo=SurveyExports branch=main base='/diagnostics/runtime_logs'
2026-02-28T23:22:36.731Z D/SurveyApp [main] Startup runtime logs: enqueue requested (immediate).
2026-02-28T23:22:36.731Z D/SurveyApp [main] WorkManager already ready. where=startupRingLogs(immediate)
2026-02-28T23:22:36.731Z D/SurveyApp [main] Startup ring logs target -> owner=ishizuki-tech repo=SurveyExports branch=main base='/diagnostics/applog_ring'
2026-02-28T23:22:36.740Z D/SurveyApp [main] Startup ring logs: enqueue requested (immediate).
2026-02-28T23:22:36.740Z D/SurveyApp [main] WorkManager already ready. where=enqueuePending(immediate)
2026-02-28T23:22:36.740Z D/SurveyApp [main] CrashCapture pending uploads requested (immediate).
2026-02-28T23:22:36.740Z W/SurveyApp [main] Deferred startup enqueues done: took=63ms
