=== RuntimeLogStore Header ===
ts=2026-02-23T19:12:16.913Z
fileNameFormat=LEGACY
appId=com.negi.survey
versionName=0.0.1
versionCode=1
debug=false
device=Google Pixel 9a
sdk=36
pid=13054
==============================
2026-02-23T19:12:16.914Z I/RuntimeLogStore [rtlog-io] start: actor launched (fileNameFormat=LEGACY)
2026-02-23T19:12:16.908Z D/SurveyApp [main] attachBaseContext: pid=13054 process=com.negi.survey isMain=true sdk=36
2026-02-23T19:12:16.908Z D/SurveyApp [main] bootTiming: attachBaseContext total=15ms
2026-02-23T19:12:16.908Z D/SurveyApp [main] Skipping WorkManager init in attachBaseContext; will init lazily on first enqueue.
2026-02-23T19:12:16.909Z D/SurveyApp [main] CrashCapture installed: where=SurveyApp:attachBaseContext
2026-02-23T19:12:16.909Z I/RuntimeLogStore [main] start repair: ctx/dir refreshed
2026-02-23T19:12:16.909Z D/SurveyApp [main] bootTiming: RuntimeLogStore.start took=0ms
2026-02-23T19:12:16.909Z D/SurveyApp [main] bootTiming: AppRingLogStore.install took=0ms
2026-02-23T19:12:16.909Z D/SurveyApp [main] onCreate: pid=13054 process=com.negi.survey isMain=true sdk=36
2026-02-23T19:12:16.910Z D/SurveyApp [main] CrashCapture installed: where=SurveyApp:onCreate(rewrap)
2026-02-23T19:12:16.910Z D/SurveyApp [main] CrashCapture self-healing registered.
2026-02-23T19:12:16.910Z W/SurveyApp [main] Startup enqueues deferred: delay=2500ms (to reduce init contention)
2026-02-23T19:12:16.910Z D/SurveyApp [main] bootTiming: onCreate total=1ms
2026-02-23T19:12:16.919Z I/RuntimeLogStore [DefaultDispatcher-worker-1] start repair: ctx/dir refreshed
2026-02-23T19:12:18.557Z I/RuntimeLogStore [DefaultDispatcher-worker-1] start repair: ctx/dir refreshed
