=== RuntimeLogStore Header ===
ts=2026-07-01T16:10:39.721Z
fileNameFormat=LEGACY
appId=com.negi.survey
versionName=v0.0.1-20260318-172107
versionCode=22
debug=false
device=samsung SM-S931U1
sdk=36
pid=15322
==============================
2026-07-01T16:10:39.721Z I/RuntimeLogStore [rtlog-io] start: actor launched (fileNameFormat=LEGACY)
2026-07-01T16:10:39.721Z D/SurveyApp [main] attachBaseContext: pid=15322 process=com.negi.survey isMain=true sdk=36
2026-07-01T16:10:39.722Z D/SurveyApp [main] bootTiming: attachBaseContext total=39ms
2026-07-01T16:10:39.722Z D/SurveyApp [main] Skipping WorkManager init in attachBaseContext; will init lazily on first enqueue.
2026-07-01T16:10:39.722Z D/SurveyApp [main] CrashCapture installed: where=SurveyApp:attachBaseContext
2026-07-01T16:10:39.722Z I/RuntimeLogStore [main] start repair: ctx/dir refreshed
2026-07-01T16:10:39.722Z D/SurveyApp [main] bootTiming: RuntimeLogStore.start took=0ms
2026-07-01T16:10:39.722Z D/SurveyApp [main] bootTiming: AppRingLogStore.install took=0ms
2026-07-01T16:10:39.722Z D/SurveyApp [main] onCreate: pid=15322 process=com.negi.survey isMain=true sdk=36
2026-07-01T16:10:39.723Z D/SurveyApp [main] CrashCapture installed: where=SurveyApp:onCreate(rewrap)
2026-07-01T16:10:39.723Z D/SurveyApp [main] CrashCapture self-healing registered.
2026-07-01T16:10:39.723Z W/SurveyApp [main] Startup enqueues deferred: delay=2500ms (to reduce init contention)
2026-07-01T16:10:39.723Z D/SurveyApp [main] bootTiming: onCreate total=0ms
2026-07-01T16:10:39.730Z I/RuntimeLogStore [DefaultDispatcher-worker-1] start repair: ctx/dir refreshed
2026-07-01T16:10:41.052Z I/RuntimeLogStore [DefaultDispatcher-worker-1] start repair: ctx/dir refreshed
