=== RuntimeLogStore Header ===
ts=2026-03-24T13:25:21.686Z
fileNameFormat=LEGACY
appId=com.negi.survey
versionName=v0.0.1-20260318-172107
versionCode=22
debug=false
device=samsung SM-S931U1
sdk=36
pid=30128
==============================
2026-03-24T13:25:21.686Z I/RuntimeLogStore [rtlog-io] --- rotated (reason=plain_snapshot:app_start) ---
2026-03-24T13:27:59.476Z D/LiteRtLM [DefaultDispatcher-worker-1] Initializing LiteRT-LM: model='Gemma3n4B', key='Gemma3n4B|/data/data/com.negi.survey/files/gemma-3n-E4B-it-int4.litertlm'
2026-03-24T13:27:59.477Z D/LiteRtLM [DefaultDispatcher-worker-1] Capabilities: image=false audio=false
2026-03-24T13:27:59.477Z D/LiteRtLM [DefaultDispatcher-worker-1] Backend=GPU maxNumTokens=4096 (raw=4096) topK=64 topP=0.95 temp=1.0
2026-03-24T13:27:59.477Z D/LiteRtLM [DefaultDispatcher-worker-1] Model path='/data/data/com.negi.survey/files/gemma-3n-E4B-it-int4.litertlm' sizeBytes=4919541760
2026-03-24T13:27:59.477Z D/LiteRtLM [DefaultDispatcher-worker-1] Engine cacheDir resolved: key='Gemma3n4B|/data/data/com.negi.survey/files/gemma-3n-E4B-it-int4.litertlm' backend=GPU path='/data/user/0/com.negi.survey/no_backup/litertlm_cache/43f6c90ac391db42ce78ee922ba61b8bcaf6248e' files=0
2026-03-24T13:28:09.157Z W/LiteRtLM [DefaultDispatcher-worker-1] Engine.initialize completed: key='Gemma3n4B|/data/data/com.negi.survey/files/gemma-3n-E4B-it-int4.litertlm' backend=GPU took=9679ms
2026-03-24T13:28:09.170Z D/LiteRtLM [DefaultDispatcher-worker-1] createConversation completed: key='Gemma3n4B|/data/data/com.negi.survey/files/gemma-3n-E4B-it-int4.litertlm' took=7ms
2026-03-24T13:28:09.170Z D/LiteRtLM [DefaultDispatcher-worker-1] LiteRT-LM initialization succeeded: model='Gemma3n4B', key='Gemma3n4B|/data/data/com.negi.survey/files/gemma-3n-E4B-it-int4.litertlm'
2026-03-24T13:28:09.187Z D/AiTrace [main] Installed (enabled=false ringEnabled=true)
2026-03-24T13:28:09.189Z D/SurveyVM [main] init -> Start, session=0, uuid=17a38e21-e27b-4f63-a01f-a9fa53210191, navSize=1, graphSize=9
2026-03-24T13:28:09.191Z D/SurveyVM [main] config.validate -> issues=0
2026-03-24T13:28:09.191Z D/SurveyVM [main] promptSources -> legacy=6, eval=0, follow=0
2026-03-24T13:28:09.191Z D/SurveyVM [main] promptSources.preview -> legacy=[Q1, Q2, Q3, Q4, Q5, Q6], eval=[], follow=[]
2026-03-24T13:28:09.191Z D/SurveyVM [main] hasTwoStepPrompt[Q1] -> false (eval=0, fu=0)
2026-03-24T13:28:09.191Z D/SurveyVM [main] hasTwoStepPrompt[Q2] -> false (eval=0, fu=0)
2026-03-24T13:28:09.191Z D/SurveyVM [main] hasTwoStepPrompt[Q3] -> false (eval=0, fu=0)
2026-03-24T13:28:09.191Z D/SurveyVM [main] hasTwoStepPrompt[Q4] -> false (eval=0, fu=0)
2026-03-24T13:28:09.191Z D/SurveyVM [main] hasTwoStepPrompt[Q5] -> false (eval=0, fu=0)
2026-03-24T13:28:09.191Z D/SurveyVM [main] hasTwoStepPrompt[Q6] -> false (eval=0, fu=0)
2026-03-24T13:28:09.191Z D/SurveyVM [main] AI prompt coverage OK (aiCount=6)
2026-03-24T13:29:30.904Z D/SurveyVM [main] setRunFreeText(draft) -> len=1
2026-03-24T13:29:31.149Z D/SurveyVM [main] setRunFreeText(draft) -> len=2
2026-03-24T13:29:31.307Z D/SurveyVM [main] setRunFreeText(draft) -> len=3
2026-03-24T13:29:31.498Z D/SurveyVM [main] setRunFreeText(draft) -> len=4
2026-03-24T13:29:31.817Z D/SurveyVM [main] setRunFreeText(draft) -> len=5
2026-03-24T13:29:32.049Z D/SurveyVM [main] setRunFreeText(draft) -> len=6
2026-03-24T13:29:32.248Z D/SurveyVM [main] setRunFreeText(draft) -> len=7
2026-03-24T13:29:34.296Z D/SurveyVM [main] setRunFreeText(draft) -> len=6
2026-03-24T13:29:34.499Z D/SurveyVM [main] setRunFreeText(draft) -> len=5
2026-03-24T13:29:34.665Z D/SurveyVM [main] setRunFreeText(draft) -> len=4
2026-03-24T13:29:36.064Z D/SurveyVM [main] setRunFreeText(draft) -> len=3
2026-03-24T13:29:36.708Z D/SurveyVM [main] setRunFreeText(draft) -> len=4
2026-03-24T13:29:37.047Z D/SurveyVM [main] setRunFreeText(draft) -> len=5
2026-03-24T13:29:37.381Z D/SurveyVM [main] setRunFreeText(draft) -> len=6
2026-03-24T13:29:37.597Z D/SurveyVM [main] setRunFreeText(draft) -> len=7
2026-03-24T13:29:37.886Z D/SurveyVM [main] setRunFreeText(draft) -> len=8
2026-03-24T13:29:38.271Z D/SurveyVM [main] setRunFreeText(draft) -> len=9
2026-03-24T13:29:38.488Z D/SurveyVM [main] setRunFreeText(draft) -> len=10
2026-03-24T13:29:38.713Z D/SurveyVM [main] setRunFreeText(draft) -> len=11
2026-03-24T13:29:39.272Z D/SurveyVM [main] setRunFreeText(draft) -> len=12
2026-03-24T13:29:39.513Z D/SurveyVM [main] setRunFreeText(draft) -> len=13
2026-03-24T13:29:40.799Z D/SurveyVM [main] resetAudioRefs -> cleared
