=== RuntimeLogStore Header ===
ts=2026-02-21T04:31:09.594Z
fileNameFormat=LEGACY
appId=com.negi.survey
versionName=0.0.1
versionCode=1
debug=false
device=Google Pixel 9a
sdk=36
pid=4468
==============================
2026-02-21T04:31:09.594Z I/RuntimeLogStore [rtlog-io] start: actor launched (fileNameFormat=LEGACY)
2026-02-21T04:31:09.585Z D/SurveyApp [main] attachBaseContext: pid=4468 process=com.negi.survey isMain=true sdk=36
2026-02-21T04:31:09.586Z D/SurveyApp [main] Skipping WorkManager init in attachBaseContext; will init in onCreate.
2026-02-21T04:31:09.587Z D/SurveyApp [main] CrashCapture installed: where=SurveyApp:attachBaseContext
2026-02-21T04:31:09.587Z I/RuntimeLogStore [main] start repair: ctx/dir refreshed
2026-02-21T04:31:09.587Z D/SurveyApp [main] onCreate: pid=4468 process=com.negi.survey isMain=true sdk=36
2026-02-21T04:31:09.600Z D/SurveyApp [main] WorkManager already ready. where=onCreate
2026-02-21T04:31:09.600Z D/SurveyApp [main] WorkManager already ready. where=startupRtLogs
2026-02-21T04:31:09.662Z D/SurveyApp [main] Startup runtime logs: enqueue requested.
2026-02-21T04:31:09.663Z D/SurveyApp [main] CrashCapture installed: where=SurveyApp:onCreate(rewrap)
2026-02-21T04:31:09.663Z D/SurveyApp [main] CrashCapture self-healing registered.
2026-02-21T04:31:09.663Z D/SurveyApp [main] WorkManager already ready. where=enqueuePending(immediate)
2026-02-21T04:31:09.663Z D/SurveyApp [main] CrashCapture pending uploads enqueued (immediate).
2026-02-21T04:31:09.663Z D/SurveyApp [main] Delayed enqueue retry not scheduled (immediate succeeded).
2026-02-21T04:31:09.679Z I/RuntimeLogStore [DefaultDispatcher-worker-2] start repair: ctx/dir refreshed
2026-02-21T04:31:11.565Z I/RuntimeLogStore [DefaultDispatcher-worker-9] start repair: ctx/dir refreshed
