=== RuntimeLogStore Header ===
ts=2026-02-21T18:44:10.112Z
fileNameFormat=LEGACY
appId=com.negi.survey
versionName=0.0.1
versionCode=1
debug=false
device=Google Pixel 9a
sdk=36
pid=24234
==============================
2026-02-21T18:44:10.113Z I/RuntimeLogStore [rtlog-io] --- rotated (reason=maxFileBytes) ---
2026-02-21T18:44:10.295Z D/AiViewModel [DefaultDispatcher-worker-5] run[25] chunk[17].preview='␠mad'
2026-02-21T18:44:10.441Z D/AiViewModel [DefaultDispatcher-worker-5] run[25] chunk[18].preview='hara'
2026-02-21T18:44:10.613Z D/AiViewModel [DefaultDispatcher-worker-5] run[25] chunk[19].preview='␠mak'
2026-02-21T18:44:10.770Z D/AiViewModel [DefaultDispatcher-worker-9] run[25] chunk[20].preview='ubwa'
2026-02-21T18:44:10.965Z D/AiViewModel [DefaultDispatcher-worker-5] run[25] chunk[21].preview='␠zaidi'
2026-02-21T18:44:11.101Z D/AiViewModel [DefaultDispatcher-worker-5] run[25] chunk[22].preview='␠kwa'
2026-02-21T18:44:11.297Z D/AiViewModel [DefaultDispatcher-worker-9] run[25] chunk[23].preview='␠z'
2026-02-21T18:44:11.431Z D/AiViewModel [DefaultDispatcher-worker-9] run[25] chunk[24].preview='ao'
2026-02-21T18:44:11.599Z D/AiViewModel [DefaultDispatcher-worker-5] run[25] chunk[25].preview='␠lako'
2026-02-21T18:44:11.797Z D/AiViewModel [DefaultDispatcher-worker-5] run[25] chunk[26].preview='.'
2026-02-21T18:44:11.931Z D/LiteRtRepository [main] [68] logical done=true (waiting native termination safe point)
2026-02-21T18:44:11.931Z D/LiteRtRepository [main] [68] cleanUpListener (native termination safe point)
2026-02-21T18:44:11.932Z D/LiteRtRepository [DefaultDispatcher-worker-5] [68] scheduleResetAfterSafepoint: begin (tag='native-terminated')
2026-02-21T18:44:11.933Z D/LiteRtRepository [DefaultDispatcher-worker-6] [68] resetConversation ok (after safepoint, tag='native-terminated')
2026-02-21T18:44:11.933Z D/LiteRtRepository [DefaultDispatcher-worker-6] [68] scheduleResetAfterSafepoint: end (tag='native-terminated')
2026-02-21T18:44:11.934Z D/AiViewModel [DefaultDispatcher-worker-5] run[25] stats: chunks=26, chars=95, raw.len=95
2026-02-21T18:44:11.934Z D/AiViewModel [DefaultDispatcher-worker-5] run[25] sha(raw)=e303cad7009e50cd3940a9b38ddb085dae07fcca6bff412f829fc648f36024f7
2026-02-21T18:44:11.934Z D/AiViewModel [DefaultDispatcher-worker-5] run[25] rawVisible='Tafadhali␠toa␠majibu␠sahi␠kuhusu␠wakati␠ambao␠ukame␠hucause␠madhara␠makubwa␠zaidi␠kwa␠zao␠lako.'
2026-02-21T18:44:11.935Z D/AiViewModel [DefaultDispatcher-worker-5] run[25]: FOLLOWUP parse extractorQ='' textQ='Tafadhali␠toa␠majibu␠sahi␠kuhusu␠wakati␠ambao␠ukame␠hucause␠madhara␠makubwa␠zaidi␠kwa␠zao␠lako.' best='Tafadhali␠toa␠majibu␠sahi␠kuhusu␠wakati␠ambao␠ukame␠hucause␠madhara␠makubwa␠zaidi␠kwa␠zao␠lako.'
2026-02-21T18:44:11.936Z D/AiViewModel [DefaultDispatcher-worker-5] stepHistory+ runId=25 phase=FOLLOWUP mode=FOLLOWUP_JSON_OR_TEXT raw.len=95 score=null FU=1 FU0='Tafadhali␠toa␠majibu␠sahi␠kuhusu␠wakati␠ambao␠ukame␠hucause␠madhara␠makubwa␠zaidi␠kwa␠zao␠lako.' timeout=false err=null
2026-02-21T18:44:11.936Z I/AiViewModel [DefaultDispatcher-worker-5] run[25] done: phase=FOLLOWUP mode=FOLLOWUP_JSON_OR_TEXT score=null FU[0]=Tafadhali toa majibu sahi kuhusu wakati ambao ukame hucause madhara makubwa zaidi kwa zao lako. commit=false err=<none>
2026-02-21T18:44:11.936Z I/FullTextOut [DefaultDispatcher-worker-5] [part=000] run[25]: RawTextOut
Tafadhali toa majibu sahi kuhusu wakati ambao ukame hucause madhara makubwa zaidi kwa zao lako.
2026-02-21T18:44:11.952Z I/AiScreen [main] Follow-up persisted (context=sid=1|nid=Q6 node=Q6 runId=25 phase=FOLLOWUP mode=FOLLOWUP_JSON_OR_TEXT twoStep=true len=95 preview="Tafadhali toa majibu sahi kuhusu wakati ambao ukame hucause madhara makubwa zaidi kwa zao lako." displayedAsPlain=true)
2026-02-21T18:44:11.953Z D/AiScreen [main] Step rendered (context=sid=1|nid=Q6 node=Q6 runId=25 phase=FOLLOWUP mode=FOLLOWUP_JSON_OR_TEXT showJson=false twoStep=true rawLen=95 followups=1 timedOut=false)
2026-02-21T18:44:12.190Z D/LiteRtLM [DefaultDispatcher-worker-5] resetConversationInternal done: key='Gemma3n4B|/data/user/0/com.negi.survey/files/gemma-3n-E4B-it-int4.litertlm' reason='resetConversation'
2026-02-21T18:44:29.566Z D/SurveyVM [main] hasTwoStepPrompt[Q6] -> true (eval=303, fu=240)
2026-02-21T18:44:29.566Z I/AiScreen [main] Submit begin runId=ai-Q6-1729498497-1729498497920812 node=Q6 role=FOLLOWUP isTwoStep=true sessionId=1 surveyUuid=c0b10229-7075-4b52-8b7a-56b17be560f6 qLen=95 aLen=28 qPreview="Tafadhali toa majibu sahi kuhusu wakati ambao ukame hucause madhara makubwa zaidi kwa zao lako." aPreview="the gfgdff dzhfr and is R HC"
2026-02-21T18:44:29.566Z D/SurveyVM [main] getEvalPrompt[Q6] -> len=404
2026-02-21T18:44:29.567Z I/AiScreen [main] Submit end runId=ai-Q6-1729498497-1729498497920812 node=Q6 elapsed=1ms
2026-02-21T18:44:29.567Z D/AiViewModel [DefaultDispatcher-worker-5] run[26]: mode=EVAL_JSON phase=EVAL commit=true prompt.len=404, fullPrompt.len=1548, timeoutMs=120000
2026-02-21T18:44:29.569Z D/AiViewModel [DefaultDispatcher-worker-5] run[26]: sha(prompt)=3ceec2696c052c3497a9aab7042b3f95575c3e0f30e1c11521f3322445d5794a sha(full)=60ca39814472dc40025bfcd67a617f072af23901adf9a2ccd39e7dffe20f56b2
2026-02-21T18:44:29.569Z I/FullPromptReview [DefaultDispatcher-worker-5] [part=000] run[26]: phase=EVAL FullPrompt
Wewe ni mtaalamu mashuhuri wa tafiti za wakulima. Soma Swali na Jibu.
OUTPUT FORMAT:
- In Swahili.
- Keys exactly:
  • "analysis": short string
  • "weakness": short string
  • "followup_needed": boolean
  • "followup_target": short string
  • "score": integer 1–100

RULES:
- Judge ONLY content relevance/completeness/accuracy.
- Do NOT generate a follow-up question here.
- followup_target must be single-scope (one biggest uncertainty).
- Do NOT use double quotes (") inside string values. Use single quotes or no quotes.
- Do NOT copy the Answer verbatim into the JSON.
LENGTH LIMITS:
- analysis<=60 chars
- weakness<=120 chars
- followup_target<=80 chars
- score is integer 1–100
Scoring rule: Judge ONLY content relevance/completeness/accuracy. Do NOT penalize style or formatting.
STRICT OUTPUT (NO MARKDOWN):
- If the task is EVAL: output RAW JSON only, ONE LINE.
  - Use COMPACT JSON (no spaces around ':' and ',').
  - No extra text.
- If the task is FOLLOWUP: output ONLY the follow-up question as plain text on ONE LINE, or EMPTY output if none.
  - No JSON, no quotes, no extra text.
Jibu kwa kitu cha JSON kilicho tupu: {}
INPUT:
Kazi: EVAL
- Tathmini Jibu kwa Swali.
- Andika weakness (kile kinachokosekana/kisicho wazi).
- Tambua hoja moja kubwa zaidi iliyokosekana/kutoeleweka kama followup_target.
- Weka followup_needed true ikiwa ufafanuzi unahitajika, vinginevyo false.
- Toa score 1–100.

Swali: Tafadhali toa majibu sahi kuhusu wakati ambao ukame hucause madhara makubwa zaidi kwa zao lako.
Jibu: the gfgdff dzhfr and is R HC
2026-02-21T18:44:29.570Z D/LiteRtRepository [DefaultDispatcher-worker-4] [69] request start: model='Gemma3n4B', prompt.len=1548, sha=60ca39814472dc40, gateWaitMs=0
2026-02-21T18:44:29.571Z D/LiteRtRepository [DefaultDispatcher-worker-5] [69] initializeIfNeeded ok (initMs=1)
2026-02-21T18:44:29.572Z D/LiteRtLM [DefaultDispatcher-worker-5] runInference start: key='Gemma3n4B|/data/user/0/com.negi.survey/files/gemma-3n-E4B-it-int4.litertlm' runId=69 hasText=true textLen=1548 images=0 audioClips=0
2026-02-21T18:44:29.572Z I/LiteRtLM [DefaultDispatcher-worker-5] LiteRT-LM sendMessageAsync(text): key='Gemma3n4B|/data/user/0/com.negi.survey/files/gemma-3n-E4B-it-int4.litertlm' runId=69 len=1548
2026-02-21T18:44:32.059Z D/AiViewModel [DefaultDispatcher-worker-5] run[26] chunk[1].preview='{"'
2026-02-21T18:44:32.265Z D/AiViewModel [DefaultDispatcher-worker-5] run[26] chunk[2].preview='analysis'
2026-02-21T18:44:32.393Z D/AiViewModel [DefaultDispatcher-worker-5] run[26] chunk[3].preview='":'
2026-02-21T18:44:32.582Z D/AiViewModel [DefaultDispatcher-worker-5] run[26] chunk[4].preview='␠"'
2026-02-21T18:44:32.730Z D/AiViewModel [DefaultDispatcher-worker-5] run[26] chunk[5].preview='J'
2026-02-21T18:44:32.915Z D/AiViewModel [DefaultDispatcher-worker-5] run[26] chunk[6].preview='ibu'
2026-02-21T18:44:33.053Z D/AiViewModel [DefaultDispatcher-worker-5] run[26] chunk[7].preview='␠ha'
2026-02-21T18:44:33.231Z D/AiViewModel [DefaultDispatcher-worker-4] run[26] chunk[8].preview='ifai'
2026-02-21T18:44:33.413Z D/AiViewModel [DefaultDispatcher-worker-4] run[26] chunk[9].preview='␠na'
2026-02-21T18:44:33.599Z D/AiViewModel [DefaultDispatcher-worker-5] run[26] chunk[10].preview='␠ha'
2026-02-21T18:44:33.746Z D/AiViewModel [DefaultDispatcher-worker-4] run[26] chunk[11].preview='ifai'
2026-02-21T18:44:33.933Z D/AiViewModel [DefaultDispatcher-worker-4] run[26] chunk[12].preview='␠kwa'
2026-02-21T18:44:34.069Z D/AiViewModel [DefaultDispatcher-worker-4] run[26] chunk[13].preview='␠sw'
2026-02-21T18:44:34.250Z D/AiViewModel [DefaultDispatcher-worker-4] run[26] chunk[14].preview='ali'
2026-02-21T18:44:34.391Z D/AiViewModel [DefaultDispatcher-worker-5] run[26] chunk[15].preview='.",'
2026-02-21T18:44:34.583Z D/AiViewModel [DefaultDispatcher-worker-5] run[26] chunk[16].preview='␠"'
2026-02-21T18:44:34.719Z D/AiViewModel [DefaultDispatcher-worker-5] run[26] chunk[17].preview='weak'
2026-02-21T18:44:34.916Z D/AiViewModel [DefaultDispatcher-worker-5] run[26] chunk[18].preview='ness'
2026-02-21T18:44:35.055Z D/AiViewModel [DefaultDispatcher-worker-5] run[26] chunk[19].preview='":'
2026-02-21T18:44:35.250Z D/AiViewModel [DefaultDispatcher-worker-5] run[26] chunk[20].preview='␠"'
2026-02-21T18:44:35.383Z D/AiViewModel [DefaultDispatcher-worker-5] run[26] chunk[21].preview='J'
2026-02-21T18:44:35.549Z D/AiViewModel [DefaultDispatcher-worker-5] run[26] chunk[22].preview='ibu'
2026-02-21T18:44:35.717Z D/AiViewModel [DefaultDispatcher-worker-5] run[26] chunk[23].preview='␠ha'
2026-02-21T18:44:35.877Z D/AiViewModel [DefaultDispatcher-worker-5] run[26] chunk[24].preview='ifai'
2026-02-21T18:44:36.041Z D/AiViewModel [DefaultDispatcher-worker-4] run[26] chunk[25].preview='␠na'
2026-02-21T18:44:36.206Z D/AiViewModel [DefaultDispatcher-worker-5] run[26] chunk[26].preview='␠ha'
2026-02-21T18:44:36.371Z D/AiViewModel [DefaultDispatcher-worker-5] run[26] chunk[27].preview='ifai'
2026-02-21T18:44:36.540Z D/AiViewModel [DefaultDispatcher-worker-4] run[26] chunk[28].preview='␠kwa'
2026-02-21T18:44:36.700Z D/AiViewModel [DefaultDispatcher-worker-4] run[26] chunk[29].preview='␠sw'
2026-02-21T18:44:36.885Z D/AiViewModel [DefaultDispatcher-worker-4] run[26] chunk[30].preview='ali'
2026-02-21T18:44:37.042Z D/AiViewModel [DefaultDispatcher-worker-4] run[26] chunk[31].preview='␠lil'
2026-02-21T18:44:37.240Z D/AiViewModel [DefaultDispatcher-worker-4] run[26] chunk[32].preview='ot'
2026-02-21T18:44:37.441Z D/AiViewModel [DefaultDispatcher-worker-5] run[26] chunk[33].preview='ole'
2026-02-21T18:44:37.607Z D/AiViewModel [DefaultDispatcher-worker-5] run[26] chunk[34].preview='wa'
2026-02-21T18:44:37.775Z D/AiViewModel [DefaultDispatcher-worker-4] run[26] chunk[35].preview='.'
2026-02-21T18:44:37.942Z D/AiViewModel [DefaultDispatcher-worker-5] run[26] chunk[36].preview='␠Ina'
2026-02-21T18:44:38.157Z D/AiViewModel [DefaultDispatcher-worker-5] run[26] chunk[37].preview='one'
2026-02-21T18:44:38.323Z D/AiViewModel [DefaultDispatcher-worker-5] run[26] chunk[38].preview='kana'
2026-02-21T18:44:38.488Z D/AiViewModel [DefaultDispatcher-worker-4] run[26] chunk[39].preview='␠kuwa'
2026-02-21T18:44:38.685Z D/AiViewModel [DefaultDispatcher-worker-4] run[26] chunk[40].preview='␠maj'
2026-02-21T18:44:38.855Z D/AiViewModel [DefaultDispatcher-worker-4] run[26] chunk[41].preview='ibu'
2026-02-21T18:44:39.021Z D/AiViewModel [DefaultDispatcher-worker-5] run[26] chunk[42].preview='␠yan'
2026-02-21T18:44:39.254Z D/AiViewModel [DefaultDispatcher-worker-5] run[26] chunk[43].preview='ash'
2026-02-21T18:44:39.388Z D/AiViewModel [DefaultDispatcher-worker-5] run[26] chunk[44].preview='uh'
2026-02-21T18:44:39.713Z D/AiViewModel [DefaultDispatcher-worker-5] run[26] chunk[45].preview='udia'
2026-02-21T18:44:39.943Z D/AiViewModel [DefaultDispatcher-worker-5] run[26] chunk[46].preview='␠mat'
2026-02-21T18:44:40.095Z D/AiViewModel [DefaultDispatcher-worker-5] run[26] chunk[47].preview='um'
2026-02-21T18:44:40.294Z D/AiViewModel [DefaultDispatcher-worker-4] run[26] chunk[48].preview='izi'
2026-02-21T18:44:40.439Z D/AiViewModel [DefaultDispatcher-worker-4] run[26] chunk[49].preview='␠ya'
2026-02-21T18:44:40.625Z D/AiViewModel [DefaultDispatcher-worker-4] run[26] chunk[50].preview='␠ki'
2026-02-21T18:44:40.764Z D/AiViewModel [DefaultDispatcher-worker-5] run[26] chunk[51].preview='ngo'
2026-02-21T18:44:40.989Z D/AiViewModel [DefaultDispatcher-worker-4] run[26] chunk[52].preview='leo'
2026-02-21T18:44:41.134Z D/AiViewModel [DefaultDispatcher-worker-4] run[26] chunk[53].preview='␠au'
2026-02-21T18:44:41.309Z D/AiViewModel [DefaultDispatcher-worker-4] run[26] chunk[54].preview='␠mat'
2026-02-21T18:44:41.459Z D/AiViewModel [DefaultDispatcher-worker-4] run[26] chunk[55].preview='oke'
2026-02-21T18:44:41.656Z D/AiViewModel [DefaultDispatcher-worker-4] run[26] chunk[56].preview='o'
2026-02-21T18:44:41.798Z D/AiViewModel [DefaultDispatcher-worker-4] run[26] chunk[57].preview='␠ya'
2026-02-21T18:44:41.989Z D/AiViewModel [DefaultDispatcher-worker-5] run[26] chunk[58].preview='␠ki'
2026-02-21T18:44:42.129Z D/AiViewModel [DefaultDispatcher-worker-4] run[26] chunk[59].preview='akili'
2026-02-21T18:44:42.356Z D/AiViewModel [DefaultDispatcher-worker-4] run[26] chunk[60].preview='.",'
2026-02-21T18:44:42.498Z D/AiViewModel [DefaultDispatcher-worker-4] run[26] chunk[61].preview='␠"'
2026-02-21T18:44:42.690Z D/AiViewModel [DefaultDispatcher-worker-4] run[26] chunk[62].preview='follow'
2026-02-21T18:44:42.841Z D/AiViewModel [DefaultDispatcher-worker-4] run[26] chunk[63].preview='up'
2026-02-21T18:44:43.004Z D/AiViewModel [DefaultDispatcher-worker-4] run[26] chunk[64].preview='_'
2026-02-21T18:44:43.191Z D/AiViewModel [DefaultDispatcher-worker-5] run[26] chunk[65].preview='needed'
2026-02-21T18:44:43.343Z D/AiViewModel [DefaultDispatcher-worker-5] run[26] chunk[66].preview='":'
2026-02-21T18:44:43.541Z D/AiViewModel [DefaultDispatcher-worker-5] run[26] chunk[67].preview='␠true'
2026-02-21T18:44:43.674Z D/AiViewModel [DefaultDispatcher-worker-4] run[26] chunk[68].preview=','
2026-02-21T18:44:43.840Z D/AiViewModel [DefaultDispatcher-worker-4] run[26] chunk[69].preview='␠"'
2026-02-21T18:44:44.041Z D/AiViewModel [DefaultDispatcher-worker-4] run[26] chunk[70].preview='follow'
2026-02-21T18:44:44.176Z D/AiViewModel [DefaultDispatcher-worker-4] run[26] chunk[71].preview='up'
2026-02-21T18:44:44.344Z D/AiViewModel [DefaultDispatcher-worker-4] run[26] chunk[72].preview='_'
2026-02-21T18:44:44.509Z D/AiViewModel [DefaultDispatcher-worker-5] run[26] chunk[73].preview='target'
2026-02-21T18:44:44.674Z D/AiViewModel [DefaultDispatcher-worker-4] run[26] chunk[74].preview='":'
2026-02-21T18:44:44.859Z D/AiViewModel [DefaultDispatcher-worker-5] run[26] chunk[75].preview='␠"'
2026-02-21T18:44:45.024Z D/AiViewModel [DefaultDispatcher-worker-4] run[26] chunk[76].preview='T'
2026-02-21T18:44:45.196Z D/AiViewModel [DefaultDispatcher-worker-5] run[26] chunk[77].preview='af'
2026-02-21T18:44:45.351Z D/AiViewModel [DefaultDispatcher-worker-5] run[26] chunk[78].preview='adh'
2026-02-21T18:44:45.515Z D/AiViewModel [DefaultDispatcher-worker-5] run[26] chunk[79].preview='ali'
2026-02-21T18:44:45.692Z D/AiViewModel [DefaultDispatcher-worker-5] run[26] chunk[80].preview='␠toa'
2026-02-21T18:44:45.862Z D/AiViewModel [DefaultDispatcher-worker-4] run[26] chunk[81].preview='␠maj'
2026-02-21T18:44:46.028Z D/AiViewModel [DefaultDispatcher-worker-4] run[26] chunk[82].preview='ibu'
2026-02-21T18:44:46.229Z D/AiViewModel [DefaultDispatcher-worker-4] run[26] chunk[83].preview='␠sahi'
2026-02-21T18:44:46.560Z D/AiViewModel [DefaultDispatcher-worker-4] run[26] chunk[84].preview='␠kuhusu'
2026-02-21T18:44:46.697Z D/AiViewModel [DefaultDispatcher-worker-4] run[26] chunk[85].preview='␠wakati'
2026-02-21T18:44:46.894Z D/AiViewModel [DefaultDispatcher-worker-4] run[26] chunk[86].preview='␠ambao'
2026-02-21T18:44:47.032Z D/AiViewModel [DefaultDispatcher-worker-4] run[26] chunk[87].preview='␠uk'
2026-02-21T18:44:47.232Z D/AiViewModel [DefaultDispatcher-worker-4] run[26] chunk[88].preview='ame'
2026-02-21T18:44:47.363Z D/AiViewModel [DefaultDispatcher-worker-4] run[26] chunk[89].preview='␠h'
2026-02-21T18:44:47.560Z D/AiViewModel [DefaultDispatcher-worker-5] run[26] chunk[90].preview='uc'
2026-02-21T18:44:47.699Z D/AiViewModel [DefaultDispatcher-worker-5] run[26] chunk[91].preview='ause'
2026-02-21T18:44:47.897Z D/AiViewModel [DefaultDispatcher-worker-4] run[26] chunk[92].preview='␠mad'
2026-02-21T18:44:48.030Z D/AiViewModel [DefaultDispatcher-worker-4] run[26] chunk[93].preview='hara'
2026-02-21T18:44:48.229Z D/AiViewModel [DefaultDispatcher-worker-5] run[26] chunk[94].preview='␠mak'
2026-02-21T18:44:48.363Z D/AiViewModel [DefaultDispatcher-worker-5] run[26] chunk[95].preview='ubwa'
2026-02-21T18:44:48.562Z D/AiViewModel [DefaultDispatcher-worker-4] run[26] chunk[96].preview='␠zaidi'
2026-02-21T18:44:48.686Z D/AiViewModel [DefaultDispatcher-worker-4] run[26] chunk[97].preview='␠kwa'
2026-02-21T18:44:48.878Z D/AiViewModel [DefaultDispatcher-worker-5] run[26] chunk[98].preview='␠z'
2026-02-21T18:44:49.027Z D/AiViewModel [DefaultDispatcher-worker-4] run[26] chunk[99].preview='ao'
2026-02-21T18:44:49.228Z D/AiViewModel [DefaultDispatcher-worker-4] run[26] chunk[100].preview='␠lako'
2026-02-21T18:44:49.355Z D/AiViewModel [DefaultDispatcher-worker-4] run[26] chunk[101].preview='.",'
2026-02-21T18:44:49.546Z D/AiViewModel [DefaultDispatcher-worker-5] run[26] chunk[102].preview='␠"'
2026-02-21T18:44:49.688Z D/AiViewModel [DefaultDispatcher-worker-5] run[26] chunk[103].preview='score'
2026-02-21T18:44:49.880Z D/AiViewModel [DefaultDispatcher-worker-5] run[26] chunk[104].preview='":'
2026-02-21T18:44:50.029Z D/AiViewModel [DefaultDispatcher-worker-4] run[26] chunk[105].preview='␠'
2026-02-21T18:44:50.213Z D/AiViewModel [DefaultDispatcher-worker-4] run[26] chunk[106].preview='1'
2026-02-21T18:44:50.345Z D/AiViewModel [DefaultDispatcher-worker-5] run[26] chunk[107].preview='}'
2026-02-21T18:44:50.547Z D/AiViewModel [DefaultDispatcher-worker-4] run[26] chunk[108].preview='↩'
2026-02-21T18:44:50.680Z D/LiteRtRepository [main] [69] logical done=true (waiting native termination safe point)
2026-02-21T18:44:50.681Z D/LiteRtRepository [main] [69] cleanUpListener (native termination safe point)
2026-02-21T18:44:50.681Z D/LiteRtRepository [DefaultDispatcher-worker-4] [69] scheduleResetAfterSafepoint: begin (tag='native-terminated')
2026-02-21T18:44:50.683Z D/LiteRtRepository [DefaultDispatcher-worker-8] [69] resetConversation ok (after safepoint, tag='native-terminated')
2026-02-21T18:44:50.683Z D/LiteRtRepository [DefaultDispatcher-worker-8] [69] scheduleResetAfterSafepoint: end (tag='native-terminated')
2026-02-21T18:44:50.685Z D/AiViewModel [DefaultDispatcher-worker-6] run[26] stats: chunks=108, chars=343, raw.len=343
2026-02-21T18:44:50.686Z D/AiViewModel [DefaultDispatcher-worker-6] run[26] sha(raw)=447a4f8e2af1c3f16357d3775442a6a45186b8e183c9515a3cb3f785a606b331
2026-02-21T18:44:50.686Z D/AiViewModel [DefaultDispatcher-worker-6] run[26] rawVisible='{"analysis":␠"Jibu␠haifai␠na␠haifai␠kwa␠swali.",␠"weakness":␠"Jibu␠haifai␠na␠haifai␠kwa␠swali␠lilotolewa.␠Inaonekana␠kuwa␠majibu␠yanashuhudia␠matumizi␠ya␠kingoleo␠au␠matokeo␠ya␠kiakili.",␠"followup_needed":␠true,␠"followup_target":␠"Tafadha'
2026-02-21T18:44:50.689Z D/AiViewModel [DefaultDispatcher-worker-6] run[26]: EVAL_JSON parsed score=1 followups=0 fu0=''
2026-02-21T18:44:50.690Z D/AiViewModel [DefaultDispatcher-worker-6] stepHistory+ runId=26 phase=EVAL mode=EVAL_JSON raw.len=343 score=1 FU=0 FU0='<none>' timeout=false err=null
2026-02-21T18:44:50.690Z I/AiViewModel [DefaultDispatcher-worker-6] run[26] done: phase=EVAL mode=EVAL_JSON score=1 FU[0]=<none> commit=true err=<none>
2026-02-21T18:44:50.690Z I/FullTextOut [DefaultDispatcher-worker-6] [part=000] run[26]: RawTextOut
{"analysis": "Jibu haifai na haifai kwa swali.", "weakness": "Jibu haifai na haifai kwa swali lilotolewa. Inaonekana kuwa majibu yanashuhudia matumizi ya kingoleo au matokeo ya kiakili.", "followup_needed": true, "followup_target": "Tafadhali toa majibu sahi kuhusu wakati ambao ukame hucause madhara makubwa zaidi kwa zao lako.", "score": 1}

2026-02-21T18:44:50.692Z I/AiScreen [DefaultDispatcher-worker-6] TWO_STEP shouldRunSecond runId=ai-Q6-1729498497-1729498497920812 node=Q6 role=FOLLOWUP followup_needed=true timedOut=false rawLen=343
2026-02-21T18:44:50.692Z D/SurveyVM [DefaultDispatcher-worker-6] getFollowupPrompt[Q6] -> len=569 evalLen=343
2026-02-21T18:44:50.693Z D/AiViewModel [DefaultDispatcher-worker-6] run[27]: mode=FOLLOWUP_JSON_OR_TEXT phase=FOLLOWUP commit=false prompt.len=569, fullPrompt.len=1613, timeoutMs=120000
2026-02-21T18:44:50.695Z D/AiViewModel [DefaultDispatcher-worker-6] run[27]: sha(prompt)=f9628eef155b0bc8dd1a21a30647f6b03cc6d2e805b49b5f6239f9d6424ec937 sha(full)=4528b2ca4f583a36609438b63919cf9ba68af27e708bfc1055ee0ab443f3c2dc
2026-02-21T18:44:50.695Z I/FullPromptReview [DefaultDispatcher-worker-6] [part=000] run[27]: phase=FOLLOWUP FullPrompt
Wewe ni mtaalamu mashuhuri wa tafiti za wakulima. Soma Swali na Jibu.
OUTPUT FORMAT:
- In Swahili.
- Return ONLY the follow-up question as plain text on ONE LINE.
- Do NOT output JSON.
- Do NOT wrap the question in quotes.
- No prefixes, no bullet points, no extra text.

RULES:
- Use ONLY the EVAL JSON input.
- If followup_needed is false, output an EMPTY string (no characters).
- If true, target exactly followup_target.
- Single-scope, concrete, answerable immediately.
- Do not introduce new topics or additional objectives.
LENGTH LIMITS:
- follow-up question (text)<=120 chars
Scoring rule: Judge ONLY content relevance/completeness/accuracy. Do NOT penalize style or formatting.
STRICT OUTPUT (NO MARKDOWN):
- If the task is EVAL: output RAW JSON only, ONE LINE.
  - Use COMPACT JSON (no spaces around ':' and ',').
  - No extra text.
- If the task is FOLLOWUP: output ONLY the follow-up question as plain text on ONE LINE, or EMPTY output if none.
  - No JSON, no quotes, no extra text.
Jibu kwa kitu cha JSON kilicho tupu: {}
INPUT:
Kazi: FOLLOWUP
- Soma EVAL JSON.
- Ikiwa followup_needed ni false: toa TUPU (hakuna herufi).
- Ikiwa ni true: toa SWALI MOJA la ufuatiliaji kama maandishi (safu moja), likilenga hasa followup_target.
- Usitoe JSON.

EVAL_JSON: {"analysis": "Jibu haifai na haifai kwa swali.", "weakness": "Jibu haifai na haifai kwa swali lilotolewa. Inaonekana kuwa majibu yanashuhudia matumizi ya kingoleo au matokeo ya kiakili.", "followup_needed": true, "followup_target": "Tafadhali toa majibu sahi kuhusu wakati ambao ukame hucause madhara makubwa zaidi kwa zao lako.", "score": 1}
2026-02-21T18:44:50.696Z D/AiScreen [main] Step rendered (context=sid=1|nid=Q6 node=Q6 runId=26 phase=EVAL mode=EVAL_JSON showJson=true twoStep=true rawLen=343 followups=0 timedOut=false)
2026-02-21T18:44:50.696Z D/LiteRtRepository [DefaultDispatcher-worker-9] [70] request start: model='Gemma3n4B', prompt.len=1613, sha=4528b2ca4f583a36, gateWaitMs=0
2026-02-21T18:44:50.697Z D/LiteRtRepository [DefaultDispatcher-worker-10] [70] initializeIfNeeded ok (initMs=1)
2026-02-21T18:44:50.697Z D/LiteRtLM [DefaultDispatcher-worker-10] Cooldown delay: key='Gemma3n4B|/data/user/0/com.negi.survey/files/gemma-3n-E4B-it-int4.litertlm' delay=233ms reason='runInference-start'
2026-02-21T18:44:50.968Z D/LiteRtLM [DefaultDispatcher-worker-9] resetConversationInternal done: key='Gemma3n4B|/data/user/0/com.negi.survey/files/gemma-3n-E4B-it-int4.litertlm' reason='resetConversation'
2026-02-21T18:44:50.969Z D/LiteRtLM [DefaultDispatcher-worker-9] runInference start: key='Gemma3n4B|/data/user/0/com.negi.survey/files/gemma-3n-E4B-it-int4.litertlm' runId=70 hasText=true textLen=1613 images=0 audioClips=0
2026-02-21T18:44:50.969Z I/LiteRtLM [DefaultDispatcher-worker-9] LiteRT-LM sendMessageAsync(text): key='Gemma3n4B|/data/user/0/com.negi.survey/files/gemma-3n-E4B-it-int4.litertlm' runId=70 len=1613
2026-02-21T18:44:53.015Z D/AiViewModel [DefaultDispatcher-worker-9] run[27] chunk[1].preview='T'
2026-02-21T18:44:53.175Z D/AiViewModel [DefaultDispatcher-worker-9] run[27] chunk[2].preview='af'
2026-02-21T18:44:53.382Z D/AiViewModel [DefaultDispatcher-worker-10] run[27] chunk[3].preview='adh'
2026-02-21T18:44:53.533Z D/AiViewModel [DefaultDispatcher-worker-9] run[27] chunk[4].preview='ali'
2026-02-21T18:44:53.715Z D/AiViewModel [DefaultDispatcher-worker-10] run[27] chunk[5].preview='␠toa'
2026-02-21T18:44:53.864Z D/AiViewModel [DefaultDispatcher-worker-9] run[27] chunk[6].preview='␠maj'
2026-02-21T18:44:54.065Z D/AiViewModel [DefaultDispatcher-worker-9] run[27] chunk[7].preview='ibu'
2026-02-21T18:44:54.197Z D/AiViewModel [DefaultDispatcher-worker-10] run[27] chunk[8].preview='␠sahi'
2026-02-21T18:44:54.399Z D/AiViewModel [DefaultDispatcher-worker-10] run[27] chunk[9].preview='␠kuhusu'
2026-02-21T18:44:54.531Z D/AiViewModel [DefaultDispatcher-worker-10] run[27] chunk[10].preview='␠wakati'
2026-02-21T18:44:54.734Z D/AiViewModel [DefaultDispatcher-worker-10] run[27] chunk[11].preview='␠ambao'
2026-02-21T18:44:54.882Z D/AiViewModel [DefaultDispatcher-worker-9] run[27] chunk[12].preview='␠uk'
2026-02-21T18:44:55.049Z D/AiViewModel [DefaultDispatcher-worker-10] run[27] chunk[13].preview='ame'
2026-02-21T18:44:55.198Z D/AiViewModel [DefaultDispatcher-worker-9] run[27] chunk[14].preview='␠h'
2026-02-21T18:44:55.382Z D/AiViewModel [DefaultDispatcher-worker-9] run[27] chunk[15].preview='uc'
2026-02-21T18:44:55.527Z D/AiViewModel [DefaultDispatcher-worker-9] run[27] chunk[16].preview='ause'
2026-02-21T18:44:55.732Z D/AiViewModel [DefaultDispatcher-worker-9] run[27] chunk[17].preview='␠mad'
2026-02-21T18:44:55.865Z D/AiViewModel [DefaultDispatcher-worker-9] run[27] chunk[18].preview='hara'
2026-02-21T18:44:56.069Z D/AiViewModel [DefaultDispatcher-worker-9] run[27] chunk[19].preview='␠mak'
2026-02-21T18:44:56.217Z D/AiViewModel [DefaultDispatcher-worker-9] run[27] chunk[20].preview='ubwa'
2026-02-21T18:44:56.400Z D/AiViewModel [DefaultDispatcher-worker-10] run[27] chunk[21].preview='␠zaidi'
2026-02-21T18:44:56.566Z D/AiViewModel [DefaultDispatcher-worker-10] run[27] chunk[22].preview='␠kwa'
2026-02-21T18:44:56.731Z D/AiViewModel [DefaultDispatcher-worker-10] run[27] chunk[23].preview='␠z'
2026-02-21T18:44:56.898Z D/AiViewModel [DefaultDispatcher-worker-9] run[27] chunk[24].preview='ao'
2026-02-21T18:44:57.069Z D/AiViewModel [DefaultDispatcher-worker-9] run[27] chunk[25].preview='␠lako'
2026-02-21T18:44:57.252Z D/AiViewModel [DefaultDispatcher-worker-10] run[27] chunk[26].preview='?'
2026-02-21T18:44:57.433Z D/LiteRtRepository [main] [70] logical done=true (waiting native termination safe point)
2026-02-21T18:44:57.433Z D/LiteRtRepository [main] [70] cleanUpListener (native termination safe point)
2026-02-21T18:44:57.434Z D/LiteRtRepository [DefaultDispatcher-worker-7] [70] scheduleResetAfterSafepoint: begin (tag='native-terminated')
2026-02-21T18:44:57.436Z D/AiViewModel [DefaultDispatcher-worker-9] run[27] stats: chunks=26, chars=95, raw.len=95
2026-02-21T18:44:57.437Z D/AiViewModel [DefaultDispatcher-worker-9] run[27] sha(raw)=169ab6cdc19b476cef9716b4d14ec137a3a57e8f907635ce088ded9ee34db3c0
2026-02-21T18:44:57.437Z D/AiViewModel [DefaultDispatcher-worker-9] run[27] rawVisible='Tafadhali␠toa␠majibu␠sahi␠kuhusu␠wakati␠ambao␠ukame␠hucause␠madhara␠makubwa␠zaidi␠kwa␠zao␠lako?'
2026-02-21T18:44:57.438Z D/LiteRtRepository [DefaultDispatcher-worker-4] [70] resetConversation ok (after safepoint, tag='native-terminated')
2026-02-21T18:44:57.439Z D/LiteRtRepository [DefaultDispatcher-worker-4] [70] scheduleResetAfterSafepoint: end (tag='native-terminated')
2026-02-21T18:44:57.439Z D/AiViewModel [DefaultDispatcher-worker-9] run[27]: FOLLOWUP parse extractorQ='Tafadhali␠toa␠majibu␠sahi␠kuhusu␠wakati␠ambao␠ukame␠hucause␠madhara␠makubwa␠zaidi␠kwa␠zao␠lako?' textQ='Tafadhali␠toa␠majibu␠sahi␠kuhusu␠wakati␠ambao␠ukame␠hucause␠madhara␠makubwa␠zaidi␠kwa␠zao␠lako?' best='Tafadhali␠toa␠majibu␠sahi␠kuhusu␠wakati␠ambao␠ukame␠hucause␠madhara␠makubwa␠zaidi␠kwa␠zao␠lako?'
2026-02-21T18:44:57.439Z D/AiViewModel [DefaultDispatcher-worker-9] stepHistory+ runId=27 phase=FOLLOWUP mode=FOLLOWUP_JSON_OR_TEXT raw.len=95 score=null FU=1 FU0='Tafadhali␠toa␠majibu␠sahi␠kuhusu␠wakati␠ambao␠ukame␠hucause␠madhara␠makubwa␠zaidi␠kwa␠zao␠lako?' timeout=false err=null
2026-02-21T18:44:57.440Z I/AiViewModel [DefaultDispatcher-worker-9] run[27] done: phase=FOLLOWUP mode=FOLLOWUP_JSON_OR_TEXT score=null FU[0]=Tafadhali toa majibu sahi kuhusu wakati ambao ukame hucause madhara makubwa zaidi kwa zao lako? commit=false err=<none>
2026-02-21T18:44:57.440Z I/FullTextOut [DefaultDispatcher-worker-9] [part=000] run[27]: RawTextOut
Tafadhali toa majibu sahi kuhusu wakati ambao ukame hucause madhara makubwa zaidi kwa zao lako?
2026-02-21T18:44:57.477Z D/AiScreen [main] Step rendered (context=sid=1|nid=Q6 node=Q6 runId=27 phase=FOLLOWUP mode=FOLLOWUP_JSON_OR_TEXT showJson=false twoStep=true rawLen=95 followups=1 timedOut=false)
2026-02-21T18:44:57.698Z D/LiteRtLM [DefaultDispatcher-worker-9] resetConversationInternal done: key='Gemma3n4B|/data/user/0/com.negi.survey/files/gemma-3n-E4B-it-int4.litertlm' reason='resetConversation'
2026-02-21T18:45:07.043Z D/SurveyVM [main] push -> Review, navSize=8, stackSize=8
2026-02-21T18:45:07.058Z D/SurveyVM [main] hasTwoStepPrompt[Review] -> false (eval=0, fu=0)
2026-02-21T18:45:20.796Z D/SurveyVM [main] backToPrevious -> Q6
2026-02-21T18:45:20.829Z D/SurveyVM [main] hasTwoStepPrompt[Q6] -> true (eval=303, fu=240)
2026-02-21T18:45:35.323Z D/SurveyVM [main] backToPrevious -> Q5
2026-02-21T18:45:35.335Z D/SurveyVM [main] hasTwoStepPrompt[Q5] -> true (eval=303, fu=240)
2026-02-21T18:45:40.580Z D/SurveyVM [main] push -> Q6, navSize=7, stackSize=7
2026-02-21T18:45:40.590Z D/SurveyVM [main] hasTwoStepPrompt[Q6] -> true (eval=303, fu=240)
2026-02-21T18:45:40.842Z D/SurveyVM [main] push -> Review, navSize=8, stackSize=8
2026-02-21T18:45:40.855Z D/SurveyVM [main] hasTwoStepPrompt[Review] -> false (eval=0, fu=0)
2026-02-21T18:45:44.540Z D/SurveyVM [main] push -> Done, navSize=9, stackSize=9
2026-02-21T18:46:04.724Z D/SurveyVM [main] resetAudioRefs -> cleared
